(node:4960) [MONGOOSE] Warning: Duplicate schema index on {"user_id":1} found. This is often due to declaring an index using both "index: true" and "schema.index()". Please remove the duplicate index definition.
(Use `node --trace-warnings ...` to show where the warning was created)
(node:4960) [MONGOOSE] Warning: Duplicate schema index on {"userId":1} found. This is often due to declaring an index using both "index: true" and "schema.index()". Please remove the duplicate index definition.
(node:4960) [MONGOOSE] Warning: Duplicate schema index on {"slug":1} found. This is often due to declaring an index using both "index: true" and "schema.index()". Please remove the duplicate index definition.
(node:4960) [MONGOOSE] Warning: Duplicate schema index on {"slug":1} found. This is often due to declaring an index using both "index: true" and "schema.index()". Please remove the duplicate index definition.
(node:4960) [MONGOOSE] Warning: Duplicate schema index on {"slug":1} found. This is often due to declaring an index using both "index: true" and "schema.index()". Please remove the duplicate index definition.
(node:4960) [MONGOOSE] Warning: Duplicate schema index on {"slug":1} found. This is often due to declaring an index using both "index: true" and "schema.index()". Please remove the duplicate index definition.
✅ MongoDB connected successfully
ℹ️  INITIAL_ACCESS_INFO.txt exists — default setup already completed.
⏳ Starting Exam Auto-Submit Cron Job (Runs every minute)
🚀 CampusWay Backend running on port 5003
📡 Public API: http://localhost:5003/api
🔒 Admin API:  http://localhost:5003/api/campusway-secure-admin
[0mGET /api/settings [36m304[0m 246.191 ms - -[0m
[0mGET /uploads/logo-1772179587783-814915617.png [36m304[0m 86.374 ms - -[0m
[0mPOST /api/auth/login [32m200[0m 487.766 ms - -[0m
[0mGET /api/settings [36m304[0m 4.417 ms - -[0m
[0mGET /uploads/logo-1772179587783-814915617.png [36m304[0m 0.459 ms - -[0m
[0mPOST /api/auth/login [32m200[0m 410.128 ms - -[0m
[auth-stream] connected {
  userId: '69a23e994466fb4c258e2783',
  sessionId: 'fc370115-2a1b-4a4f-b394-74a53ece8708',
  clientsForSession: 1
}
[0mGET /api/auth/me [32m200[0m 14.513 ms - 677[0m
[0mGET /api/campusway-secure-admin/users [33m403[0m 13.693 ms - 38[0m
[0mGET /api/campusway-secure-admin/users [33m403[0m 14.461 ms - 38[0m
[0mGET /api/campusway-secure-admin/universities?page=1&limit=25 [32m200[0m 37.153 ms - -[0m
[0mGET /api/campusway-secure-admin/student-groups [32m200[0m 28.501 ms - 285[0m
[0mGET /api/campusway-secure-admin/exams?view=cards&includeMetrics=true&limit=200 [32m200[0m 84.370 ms - -[0m
[0mGET /api/campusway-secure-admin/universities?page=1&limit=25 [36m304[0m 32.700 ms - -[0m
[0mGET /api/campusway-secure-admin/student-groups [32m200[0m 13.523 ms - 285[0m
[0mGET /api/campusway-secure-admin/exams?view=cards&includeMetrics=true&limit=200 [36m304[0m 28.877 ms - -[0m
[0mGET /api/campusway-secure-admin/student-groups [32m200[0m 8.996 ms - 285[0m
[0mGET /api/campusway-secure-admin/universities?page=1&limit=25 [36m304[0m 17.371 ms - -[0m
[0mGET /api/campusway-secure-admin/exams?view=cards&includeMetrics=true&limit=200 [36m304[0m 27.880 ms - -[0m
[0mGET /api/campusway-secure-admin/live/stream?token=eyJhbGciOiJIUzI1NiIsInR5cCI6IkpXVCJ9.eyJfaWQiOiI2OWEyM2U5OTQ0NjZmYjRjMjU4ZTI3ODMiLCJ1c2VybmFtZSI6ImUyZV9hZG1pbl9kZXNrdG9wIiwiZW1haWwiOiJlMmVfYWRtaW5fZGVza3RvcEBjYW1wdXN3YXkubG9jYWwiLCJyb2xlIjoiYWRtaW4iLCJmdWxsTmFtZSI6IkUyRSBBZG1pbiBEZXNrdG9wIiwicGVybWlzc2lvbnMiOnsiY2FuRWRpdEV4YW1zIjp0cnVlLCJjYW5NYW5hZ2VTdHVkZW50cyI6dHJ1ZSwiY2FuVmlld1JlcG9ydHMiOnRydWUsImNhbkRlbGV0ZURhdGEiOmZhbHNlLCJjYW5NYW5hZ2VGaW5hbmNlIjp0cnVlLCJjYW5NYW5hZ2VQbGFucyI6dHJ1ZSwiY2FuTWFuYWdlVGlja2V0cyI6dHJ1ZSwiY2FuTWFuYWdlQmFja3VwcyI6dHJ1ZSwiY2FuUmV2ZWFsUGFzc3dvcmRzIjpmYWxzZX0sInNlc3Npb25JZCI6ImZjMzcwMTE1LTJhMWItNGE0Zi1iMzk0LTc0YTUzZWNlODcwOCIsImlhdCI6MTc3MjM2OTAwNiwiZXhwIjoxNzcyMzY5OTA2fQ.xkaZHEiykB-nKT-ka1xZmauf5dgR1HmHWH9LLpSPmNc [32m200[0m 14.362 ms - -[0m
[0mGET /api/campusway-secure-admin/live/stream?token=eyJhbGciOiJIUzI1NiIsInR5cCI6IkpXVCJ9.eyJfaWQiOiI2OWEyM2U5OTQ0NjZmYjRjMjU4ZTI3ODMiLCJ1c2VybmFtZSI6ImUyZV9hZG1pbl9kZXNrdG9wIiwiZW1haWwiOiJlMmVfYWRtaW5fZGVza3RvcEBjYW1wdXN3YXkubG9jYWwiLCJyb2xlIjoiYWRtaW4iLCJmdWxsTmFtZSI6IkUyRSBBZG1pbiBEZXNrdG9wIiwicGVybWlzc2lvbnMiOnsiY2FuRWRpdEV4YW1zIjp0cnVlLCJjYW5NYW5hZ2VTdHVkZW50cyI6dHJ1ZSwiY2FuVmlld1JlcG9ydHMiOnRydWUsImNhbkRlbGV0ZURhdGEiOmZhbHNlLCJjYW5NYW5hZ2VGaW5hbmNlIjp0cnVlLCJjYW5NYW5hZ2VQbGFucyI6dHJ1ZSwiY2FuTWFuYWdlVGlja2V0cyI6dHJ1ZSwiY2FuTWFuYWdlQmFja3VwcyI6dHJ1ZSwiY2FuUmV2ZWFsUGFzc3dvcmRzIjpmYWxzZX0sInNlc3Npb25JZCI6ImZjMzcwMTE1LTJhMWItNGE0Zi1iMzk0LTc0YTUzZWNlODcwOCIsImlhdCI6MTc3MjM2OTAwNiwiZXhwIjoxNzcyMzY5OTA2fQ.xkaZHEiykB-nKT-ka1xZmauf5dgR1HmHWH9LLpSPmNc [32m200[0m 3.277 ms - -[0m
[auth-stream] disconnected {
  userId: '69a23e994466fb4c258e2783',
  sessionId: 'fc370115-2a1b-4a4f-b394-74a53ece8708'
}
[0mGET /api/auth/session-stream?token=eyJhbGciOiJIUzI1NiIsInR5cCI6IkpXVCJ9.eyJfaWQiOiI2OWEyM2U5OTQ0NjZmYjRjMjU4ZTI3ODMiLCJ1c2VybmFtZSI6ImUyZV9hZG1pbl9kZXNrdG9wIiwiZW1haWwiOiJlMmVfYWRtaW5fZGVza3RvcEBjYW1wdXN3YXkubG9jYWwiLCJyb2xlIjoiYWRtaW4iLCJmdWxsTmFtZSI6IkUyRSBBZG1pbiBEZXNrdG9wIiwicGVybWlzc2lvbnMiOnsiY2FuRWRpdEV4YW1zIjp0cnVlLCJjYW5NYW5hZ2VTdHVkZW50cyI6dHJ1ZSwiY2FuVmlld1JlcG9ydHMiOnRydWUsImNhbkRlbGV0ZURhdGEiOmZhbHNlLCJjYW5NYW5hZ2VGaW5hbmNlIjp0cnVlLCJjYW5NYW5hZ2VQbGFucyI6dHJ1ZSwiY2FuTWFuYWdlVGlja2V0cyI6dHJ1ZSwiY2FuTWFuYWdlQmFja3VwcyI6dHJ1ZSwiY2FuUmV2ZWFsUGFzc3dvcmRzIjpmYWxzZX0sInNlc3Npb25JZCI6ImZjMzcwMTE1LTJhMWItNGE0Zi1iMzk0LTc0YTUzZWNlODcwOCIsImlhdCI6MTc3MjM2OTAwNiwiZXhwIjoxNzcyMzY5OTA2fQ.xkaZHEiykB-nKT-ka1xZmauf5dgR1HmHWH9LLpSPmNc [32m200[0m 5.458 ms - -[0m
[0mGET /api/settings [36m304[0m 22.738 ms - -[0m
[0mGET /api/auth/me [36m304[0m 34.911 ms - -[0m
[0mGET /api/auth/me [36m304[0m 7.164 ms - -[0m
[0mGET /uploads/logo-1772179587783-814915617.png [36m304[0m 0.778 ms - -[0m
[auth-stream] connected {
  userId: '69a23e994466fb4c258e2783',
  sessionId: 'fc370115-2a1b-4a4f-b394-74a53ece8708',
  clientsForSession: 1
}
[auth-stream] force-logout broadcast { sessionCount: 1, delivered: 1 }
[0mGET /api/auth/session-stream?token=eyJhbGciOiJIUzI1NiIsInR5cCI6IkpXVCJ9.eyJfaWQiOiI2OWEyM2U5OTQ0NjZmYjRjMjU4ZTI3ODMiLCJ1c2VybmFtZSI6ImUyZV9hZG1pbl9kZXNrdG9wIiwiZW1haWwiOiJlMmVfYWRtaW5fZGVza3RvcEBjYW1wdXN3YXkubG9jYWwiLCJyb2xlIjoiYWRtaW4iLCJmdWxsTmFtZSI6IkUyRSBBZG1pbiBEZXNrdG9wIiwicGVybWlzc2lvbnMiOnsiY2FuRWRpdEV4YW1zIjp0cnVlLCJjYW5NYW5hZ2VTdHVkZW50cyI6dHJ1ZSwiY2FuVmlld1JlcG9ydHMiOnRydWUsImNhbkRlbGV0ZURhdGEiOmZhbHNlLCJjYW5NYW5hZ2VGaW5hbmNlIjp0cnVlLCJjYW5NYW5hZ2VQbGFucyI6dHJ1ZSwiY2FuTWFuYWdlVGlja2V0cyI6dHJ1ZSwiY2FuTWFuYWdlQmFja3VwcyI6dHJ1ZSwiY2FuUmV2ZWFsUGFzc3dvcmRzIjpmYWxzZX0sInNlc3Npb25JZCI6ImZjMzcwMTE1LTJhMWItNGE0Zi1iMzk0LTc0YTUzZWNlODcwOCIsImlhdCI6MTc3MjM2OTAwNiwiZXhwIjoxNzcyMzY5OTA2fQ.xkaZHEiykB-nKT-ka1xZmauf5dgR1HmHWH9LLpSPmNc [32m200[0m 3.784 ms - -[0m
[auth-stream] disconnected {
  userId: '69a23e994466fb4c258e2783',
  sessionId: 'fc370115-2a1b-4a4f-b394-74a53ece8708'
}
[0mPOST /api/auth/login [32m200[0m 464.778 ms - -[0m
[0mGET /api/auth/session-check [33m401[0m 0.426 ms - 37[0m
[0mGET /api/settings [36m304[0m 6.899 ms - -[0m
[0mGET /uploads/logo-1772179587783-814915617.png [36m304[0m 0.732 ms - -[0m
[0mPOST /api/auth/login [32m200[0m 1027.668 ms - -[0m
[auth-stream] connected {
  userId: '69a23e9b4466fb4c258e2785',
  sessionId: '64e0212c-8b6e-4947-9e58-f9143b724e15',
  clientsForSession: 1
}
[0mGET /api/settings [36m304[0m 67.452 ms - -[0m
[0mGET /api/student/dashboard-profile [32m200[0m 42.215 ms - 1019[0m
[0mGET /api/auth/me [32m200[0m 189.229 ms - 872[0m
[0mGET /api/student/notifications [32m200[0m 67.811 ms - 55[0m
[0mGET /api/alerts/active [36m304[0m 172.158 ms - -[0m
[0mGET /api/student/featured-universities [32m200[0m 87.530 ms - 967[0m
[0mGET /api/student/exam-history [32m200[0m 109.461 ms - 151[0m
[0mGET /api/student/upcoming-exams [32m200[0m 118.726 ms - -[0m
[0mGET /api/alerts/active [36m304[0m 55.593 ms - -[0m
[0mGET /uploads/file-1772206836654-181855666.png [36m304[0m 0.634 ms - -[0m
[0mGET /api/student/dashboard/stream?token=eyJhbGciOiJIUzI1NiIsInR5cCI6IkpXVCJ9.eyJfaWQiOiI2OWEyM2U5YjQ0NjZmYjRjMjU4ZTI3ODUiLCJ1c2VybmFtZSI6ImUyZV9zdHVkZW50X2Rlc2t0b3AiLCJlbWFpbCI6ImUyZV9zdHVkZW50X2Rlc2t0b3BAY2FtcHVzd2F5LmxvY2FsIiwicm9sZSI6InN0dWRlbnQiLCJmdWxsTmFtZSI6IkUyRSBTdHVkZW50IERlc2t0b3AiLCJwZXJtaXNzaW9ucyI6eyJjYW5FZGl0RXhhbXMiOmZhbHNlLCJjYW5NYW5hZ2VTdHVkZW50cyI6ZmFsc2UsImNhblZpZXdSZXBvcnRzIjpmYWxzZSwiY2FuRGVsZXRlRGF0YSI6ZmFsc2UsImNhbk1hbmFnZUZpbmFuY2UiOmZhbHNlLCJjYW5NYW5hZ2VQbGFucyI6ZmFsc2UsImNhbk1hbmFnZVRpY2tldHMiOmZhbHNlLCJjYW5NYW5hZ2VCYWNrdXBzIjpmYWxzZSwiY2FuUmV2ZWFsUGFzc3dvcmRzIjpmYWxzZX0sInNlc3Npb25JZCI6IjY0ZTAyMTJjLThiNmUtNDk0Ny05ZTU4LWY5MTQzYjcyNGUxNSIsImlhdCI6MTc3MjM2OTQ1MCwiZXhwIjoxNzcyMzcwMzUwfQ.VdTy5PbLs0V6ain-WHoNZhOmEZt2BkmdU68tHfA6JvE [32m200[0m 4.882 ms - -[0m
[0mGET /api/exams/69a3e2afd8e2a4ad2aedeb96/details [32m200[0m 44.368 ms - -[0m
[0mGET /api/exams/69a3e2afd8e2a4ad2aedeb96/details [32m200[0m 90.055 ms - -[0m
[0mPOST /api/exams/69a3e2afd8e2a4ad2aedeb96/start [32m200[0m 56.667 ms - -[0m
[0mPOST /api/exams/69a3e2afd8e2a4ad2aedeb96/attempt/69a43632ec36555111d1fb91/answer [32m200[0m 74.801 ms - 71[0m
[0mPOST /api/exams/69a3e2afd8e2a4ad2aedeb96/attempt/69a43632ec36555111d1fb91/answer [32m200[0m 58.010 ms - 71[0m
[0mPOST /api/exams/69a3e2afd8e2a4ad2aedeb96/attempt/69a43632ec36555111d1fb91/answer [33m400[0m 69.285 ms - 195[0m
[0mPOST /api/exams/69a3e2afd8e2a4ad2aedeb96/attempt/69a43632ec36555111d1fb91/answer [33m400[0m 214.324 ms - 195[0m
[0mPOST /api/exams/69a3e2afd8e2a4ad2aedeb96/attempt/69a43632ec36555111d1fb91/answer [33m400[0m 154.949 ms - 195[0m
[0mPOST /api/exams/69a3e2afd8e2a4ad2aedeb96/attempt/69a43632ec36555111d1fb91/answer [33m400[0m 170.155 ms - 195[0m
[0mPOST /api/exams/69a3e2afd8e2a4ad2aedeb96/attempt/69a43632ec36555111d1fb91/answer [33m400[0m 146.825 ms - 195[0m
[0mPOST /api/exams/69a3e2afd8e2a4ad2aedeb96/attempt/69a43632ec36555111d1fb91/answer [33m400[0m 107.365 ms - 195[0m
[0mPOST /api/exams/69a3e2afd8e2a4ad2aedeb96/attempt/69a43632ec36555111d1fb91/answer [33m400[0m 85.924 ms - 195[0m
[0mPOST /api/exams/69a3e2afd8e2a4ad2aedeb96/attempt/69a43632ec36555111d1fb91/answer [33m400[0m 100.832 ms - 195[0m
[0mPOST /api/exams/69a3e2afd8e2a4ad2aedeb96/attempt/69a43632ec36555111d1fb91/answer [33m400[0m 79.337 ms - 195[0m
[0mPOST /api/exams/69a3e2afd8e2a4ad2aedeb96/attempt/69a43632ec36555111d1fb91/answer [33m400[0m 125.454 ms - 195[0m
[0mPOST /api/exams/69a3e2afd8e2a4ad2aedeb96/attempt/69a43632ec36555111d1fb91/answer [33m400[0m 81.279 ms - 195[0m
[0mPOST /api/exams/69a3e2afd8e2a4ad2aedeb96/attempt/69a43632ec36555111d1fb91/answer [33m400[0m 39.593 ms - 195[0m
[0mPOST /api/exams/69a3e2afd8e2a4ad2aedeb96/attempt/69a43632ec36555111d1fb91/answer [33m400[0m 66.877 ms - 195[0m
[0mPOST /api/exams/69a3e2afd8e2a4ad2aedeb96/attempt/69a43632ec36555111d1fb91/answer [33m400[0m 129.576 ms - 195[0m
[0mPOST /api/exams/69a3e2afd8e2a4ad2aedeb96/attempt/69a43632ec36555111d1fb91/answer [33m400[0m 107.896 ms - 195[0m
[0mPOST /api/exams/69a3e2afd8e2a4ad2aedeb96/attempt/69a43632ec36555111d1fb91/answer [33m400[0m 128.581 ms - 195[0m
[0mPOST /api/exams/69a3e2afd8e2a4ad2aedeb96/attempt/69a43632ec36555111d1fb91/answer [33m400[0m 86.948 ms - 195[0m
[0mPOST /api/exams/69a3e2afd8e2a4ad2aedeb96/attempt/69a43632ec36555111d1fb91/answer [33m400[0m 35.992 ms - 195[0m
[0mPOST /api/exams/69a3e2afd8e2a4ad2aedeb96/attempt/69a43632ec36555111d1fb91/answer [33m400[0m 42.993 ms - 195[0m
[0mPOST /api/exams/69a3e2afd8e2a4ad2aedeb96/attempt/69a43632ec36555111d1fb91/answer [33m400[0m 44.559 ms - 195[0m
[0mPOST /api/exams/69a3e2afd8e2a4ad2aedeb96/attempt/69a43632ec36555111d1fb91/answer [33m400[0m 79.405 ms - 195[0m
[0mPOST /api/exams/69a3e2afd8e2a4ad2aedeb96/attempt/69a43632ec36555111d1fb91/answer [33m400[0m 61.391 ms - 195[0m
[0mPOST /api/exams/69a3e2afd8e2a4ad2aedeb96/attempt/69a43632ec36555111d1fb91/answer [33m400[0m 69.530 ms - 195[0m
[0mPOST /api/exams/69a3e2afd8e2a4ad2aedeb96/attempt/69a43632ec36555111d1fb91/answer [33m400[0m 55.765 ms - 195[0m
[0mPOST /api/exams/69a3e2afd8e2a4ad2aedeb96/attempt/69a43632ec36555111d1fb91/answer [33m400[0m 84.027 ms - 195[0m
[0mPOST /api/exams/69a3e2afd8e2a4ad2aedeb96/attempt/69a43632ec36555111d1fb91/answer [33m400[0m 96.738 ms - 195[0m
[0mPOST /api/exams/69a3e2afd8e2a4ad2aedeb96/attempt/69a43632ec36555111d1fb91/answer [33m400[0m 60.186 ms - 195[0m
[0mPOST /api/exams/69a3e2afd8e2a4ad2aedeb96/attempt/69a43632ec36555111d1fb91/answer [33m400[0m 40.270 ms - 195[0m
[0mPOST /api/exams/69a3e2afd8e2a4ad2aedeb96/attempt/69a43632ec36555111d1fb91/answer [33m400[0m 64.069 ms - 195[0m
[0mPOST /api/exams/69a3e2afd8e2a4ad2aedeb96/attempt/69a43632ec36555111d1fb91/answer [33m400[0m 47.722 ms - 195[0m
[0mPOST /api/exams/69a3e2afd8e2a4ad2aedeb96/attempt/69a43632ec36555111d1fb91/answer [33m400[0m 63.341 ms - 195[0m
[0mPOST /api/exams/69a3e2afd8e2a4ad2aedeb96/attempt/69a43632ec36555111d1fb91/answer [33m400[0m 41.158 ms - 195[0m
[0mPOST /api/exams/69a3e2afd8e2a4ad2aedeb96/attempt/69a43632ec36555111d1fb91/answer [33m400[0m 160.064 ms - 195[0m
[0mPOST /api/exams/69a3e2afd8e2a4ad2aedeb96/attempt/69a43632ec36555111d1fb91/answer [33m400[0m 60.001 ms - 195[0m
[0mPOST /api/exams/69a3e2afd8e2a4ad2aedeb96/attempt/69a43632ec36555111d1fb91/answer [33m400[0m 41.435 ms - 195[0m
[0mPOST /api/exams/69a3e2afd8e2a4ad2aedeb96/attempt/69a43632ec36555111d1fb91/answer [33m400[0m 68.385 ms - 195[0m
[0mPOST /api/exams/69a3e2afd8e2a4ad2aedeb96/attempt/69a43632ec36555111d1fb91/answer [33m400[0m 47.472 ms - 195[0m
[0mPOST /api/exams/69a3e2afd8e2a4ad2aedeb96/attempt/69a43632ec36555111d1fb91/answer [33m400[0m 42.424 ms - 195[0m
[0mPOST /api/exams/69a3e2afd8e2a4ad2aedeb96/attempt/69a43632ec36555111d1fb91/answer [33m400[0m 51.265 ms - 195[0m
[0mPOST /api/exams/69a3e2afd8e2a4ad2aedeb96/attempt/69a43632ec36555111d1fb91/answer [33m400[0m 49.203 ms - 195[0m
[0mPOST /api/exams/69a3e2afd8e2a4ad2aedeb96/attempt/69a43632ec36555111d1fb91/answer [33m400[0m 44.360 ms - 195[0m
[0mPOST /api/exams/69a3e2afd8e2a4ad2aedeb96/attempt/69a43632ec36555111d1fb91/answer [33m400[0m 37.498 ms - 195[0m
[0mPOST /api/exams/69a3e2afd8e2a4ad2aedeb96/attempt/69a43632ec36555111d1fb91/answer [33m400[0m 39.659 ms - 195[0m
[0mPOST /api/exams/69a3e2afd8e2a4ad2aedeb96/attempt/69a43632ec36555111d1fb91/answer [33m400[0m 136.084 ms - 195[0m
[0mPOST /api/exams/69a3e2afd8e2a4ad2aedeb96/attempt/69a43632ec36555111d1fb91/answer [33m400[0m 68.199 ms - 195[0m
[0mPOST /api/exams/69a3e2afd8e2a4ad2aedeb96/attempt/69a43632ec36555111d1fb91/answer [33m400[0m 79.312 ms - 195[0m
[0mPOST /api/exams/69a3e2afd8e2a4ad2aedeb96/attempt/69a43632ec36555111d1fb91/answer [33m400[0m 412.433 ms - 195[0m
[0mPOST /api/exams/69a3e2afd8e2a4ad2aedeb96/attempt/69a43632ec36555111d1fb91/answer [33m400[0m 269.938 ms - 195[0m
[0mPOST /api/exams/69a3e2afd8e2a4ad2aedeb96/attempt/69a43632ec36555111d1fb91/answer [33m400[0m 344.695 ms - 195[0m
[0mPOST /api/exams/69a3e2afd8e2a4ad2aedeb96/attempt/69a43632ec36555111d1fb91/answer [33m400[0m 218.341 ms - 195[0m
[0mPOST /api/exams/69a3e2afd8e2a4ad2aedeb96/attempt/69a43632ec36555111d1fb91/answer [33m400[0m 187.625 ms - 195[0m
[0mPOST /api/exams/69a3e2afd8e2a4ad2aedeb96/attempt/69a43632ec36555111d1fb91/answer [33m400[0m 177.248 ms - 195[0m
[0mPOST /api/exams/69a3e2afd8e2a4ad2aedeb96/attempt/69a43632ec36555111d1fb91/answer [33m400[0m 115.358 ms - 195[0m
[0mPOST /api/exams/69a3e2afd8e2a4ad2aedeb96/attempt/69a43632ec36555111d1fb91/answer [33m400[0m 43.347 ms - 195[0m
[0mPOST /api/exams/69a3e2afd8e2a4ad2aedeb96/attempt/69a43632ec36555111d1fb91/answer [33m400[0m 103.367 ms - 195[0m
[0mPOST /api/exams/69a3e2afd8e2a4ad2aedeb96/attempt/69a43632ec36555111d1fb91/answer [33m400[0m 67.644 ms - 195[0m
[0mPOST /api/exams/69a3e2afd8e2a4ad2aedeb96/attempt/69a43632ec36555111d1fb91/answer [33m400[0m 93.602 ms - 195[0m
[0mPOST /api/exams/69a3e2afd8e2a4ad2aedeb96/attempt/69a43632ec36555111d1fb91/answer [33m400[0m 87.646 ms - 195[0m
[0mPOST /api/exams/69a3e2afd8e2a4ad2aedeb96/attempt/69a43632ec36555111d1fb91/answer [33m400[0m 70.415 ms - 195[0m
[0mPOST /api/exams/69a3e2afd8e2a4ad2aedeb96/attempt/69a43632ec36555111d1fb91/answer [33m400[0m 57.793 ms - 195[0m
[0mPOST /api/exams/69a3e2afd8e2a4ad2aedeb96/attempt/69a43632ec36555111d1fb91/answer [33m400[0m 68.921 ms - 195[0m
[0mPOST /api/exams/69a3e2afd8e2a4ad2aedeb96/attempt/69a43632ec36555111d1fb91/answer [33m400[0m 67.973 ms - 195[0m
[0mPOST /api/exams/69a3e2afd8e2a4ad2aedeb96/attempt/69a43632ec36555111d1fb91/answer [33m400[0m 98.377 ms - 195[0m
[0mPOST /api/exams/69a3e2afd8e2a4ad2aedeb96/attempt/69a43632ec36555111d1fb91/answer [33m400[0m 69.072 ms - 195[0m
[0mPOST /api/exams/69a3e2afd8e2a4ad2aedeb96/attempt/69a43632ec36555111d1fb91/answer [33m400[0m 134.896 ms - 195[0m
[0mPOST /api/exams/69a3e2afd8e2a4ad2aedeb96/attempt/69a43632ec36555111d1fb91/answer [33m400[0m 145.497 ms - 195[0m
[0mPOST /api/exams/69a3e2afd8e2a4ad2aedeb96/attempt/69a43632ec36555111d1fb91/answer [33m400[0m 167.681 ms - 195[0m
[0mPOST /api/exams/69a3e2afd8e2a4ad2aedeb96/attempt/69a43632ec36555111d1fb91/answer [33m400[0m 153.162 ms - 195[0m
[0mPOST /api/exams/69a3e2afd8e2a4ad2aedeb96/attempt/69a43632ec36555111d1fb91/answer [33m400[0m 211.109 ms - 195[0m
[0mPOST /api/exams/69a3e2afd8e2a4ad2aedeb96/attempt/69a43632ec36555111d1fb91/answer [33m400[0m 197.604 ms - 195[0m
[0mPOST /api/exams/69a3e2afd8e2a4ad2aedeb96/attempt/69a43632ec36555111d1fb91/answer [33m400[0m 139.759 ms - 195[0m
[0mPOST /api/exams/69a3e2afd8e2a4ad2aedeb96/attempt/69a43632ec36555111d1fb91/answer [33m400[0m 175.455 ms - 195[0m
[0mPOST /api/exams/69a3e2afd8e2a4ad2aedeb96/attempt/69a43632ec36555111d1fb91/answer [33m400[0m 86.123 ms - 195[0m
[0mPOST /api/exams/69a3e2afd8e2a4ad2aedeb96/attempt/69a43632ec36555111d1fb91/answer [33m400[0m 50.160 ms - 195[0m
[0mPOST /api/exams/69a3e2afd8e2a4ad2aedeb96/attempt/69a43632ec36555111d1fb91/answer [33m400[0m 59.765 ms - 195[0m
[0mPOST /api/exams/69a3e2afd8e2a4ad2aedeb96/attempt/69a43632ec36555111d1fb91/answer [33m400[0m 83.948 ms - 195[0m
[0mPOST /api/exams/69a3e2afd8e2a4ad2aedeb96/attempt/69a43632ec36555111d1fb91/answer [33m400[0m 43.731 ms - 195[0m
[0mPOST /api/exams/69a3e2afd8e2a4ad2aedeb96/attempt/69a43632ec36555111d1fb91/answer [33m400[0m 74.367 ms - 195[0m
[0mPOST /api/exams/69a3e2afd8e2a4ad2aedeb96/attempt/69a43632ec36555111d1fb91/answer [33m400[0m 108.691 ms - 195[0m
[0mPOST /api/exams/69a3e2afd8e2a4ad2aedeb96/attempt/69a43632ec36555111d1fb91/answer [33m400[0m 107.689 ms - 195[0m
[0mPOST /api/exams/69a3e2afd8e2a4ad2aedeb96/attempt/69a43632ec36555111d1fb91/answer [33m400[0m 69.546 ms - 195[0m
[0mPOST /api/exams/69a3e2afd8e2a4ad2aedeb96/attempt/69a43632ec36555111d1fb91/answer [33m400[0m 69.264 ms - 195[0m
[0mPOST /api/exams/69a3e2afd8e2a4ad2aedeb96/attempt/69a43632ec36555111d1fb91/answer [33m400[0m 109.805 ms - 195[0m
[0mPOST /api/exams/69a3e2afd8e2a4ad2aedeb96/attempt/69a43632ec36555111d1fb91/answer [33m400[0m 75.614 ms - 195[0m
[0mPOST /api/exams/69a3e2afd8e2a4ad2aedeb96/attempt/69a43632ec36555111d1fb91/answer [33m400[0m 107.575 ms - 195[0m
[0mPOST /api/exams/69a3e2afd8e2a4ad2aedeb96/attempt/69a43632ec36555111d1fb91/answer [33m400[0m 63.154 ms - 195[0m
[0mPOST /api/exams/69a3e2afd8e2a4ad2aedeb96/attempt/69a43632ec36555111d1fb91/answer [33m400[0m 45.650 ms - 195[0m
[0mPOST /api/exams/69a3e2afd8e2a4ad2aedeb96/attempt/69a43632ec36555111d1fb91/answer [33m400[0m 51.408 ms - 195[0m
[0mPOST /api/exams/69a3e2afd8e2a4ad2aedeb96/attempt/69a43632ec36555111d1fb91/answer [33m400[0m 70.686 ms - 195[0m
[0mPOST /api/exams/69a3e2afd8e2a4ad2aedeb96/attempt/69a43632ec36555111d1fb91/answer [33m400[0m 50.348 ms - 195[0m
[0mPOST /api/exams/69a3e2afd8e2a4ad2aedeb96/attempt/69a43632ec36555111d1fb91/answer [33m400[0m 97.421 ms - 195[0m
[0mPOST /api/exams/69a3e2afd8e2a4ad2aedeb96/attempt/69a43632ec36555111d1fb91/answer [33m400[0m 149.817 ms - 195[0m
[0mPOST /api/exams/69a3e2afd8e2a4ad2aedeb96/attempt/69a43632ec36555111d1fb91/answer [33m400[0m 139.165 ms - 195[0m
[0mPOST /api/exams/69a3e2afd8e2a4ad2aedeb96/attempt/69a43632ec36555111d1fb91/answer [33m400[0m 91.521 ms - 195[0m
[0mPOST /api/exams/69a3e2afd8e2a4ad2aedeb96/attempt/69a43632ec36555111d1fb91/answer [33m400[0m 244.606 ms - 195[0m
[0mPOST /api/exams/69a3e2afd8e2a4ad2aedeb96/attempt/69a43632ec36555111d1fb91/answer [33m400[0m 135.458 ms - 195[0m
[0mPOST /api/exams/69a3e2afd8e2a4ad2aedeb96/attempt/69a43632ec36555111d1fb91/answer [33m400[0m 236.740 ms - 195[0m
[0mPOST /api/exams/69a3e2afd8e2a4ad2aedeb96/attempt/69a43632ec36555111d1fb91/answer [33m400[0m 79.425 ms - 195[0m
[0mPOST /api/exams/69a3e2afd8e2a4ad2aedeb96/attempt/69a43632ec36555111d1fb91/answer [33m400[0m 53.888 ms - 195[0m
[0mPOST /api/exams/69a3e2afd8e2a4ad2aedeb96/attempt/69a43632ec36555111d1fb91/answer [33m400[0m 90.295 ms - 195[0m
[0mPOST /api/exams/69a3e2afd8e2a4ad2aedeb96/attempt/69a43632ec36555111d1fb91/answer [33m400[0m 108.434 ms - 195[0m
[0mPOST /api/exams/69a3e2afd8e2a4ad2aedeb96/attempt/69a43632ec36555111d1fb91/answer [33m400[0m 97.862 ms - 195[0m
[0mPOST /api/exams/69a3e2afd8e2a4ad2aedeb96/attempt/69a43632ec36555111d1fb91/answer [33m400[0m 87.053 ms - 195[0m
[0mPOST /api/exams/69a3e2afd8e2a4ad2aedeb96/attempt/69a43632ec36555111d1fb91/answer [33m400[0m 43.847 ms - 195[0m
[0mPOST /api/exams/69a3e2afd8e2a4ad2aedeb96/attempt/69a43632ec36555111d1fb91/answer [33m400[0m 53.156 ms - 195[0m
[0mPOST /api/exams/69a3e2afd8e2a4ad2aedeb96/attempt/69a43632ec36555111d1fb91/answer [33m400[0m 47.726 ms - 195[0m
[0mPOST /api/exams/69a3e2afd8e2a4ad2aedeb96/attempt/69a43632ec36555111d1fb91/answer [33m400[0m 68.697 ms - 195[0m
[0mPOST /api/exams/69a3e2afd8e2a4ad2aedeb96/attempt/69a43632ec36555111d1fb91/answer [33m400[0m 63.784 ms - 195[0m
[0mPOST /api/exams/69a3e2afd8e2a4ad2aedeb96/attempt/69a43632ec36555111d1fb91/answer [33m400[0m 46.789 ms - 195[0m
[0mPOST /api/exams/69a3e2afd8e2a4ad2aedeb96/attempt/69a43632ec36555111d1fb91/answer [33m400[0m 51.511 ms - 195[0m
[0mPOST /api/exams/69a3e2afd8e2a4ad2aedeb96/attempt/69a43632ec36555111d1fb91/answer [33m400[0m 96.185 ms - 195[0m
[0mPOST /api/exams/69a3e2afd8e2a4ad2aedeb96/attempt/69a43632ec36555111d1fb91/answer [33m400[0m 36.462 ms - 195[0m
[0mPOST /api/exams/69a3e2afd8e2a4ad2aedeb96/attempt/69a43632ec36555111d1fb91/answer [33m400[0m 38.473 ms - 195[0m
[0mPOST /api/exams/69a3e2afd8e2a4ad2aedeb96/attempt/69a43632ec36555111d1fb91/answer [33m400[0m 66.608 ms - 195[0m
[0mPOST /api/exams/69a3e2afd8e2a4ad2aedeb96/attempt/69a43632ec36555111d1fb91/answer [33m400[0m 95.500 ms - 195[0m
[0mPOST /api/exams/69a3e2afd8e2a4ad2aedeb96/attempt/69a43632ec36555111d1fb91/answer [33m400[0m 100.251 ms - 195[0m
[0mPOST /api/exams/69a3e2afd8e2a4ad2aedeb96/attempt/69a43632ec36555111d1fb91/answer [33m400[0m 79.273 ms - 195[0m
[0mPOST /api/exams/69a3e2afd8e2a4ad2aedeb96/attempt/69a43632ec36555111d1fb91/answer [33m400[0m 69.153 ms - 195[0m
[0mPOST /api/exams/69a3e2afd8e2a4ad2aedeb96/attempt/69a43632ec36555111d1fb91/answer [33m400[0m 78.043 ms - 195[0m
[0mPOST /api/exams/69a3e2afd8e2a4ad2aedeb96/attempt/69a43632ec36555111d1fb91/answer [33m400[0m 76.731 ms - 195[0m
[0mPOST /api/exams/69a3e2afd8e2a4ad2aedeb96/attempt/69a43632ec36555111d1fb91/answer [33m400[0m 187.021 ms - 195[0m
[0mPOST /api/exams/69a3e2afd8e2a4ad2aedeb96/attempt/69a43632ec36555111d1fb91/answer [33m400[0m 103.852 ms - 195[0m
[0mPOST /api/exams/69a3e2afd8e2a4ad2aedeb96/attempt/69a43632ec36555111d1fb91/answer [33m400[0m 125.305 ms - 195[0m
[0mPOST /api/exams/69a3e2afd8e2a4ad2aedeb96/attempt/69a43632ec36555111d1fb91/answer [33m400[0m 111.922 ms - 195[0m
[0mPOST /api/exams/69a3e2afd8e2a4ad2aedeb96/attempt/69a43632ec36555111d1fb91/answer [33m400[0m 122.344 ms - 195[0m
[0mPOST /api/exams/69a3e2afd8e2a4ad2aedeb96/attempt/69a43632ec36555111d1fb91/answer [33m400[0m 140.191 ms - 195[0m
[0mPOST /api/exams/69a3e2afd8e2a4ad2aedeb96/attempt/69a43632ec36555111d1fb91/answer [33m400[0m 81.924 ms - 195[0m
[0mPOST /api/exams/69a3e2afd8e2a4ad2aedeb96/attempt/69a43632ec36555111d1fb91/answer [33m400[0m 126.138 ms - 195[0m
[0mPOST /api/exams/69a3e2afd8e2a4ad2aedeb96/attempt/69a43632ec36555111d1fb91/answer [33m400[0m 224.426 ms - 195[0m
[0mPOST /api/exams/69a3e2afd8e2a4ad2aedeb96/attempt/69a43632ec36555111d1fb91/answer [33m400[0m 104.325 ms - 195[0m
[0mPOST /api/exams/69a3e2afd8e2a4ad2aedeb96/attempt/69a43632ec36555111d1fb91/answer [33m400[0m 148.040 ms - 195[0m
[0mPOST /api/exams/69a3e2afd8e2a4ad2aedeb96/attempt/69a43632ec36555111d1fb91/answer [33m400[0m 61.595 ms - 195[0m
[0mPOST /api/exams/69a3e2afd8e2a4ad2aedeb96/attempt/69a43632ec36555111d1fb91/answer [33m400[0m 135.775 ms - 195[0m
[0mPOST /api/exams/69a3e2afd8e2a4ad2aedeb96/attempt/69a43632ec36555111d1fb91/answer [33m400[0m 137.105 ms - 195[0m
[0mPOST /api/exams/69a3e2afd8e2a4ad2aedeb96/attempt/69a43632ec36555111d1fb91/answer [33m400[0m 168.026 ms - 195[0m
submitExam error: VersionError: No matching document found for id "69a43632ec36555111d1fb91" version 136 modifiedPaths "cheat_flags"
    at generateVersionError (F:\CampusWay\backend\node_modules\mongoose\lib\model.js:566:10)
    at model.save (F:\CampusWay\backend\node_modules\mongoose\lib\model.js:624:28)
    at submitExam (F:\CampusWay\backend\dist\controllers\examController.js:1360:27)
    at process.processTicksAndRejections (node:internal/process/task_queues:104:5)
    at async submitExamAttempt (F:\CampusWay\backend\dist\controllers\examController.js:1647:5) {
  version: 136,
  modifiedPaths: [ 'cheat_flags' ]
}
[0mPOST /api/exams/69a3e2afd8e2a4ad2aedeb96/attempt/69a43632ec36555111d1fb91/submit [31m500[0m 340.442 ms - 26[0m
[0mPOST /api/exams/69a3e2afd8e2a4ad2aedeb96/attempt/69a43632ec36555111d1fb91/answer [33m400[0m 338.236 ms - 195[0m
[0mPOST /api/exams/69a3e2afd8e2a4ad2aedeb96/attempt/69a43632ec36555111d1fb91/answer [33m400[0m 126.636 ms - 195[0m
[0mPOST /api/exams/69a3e2afd8e2a4ad2aedeb96/attempt/69a43632ec36555111d1fb91/answer [33m400[0m 127.061 ms - 195[0m
[0mPOST /api/exams/69a3e2afd8e2a4ad2aedeb96/attempt/69a43632ec36555111d1fb91/answer [33m400[0m 88.428 ms - 195[0m
[0mPOST /api/exams/69a3e2afd8e2a4ad2aedeb96/attempt/69a43632ec36555111d1fb91/answer [33m400[0m 151.575 ms - 195[0m
[0mPOST /api/exams/69a3e2afd8e2a4ad2aedeb96/attempt/69a43632ec36555111d1fb91/answer [33m400[0m 123.474 ms - 195[0m
[0mPOST /api/exams/69a3e2afd8e2a4ad2aedeb96/attempt/69a43632ec36555111d1fb91/answer [33m400[0m 74.495 ms - 195[0m
[0mPOST /api/exams/69a3e2afd8e2a4ad2aedeb96/attempt/69a43632ec36555111d1fb91/answer [33m400[0m 128.154 ms - 195[0m
[0mPOST /api/exams/69a3e2afd8e2a4ad2aedeb96/attempt/69a43632ec36555111d1fb91/answer [33m400[0m 68.666 ms - 195[0m
[0mPOST /api/exams/69a3e2afd8e2a4ad2aedeb96/attempt/69a43632ec36555111d1fb91/answer [33m400[0m 68.895 ms - 195[0m
[0mPOST /api/exams/69a3e2afd8e2a4ad2aedeb96/attempt/69a43632ec36555111d1fb91/answer [33m400[0m 105.575 ms - 195[0m
[0mPOST /api/exams/69a3e2afd8e2a4ad2aedeb96/attempt/69a43632ec36555111d1fb91/answer [33m400[0m 106.792 ms - 195[0m
[0mPOST /api/exams/69a3e2afd8e2a4ad2aedeb96/attempt/69a43632ec36555111d1fb91/answer [33m400[0m 59.216 ms - 195[0m
[0mPOST /api/exams/69a3e2afd8e2a4ad2aedeb96/attempt/69a43632ec36555111d1fb91/answer [33m400[0m 94.758 ms - 195[0m
[0mPOST /api/exams/69a3e2afd8e2a4ad2aedeb96/attempt/69a43632ec36555111d1fb91/answer [33m400[0m 165.503 ms - 195[0m
[0mPOST /api/exams/69a3e2afd8e2a4ad2aedeb96/attempt/69a43632ec36555111d1fb91/answer [33m400[0m 67.166 ms - 195[0m
[0mPOST /api/exams/69a3e2afd8e2a4ad2aedeb96/attempt/69a43632ec36555111d1fb91/answer [33m400[0m 49.069 ms - 195[0m
[0mPOST /api/exams/69a3e2afd8e2a4ad2aedeb96/attempt/69a43632ec36555111d1fb91/answer [33m400[0m 75.745 ms - 195[0m
[0mPOST /api/exams/69a3e2afd8e2a4ad2aedeb96/attempt/69a43632ec36555111d1fb91/answer [33m400[0m 223.993 ms - 195[0m
[0mPOST /api/exams/69a3e2afd8e2a4ad2aedeb96/attempt/69a43632ec36555111d1fb91/answer [33m400[0m 47.872 ms - 195[0m
[0mPOST /api/exams/69a3e2afd8e2a4ad2aedeb96/attempt/69a43632ec36555111d1fb91/answer [33m400[0m 68.188 ms - 195[0m
[0mPOST /api/exams/69a3e2afd8e2a4ad2aedeb96/attempt/69a43632ec36555111d1fb91/answer [33m400[0m 100.612 ms - 195[0m
[0mPOST /api/exams/69a3e2afd8e2a4ad2aedeb96/attempt/69a43632ec36555111d1fb91/answer [33m400[0m 119.661 ms - 195[0m
[0mPOST /api/exams/69a3e2afd8e2a4ad2aedeb96/attempt/69a43632ec36555111d1fb91/answer [33m400[0m 73.481 ms - 195[0m
[0mPOST /api/exams/69a3e2afd8e2a4ad2aedeb96/attempt/69a43632ec36555111d1fb91/answer [33m400[0m 141.837 ms - 195[0m
[0mPOST /api/exams/69a3e2afd8e2a4ad2aedeb96/attempt/69a43632ec36555111d1fb91/answer [33m400[0m 148.996 ms - 195[0m
[0mPOST /api/exams/69a3e2afd8e2a4ad2aedeb96/attempt/69a43632ec36555111d1fb91/answer [33m400[0m 137.864 ms - 195[0m
[0mPOST /api/exams/69a3e2afd8e2a4ad2aedeb96/attempt/69a43632ec36555111d1fb91/answer [33m400[0m 98.020 ms - 195[0m
[0mPOST /api/exams/69a3e2afd8e2a4ad2aedeb96/attempt/69a43632ec36555111d1fb91/answer [33m400[0m 63.314 ms - 195[0m
[0mPOST /api/exams/69a3e2afd8e2a4ad2aedeb96/attempt/69a43632ec36555111d1fb91/answer [33m400[0m 69.192 ms - 195[0m
[0mPOST /api/exams/69a3e2afd8e2a4ad2aedeb96/attempt/69a43632ec36555111d1fb91/answer [33m400[0m 80.536 ms - 195[0m
[0mPOST /api/exams/69a3e2afd8e2a4ad2aedeb96/attempt/69a43632ec36555111d1fb91/answer [33m400[0m 69.601 ms - 195[0m
[0mPOST /api/exams/69a3e2afd8e2a4ad2aedeb96/attempt/69a43632ec36555111d1fb91/answer [33m400[0m 44.484 ms - 195[0m
[0mPOST /api/exams/69a3e2afd8e2a4ad2aedeb96/attempt/69a43632ec36555111d1fb91/answer [33m400[0m 70.746 ms - 195[0m
[0mPOST /api/exams/69a3e2afd8e2a4ad2aedeb96/attempt/69a43632ec36555111d1fb91/answer [33m400[0m 50.896 ms - 195[0m
[0mPOST /api/exams/69a3e2afd8e2a4ad2aedeb96/attempt/69a43632ec36555111d1fb91/answer [33m400[0m 111.216 ms - 195[0m
[0mPOST /api/exams/69a3e2afd8e2a4ad2aedeb96/attempt/69a43632ec36555111d1fb91/answer [33m400[0m 169.575 ms - 195[0m
[0mPOST /api/exams/69a3e2afd8e2a4ad2aedeb96/attempt/69a43632ec36555111d1fb91/answer [33m400[0m 197.510 ms - 195[0m
[0mPOST /api/exams/69a3e2afd8e2a4ad2aedeb96/attempt/69a43632ec36555111d1fb91/answer [33m400[0m 216.003 ms - 195[0m
[0mPOST /api/exams/69a3e2afd8e2a4ad2aedeb96/attempt/69a43632ec36555111d1fb91/answer [33m400[0m 137.090 ms - 195[0m
[0mPOST /api/exams/69a3e2afd8e2a4ad2aedeb96/attempt/69a43632ec36555111d1fb91/answer [33m400[0m 188.758 ms - 195[0m
[0mPOST /api/exams/69a3e2afd8e2a4ad2aedeb96/attempt/69a43632ec36555111d1fb91/answer [33m400[0m 249.155 ms - 195[0m
[0mPOST /api/exams/69a3e2afd8e2a4ad2aedeb96/attempt/69a43632ec36555111d1fb91/answer [33m400[0m 86.199 ms - 195[0m
[0mPOST /api/exams/69a3e2afd8e2a4ad2aedeb96/attempt/69a43632ec36555111d1fb91/answer [33m400[0m 104.442 ms - 195[0m
[0mPOST /api/exams/69a3e2afd8e2a4ad2aedeb96/attempt/69a43632ec36555111d1fb91/answer [33m400[0m 84.740 ms - 195[0m
[0mPOST /api/exams/69a3e2afd8e2a4ad2aedeb96/attempt/69a43632ec36555111d1fb91/answer [33m400[0m 100.669 ms - 195[0m
[0mPOST /api/exams/69a3e2afd8e2a4ad2aedeb96/attempt/69a43632ec36555111d1fb91/answer [33m400[0m 166.685 ms - 195[0m
[0mPOST /api/exams/69a3e2afd8e2a4ad2aedeb96/attempt/69a43632ec36555111d1fb91/answer [33m400[0m 87.421 ms - 195[0m
[0mPOST /api/exams/69a3e2afd8e2a4ad2aedeb96/attempt/69a43632ec36555111d1fb91/answer [33m400[0m 73.475 ms - 195[0m
[0mPOST /api/exams/69a3e2afd8e2a4ad2aedeb96/attempt/69a43632ec36555111d1fb91/answer [33m400[0m 60.960 ms - 195[0m
[0mGET /api/exams/69a3e2afd8e2a4ad2aedeb96/attempt/69a43632ec36555111d1fb91/stream?token=eyJhbGciOiJIUzI1NiIsInR5cCI6IkpXVCJ9.eyJfaWQiOiI2OWEyM2U5YjQ0NjZmYjRjMjU4ZTI3ODUiLCJ1c2VybmFtZSI6ImUyZV9zdHVkZW50X2Rlc2t0b3AiLCJlbWFpbCI6ImUyZV9zdHVkZW50X2Rlc2t0b3BAY2FtcHVzd2F5LmxvY2FsIiwicm9sZSI6InN0dWRlbnQiLCJmdWxsTmFtZSI6IkUyRSBTdHVkZW50IERlc2t0b3AiLCJwZXJtaXNzaW9ucyI6eyJjYW5FZGl0RXhhbXMiOmZhbHNlLCJjYW5NYW5hZ2VTdHVkZW50cyI6ZmFsc2UsImNhblZpZXdSZXBvcnRzIjpmYWxzZSwiY2FuRGVsZXRlRGF0YSI6ZmFsc2UsImNhbk1hbmFnZUZpbmFuY2UiOmZhbHNlLCJjYW5NYW5hZ2VQbGFucyI6ZmFsc2UsImNhbk1hbmFnZVRpY2tldHMiOmZhbHNlLCJjYW5NYW5hZ2VCYWNrdXBzIjpmYWxzZSwiY2FuUmV2ZWFsUGFzc3dvcmRzIjpmYWxzZX0sInNlc3Npb25JZCI6IjY0ZTAyMTJjLThiNmUtNDk0Ny05ZTU4LWY5MTQzYjcyNGUxNSIsImlhdCI6MTc3MjM2OTQ1MCwiZXhwIjoxNzcyMzcwMzUwfQ.VdTy5PbLs0V6ain-WHoNZhOmEZt2BkmdU68tHfA6JvE [32m200[0m 73.605 ms - -[0m
[auth-stream] disconnected {
  userId: '69a23e9b4466fb4c258e2785',
  sessionId: '64e0212c-8b6e-4947-9e58-f9143b724e15'
}
[0mGET /api/auth/session-stream?token=eyJhbGciOiJIUzI1NiIsInR5cCI6IkpXVCJ9.eyJfaWQiOiI2OWEyM2U5YjQ0NjZmYjRjMjU4ZTI3ODUiLCJ1c2VybmFtZSI6ImUyZV9zdHVkZW50X2Rlc2t0b3AiLCJlbWFpbCI6ImUyZV9zdHVkZW50X2Rlc2t0b3BAY2FtcHVzd2F5LmxvY2FsIiwicm9sZSI6InN0dWRlbnQiLCJmdWxsTmFtZSI6IkUyRSBTdHVkZW50IERlc2t0b3AiLCJwZXJtaXNzaW9ucyI6eyJjYW5FZGl0RXhhbXMiOmZhbHNlLCJjYW5NYW5hZ2VTdHVkZW50cyI6ZmFsc2UsImNhblZpZXdSZXBvcnRzIjpmYWxzZSwiY2FuRGVsZXRlRGF0YSI6ZmFsc2UsImNhbk1hbmFnZUZpbmFuY2UiOmZhbHNlLCJjYW5NYW5hZ2VQbGFucyI6ZmFsc2UsImNhbk1hbmFnZVRpY2tldHMiOmZhbHNlLCJjYW5NYW5hZ2VCYWNrdXBzIjpmYWxzZSwiY2FuUmV2ZWFsUGFzc3dvcmRzIjpmYWxzZX0sInNlc3Npb25JZCI6IjY0ZTAyMTJjLThiNmUtNDk0Ny05ZTU4LWY5MTQzYjcyNGUxNSIsImlhdCI6MTc3MjM2OTQ1MCwiZXhwIjoxNzcyMzcwMzUwfQ.VdTy5PbLs0V6ain-WHoNZhOmEZt2BkmdU68tHfA6JvE [32m200[0m 67.337 ms - -[0m
[0mPOST /api/exams/69a3e2afd8e2a4ad2aedeb96/attempt/69a43632ec36555111d1fb91/event [32m200[0m 343.527 ms - 97[0m
[0mGET /api/settings [36m304[0m 88.531 ms - -[0m
[0mGET /api/banners [36m304[0m 4.352 ms - -[0m
[0mGET /api/universities?limit=10&featured=true [36m304[0m 62.989 ms - -[0m
[0mGET /api/universities?page=1&limit=25&sort=createdAt [36m304[0m 74.594 ms - -[0m
[0mGET /api/home/clusters/featured?limit=8 [36m304[0m 29.230 ms - -[0m
[0mGET /api/universities?limit=50&sort=-updatedAt [36m304[0m 21.382 ms - -[0m
[0mGET /api/universities/categories [36m304[0m 19.739 ms - -[0m
[0mGET /api/auth/me [36m304[0m 23.509 ms - -[0m
[0mGET /api/home [36m304[0m 67.369 ms - -[0m
[0mGET /api/auth/me [36m304[0m 21.963 ms - -[0m
[0mGET /uploads/logo-1772179587783-814915617.png [36m304[0m 1.409 ms - -[0m
[auth-stream] connected {
  userId: '69a23e9b4466fb4c258e2785',
  sessionId: '64e0212c-8b6e-4947-9e58-f9143b724e15',
  clientsForSession: 1
}
[0mGET /uploads/image-1772269996647-183840051.png [36m304[0m 0.853 ms - -[0m
[0mGET /uploads/file-1772310154810-506088155.png [36m304[0m 0.381 ms - -[0m
[0mGET /api/home/stream [32m200[0m 0.656 ms - -[0m
[auth-stream] disconnected {
  userId: '69a23e9b4466fb4c258e2785',
  sessionId: '64e0212c-8b6e-4947-9e58-f9143b724e15'
}
[0mGET /api/auth/session-stream?token=eyJhbGciOiJIUzI1NiIsInR5cCI6IkpXVCJ9.eyJfaWQiOiI2OWEyM2U5YjQ0NjZmYjRjMjU4ZTI3ODUiLCJ1c2VybmFtZSI6ImUyZV9zdHVkZW50X2Rlc2t0b3AiLCJlbWFpbCI6ImUyZV9zdHVkZW50X2Rlc2t0b3BAY2FtcHVzd2F5LmxvY2FsIiwicm9sZSI6InN0dWRlbnQiLCJmdWxsTmFtZSI6IkUyRSBTdHVkZW50IERlc2t0b3AiLCJwZXJtaXNzaW9ucyI6eyJjYW5FZGl0RXhhbXMiOmZhbHNlLCJjYW5NYW5hZ2VTdHVkZW50cyI6ZmFsc2UsImNhblZpZXdSZXBvcnRzIjpmYWxzZSwiY2FuRGVsZXRlRGF0YSI6ZmFsc2UsImNhbk1hbmFnZUZpbmFuY2UiOmZhbHNlLCJjYW5NYW5hZ2VQbGFucyI6ZmFsc2UsImNhbk1hbmFnZVRpY2tldHMiOmZhbHNlLCJjYW5NYW5hZ2VCYWNrdXBzIjpmYWxzZSwiY2FuUmV2ZWFsUGFzc3dvcmRzIjpmYWxzZX0sInNlc3Npb25JZCI6IjY0ZTAyMTJjLThiNmUtNDk0Ny05ZTU4LWY5MTQzYjcyNGUxNSIsImlhdCI6MTc3MjM2OTQ1MCwiZXhwIjoxNzcyMzcwMzUwfQ.VdTy5PbLs0V6ain-WHoNZhOmEZt2BkmdU68tHfA6JvE [32m200[0m 2.458 ms - -[0m
[0mGET /api/auth/session-check [32m200[0m 30.252 ms - 14[0m
[0mGET /api/banners [36m304[0m 6.313 ms - -[0m
[0mGET /api/settings [36m304[0m 22.000 ms - -[0m
[0mGET /api/universities?limit=10&featured=true [36m304[0m 13.163 ms - -[0m
[0mGET /api/universities?page=1&limit=25&sort=createdAt [36m304[0m 44.669 ms - -[0m
[0mGET /api/home/clusters/featured?limit=8 [36m304[0m 41.683 ms - -[0m
[0mGET /api/universities/categories [36m304[0m 17.155 ms - -[0m
[0mGET /api/universities?limit=50&sort=-updatedAt [36m304[0m 22.060 ms - -[0m
[0mGET /api/auth/me [36m304[0m 24.801 ms - -[0m
[0mGET /uploads/logo-1772179587783-814915617.png [36m304[0m 0.914 ms - -[0m
[0mGET /api/auth/me [36m304[0m 13.038 ms - -[0m
[0mGET /api/home [36m304[0m 62.414 ms - -[0m
[auth-stream] connected {
  userId: '69a23e9b4466fb4c258e2785',
  sessionId: '64e0212c-8b6e-4947-9e58-f9143b724e15',
  clientsForSession: 1
}
[0mGET /uploads/image-1772269996647-183840051.png [36m304[0m 1.459 ms - -[0m
[0mGET /uploads/file-1772310154810-506088155.png [36m304[0m 0.392 ms - -[0m
[0mGET /api/home/stream [32m200[0m 0.296 ms - -[0m
[auth-stream] disconnected {
  userId: '69a23e9b4466fb4c258e2785',
  sessionId: '64e0212c-8b6e-4947-9e58-f9143b724e15'
}
[0mGET /api/auth/session-stream?token=eyJhbGciOiJIUzI1NiIsInR5cCI6IkpXVCJ9.eyJfaWQiOiI2OWEyM2U5YjQ0NjZmYjRjMjU4ZTI3ODUiLCJ1c2VybmFtZSI6ImUyZV9zdHVkZW50X2Rlc2t0b3AiLCJlbWFpbCI6ImUyZV9zdHVkZW50X2Rlc2t0b3BAY2FtcHVzd2F5LmxvY2FsIiwicm9sZSI6InN0dWRlbnQiLCJmdWxsTmFtZSI6IkUyRSBTdHVkZW50IERlc2t0b3AiLCJwZXJtaXNzaW9ucyI6eyJjYW5FZGl0RXhhbXMiOmZhbHNlLCJjYW5NYW5hZ2VTdHVkZW50cyI6ZmFsc2UsImNhblZpZXdSZXBvcnRzIjpmYWxzZSwiY2FuRGVsZXRlRGF0YSI6ZmFsc2UsImNhbk1hbmFnZUZpbmFuY2UiOmZhbHNlLCJjYW5NYW5hZ2VQbGFucyI6ZmFsc2UsImNhbk1hbmFnZVRpY2tldHMiOmZhbHNlLCJjYW5NYW5hZ2VCYWNrdXBzIjpmYWxzZSwiY2FuUmV2ZWFsUGFzc3dvcmRzIjpmYWxzZX0sInNlc3Npb25JZCI6IjY0ZTAyMTJjLThiNmUtNDk0Ny05ZTU4LWY5MTQzYjcyNGUxNSIsImlhdCI6MTc3MjM2OTQ1MCwiZXhwIjoxNzcyMzcwMzUwfQ.VdTy5PbLs0V6ain-WHoNZhOmEZt2BkmdU68tHfA6JvE [32m200[0m 3.721 ms - -[0m
[0mGET /api/settings [36m304[0m 11.903 ms - -[0m
[0mGET /api/services-config [36m304[0m 6.649 ms - -[0m
[0mGET /api/services [36m304[0m 14.060 ms - -[0m
[0mGET /api/auth/me [36m304[0m 17.807 ms - -[0m
[0mGET /uploads/logo-1772179587783-814915617.png [36m304[0m 0.610 ms - -[0m
[0mGET /api/auth/me [36m304[0m 27.119 ms - -[0m
[auth-stream] connected {
  userId: '69a23e9b4466fb4c258e2785',
  sessionId: '64e0212c-8b6e-4947-9e58-f9143b724e15',
  clientsForSession: 1
}
[auth-stream] disconnected {
  userId: '69a23e9b4466fb4c258e2785',
  sessionId: '64e0212c-8b6e-4947-9e58-f9143b724e15'
}
[0mGET /api/auth/session-stream?token=eyJhbGciOiJIUzI1NiIsInR5cCI6IkpXVCJ9.eyJfaWQiOiI2OWEyM2U5YjQ0NjZmYjRjMjU4ZTI3ODUiLCJ1c2VybmFtZSI6ImUyZV9zdHVkZW50X2Rlc2t0b3AiLCJlbWFpbCI6ImUyZV9zdHVkZW50X2Rlc2t0b3BAY2FtcHVzd2F5LmxvY2FsIiwicm9sZSI6InN0dWRlbnQiLCJmdWxsTmFtZSI6IkUyRSBTdHVkZW50IERlc2t0b3AiLCJwZXJtaXNzaW9ucyI6eyJjYW5FZGl0RXhhbXMiOmZhbHNlLCJjYW5NYW5hZ2VTdHVkZW50cyI6ZmFsc2UsImNhblZpZXdSZXBvcnRzIjpmYWxzZSwiY2FuRGVsZXRlRGF0YSI6ZmFsc2UsImNhbk1hbmFnZUZpbmFuY2UiOmZhbHNlLCJjYW5NYW5hZ2VQbGFucyI6ZmFsc2UsImNhbk1hbmFnZVRpY2tldHMiOmZhbHNlLCJjYW5NYW5hZ2VCYWNrdXBzIjpmYWxzZSwiY2FuUmV2ZWFsUGFzc3dvcmRzIjpmYWxzZX0sInNlc3Npb25JZCI6IjY0ZTAyMTJjLThiNmUtNDk0Ny05ZTU4LWY5MTQzYjcyNGUxNSIsImlhdCI6MTc3MjM2OTQ1MCwiZXhwIjoxNzcyMzcwMzUwfQ.VdTy5PbLs0V6ain-WHoNZhOmEZt2BkmdU68tHfA6JvE [32m200[0m 2.298 ms - -[0m
[0mGET /api/news/featured?limit=5 [36m304[0m 4.852 ms - -[0m
[0mGET /api/news/categories [36m304[0m 4.047 ms - -[0m
[0mGET /api/settings [36m304[0m 19.269 ms - -[0m
[0mGET /api/news/trending?limit=5 [36m304[0m 22.682 ms - -[0m
[0mGET /api/news?page=1&limit=12 [36m304[0m 30.704 ms - -[0m
[0mGET /api/auth/me [36m304[0m 36.410 ms - -[0m
[0mGET /api/auth/me [36m304[0m 8.242 ms - -[0m
[0mGET /uploads/file-1772310154810-506088155.png [36m304[0m 3.214 ms - -[0m
[0mGET /uploads/logo-1772179587783-814915617.png [36m304[0m 1.112 ms - -[0m
[auth-stream] connected {
  userId: '69a23e9b4466fb4c258e2785',
  sessionId: '64e0212c-8b6e-4947-9e58-f9143b724e15',
  clientsForSession: 1
}
[auth-stream] disconnected {
  userId: '69a23e9b4466fb4c258e2785',
  sessionId: '64e0212c-8b6e-4947-9e58-f9143b724e15'
}
[0mGET /api/auth/session-stream?token=eyJhbGciOiJIUzI1NiIsInR5cCI6IkpXVCJ9.eyJfaWQiOiI2OWEyM2U5YjQ0NjZmYjRjMjU4ZTI3ODUiLCJ1c2VybmFtZSI6ImUyZV9zdHVkZW50X2Rlc2t0b3AiLCJlbWFpbCI6ImUyZV9zdHVkZW50X2Rlc2t0b3BAY2FtcHVzd2F5LmxvY2FsIiwicm9sZSI6InN0dWRlbnQiLCJmdWxsTmFtZSI6IkUyRSBTdHVkZW50IERlc2t0b3AiLCJwZXJtaXNzaW9ucyI6eyJjYW5FZGl0RXhhbXMiOmZhbHNlLCJjYW5NYW5hZ2VTdHVkZW50cyI6ZmFsc2UsImNhblZpZXdSZXBvcnRzIjpmYWxzZSwiY2FuRGVsZXRlRGF0YSI6ZmFsc2UsImNhbk1hbmFnZUZpbmFuY2UiOmZhbHNlLCJjYW5NYW5hZ2VQbGFucyI6ZmFsc2UsImNhbk1hbmFnZVRpY2tldHMiOmZhbHNlLCJjYW5NYW5hZ2VCYWNrdXBzIjpmYWxzZSwiY2FuUmV2ZWFsUGFzc3dvcmRzIjpmYWxzZX0sInNlc3Npb25JZCI6IjY0ZTAyMTJjLThiNmUtNDk0Ny05ZTU4LWY5MTQzYjcyNGUxNSIsImlhdCI6MTc3MjM2OTQ1MCwiZXhwIjoxNzcyMzcwMzUwfQ.VdTy5PbLs0V6ain-WHoNZhOmEZt2BkmdU68tHfA6JvE [32m200[0m 5.306 ms - -[0m
[0mGET /api/auth/session-check [32m200[0m 21.957 ms - 14[0m
[0mGET /api/settings [36m304[0m 6.768 ms - -[0m
[0mGET /api/auth/me [36m304[0m 37.712 ms - -[0m
[0mGET /uploads/logo-1772179587783-814915617.png [36m304[0m 1.211 ms - -[0m
[0mGET /api/auth/me [36m304[0m 15.910 ms - -[0m
[auth-stream] connected {
  userId: '69a23e9b4466fb4c258e2785',
  sessionId: '64e0212c-8b6e-4947-9e58-f9143b724e15',
  clientsForSession: 1
}
[0mGET /api/exams [32m200[0m 52.271 ms - -[0m
[0mGET /api/exams [36m304[0m 18.183 ms - -[0m
[0mGET /api/student/dashboard-profile [32m200[0m 18.340 ms - 1019[0m
[0mGET /api/alerts/active [36m304[0m 31.806 ms - -[0m
[0mGET /api/student/featured-universities [32m200[0m 23.637 ms - 967[0m
[0mGET /api/student/notifications [32m200[0m 45.487 ms - 55[0m
[0mGET /api/student/upcoming-exams [32m200[0m 61.217 ms - -[0m
[0mGET /api/student/exam-history [32m200[0m 16.617 ms - 151[0m
[0mGET /api/alerts/active [36m304[0m 14.810 ms - -[0m
[0mGET /uploads/file-1772206836654-181855666.png [36m304[0m 0.890 ms - -[0m
[auth-stream] disconnected {
  userId: '69a23e9b4466fb4c258e2785',
  sessionId: '64e0212c-8b6e-4947-9e58-f9143b724e15'
}
[0mGET /api/auth/session-stream?token=eyJhbGciOiJIUzI1NiIsInR5cCI6IkpXVCJ9.eyJfaWQiOiI2OWEyM2U5YjQ0NjZmYjRjMjU4ZTI3ODUiLCJ1c2VybmFtZSI6ImUyZV9zdHVkZW50X2Rlc2t0b3AiLCJlbWFpbCI6ImUyZV9zdHVkZW50X2Rlc2t0b3BAY2FtcHVzd2F5LmxvY2FsIiwicm9sZSI6InN0dWRlbnQiLCJmdWxsTmFtZSI6IkUyRSBTdHVkZW50IERlc2t0b3AiLCJwZXJtaXNzaW9ucyI6eyJjYW5FZGl0RXhhbXMiOmZhbHNlLCJjYW5NYW5hZ2VTdHVkZW50cyI6ZmFsc2UsImNhblZpZXdSZXBvcnRzIjpmYWxzZSwiY2FuRGVsZXRlRGF0YSI6ZmFsc2UsImNhbk1hbmFnZUZpbmFuY2UiOmZhbHNlLCJjYW5NYW5hZ2VQbGFucyI6ZmFsc2UsImNhbk1hbmFnZVRpY2tldHMiOmZhbHNlLCJjYW5NYW5hZ2VCYWNrdXBzIjpmYWxzZSwiY2FuUmV2ZWFsUGFzc3dvcmRzIjpmYWxzZX0sInNlc3Npb25JZCI6IjY0ZTAyMTJjLThiNmUtNDk0Ny05ZTU4LWY5MTQzYjcyNGUxNSIsImlhdCI6MTc3MjM2OTQ1MCwiZXhwIjoxNzcyMzcwMzUwfQ.VdTy5PbLs0V6ain-WHoNZhOmEZt2BkmdU68tHfA6JvE [32m200[0m 3.933 ms - -[0m
[0mGET /api/student/dashboard/stream?token=eyJhbGciOiJIUzI1NiIsInR5cCI6IkpXVCJ9.eyJfaWQiOiI2OWEyM2U5YjQ0NjZmYjRjMjU4ZTI3ODUiLCJ1c2VybmFtZSI6ImUyZV9zdHVkZW50X2Rlc2t0b3AiLCJlbWFpbCI6ImUyZV9zdHVkZW50X2Rlc2t0b3BAY2FtcHVzd2F5LmxvY2FsIiwicm9sZSI6InN0dWRlbnQiLCJmdWxsTmFtZSI6IkUyRSBTdHVkZW50IERlc2t0b3AiLCJwZXJtaXNzaW9ucyI6eyJjYW5FZGl0RXhhbXMiOmZhbHNlLCJjYW5NYW5hZ2VTdHVkZW50cyI6ZmFsc2UsImNhblZpZXdSZXBvcnRzIjpmYWxzZSwiY2FuRGVsZXRlRGF0YSI6ZmFsc2UsImNhbk1hbmFnZUZpbmFuY2UiOmZhbHNlLCJjYW5NYW5hZ2VQbGFucyI6ZmFsc2UsImNhbk1hbmFnZVRpY2tldHMiOmZhbHNlLCJjYW5NYW5hZ2VCYWNrdXBzIjpmYWxzZSwiY2FuUmV2ZWFsUGFzc3dvcmRzIjpmYWxzZX0sInNlc3Npb25JZCI6IjY0ZTAyMTJjLThiNmUtNDk0Ny05ZTU4LWY5MTQzYjcyNGUxNSIsImlhdCI6MTc3MjM2OTQ1MCwiZXhwIjoxNzcyMzcwMzUwfQ.VdTy5PbLs0V6ain-WHoNZhOmEZt2BkmdU68tHfA6JvE [32m200[0m 6.804 ms - -[0m
[0mGET /api/resources [36m304[0m 5.807 ms - -[0m
[0mGET /api/settings [36m304[0m 14.571 ms - -[0m
[0mGET /api/resources [36m304[0m 5.337 ms - -[0m
[0mGET /api/auth/me [36m304[0m 22.746 ms - -[0m
[0mGET /api/auth/me [36m304[0m 11.086 ms - -[0m
[0mGET /uploads/logo-1772179587783-814915617.png [36m304[0m 0.367 ms - -[0m
[auth-stream] connected {
  userId: '69a23e9b4466fb4c258e2785',
  sessionId: '64e0212c-8b6e-4947-9e58-f9143b724e15',
  clientsForSession: 1
}
[auth-stream] disconnected {
  userId: '69a23e9b4466fb4c258e2785',
  sessionId: '64e0212c-8b6e-4947-9e58-f9143b724e15'
}
[0mGET /api/auth/session-stream?token=eyJhbGciOiJIUzI1NiIsInR5cCI6IkpXVCJ9.eyJfaWQiOiI2OWEyM2U5YjQ0NjZmYjRjMjU4ZTI3ODUiLCJ1c2VybmFtZSI6ImUyZV9zdHVkZW50X2Rlc2t0b3AiLCJlbWFpbCI6ImUyZV9zdHVkZW50X2Rlc2t0b3BAY2FtcHVzd2F5LmxvY2FsIiwicm9sZSI6InN0dWRlbnQiLCJmdWxsTmFtZSI6IkUyRSBTdHVkZW50IERlc2t0b3AiLCJwZXJtaXNzaW9ucyI6eyJjYW5FZGl0RXhhbXMiOmZhbHNlLCJjYW5NYW5hZ2VTdHVkZW50cyI6ZmFsc2UsImNhblZpZXdSZXBvcnRzIjpmYWxzZSwiY2FuRGVsZXRlRGF0YSI6ZmFsc2UsImNhbk1hbmFnZUZpbmFuY2UiOmZhbHNlLCJjYW5NYW5hZ2VQbGFucyI6ZmFsc2UsImNhbk1hbmFnZVRpY2tldHMiOmZhbHNlLCJjYW5NYW5hZ2VCYWNrdXBzIjpmYWxzZSwiY2FuUmV2ZWFsUGFzc3dvcmRzIjpmYWxzZX0sInNlc3Npb25JZCI6IjY0ZTAyMTJjLThiNmUtNDk0Ny05ZTU4LWY5MTQzYjcyNGUxNSIsImlhdCI6MTc3MjM2OTQ1MCwiZXhwIjoxNzcyMzcwMzUwfQ.VdTy5PbLs0V6ain-WHoNZhOmEZt2BkmdU68tHfA6JvE [32m200[0m 1.892 ms - -[0m
[0mGET /api/auth/session-check [32m200[0m 14.369 ms - 14[0m
[0mGET /api/settings [36m304[0m 6.511 ms - -[0m
[0mGET /api/auth/me [36m304[0m 34.422 ms - -[0m
[0mGET /api/auth/me [36m304[0m 11.380 ms - -[0m
[0mGET /uploads/logo-1772179587783-814915617.png [36m304[0m 0.422 ms - -[0m
[auth-stream] connected {
  userId: '69a23e9b4466fb4c258e2785',
  sessionId: '64e0212c-8b6e-4947-9e58-f9143b724e15',
  clientsForSession: 1
}
[auth-stream] disconnected {
  userId: '69a23e9b4466fb4c258e2785',
  sessionId: '64e0212c-8b6e-4947-9e58-f9143b724e15'
}
[0mGET /api/auth/session-stream?token=eyJhbGciOiJIUzI1NiIsInR5cCI6IkpXVCJ9.eyJfaWQiOiI2OWEyM2U5YjQ0NjZmYjRjMjU4ZTI3ODUiLCJ1c2VybmFtZSI6ImUyZV9zdHVkZW50X2Rlc2t0b3AiLCJlbWFpbCI6ImUyZV9zdHVkZW50X2Rlc2t0b3BAY2FtcHVzd2F5LmxvY2FsIiwicm9sZSI6InN0dWRlbnQiLCJmdWxsTmFtZSI6IkUyRSBTdHVkZW50IERlc2t0b3AiLCJwZXJtaXNzaW9ucyI6eyJjYW5FZGl0RXhhbXMiOmZhbHNlLCJjYW5NYW5hZ2VTdHVkZW50cyI6ZmFsc2UsImNhblZpZXdSZXBvcnRzIjpmYWxzZSwiY2FuRGVsZXRlRGF0YSI6ZmFsc2UsImNhbk1hbmFnZUZpbmFuY2UiOmZhbHNlLCJjYW5NYW5hZ2VQbGFucyI6ZmFsc2UsImNhbk1hbmFnZVRpY2tldHMiOmZhbHNlLCJjYW5NYW5hZ2VCYWNrdXBzIjpmYWxzZSwiY2FuUmV2ZWFsUGFzc3dvcmRzIjpmYWxzZX0sInNlc3Npb25JZCI6IjY0ZTAyMTJjLThiNmUtNDk0Ny05ZTU4LWY5MTQzYjcyNGUxNSIsImlhdCI6MTc3MjM2OTQ1MCwiZXhwIjoxNzcyMzcwMzUwfQ.VdTy5PbLs0V6ain-WHoNZhOmEZt2BkmdU68tHfA6JvE [32m200[0m 2.875 ms - -[0m
[0mGET /api/settings [36m304[0m 7.761 ms - -[0m
[0mGET /api/auth/me [36m304[0m 85.313 ms - -[0m
[0mGET /uploads/logo-1772179587783-814915617.png [36m304[0m 0.527 ms - -[0m
[0mGET /api/auth/me [36m304[0m 12.098 ms - -[0m
[auth-stream] connected {
  userId: '69a23e9b4466fb4c258e2785',
  sessionId: '64e0212c-8b6e-4947-9e58-f9143b724e15',
  clientsForSession: 1
}
[auth-stream] disconnected {
  userId: '69a23e9b4466fb4c258e2785',
  sessionId: '64e0212c-8b6e-4947-9e58-f9143b724e15'
}
[0mGET /api/auth/session-stream?token=eyJhbGciOiJIUzI1NiIsInR5cCI6IkpXVCJ9.eyJfaWQiOiI2OWEyM2U5YjQ0NjZmYjRjMjU4ZTI3ODUiLCJ1c2VybmFtZSI6ImUyZV9zdHVkZW50X2Rlc2t0b3AiLCJlbWFpbCI6ImUyZV9zdHVkZW50X2Rlc2t0b3BAY2FtcHVzd2F5LmxvY2FsIiwicm9sZSI6InN0dWRlbnQiLCJmdWxsTmFtZSI6IkUyRSBTdHVkZW50IERlc2t0b3AiLCJwZXJtaXNzaW9ucyI6eyJjYW5FZGl0RXhhbXMiOmZhbHNlLCJjYW5NYW5hZ2VTdHVkZW50cyI6ZmFsc2UsImNhblZpZXdSZXBvcnRzIjpmYWxzZSwiY2FuRGVsZXRlRGF0YSI6ZmFsc2UsImNhbk1hbmFnZUZpbmFuY2UiOmZhbHNlLCJjYW5NYW5hZ2VQbGFucyI6ZmFsc2UsImNhbk1hbmFnZVRpY2tldHMiOmZhbHNlLCJjYW5NYW5hZ2VCYWNrdXBzIjpmYWxzZSwiY2FuUmV2ZWFsUGFzc3dvcmRzIjpmYWxzZX0sInNlc3Npb25JZCI6IjY0ZTAyMTJjLThiNmUtNDk0Ny05ZTU4LWY5MTQzYjcyNGUxNSIsImlhdCI6MTc3MjM2OTQ1MCwiZXhwIjoxNzcyMzcwMzUwfQ.VdTy5PbLs0V6ain-WHoNZhOmEZt2BkmdU68tHfA6JvE [32m200[0m 2.765 ms - -[0m
[0mGET /api/settings [36m304[0m 7.758 ms - -[0m
[0mGET /api/auth/me [36m304[0m 38.871 ms - -[0m
[0mGET /api/auth/me [36m304[0m 9.319 ms - -[0m
[0mGET /uploads/logo-1772179587783-814915617.png [36m304[0m 0.468 ms - -[0m
[auth-stream] connected {
  userId: '69a23e9b4466fb4c258e2785',
  sessionId: '64e0212c-8b6e-4947-9e58-f9143b724e15',
  clientsForSession: 1
}
[auth-stream] disconnected {
  userId: '69a23e9b4466fb4c258e2785',
  sessionId: '64e0212c-8b6e-4947-9e58-f9143b724e15'
}
[0mGET /api/auth/session-stream?token=eyJhbGciOiJIUzI1NiIsInR5cCI6IkpXVCJ9.eyJfaWQiOiI2OWEyM2U5YjQ0NjZmYjRjMjU4ZTI3ODUiLCJ1c2VybmFtZSI6ImUyZV9zdHVkZW50X2Rlc2t0b3AiLCJlbWFpbCI6ImUyZV9zdHVkZW50X2Rlc2t0b3BAY2FtcHVzd2F5LmxvY2FsIiwicm9sZSI6InN0dWRlbnQiLCJmdWxsTmFtZSI6IkUyRSBTdHVkZW50IERlc2t0b3AiLCJwZXJtaXNzaW9ucyI6eyJjYW5FZGl0RXhhbXMiOmZhbHNlLCJjYW5NYW5hZ2VTdHVkZW50cyI6ZmFsc2UsImNhblZpZXdSZXBvcnRzIjpmYWxzZSwiY2FuRGVsZXRlRGF0YSI6ZmFsc2UsImNhbk1hbmFnZUZpbmFuY2UiOmZhbHNlLCJjYW5NYW5hZ2VQbGFucyI6ZmFsc2UsImNhbk1hbmFnZVRpY2tldHMiOmZhbHNlLCJjYW5NYW5hZ2VCYWNrdXBzIjpmYWxzZSwiY2FuUmV2ZWFsUGFzc3dvcmRzIjpmYWxzZX0sInNlc3Npb25JZCI6IjY0ZTAyMTJjLThiNmUtNDk0Ny05ZTU4LWY5MTQzYjcyNGUxNSIsImlhdCI6MTc3MjM2OTQ1MCwiZXhwIjoxNzcyMzcwMzUwfQ.VdTy5PbLs0V6ain-WHoNZhOmEZt2BkmdU68tHfA6JvE [32m200[0m 1.925 ms - -[0m
[0mGET /api/settings [36m304[0m 15.206 ms - -[0m
[0mGET /api/auth/me [36m304[0m 23.557 ms - -[0m
[0mGET /api/auth/me [36m304[0m 12.622 ms - -[0m
[0mGET /uploads/logo-1772179587783-814915617.png [36m304[0m 0.498 ms - -[0m
[auth-stream] connected {
  userId: '69a23e9b4466fb4c258e2785',
  sessionId: '64e0212c-8b6e-4947-9e58-f9143b724e15',
  clientsForSession: 1
}
[auth-stream] disconnected {
  userId: '69a23e9b4466fb4c258e2785',
  sessionId: '64e0212c-8b6e-4947-9e58-f9143b724e15'
}
[0mGET /api/auth/session-stream?token=eyJhbGciOiJIUzI1NiIsInR5cCI6IkpXVCJ9.eyJfaWQiOiI2OWEyM2U5YjQ0NjZmYjRjMjU4ZTI3ODUiLCJ1c2VybmFtZSI6ImUyZV9zdHVkZW50X2Rlc2t0b3AiLCJlbWFpbCI6ImUyZV9zdHVkZW50X2Rlc2t0b3BAY2FtcHVzd2F5LmxvY2FsIiwicm9sZSI6InN0dWRlbnQiLCJmdWxsTmFtZSI6IkUyRSBTdHVkZW50IERlc2t0b3AiLCJwZXJtaXNzaW9ucyI6eyJjYW5FZGl0RXhhbXMiOmZhbHNlLCJjYW5NYW5hZ2VTdHVkZW50cyI6ZmFsc2UsImNhblZpZXdSZXBvcnRzIjpmYWxzZSwiY2FuRGVsZXRlRGF0YSI6ZmFsc2UsImNhbk1hbmFnZUZpbmFuY2UiOmZhbHNlLCJjYW5NYW5hZ2VQbGFucyI6ZmFsc2UsImNhbk1hbmFnZVRpY2tldHMiOmZhbHNlLCJjYW5NYW5hZ2VCYWNrdXBzIjpmYWxzZSwiY2FuUmV2ZWFsUGFzc3dvcmRzIjpmYWxzZX0sInNlc3Npb25JZCI6IjY0ZTAyMTJjLThiNmUtNDk0Ny05ZTU4LWY5MTQzYjcyNGUxNSIsImlhdCI6MTc3MjM2OTQ1MCwiZXhwIjoxNzcyMzcwMzUwfQ.VdTy5PbLs0V6ain-WHoNZhOmEZt2BkmdU68tHfA6JvE [32m200[0m 2.530 ms - -[0m
[0mGET /api/settings [36m304[0m 12.804 ms - -[0m
[0mGET /api/auth/me [36m304[0m 54.059 ms - -[0m
[0mGET /api/auth/me [36m304[0m 13.900 ms - -[0m
[0mGET /uploads/logo-1772179587783-814915617.png [36m304[0m 0.694 ms - -[0m
[auth-stream] connected {
  userId: '69a23e9b4466fb4c258e2785',
  sessionId: '64e0212c-8b6e-4947-9e58-f9143b724e15',
  clientsForSession: 1
}
[auth-stream] disconnected {
  userId: '69a23e9b4466fb4c258e2785',
  sessionId: '64e0212c-8b6e-4947-9e58-f9143b724e15'
}
[0mGET /api/auth/session-stream?token=eyJhbGciOiJIUzI1NiIsInR5cCI6IkpXVCJ9.eyJfaWQiOiI2OWEyM2U5YjQ0NjZmYjRjMjU4ZTI3ODUiLCJ1c2VybmFtZSI6ImUyZV9zdHVkZW50X2Rlc2t0b3AiLCJlbWFpbCI6ImUyZV9zdHVkZW50X2Rlc2t0b3BAY2FtcHVzd2F5LmxvY2FsIiwicm9sZSI6InN0dWRlbnQiLCJmdWxsTmFtZSI6IkUyRSBTdHVkZW50IERlc2t0b3AiLCJwZXJtaXNzaW9ucyI6eyJjYW5FZGl0RXhhbXMiOmZhbHNlLCJjYW5NYW5hZ2VTdHVkZW50cyI6ZmFsc2UsImNhblZpZXdSZXBvcnRzIjpmYWxzZSwiY2FuRGVsZXRlRGF0YSI6ZmFsc2UsImNhbk1hbmFnZUZpbmFuY2UiOmZhbHNlLCJjYW5NYW5hZ2VQbGFucyI6ZmFsc2UsImNhbk1hbmFnZVRpY2tldHMiOmZhbHNlLCJjYW5NYW5hZ2VCYWNrdXBzIjpmYWxzZSwiY2FuUmV2ZWFsUGFzc3dvcmRzIjpmYWxzZX0sInNlc3Npb25JZCI6IjY0ZTAyMTJjLThiNmUtNDk0Ny05ZTU4LWY5MTQzYjcyNGUxNSIsImlhdCI6MTc3MjM2OTQ1MCwiZXhwIjoxNzcyMzcwMzUwfQ.VdTy5PbLs0V6ain-WHoNZhOmEZt2BkmdU68tHfA6JvE [32m200[0m 4.528 ms - -[0m
[0mGET /api/settings [36m304[0m 5.815 ms - -[0m
[0mGET /api/auth/me [36m304[0m 12.138 ms - -[0m
[auth-stream] connected {
  userId: '69a23e9b4466fb4c258e2785',
  sessionId: '64e0212c-8b6e-4947-9e58-f9143b724e15',
  clientsForSession: 1
}
[0mGET /api/auth/me [36m304[0m 98.848 ms - -[0m
[auth-stream] disconnected {
  userId: '69a23e9b4466fb4c258e2785',
  sessionId: '64e0212c-8b6e-4947-9e58-f9143b724e15'
}
[0mGET /api/auth/session-stream?token=eyJhbGciOiJIUzI1NiIsInR5cCI6IkpXVCJ9.eyJfaWQiOiI2OWEyM2U5YjQ0NjZmYjRjMjU4ZTI3ODUiLCJ1c2VybmFtZSI6ImUyZV9zdHVkZW50X2Rlc2t0b3AiLCJlbWFpbCI6ImUyZV9zdHVkZW50X2Rlc2t0b3BAY2FtcHVzd2F5LmxvY2FsIiwicm9sZSI6InN0dWRlbnQiLCJmdWxsTmFtZSI6IkUyRSBTdHVkZW50IERlc2t0b3AiLCJwZXJtaXNzaW9ucyI6eyJjYW5FZGl0RXhhbXMiOmZhbHNlLCJjYW5NYW5hZ2VTdHVkZW50cyI6ZmFsc2UsImNhblZpZXdSZXBvcnRzIjpmYWxzZSwiY2FuRGVsZXRlRGF0YSI6ZmFsc2UsImNhbk1hbmFnZUZpbmFuY2UiOmZhbHNlLCJjYW5NYW5hZ2VQbGFucyI6ZmFsc2UsImNhbk1hbmFnZVRpY2tldHMiOmZhbHNlLCJjYW5NYW5hZ2VCYWNrdXBzIjpmYWxzZSwiY2FuUmV2ZWFsUGFzc3dvcmRzIjpmYWxzZX0sInNlc3Npb25JZCI6IjY0ZTAyMTJjLThiNmUtNDk0Ny05ZTU4LWY5MTQzYjcyNGUxNSIsImlhdCI6MTc3MjM2OTQ1MCwiZXhwIjoxNzcyMzcwMzUwfQ.VdTy5PbLs0V6ain-WHoNZhOmEZt2BkmdU68tHfA6JvE [32m200[0m 6.043 ms - -[0m
[0mGET /api/settings [36m304[0m 9.045 ms - -[0m
[0mGET /api/auth/me [36m304[0m 12.691 ms - -[0m
[auth-stream] connected {
  userId: '69a23e9b4466fb4c258e2785',
  sessionId: '64e0212c-8b6e-4947-9e58-f9143b724e15',
  clientsForSession: 1
}
[0mGET /api/auth/me [36m304[0m 48.122 ms - -[0m
[0mGET /api/universities?page=1&limit=25&sort=createdAt [36m304[0m 34.075 ms - -[0m
[0mGET /api/universities?limit=10&featured=true [36m304[0m 36.179 ms - -[0m
[0mGET /api/home/clusters/featured?limit=8 [36m304[0m 22.654 ms - -[0m
[0mGET /api/banners [36m304[0m 7.166 ms - -[0m
[0mGET /api/universities/categories [36m304[0m 4.535 ms - -[0m
[0mGET /api/universities?limit=50&sort=-updatedAt [36m304[0m 12.803 ms - -[0m
[0mGET /api/home [36m304[0m 33.500 ms - -[0m
[0mGET /uploads/image-1772269996647-183840051.png [36m304[0m 1.368 ms - -[0m
[0mGET /uploads/file-1772310154810-506088155.png [36m304[0m 0.348 ms - -[0m
[auth-stream] disconnected {
  userId: '69a23e9b4466fb4c258e2785',
  sessionId: '64e0212c-8b6e-4947-9e58-f9143b724e15'
}
[0mGET /api/auth/session-stream?token=eyJhbGciOiJIUzI1NiIsInR5cCI6IkpXVCJ9.eyJfaWQiOiI2OWEyM2U5YjQ0NjZmYjRjMjU4ZTI3ODUiLCJ1c2VybmFtZSI6ImUyZV9zdHVkZW50X2Rlc2t0b3AiLCJlbWFpbCI6ImUyZV9zdHVkZW50X2Rlc2t0b3BAY2FtcHVzd2F5LmxvY2FsIiwicm9sZSI6InN0dWRlbnQiLCJmdWxsTmFtZSI6IkUyRSBTdHVkZW50IERlc2t0b3AiLCJwZXJtaXNzaW9ucyI6eyJjYW5FZGl0RXhhbXMiOmZhbHNlLCJjYW5NYW5hZ2VTdHVkZW50cyI6ZmFsc2UsImNhblZpZXdSZXBvcnRzIjpmYWxzZSwiY2FuRGVsZXRlRGF0YSI6ZmFsc2UsImNhbk1hbmFnZUZpbmFuY2UiOmZhbHNlLCJjYW5NYW5hZ2VQbGFucyI6ZmFsc2UsImNhbk1hbmFnZVRpY2tldHMiOmZhbHNlLCJjYW5NYW5hZ2VCYWNrdXBzIjpmYWxzZSwiY2FuUmV2ZWFsUGFzc3dvcmRzIjpmYWxzZX0sInNlc3Npb25JZCI6IjY0ZTAyMTJjLThiNmUtNDk0Ny05ZTU4LWY5MTQzYjcyNGUxNSIsImlhdCI6MTc3MjM2OTQ1MCwiZXhwIjoxNzcyMzcwMzUwfQ.VdTy5PbLs0V6ain-WHoNZhOmEZt2BkmdU68tHfA6JvE [32m200[0m 11.773 ms - -[0m
[0mGET /api/home/stream [32m200[0m 0.343 ms - -[0m
[0mGET /api/auth/session-check [32m200[0m 35.315 ms - 14[0m
[0mGET /api/settings [36m304[0m 9.593 ms - -[0m
[0mGET /api/auth/me [36m304[0m 24.771 ms - -[0m
[auth-stream] connected {
  userId: '69a23e9b4466fb4c258e2785',
  sessionId: '64e0212c-8b6e-4947-9e58-f9143b724e15',
  clientsForSession: 1
}
[0mGET /api/auth/me [36m304[0m 31.179 ms - -[0m
[0mGET /api/universities?limit=10&featured=true [36m304[0m 30.879 ms - -[0m
[0mGET /api/universities?page=1&limit=25&sort=createdAt [36m304[0m 31.221 ms - -[0m
[0mGET /api/home/clusters/featured?limit=8 [36m304[0m 17.105 ms - -[0m
[0mGET /api/banners [36m304[0m 3.891 ms - -[0m
[0mGET /api/universities/categories [36m304[0m 5.091 ms - -[0m
[0mGET /api/universities?limit=50&sort=-updatedAt [36m304[0m 13.986 ms - -[0m
[0mGET /api/home [36m304[0m 29.332 ms - -[0m
[0mGET /uploads/image-1772269996647-183840051.png [36m304[0m 0.402 ms - -[0m
[0mGET /uploads/file-1772310154810-506088155.png [36m304[0m 0.559 ms - -[0m
[auth-stream] disconnected {
  userId: '69a23e9b4466fb4c258e2785',
  sessionId: '64e0212c-8b6e-4947-9e58-f9143b724e15'
}
[0mGET /api/auth/session-stream?token=eyJhbGciOiJIUzI1NiIsInR5cCI6IkpXVCJ9.eyJfaWQiOiI2OWEyM2U5YjQ0NjZmYjRjMjU4ZTI3ODUiLCJ1c2VybmFtZSI6ImUyZV9zdHVkZW50X2Rlc2t0b3AiLCJlbWFpbCI6ImUyZV9zdHVkZW50X2Rlc2t0b3BAY2FtcHVzd2F5LmxvY2FsIiwicm9sZSI6InN0dWRlbnQiLCJmdWxsTmFtZSI6IkUyRSBTdHVkZW50IERlc2t0b3AiLCJwZXJtaXNzaW9ucyI6eyJjYW5FZGl0RXhhbXMiOmZhbHNlLCJjYW5NYW5hZ2VTdHVkZW50cyI6ZmFsc2UsImNhblZpZXdSZXBvcnRzIjpmYWxzZSwiY2FuRGVsZXRlRGF0YSI6ZmFsc2UsImNhbk1hbmFnZUZpbmFuY2UiOmZhbHNlLCJjYW5NYW5hZ2VQbGFucyI6ZmFsc2UsImNhbk1hbmFnZVRpY2tldHMiOmZhbHNlLCJjYW5NYW5hZ2VCYWNrdXBzIjpmYWxzZSwiY2FuUmV2ZWFsUGFzc3dvcmRzIjpmYWxzZX0sInNlc3Npb25JZCI6IjY0ZTAyMTJjLThiNmUtNDk0Ny05ZTU4LWY5MTQzYjcyNGUxNSIsImlhdCI6MTc3MjM2OTQ1MCwiZXhwIjoxNzcyMzcwMzUwfQ.VdTy5PbLs0V6ain-WHoNZhOmEZt2BkmdU68tHfA6JvE [32m200[0m 11.713 ms - -[0m
[0mGET /api/home/stream [32m200[0m 0.175 ms - -[0m
[0mGET /api/settings [36m304[0m 8.304 ms - -[0m
[0mGET /api/auth/me [36m304[0m 26.281 ms - -[0m
[0mGET /api/auth/me [36m304[0m 8.463 ms - -[0m
[auth-stream] connected {
  userId: '69a23e9b4466fb4c258e2785',
  sessionId: '64e0212c-8b6e-4947-9e58-f9143b724e15',
  clientsForSession: 1
}
[auth-stream] disconnected {
  userId: '69a23e9b4466fb4c258e2785',
  sessionId: '64e0212c-8b6e-4947-9e58-f9143b724e15'
}
[0mGET /api/auth/session-stream?token=eyJhbGciOiJIUzI1NiIsInR5cCI6IkpXVCJ9.eyJfaWQiOiI2OWEyM2U5YjQ0NjZmYjRjMjU4ZTI3ODUiLCJ1c2VybmFtZSI6ImUyZV9zdHVkZW50X2Rlc2t0b3AiLCJlbWFpbCI6ImUyZV9zdHVkZW50X2Rlc2t0b3BAY2FtcHVzd2F5LmxvY2FsIiwicm9sZSI6InN0dWRlbnQiLCJmdWxsTmFtZSI6IkUyRSBTdHVkZW50IERlc2t0b3AiLCJwZXJtaXNzaW9ucyI6eyJjYW5FZGl0RXhhbXMiOmZhbHNlLCJjYW5NYW5hZ2VTdHVkZW50cyI6ZmFsc2UsImNhblZpZXdSZXBvcnRzIjpmYWxzZSwiY2FuRGVsZXRlRGF0YSI6ZmFsc2UsImNhbk1hbmFnZUZpbmFuY2UiOmZhbHNlLCJjYW5NYW5hZ2VQbGFucyI6ZmFsc2UsImNhbk1hbmFnZVRpY2tldHMiOmZhbHNlLCJjYW5NYW5hZ2VCYWNrdXBzIjpmYWxzZSwiY2FuUmV2ZWFsUGFzc3dvcmRzIjpmYWxzZX0sInNlc3Npb25JZCI6IjY0ZTAyMTJjLThiNmUtNDk0Ny05ZTU4LWY5MTQzYjcyNGUxNSIsImlhdCI6MTc3MjM2OTQ1MCwiZXhwIjoxNzcyMzcwMzUwfQ.VdTy5PbLs0V6ain-WHoNZhOmEZt2BkmdU68tHfA6JvE [32m200[0m 3.993 ms - -[0m
[0mGET /api/settings [36m304[0m 12.013 ms - -[0m
[0mGET /api/auth/me [36m304[0m 18.333 ms - -[0m
[auth-stream] connected {
  userId: '69a23e9b4466fb4c258e2785',
  sessionId: '64e0212c-8b6e-4947-9e58-f9143b724e15',
  clientsForSession: 1
}
[0mGET /api/universities?limit=10&featured=true [36m304[0m 5.715 ms - -[0m
[0mGET /api/home/clusters/featured?limit=8 [36m304[0m 5.997 ms - -[0m
[0mGET /api/auth/me [36m304[0m 68.365 ms - -[0m
[0mGET /api/universities?page=1&limit=25&sort=createdAt [36m304[0m 11.521 ms - -[0m
[0mGET /api/banners [36m304[0m 4.067 ms - -[0m
[0mGET /api/universities?limit=50&sort=-updatedAt [36m304[0m 24.042 ms - -[0m
[0mGET /api/universities/categories [36m304[0m 31.085 ms - -[0m
[0mGET /api/home [36m304[0m 52.353 ms - -[0m
[0mGET /uploads/image-1772269996647-183840051.png [36m304[0m 0.548 ms - -[0m
[0mGET /uploads/file-1772310154810-506088155.png [36m304[0m 0.352 ms - -[0m
[auth-stream] disconnected {
  userId: '69a23e9b4466fb4c258e2785',
  sessionId: '64e0212c-8b6e-4947-9e58-f9143b724e15'
}
[0mGET /api/auth/session-stream?token=eyJhbGciOiJIUzI1NiIsInR5cCI6IkpXVCJ9.eyJfaWQiOiI2OWEyM2U5YjQ0NjZmYjRjMjU4ZTI3ODUiLCJ1c2VybmFtZSI6ImUyZV9zdHVkZW50X2Rlc2t0b3AiLCJlbWFpbCI6ImUyZV9zdHVkZW50X2Rlc2t0b3BAY2FtcHVzd2F5LmxvY2FsIiwicm9sZSI6InN0dWRlbnQiLCJmdWxsTmFtZSI6IkUyRSBTdHVkZW50IERlc2t0b3AiLCJwZXJtaXNzaW9ucyI6eyJjYW5FZGl0RXhhbXMiOmZhbHNlLCJjYW5NYW5hZ2VTdHVkZW50cyI6ZmFsc2UsImNhblZpZXdSZXBvcnRzIjpmYWxzZSwiY2FuRGVsZXRlRGF0YSI6ZmFsc2UsImNhbk1hbmFnZUZpbmFuY2UiOmZhbHNlLCJjYW5NYW5hZ2VQbGFucyI6ZmFsc2UsImNhbk1hbmFnZVRpY2tldHMiOmZhbHNlLCJjYW5NYW5hZ2VCYWNrdXBzIjpmYWxzZSwiY2FuUmV2ZWFsUGFzc3dvcmRzIjpmYWxzZX0sInNlc3Npb25JZCI6IjY0ZTAyMTJjLThiNmUtNDk0Ny05ZTU4LWY5MTQzYjcyNGUxNSIsImlhdCI6MTc3MjM2OTQ1MCwiZXhwIjoxNzcyMzcwMzUwfQ.VdTy5PbLs0V6ain-WHoNZhOmEZt2BkmdU68tHfA6JvE [32m200[0m 7.773 ms - -[0m
[0mGET /api/home/stream [32m200[0m 0.259 ms - -[0m
[0mGET /api/auth/session-check [32m200[0m 37.291 ms - 14[0m
[0mGET /api/settings [36m304[0m 9.671 ms - -[0m
[0mGET /api/auth/me [36m304[0m 19.401 ms - -[0m
[0mGET /api/auth/me [36m304[0m 15.440 ms - -[0m
[0mGET /uploads/logo-1772179587783-814915617.png [36m304[0m 0.603 ms - -[0m
[auth-stream] connected {
  userId: '69a23e9b4466fb4c258e2785',
  sessionId: '64e0212c-8b6e-4947-9e58-f9143b724e15',
  clientsForSession: 1
}
[0mPOST /api/auth/login [32m200[0m 540.774 ms - -[0m
[auth-stream] disconnected {
  userId: '69a23e9b4466fb4c258e2785',
  sessionId: '64e0212c-8b6e-4947-9e58-f9143b724e15'
}
[0mGET /api/auth/session-stream?token=eyJhbGciOiJIUzI1NiIsInR5cCI6IkpXVCJ9.eyJfaWQiOiI2OWEyM2U5YjQ0NjZmYjRjMjU4ZTI3ODUiLCJ1c2VybmFtZSI6ImUyZV9zdHVkZW50X2Rlc2t0b3AiLCJlbWFpbCI6ImUyZV9zdHVkZW50X2Rlc2t0b3BAY2FtcHVzd2F5LmxvY2FsIiwicm9sZSI6InN0dWRlbnQiLCJmdWxsTmFtZSI6IkUyRSBTdHVkZW50IERlc2t0b3AiLCJwZXJtaXNzaW9ucyI6eyJjYW5FZGl0RXhhbXMiOmZhbHNlLCJjYW5NYW5hZ2VTdHVkZW50cyI6ZmFsc2UsImNhblZpZXdSZXBvcnRzIjpmYWxzZSwiY2FuRGVsZXRlRGF0YSI6ZmFsc2UsImNhbk1hbmFnZUZpbmFuY2UiOmZhbHNlLCJjYW5NYW5hZ2VQbGFucyI6ZmFsc2UsImNhbk1hbmFnZVRpY2tldHMiOmZhbHNlLCJjYW5NYW5hZ2VCYWNrdXBzIjpmYWxzZSwiY2FuUmV2ZWFsUGFzc3dvcmRzIjpmYWxzZX0sInNlc3Npb25JZCI6IjY0ZTAyMTJjLThiNmUtNDk0Ny05ZTU4LWY5MTQzYjcyNGUxNSIsImlhdCI6MTc3MjM2OTQ1MCwiZXhwIjoxNzcyMzcwMzUwfQ.VdTy5PbLs0V6ain-WHoNZhOmEZt2BkmdU68tHfA6JvE [32m200[0m 2.718 ms - -[0m
[auth-stream] connected {
  userId: '699df31446bb6e89fc0a5a01',
  sessionId: '2a97d1e2-a087-4286-8c99-ddd6f83b725b',
  clientsForSession: 1
}
[0mGET /api/auth/me [32m200[0m 41.297 ms - 666[0m
[0mGET /api/campusway-secure-admin/student-groups [32m200[0m 29.883 ms - 285[0m
[0mGET /api/campusway-secure-admin/universities?page=1&limit=25 [36m304[0m 44.218 ms - -[0m
[0mGET /api/campusway-secure-admin/exams?view=cards&includeMetrics=true&limit=200 [32m200[0m 108.078 ms - -[0m
[0mGET /api/campusway-secure-admin/student-groups [32m200[0m 49.435 ms - 285[0m
[0mGET /api/campusway-secure-admin/universities?page=1&limit=25 [36m304[0m 23.490 ms - -[0m
[0mGET /api/campusway-secure-admin/users [32m200[0m 111.371 ms - -[0m
[0mGET /api/campusway-secure-admin/users [36m304[0m 13.408 ms - -[0m
[0mGET /api/campusway-secure-admin/exams?view=cards&includeMetrics=true&limit=200 [36m304[0m 23.357 ms - -[0m
[0mGET /api/campusway-secure-admin/universities?page=1&limit=25&sortBy=createdAt&sortOrder=desc&status=all [36m304[0m 15.707 ms - -[0m
[0mGET /api/campusway-secure-admin/universities/categories?status=all [36m304[0m 18.383 ms - -[0m
[0mGET /api/campusway-secure-admin/university-clusters [36m304[0m 29.125 ms - -[0m
[0mGET /api/campusway-secure-admin/home-config [36m304[0m 19.324 ms - -[0m
[0mGET /api/campusway-secure-admin/universities?page=1&limit=500&status=all&sortBy=name&sortOrder=asc [36m304[0m 55.794 ms - -[0m
[0mGET /api/campusway-secure-admin/university-categories?status=all [36m304[0m 23.555 ms - -[0m
[0mGET /api/campusway-secure-admin/universities?page=1&limit=25&sortBy=createdAt&sortOrder=desc&status=all [36m304[0m 31.723 ms - -[0m
[0mGET /api/campusway-secure-admin/home-config [36m304[0m 9.695 ms - -[0m
[0mGET /api/campusway-secure-admin/university-clusters [36m304[0m 15.920 ms - -[0m
[0mGET /api/campusway-secure-admin/universities/categories?status=all [36m304[0m 25.638 ms - -[0m
[0mGET /api/campusway-secure-admin/university-categories?status=all [36m304[0m 11.191 ms - -[0m
[0mGET /api/campusway-secure-admin/universities?page=1&limit=500&status=all&sortBy=name&sortOrder=asc [36m304[0m 21.616 ms - -[0m
[0mGET /api/campusway-secure-admin/universities?limit=1000 [32m200[0m 18.979 ms - -[0m
[0mGET /api/campusway-secure-admin/universities?limit=1000 [36m304[0m 20.133 ms - -[0m
[0mGET /api/campusway-secure-admin/live/attempts?limit=50 [32m200[0m 18.928 ms - -[0m
[0mGET /api/campusway-secure-admin/live/attempts?limit=50 [36m304[0m 12.146 ms - -[0m
[0mGET /api/campusway-secure-admin/qbank?page=1&limit=20&search=&subject=&chapter=&difficulty=&status=&has_image=&has_explanation=&quality_score_min= [32m200[0m 10.646 ms - -[0m
[0mGET /api/campusway-secure-admin/qbank?page=1&limit=20&search=&subject=&chapter=&difficulty=&status=&has_image=&has_explanation=&quality_score_min= [36m304[0m 7.404 ms - -[0m
[0mGET /api/campusway-secure-admin/live/stream?token=eyJhbGciOiJIUzI1NiIsInR5cCI6IkpXVCJ9.eyJfaWQiOiI2OTlkZjMxNDQ2YmI2ZTg5ZmMwYTVhMDEiLCJ1c2VybmFtZSI6ImFkbWluX2NhbXB1c3dheSIsImVtYWlsIjoiYWRtaW5AY2FtcHVzd2F5LmNvbSIsInJvbGUiOiJzdXBlcmFkbWluIiwiZnVsbE5hbWUiOiJTdXBlciBBZG1pbiIsInBlcm1pc3Npb25zIjp7ImNhbkVkaXRFeGFtcyI6ZmFsc2UsImNhbk1hbmFnZVN0dWRlbnRzIjpmYWxzZSwiY2FuVmlld1JlcG9ydHMiOmZhbHNlLCJjYW5EZWxldGVEYXRhIjpmYWxzZSwiY2FuTWFuYWdlRmluYW5jZSI6ZmFsc2UsImNhbk1hbmFnZVBsYW5zIjpmYWxzZSwiY2FuTWFuYWdlVGlja2V0cyI6ZmFsc2UsImNhbk1hbmFnZUJhY2t1cHMiOmZhbHNlLCJjYW5SZXZlYWxQYXNzd29yZHMiOmZhbHNlfSwic2Vzc2lvbklkIjoiMmE5N2QxZTItYTA4Ny00Mjg2LThjOTktZGRkNmY4M2I3MjViIiwiaWF0IjoxNzcyMzY5NzI5LCJleHAiOjE3NzIzNzA2Mjl9.e7_1npki8AZLu7DxFb51Y01dFb0TVth-gfpaYhRdaHE [32m200[0m 5.695 ms - -[0m
[0mGET /api/campusway-secure-admin/alerts [36m304[0m 14.944 ms - -[0m
[0mGET /api/campusway-secure-admin/alerts [36m304[0m 12.257 ms - -[0m
[0mGET /api/campusway-secure-admin/student-groups [32m200[0m 15.008 ms - 285[0m
[0mGET /api/campusway-secure-admin/subscription-plans [32m200[0m 10.816 ms - -[0m
[0mGET /api/campusway-secure-admin/students?page=1&limit=20 [32m200[0m 26.151 ms - -[0m
[0mGET /api/campusway-secure-admin/student-groups [32m200[0m 6.715 ms - 285[0m
[0mGET /api/campusway-secure-admin/subscription-plans [32m200[0m 7.897 ms - -[0m
[0mGET /api/campusway-secure-admin/students?page=1&limit=20 [32m200[0m 13.187 ms - -[0m
[0mGET /api/campusway-secure-admin/news-category [32m200[0m 6.406 ms - 208[0m
[0mGET /api/campusway-secure-admin/news?q= [32m200[0m 12.442 ms - -[0m
[0mGET /api/campusway-secure-admin/news-category [36m304[0m 5.667 ms - -[0m
[0mGET /api/campusway-secure-admin/news?q= [36m304[0m 9.420 ms - -[0m
[0mGET /uploads/file-1772310154810-506088155.png [36m304[0m 0.400 ms - -[0m
[0mGET /api/campusway-secure-admin/services?limit=100 [31m500[0m 10.803 ms - 26[0m
[0mGET /api/campusway-secure-admin/service-categories [32m200[0m 11.288 ms - 17[0m
[0mGET /api/campusway-secure-admin/services?limit=100 [31m500[0m 6.375 ms - 26[0m
[0mGET /api/campusway-secure-admin/service-categories [36m304[0m 4.673 ms - -[0m
[0mGET /api/campusway-secure-admin/resources [32m200[0m 8.370 ms - -[0m
[0mGET /api/campusway-secure-admin/resources [36m304[0m 6.802 ms - -[0m
[0mGET /api/campusway-secure-admin/banners [36m304[0m 4.943 ms - -[0m
[0mGET /api/campusway-secure-admin/banners [36m304[0m 4.077 ms - -[0m
[0mGET /uploads/file-1772310049413-925559961.png [36m304[0m 1.541 ms - -[0m
[0mGET /uploads/file-1772310065564-832463901.png [36m304[0m 0.893 ms - -[0m
[0mGET /uploads/file-1772310107927-216148636.png [36m304[0m 0.879 ms - -[0m
[0mGET /api/home [36m304[0m 21.175 ms - -[0m
[0mGET /api/home [36m304[0m 16.694 ms - -[0m
[0mGET /uploads/file-1772310124080-160966703.png [36m304[0m 0.953 ms - -[0m
[0mGET /uploads/image-1772269996647-183840051.png [36m304[0m 0.910 ms - -[0m
[0mGET /api/campusway-secure-admin/contact-messages [32m200[0m 11.919 ms - 70[0m
[0mGET /api/campusway-secure-admin/contact-messages [36m304[0m 6.582 ms - -[0m
[0mGET /api/campusway-secure-admin/finance/summary [32m200[0m 12.729 ms - 131[0m
[0mGET /api/campusway-secure-admin/payments?page=1&limit=6 [32m200[0m 18.047 ms - -[0m
[0mGET /api/campusway-secure-admin/expenses?page=1&limit=6 [32m200[0m 18.643 ms - -[0m
[0mGET /api/campusway-secure-admin/dues?page=1&limit=6 [32m200[0m 18.045 ms - -[0m
[0mGET /api/campusway-secure-admin/finance/summary [36m304[0m 14.651 ms - -[0m
[0mGET /api/campusway-secure-admin/expenses?page=1&limit=6 [36m304[0m 15.516 ms - -[0m
[0mGET /api/campusway-secure-admin/subscription-plans [32m200[0m 22.481 ms - -[0m
[0mGET /api/campusway-secure-admin/students?page=1&limit=200 [32m200[0m 41.867 ms - -[0m
[0mGET /api/campusway-secure-admin/payments?page=1&limit=6 [36m304[0m 25.535 ms - -[0m
[0mGET /api/campusway-secure-admin/dues?page=1&limit=6 [36m304[0m 21.353 ms - -[0m
[0mGET /api/campusway-secure-admin/subscription-plans [32m200[0m 11.458 ms - -[0m
[0mGET /api/campusway-secure-admin/students?page=1&limit=200 [32m200[0m 20.808 ms - -[0m
[0mGET /api/campusway-secure-admin/notices?page=1&limit=10 [32m200[0m 7.175 ms - 41[0m
[0mGET /api/campusway-secure-admin/support-tickets?page=1&limit=20 [32m200[0m 9.863 ms - -[0m
[0mGET /api/campusway-secure-admin/notices?page=1&limit=10 [36m304[0m 7.230 ms - -[0m
[0mGET /api/campusway-secure-admin/support-tickets?page=1&limit=20 [36m304[0m 11.521 ms - -[0m
[0mGET /api/campusway-secure-admin/backups?page=1&limit=20 [32m200[0m 6.411 ms - -[0m
[0mGET /api/campusway-secure-admin/backups?page=1&limit=20 [36m304[0m 10.237 ms - -[0m
adminGetUserById error: CastError: Cast to ObjectId failed for value "stream" (type string) at path "_id" for model "User"
    at SchemaObjectId.cast (F:\CampusWay\backend\node_modules\mongoose\lib\schema\objectId.js:253:11)
    at SchemaType.applySetters (F:\CampusWay\backend\node_modules\mongoose\lib\schemaType.js:1288:12)
    at SchemaType.castForQuery (F:\CampusWay\backend\node_modules\mongoose\lib\schemaType.js:1724:17)
    at cast (F:\CampusWay\backend\node_modules\mongoose\lib\cast.js:390:32)
    at Query.cast (F:\CampusWay\backend\node_modules\mongoose\lib\query.js:5060:12)
    at Query._castConditions (F:\CampusWay\backend\node_modules\mongoose\lib\query.js:2374:10)
    at model.Query._findOne (F:\CampusWay\backend\node_modules\mongoose\lib\query.js:2697:8)
    at model.Query.exec (F:\CampusWay\backend\node_modules\mongoose\lib\query.js:4627:80)
    at process.processTicksAndRejections (node:internal/process/task_queues:104:5)
    at async adminGetUserById (F:\CampusWay\backend\dist\controllers\adminUserController.js:438:22) {
  stringValue: '"stream"',
  messageFormat: undefined,
  kind: 'ObjectId',
  value: 'stream',
  path: '_id',
  reason: BSONError: input must be a 24 character hex string, 12 byte Uint8Array, or an integer
      at new ObjectId (F:\CampusWay\backend\node_modules\bson\lib\bson.cjs:2538:23)
      at castObjectId (F:\CampusWay\backend\node_modules\mongoose\lib\cast\objectid.js:25:12)
      at SchemaObjectId.cast (F:\CampusWay\backend\node_modules\mongoose\lib\schema\objectId.js:251:12)
      at SchemaType.applySetters (F:\CampusWay\backend\node_modules\mongoose\lib\schemaType.js:1288:12)
      at SchemaType.castForQuery (F:\CampusWay\backend\node_modules\mongoose\lib\schemaType.js:1724:17)
      at cast (F:\CampusWay\backend\node_modules\mongoose\lib\cast.js:390:32)
      at Query.cast (F:\CampusWay\backend\node_modules\mongoose\lib\query.js:5060:12)
      at Query._castConditions (F:\CampusWay\backend\node_modules\mongoose\lib\query.js:2374:10)
      at model.Query._findOne (F:\CampusWay\backend\node_modules\mongoose\lib\query.js:2697:8)
      at model.Query.exec (F:\CampusWay\backend\node_modules\mongoose\lib\query.js:4627:80)
      at process.processTicksAndRejections (node:internal/process/task_queues:104:5)
      at async adminGetUserById (F:\CampusWay\backend\dist\controllers\adminUserController.js:438:22),
  valueType: 'string'
}
[0mGET /api/campusway-secure-admin/users/stream?token=eyJhbGciOiJIUzI1NiIsInR5cCI6IkpXVCJ9.eyJfaWQiOiI2OTlkZjMxNDQ2YmI2ZTg5ZmMwYTVhMDEiLCJ1c2VybmFtZSI6ImFkbWluX2NhbXB1c3dheSIsImVtYWlsIjoiYWRtaW5AY2FtcHVzd2F5LmNvbSIsInJvbGUiOiJzdXBlcmFkbWluIiwiZnVsbE5hbWUiOiJTdXBlciBBZG1pbiIsInBlcm1pc3Npb25zIjp7ImNhbkVkaXRFeGFtcyI6ZmFsc2UsImNhbk1hbmFnZVN0dWRlbnRzIjpmYWxzZSwiY2FuVmlld1JlcG9ydHMiOmZhbHNlLCJjYW5EZWxldGVEYXRhIjpmYWxzZSwiY2FuTWFuYWdlRmluYW5jZSI6ZmFsc2UsImNhbk1hbmFnZVBsYW5zIjpmYWxzZSwiY2FuTWFuYWdlVGlja2V0cyI6ZmFsc2UsImNhbk1hbmFnZUJhY2t1cHMiOmZhbHNlLCJjYW5SZXZlYWxQYXNzd29yZHMiOmZhbHNlfSwic2Vzc2lvbklkIjoiMmE5N2QxZTItYTA4Ny00Mjg2LThjOTktZGRkNmY4M2I3MjViIiwiaWF0IjoxNzcyMzY5NzI5LCJleHAiOjE3NzIzNzA2Mjl9.e7_1npki8AZLu7DxFb51Y01dFb0TVth-gfpaYhRdaHE [31m500[0m 7.913 ms - 26[0m
[0mGET /api/campusway-secure-admin/users?page=1&limit=20&search=&role=&status=&scope=admins [32m200[0m 6.971 ms - -[0m
[0mGET /api/profile/me [32m200[0m 7.932 ms - -[0m
[0mGET /api/profile/me [36m304[0m 9.787 ms - -[0m
[0mGET /api/home [36m304[0m 30.168 ms - -[0m
[0mGET /api/home [36m304[0m 17.954 ms - -[0m
[0mGET /uploads/favicon-1772179587784-526587807.png [36m304[0m 1.757 ms - -[0m
[0mGET /api/campusway-secure-admin/security/settings [32m200[0m 6.818 ms - 359[0m
[0mGET /api/campusway-secure-admin/security/2fa/users?role=admin,moderator,student&page=1&limit=20 [32m200[0m 20.047 ms - -[0m
[0mGET /api/campusway-secure-admin/security/sessions?status=active&page=1&limit=25 [32m200[0m 24.366 ms - -[0m
[0mGET /api/campusway-secure-admin/settings/runtime [32m200[0m 17.455 ms - 932[0m
[0mGET /api/campusway-secure-admin/security/2fa/failures?page=1&limit=20 [32m200[0m 24.704 ms - -[0m
[0mGET /api/campusway-secure-admin/security/settings [36m304[0m 10.756 ms - -[0m
[0mGET /api/campusway-secure-admin/security/2fa/users?role=admin,moderator,student&page=1&limit=20 [36m304[0m 10.160 ms - -[0m
[0mGET /api/campusway-secure-admin/security/sessions?status=active&page=1&limit=25 [36m304[0m 22.235 ms - -[0m
[0mGET /api/campusway-secure-admin/settings/runtime [36m304[0m 19.342 ms - -[0m
[0mGET /api/campusway-secure-admin/security/2fa/users?role=admin,moderator,student&page=1&limit=20 [36m304[0m 7.858 ms - -[0m
[0mGET /api/campusway-secure-admin/security/2fa/failures?page=1&limit=20 [36m304[0m 29.331 ms - -[0m
[0mGET /api/campusway-secure-admin/security/sessions?status=active&page=1&limit=25 [36m304[0m 13.605 ms - -[0m
[0mGET /api/campusway-secure-admin/security/2fa/users?role=admin,moderator,student&page=1&limit=20 [36m304[0m 9.107 ms - -[0m
[0mGET /api/campusway-secure-admin/security/sessions?status=active&page=1&limit=25 [36m304[0m 10.878 ms - -[0m
[0mGET /api/campusway-secure-admin/health [32m200[0m 3.901 ms - 87[0m
[0mGET /api/campusway-secure-admin/health [32m200[0m 4.462 ms - 87[0m
[0mGET /api/campusway-secure-admin/audit-logs?page=1&limit=50 [32m200[0m 16.099 ms - -[0m
[0mGET /api/campusway-secure-admin/audit-logs?page=1&limit=50 [36m304[0m 11.256 ms - -[0m
[0mGET /api/campusway-secure-admin/live/stream?token=eyJhbGciOiJIUzI1NiIsInR5cCI6IkpXVCJ9.eyJfaWQiOiI2OTlkZjMxNDQ2YmI2ZTg5ZmMwYTVhMDEiLCJ1c2VybmFtZSI6ImFkbWluX2NhbXB1c3dheSIsImVtYWlsIjoiYWRtaW5AY2FtcHVzd2F5LmNvbSIsInJvbGUiOiJzdXBlcmFkbWluIiwiZnVsbE5hbWUiOiJTdXBlciBBZG1pbiIsInBlcm1pc3Npb25zIjp7ImNhbkVkaXRFeGFtcyI6ZmFsc2UsImNhbk1hbmFnZVN0dWRlbnRzIjpmYWxzZSwiY2FuVmlld1JlcG9ydHMiOmZhbHNlLCJjYW5EZWxldGVEYXRhIjpmYWxzZSwiY2FuTWFuYWdlRmluYW5jZSI6ZmFsc2UsImNhbk1hbmFnZVBsYW5zIjpmYWxzZSwiY2FuTWFuYWdlVGlja2V0cyI6ZmFsc2UsImNhbk1hbmFnZUJhY2t1cHMiOmZhbHNlLCJjYW5SZXZlYWxQYXNzd29yZHMiOmZhbHNlfSwic2Vzc2lvbklkIjoiMmE5N2QxZTItYTA4Ny00Mjg2LThjOTktZGRkNmY4M2I3MjViIiwiaWF0IjoxNzcyMzY5NzI5LCJleHAiOjE3NzIzNzA2Mjl9.e7_1npki8AZLu7DxFb51Y01dFb0TVth-gfpaYhRdaHE [32m200[0m 22.586 ms - -[0m
[auth-stream] disconnected {
  userId: '699df31446bb6e89fc0a5a01',
  sessionId: '2a97d1e2-a087-4286-8c99-ddd6f83b725b'
}
[0mGET /api/auth/session-stream?token=eyJhbGciOiJIUzI1NiIsInR5cCI6IkpXVCJ9.eyJfaWQiOiI2OTlkZjMxNDQ2YmI2ZTg5ZmMwYTVhMDEiLCJ1c2VybmFtZSI6ImFkbWluX2NhbXB1c3dheSIsImVtYWlsIjoiYWRtaW5AY2FtcHVzd2F5LmNvbSIsInJvbGUiOiJzdXBlcmFkbWluIiwiZnVsbE5hbWUiOiJTdXBlciBBZG1pbiIsInBlcm1pc3Npb25zIjp7ImNhbkVkaXRFeGFtcyI6ZmFsc2UsImNhbk1hbmFnZVN0dWRlbnRzIjpmYWxzZSwiY2FuVmlld1JlcG9ydHMiOmZhbHNlLCJjYW5EZWxldGVEYXRhIjpmYWxzZSwiY2FuTWFuYWdlRmluYW5jZSI6ZmFsc2UsImNhbk1hbmFnZVBsYW5zIjpmYWxzZSwiY2FuTWFuYWdlVGlja2V0cyI6ZmFsc2UsImNhbk1hbmFnZUJhY2t1cHMiOmZhbHNlLCJjYW5SZXZlYWxQYXNzd29yZHMiOmZhbHNlfSwic2Vzc2lvbklkIjoiMmE5N2QxZTItYTA4Ny00Mjg2LThjOTktZGRkNmY4M2I3MjViIiwiaWF0IjoxNzcyMzY5NzI5LCJleHAiOjE3NzIzNzA2Mjl9.e7_1npki8AZLu7DxFb51Y01dFb0TVth-gfpaYhRdaHE [32m200[0m 3.590 ms - -[0m
[0mGET /api/banners [36m304[0m 2.445 ms - -[0m
[0mGET /api/settings [36m304[0m 41.939 ms - -[0m
[0mGET /api/universities?page=1&limit=25&sort=createdAt [36m304[0m 62.270 ms - -[0m
[0mGET /api/home/clusters/featured?limit=8 [36m304[0m 57.338 ms - -[0m
[0mGET /api/universities?limit=10&featured=true [36m304[0m 69.239 ms - -[0m
[0mGET /api/universities/categories [36m304[0m 25.140 ms - -[0m
[0mGET /api/universities?limit=50&sort=-updatedAt [36m304[0m 41.246 ms - -[0m
[0mGET /api/auth/me [36m304[0m 52.881 ms - -[0m
[0mGET /uploads/logo-1772179587783-814915617.png [36m304[0m 0.901 ms - -[0m
[0mGET /api/home [36m304[0m 157.102 ms - -[0m
[0mGET /api/auth/me [36m304[0m 18.388 ms - -[0m
[auth-stream] connected {
  userId: '699df31446bb6e89fc0a5a01',
  sessionId: '2a97d1e2-a087-4286-8c99-ddd6f83b725b',
  clientsForSession: 1
}
[0mGET /uploads/image-1772269996647-183840051.png [36m304[0m 1.450 ms - -[0m
[0mGET /uploads/file-1772310154810-506088155.png [36m304[0m 0.406 ms - -[0m
[0mGET /api/home/stream [32m200[0m 0.166 ms - -[0m
[auth-stream] disconnected {
  userId: '699df31446bb6e89fc0a5a01',
  sessionId: '2a97d1e2-a087-4286-8c99-ddd6f83b725b'
}
[0mGET /api/auth/session-stream?token=eyJhbGciOiJIUzI1NiIsInR5cCI6IkpXVCJ9.eyJfaWQiOiI2OTlkZjMxNDQ2YmI2ZTg5ZmMwYTVhMDEiLCJ1c2VybmFtZSI6ImFkbWluX2NhbXB1c3dheSIsImVtYWlsIjoiYWRtaW5AY2FtcHVzd2F5LmNvbSIsInJvbGUiOiJzdXBlcmFkbWluIiwiZnVsbE5hbWUiOiJTdXBlciBBZG1pbiIsInBlcm1pc3Npb25zIjp7ImNhbkVkaXRFeGFtcyI6ZmFsc2UsImNhbk1hbmFnZVN0dWRlbnRzIjpmYWxzZSwiY2FuVmlld1JlcG9ydHMiOmZhbHNlLCJjYW5EZWxldGVEYXRhIjpmYWxzZSwiY2FuTWFuYWdlRmluYW5jZSI6ZmFsc2UsImNhbk1hbmFnZVBsYW5zIjpmYWxzZSwiY2FuTWFuYWdlVGlja2V0cyI6ZmFsc2UsImNhbk1hbmFnZUJhY2t1cHMiOmZhbHNlLCJjYW5SZXZlYWxQYXNzd29yZHMiOmZhbHNlfSwic2Vzc2lvbklkIjoiMmE5N2QxZTItYTA4Ny00Mjg2LThjOTktZGRkNmY4M2I3MjViIiwiaWF0IjoxNzcyMzY5NzI5LCJleHAiOjE3NzIzNzA2Mjl9.e7_1npki8AZLu7DxFb51Y01dFb0TVth-gfpaYhRdaHE [32m200[0m 6.891 ms - -[0m
[0mGET /api/auth/session-check [32m200[0m 19.718 ms - 14[0m
[0mGET /api/settings [36m304[0m 6.681 ms - -[0m
[0mGET /api/auth/me [36m304[0m 9.697 ms - -[0m
[0mGET /api/auth/me [36m304[0m 8.712 ms - -[0m
[auth-stream] connected {
  userId: '699df31446bb6e89fc0a5a01',
  sessionId: '2a97d1e2-a087-4286-8c99-ddd6f83b725b',
  clientsForSession: 1
}
[0mGET /api/campusway-secure-admin/users [36m304[0m 22.007 ms - -[0m
[0mGET /api/campusway-secure-admin/student-groups [32m200[0m 21.504 ms - 285[0m
[0mGET /api/campusway-secure-admin/universities?page=1&limit=25 [36m304[0m 28.629 ms - -[0m
[0mGET /api/campusway-secure-admin/exams?view=cards&includeMetrics=true&limit=200 [32m200[0m 70.591 ms - -[0m
