[2m2:02:01 AM[22m [31m[1m[vite][22m[39m [31mInternal server error: F:\CampusWay\frontend\src\pages\admin-news\AdminNewsConsole.tsx: 'return' outside of function. (189:4)

[0m [90m 187 |[31m
 [90m 188 |[31m [36mif[31m ([33m![31misLoading [33m&&[31m ([33m![31misAuthenticated [33m||[31m [33m![31muser [33m||[31m user[33m.[31mrole [33m===[31m [32m'student'[31m)) {
[31m[1m>[22m[31m[90m 189 |[31m     [36mreturn[31m [33m<[31m[33mNavigate[31m to[33m=[31m[32m"/__cw_admin__/login"[31m replace [33m/[31m[33m>[31m[33m;[31m
 [90m     |[31m     [31m[1m^[22m[31m
 [90m 190 |[31m     }
 [90m 191 |[31m
 [90m 192 |[31m [36mif[31m (isLoading) {[0m[39m
  Plugin: [35mvite:react-babel[39m
  File: [36mF:/CampusWay/frontend/src/pages/admin-news/AdminNewsConsole.tsx[39m:189:4
[33m  187|  
  188|  if (!isLoading && (!isAuthenticated || !user || user.role === 'student')) {
  189|      return <Navigate to="/__cw_admin__/login" replace />;
     |      ^
  190|      }
  191|  [39m
      at constructor (F:\CampusWay\frontend\node_modules\@babel\parser\lib\index.js:365:19)
      at TypeScriptParserMixin.raise (F:\CampusWay\frontend\node_modules\@babel\parser\lib\index.js:6599:19)
      at TypeScriptParserMixin.parseReturnStatement (F:\CampusWay\frontend\node_modules\@babel\parser\lib\index.js:13136:12)
      at TypeScriptParserMixin.parseStatementContent (F:\CampusWay\frontend\node_modules\@babel\parser\lib\index.js:12798:21)
      at TypeScriptParserMixin.parseStatementContent (F:\CampusWay\frontend\node_modules\@babel\parser\lib\index.js:9508:18)
      at TypeScriptParserMixin.parseStatementLike (F:\CampusWay\frontend\node_modules\@babel\parser\lib\index.js:12767:17)
      at TypeScriptParserMixin.parseStatementListItem (F:\CampusWay\frontend\node_modules\@babel\parser\lib\index.js:12747:17)
      at TypeScriptParserMixin.parseBlockOrModuleBlockBody (F:\CampusWay\frontend\node_modules\@babel\parser\lib\index.js:13316:61)
      at TypeScriptParserMixin.parseBlockBody (F:\CampusWay\frontend\node_modules\@babel\parser\lib\index.js:13309:10)
      at TypeScriptParserMixin.parseBlock (F:\CampusWay\frontend\node_modules\@babel\parser\lib\index.js:13297:10)
      at TypeScriptParserMixin.parseStatementContent (F:\CampusWay\frontend\node_modules\@babel\parser\lib\index.js:12858:21)
      at TypeScriptParserMixin.parseStatementContent (F:\CampusWay\frontend\node_modules\@babel\parser\lib\index.js:9508:18)
      at TypeScriptParserMixin.parseStatementLike (F:\CampusWay\frontend\node_modules\@babel\parser\lib\index.js:12767:17)
      at TypeScriptParserMixin.parseStatementOrSloppyAnnexBFunctionDeclaration (F:\CampusWay\frontend\node_modules\@babel\parser\lib\index.js:12757:17)
      at TypeScriptParserMixin.parseIfStatement (F:\CampusWay\frontend\node_modules\@babel\parser\lib\index.js:13130:28)
      at TypeScriptParserMixin.parseStatementContent (F:\CampusWay\frontend\node_modules\@babel\parser\lib\index.js:12796:21)
      at TypeScriptParserMixin.parseStatementContent (F:\CampusWay\frontend\node_modules\@babel\parser\lib\index.js:9508:18)
      at TypeScriptParserMixin.parseStatementLike (F:\CampusWay\frontend\node_modules\@babel\parser\lib\index.js:12767:17)
      at TypeScriptParserMixin.parseModuleItem (F:\CampusWay\frontend\node_modules\@babel\parser\lib\index.js:12744:17)
      at TypeScriptParserMixin.parseBlockOrModuleBlockBody (F:\CampusWay\frontend\node_modules\@babel\parser\lib\index.js:13316:36)
      at TypeScriptParserMixin.parseBlockBody (F:\CampusWay\frontend\node_modules\@babel\parser\lib\index.js:13309:10)
      at TypeScriptParserMixin.parseProgram (F:\CampusWay\frontend\node_modules\@babel\parser\lib\index.js:12622:10)
      at TypeScriptParserMixin.parseTopLevel (F:\CampusWay\frontend\node_modules\@babel\parser\lib\index.js:12612:25)
      at TypeScriptParserMixin.parse (F:\CampusWay\frontend\node_modules\@babel\parser\lib\index.js:14488:25)
      at TypeScriptParserMixin.parse (F:\CampusWay\frontend\node_modules\@babel\parser\lib\index.js:10126:18)
      at parse (F:\CampusWay\frontend\node_modules\@babel\parser\lib\index.js:14522:38)
      at parser (F:\CampusWay\frontend\node_modules\@babel\core\lib\parser\index.js:41:34)
      at parser.next (<anonymous>)
      at normalizeFile (F:\CampusWay\frontend\node_modules\@babel\core\lib\transformation\normalize-file.js:64:37)
      at normalizeFile.next (<anonymous>)
      at run (F:\CampusWay\frontend\node_modules\@babel\core\lib\transformation\index.js:22:50)
      at run.next (<anonymous>)
      at transform (F:\CampusWay\frontend\node_modules\@babel\core\lib\transform.js:22:33)
      at transform.next (<anonymous>)
      at step (F:\CampusWay\frontend\node_modules\gensync\index.js:261:32)
      at F:\CampusWay\frontend\node_modules\gensync\index.js:273:13
      at async.call.result.err.err (F:\CampusWay\frontend\node_modules\gensync\index.js:223:11)
      at F:\CampusWay\frontend\node_modules\gensync\index.js:189:28
      at F:\CampusWay\frontend\node_modules\@babel\core\lib\gensync-utils\async.js:67:7
      at F:\CampusWay\frontend\node_modules\gensync\index.js:113:33
      at step (F:\CampusWay\frontend\node_modules\gensync\index.js:287:14)
      at F:\CampusWay\frontend\node_modules\gensync\index.js:273:13
      at async.call.result.err.err (F:\CampusWay\frontend\node_modules\gensync\index.js:223:11)
[2m2:02:25 AM[22m [31m[1m[vite][22m[39m [31mInternal server error: F:\CampusWay\frontend\src\pages\admin-news\AdminNewsConsole.tsx: 'return' outside of function. (182:4)

[0m [90m 180 |[31m
 [90m 181 |[31m [36mif[31m ([33m![31misLoading [33m&&[31m ([33m![31misAuthenticated [33m||[31m [33m![31muser [33m||[31m user[33m.[31mrole [33m===[31m [32m'student'[31m)) {
[31m[1m>[22m[31m[90m 182 |[31m     [36mreturn[31m [33m<[31m[33mNavigate[31m to[33m=[31m[32m"/__cw_admin__/login"[31m replace [33m/[31m[33m>[31m[33m;[31m
 [90m     |[31m     [31m[1m^[22m[31m
 [90m 183 |[31m }
 [90m 184 |[31m
 [90m 185 |[31m [36mif[31m (isLoading) {[0m[39m
  Plugin: [35mvite:react-babel[39m
  File: [36mF:/CampusWay/frontend/src/pages/admin-news/AdminNewsConsole.tsx[39m:182:4
[33m  180|  
  181|  if (!isLoading && (!isAuthenticated || !user || user.role === 'student')) {
  182|      return <Navigate to="/__cw_admin__/login" replace />;
     |      ^
  183|  }
  184|  [39m
      at constructor (F:\CampusWay\frontend\node_modules\@babel\parser\lib\index.js:365:19)
      at TypeScriptParserMixin.raise (F:\CampusWay\frontend\node_modules\@babel\parser\lib\index.js:6599:19)
      at TypeScriptParserMixin.parseReturnStatement (F:\CampusWay\frontend\node_modules\@babel\parser\lib\index.js:13136:12)
      at TypeScriptParserMixin.parseStatementContent (F:\CampusWay\frontend\node_modules\@babel\parser\lib\index.js:12798:21)
      at TypeScriptParserMixin.parseStatementContent (F:\CampusWay\frontend\node_modules\@babel\parser\lib\index.js:9508:18)
      at TypeScriptParserMixin.parseStatementLike (F:\CampusWay\frontend\node_modules\@babel\parser\lib\index.js:12767:17)
      at TypeScriptParserMixin.parseStatementListItem (F:\CampusWay\frontend\node_modules\@babel\parser\lib\index.js:12747:17)
      at TypeScriptParserMixin.parseBlockOrModuleBlockBody (F:\CampusWay\frontend\node_modules\@babel\parser\lib\index.js:13316:61)
      at TypeScriptParserMixin.parseBlockBody (F:\CampusWay\frontend\node_modules\@babel\parser\lib\index.js:13309:10)
      at TypeScriptParserMixin.parseBlock (F:\CampusWay\frontend\node_modules\@babel\parser\lib\index.js:13297:10)
      at TypeScriptParserMixin.parseStatementContent (F:\CampusWay\frontend\node_modules\@babel\parser\lib\index.js:12858:21)
      at TypeScriptParserMixin.parseStatementContent (F:\CampusWay\frontend\node_modules\@babel\parser\lib\index.js:9508:18)
      at TypeScriptParserMixin.parseStatementLike (F:\CampusWay\frontend\node_modules\@babel\parser\lib\index.js:12767:17)
      at TypeScriptParserMixin.parseStatementOrSloppyAnnexBFunctionDeclaration (F:\CampusWay\frontend\node_modules\@babel\parser\lib\index.js:12757:17)
      at TypeScriptParserMixin.parseIfStatement (F:\CampusWay\frontend\node_modules\@babel\parser\lib\index.js:13130:28)
      at TypeScriptParserMixin.parseStatementContent (F:\CampusWay\frontend\node_modules\@babel\parser\lib\index.js:12796:21)
      at TypeScriptParserMixin.parseStatementContent (F:\CampusWay\frontend\node_modules\@babel\parser\lib\index.js:9508:18)
      at TypeScriptParserMixin.parseStatementLike (F:\CampusWay\frontend\node_modules\@babel\parser\lib\index.js:12767:17)
      at TypeScriptParserMixin.parseModuleItem (F:\CampusWay\frontend\node_modules\@babel\parser\lib\index.js:12744:17)
      at TypeScriptParserMixin.parseBlockOrModuleBlockBody (F:\CampusWay\frontend\node_modules\@babel\parser\lib\index.js:13316:36)
      at TypeScriptParserMixin.parseBlockBody (F:\CampusWay\frontend\node_modules\@babel\parser\lib\index.js:13309:10)
      at TypeScriptParserMixin.parseProgram (F:\CampusWay\frontend\node_modules\@babel\parser\lib\index.js:12622:10)
      at TypeScriptParserMixin.parseTopLevel (F:\CampusWay\frontend\node_modules\@babel\parser\lib\index.js:12612:25)
      at TypeScriptParserMixin.parse (F:\CampusWay\frontend\node_modules\@babel\parser\lib\index.js:14488:25)
      at TypeScriptParserMixin.parse (F:\CampusWay\frontend\node_modules\@babel\parser\lib\index.js:10126:18)
      at parse (F:\CampusWay\frontend\node_modules\@babel\parser\lib\index.js:14522:38)
      at parser (F:\CampusWay\frontend\node_modules\@babel\core\lib\parser\index.js:41:34)
      at parser.next (<anonymous>)
      at normalizeFile (F:\CampusWay\frontend\node_modules\@babel\core\lib\transformation\normalize-file.js:64:37)
      at normalizeFile.next (<anonymous>)
      at run (F:\CampusWay\frontend\node_modules\@babel\core\lib\transformation\index.js:22:50)
      at run.next (<anonymous>)
      at transform (F:\CampusWay\frontend\node_modules\@babel\core\lib\transform.js:22:33)
      at transform.next (<anonymous>)
      at step (F:\CampusWay\frontend\node_modules\gensync\index.js:261:32)
      at F:\CampusWay\frontend\node_modules\gensync\index.js:273:13
      at async.call.result.err.err (F:\CampusWay\frontend\node_modules\gensync\index.js:223:11)
      at F:\CampusWay\frontend\node_modules\gensync\index.js:189:28
      at F:\CampusWay\frontend\node_modules\@babel\core\lib\gensync-utils\async.js:67:7
      at F:\CampusWay\frontend\node_modules\gensync\index.js:113:33
      at step (F:\CampusWay\frontend\node_modules\gensync\index.js:287:14)
      at F:\CampusWay\frontend\node_modules\gensync\index.js:273:13
      at async.call.result.err.err (F:\CampusWay\frontend\node_modules\gensync\index.js:223:11)
[2m2:03:22 AM[22m [31m[1m[vite][22m[39m [31mInternal server error: F:\CampusWay\frontend\src\pages\admin-news\AdminNewsConsole.tsx: Unexpected token, expected "{" (287:42)

[0m [90m 285 |[31m                 transition[33m=[31m{{
 [90m 286 |[31m                     duration[33m:[31m [35m0.2[31m [33m>[31m
[31m[1m>[22m[31m[90m 287 |[31m                         { renderSection() }
 [90m     |[31m                                           [31m[1m^[22m[31m
 [90m 288 |[31m             [33m<[31m[33m/[31m[33mmotion[31m[33m.[31mdiv[33m>[31m
 [90m 289 |[31m         [33m<[31m[33m/[31m[33mAdminGuardShell[31m [33m>[31m
 [90m 290 |[31m     )[33m;[31m[0m[39m
  Plugin: [35mvite:react-babel[39m
  File: [36mF:/CampusWay/frontend/src/pages/admin-news/AdminNewsConsole.tsx[39m:287:42
[33m  285|                  transition={{
  286|                      duration: 0.2 >
  287|                          { renderSection() }
     |                                            ^
  288|              </motion.div>
  289|          </AdminGuardShell >[39m
      at constructor (F:\CampusWay\frontend\node_modules\@babel\parser\lib\index.js:365:19)
      at TypeScriptParserMixin.raise (F:\CampusWay\frontend\node_modules\@babel\parser\lib\index.js:6599:19)
      at TypeScriptParserMixin.unexpected (F:\CampusWay\frontend\node_modules\@babel\parser\lib\index.js:6619:16)
      at TypeScriptParserMixin.expect (F:\CampusWay\frontend\node_modules\@babel\parser\lib\index.js:6899:12)
      at TypeScriptParserMixin.parseBlock (F:\CampusWay\frontend\node_modules\@babel\parser\lib\index.js:13293:10)
      at TypeScriptParserMixin.parseFunctionBody (F:\CampusWay\frontend\node_modules\@babel\parser\lib\index.js:12100:24)
      at TypeScriptParserMixin.parseFunctionBodyAndFinish (F:\CampusWay\frontend\node_modules\@babel\parser\lib\index.js:12086:10)
      at TypeScriptParserMixin.parseFunctionBodyAndFinish (F:\CampusWay\frontend\node_modules\@babel\parser\lib\index.js:9172:18)
      at TypeScriptParserMixin.parseMethod (F:\CampusWay\frontend\node_modules\@babel\parser\lib\index.js:12044:31)
      at TypeScriptParserMixin.parseMethod (F:\CampusWay\frontend\node_modules\@babel\parser\lib\index.js:10100:26)
      at TypeScriptParserMixin.parseObjectMethod (F:\CampusWay\frontend\node_modules\@babel\parser\lib\index.js:11944:19)
      at TypeScriptParserMixin.parseObjPropValue (F:\CampusWay\frontend\node_modules\@babel\parser\lib\index.js:11978:23)
      at TypeScriptParserMixin.parseObjPropValue (F:\CampusWay\frontend\node_modules\@babel\parser\lib\index.js:9744:18)
      at TypeScriptParserMixin.parsePropertyDefinition (F:\CampusWay\frontend\node_modules\@babel\parser\lib\index.js:11915:17)
      at TypeScriptParserMixin.parseObjectLike (F:\CampusWay\frontend\node_modules\@babel\parser\lib\index.js:11832:21)
      at TypeScriptParserMixin.parseExprAtom (F:\CampusWay\frontend\node_modules\@babel\parser\lib\index.js:11339:23)
      at TypeScriptParserMixin.parseExprAtom (F:\CampusWay\frontend\node_modules\@babel\parser\lib\index.js:4764:20)
      at TypeScriptParserMixin.parseExprSubscripts (F:\CampusWay\frontend\node_modules\@babel\parser\lib\index.js:11081:23)
      at TypeScriptParserMixin.parseUpdate (F:\CampusWay\frontend\node_modules\@babel\parser\lib\index.js:11066:21)
      at TypeScriptParserMixin.parseMaybeUnary (F:\CampusWay\frontend\node_modules\@babel\parser\lib\index.js:11046:23)
      at TypeScriptParserMixin.parseMaybeUnary (F:\CampusWay\frontend\node_modules\@babel\parser\lib\index.js:9837:18)
      at TypeScriptParserMixin.parseMaybeUnaryOrPrivate (F:\CampusWay\frontend\node_modules\@babel\parser\lib\index.js:10899:61)
      at TypeScriptParserMixin.parseExprOpBaseRightExpr (F:\CampusWay\frontend\node_modules\@babel\parser\lib\index.js:10986:34)
      at TypeScriptParserMixin.parseExprOpRightExpr (F:\CampusWay\frontend\node_modules\@babel\parser\lib\index.js:10981:21)
      at TypeScriptParserMixin.parseExprOp (F:\CampusWay\frontend\node_modules\@babel\parser\lib\index.js:10947:27)
      at TypeScriptParserMixin.parseExprOp (F:\CampusWay\frontend\node_modules\@babel\parser\lib\index.js:9306:18)
      at TypeScriptParserMixin.parseExprOps (F:\CampusWay\frontend\node_modules\@babel\parser\lib\index.js:10908:17)
      at TypeScriptParserMixin.parseMaybeConditional (F:\CampusWay\frontend\node_modules\@babel\parser\lib\index.js:10881:23)
      at TypeScriptParserMixin.parseMaybeAssign (F:\CampusWay\frontend\node_modules\@babel\parser\lib\index.js:10831:21)
      at TypeScriptParserMixin.parseMaybeAssign (F:\CampusWay\frontend\node_modules\@babel\parser\lib\index.js:9786:20)
      at F:\CampusWay\frontend\node_modules\@babel\parser\lib\index.js:10800:39
      at TypeScriptParserMixin.allowInAnd (F:\CampusWay\frontend\node_modules\@babel\parser\lib\index.js:12426:12)
      at TypeScriptParserMixin.parseMaybeAssignAllowIn (F:\CampusWay\frontend\node_modules\@babel\parser\lib\index.js:10800:17)
      at TypeScriptParserMixin.parseMaybeAssignAllowInOrVoidPattern (F:\CampusWay\frontend\node_modules\@babel\parser\lib\index.js:12493:17)
      at TypeScriptParserMixin.parseObjectProperty (F:\CampusWay\frontend\node_modules\@babel\parser\lib\index.js:11950:83)
      at TypeScriptParserMixin.parseObjPropValue (F:\CampusWay\frontend\node_modules\@babel\parser\lib\index.js:11978:100)
      at TypeScriptParserMixin.parseObjPropValue (F:\CampusWay\frontend\node_modules\@babel\parser\lib\index.js:9744:18)
      at TypeScriptParserMixin.parsePropertyDefinition (F:\CampusWay\frontend\node_modules\@babel\parser\lib\index.js:11915:17)
      at TypeScriptParserMixin.parseObjectLike (F:\CampusWay\frontend\node_modules\@babel\parser\lib\index.js:11832:21)
      at TypeScriptParserMixin.parseExprAtom (F:\CampusWay\frontend\node_modules\@babel\parser\lib\index.js:11339:23)
      at TypeScriptParserMixin.parseExprAtom (F:\CampusWay\frontend\node_modules\@babel\parser\lib\index.js:4764:20)
      at TypeScriptParserMixin.parseExprSubscripts (F:\CampusWay\frontend\node_modules\@babel\parser\lib\index.js:11081:23)
      at TypeScriptParserMixin.parseUpdate (F:\CampusWay\frontend\node_modules\@babel\parser\lib\index.js:11066:21)
      at TypeScriptParserMixin.parseMaybeUnary (F:\CampusWay\frontend\node_modules\@babel\parser\lib\index.js:11046:23)
      at TypeScriptParserMixin.parseMaybeUnary (F:\CampusWay\frontend\node_modules\@babel\parser\lib\index.js:9837:18)
      at TypeScriptParserMixin.parseMaybeUnaryOrPrivate (F:\CampusWay\frontend\node_modules\@babel\parser\lib\index.js:10899:61)
      at TypeScriptParserMixin.parseExprOps (F:\CampusWay\frontend\node_modules\@babel\parser\lib\index.js:10904:23)
      at TypeScriptParserMixin.parseMaybeConditional (F:\CampusWay\frontend\node_modules\@babel\parser\lib\index.js:10881:23)
      at TypeScriptParserMixin.parseMaybeAssign (F:\CampusWay\frontend\node_modules\@babel\parser\lib\index.js:10831:21)
      at TypeScriptParserMixin.parseMaybeAssign (F:\CampusWay\frontend\node_modules\@babel\parser\lib\index.js:9786:20)
[2m2:07:38 AM[22m [31m[1m[vite][22m[39m [31mInternal server error: F:\CampusWay\frontend\src\components\layout\Navbar.tsx: Adjacent JSX elements must be wrapped in an enclosing tag. Did you want a JSX fragment <>...</>? (158:12)

[0m [90m 156 |[31m                     [33m<[31m[33m/[31m[33mbutton[31m[33m>[31m
 [90m 157 |[31m                 [33m<[31m[33m/[31m[33mdiv[31m[33m>[31m
[31m[1m>[22m[31m[90m 158 |[31m             [33m<[31m[33m/[31m[33mnav[31m[33m>[31m
 [90m     |[31m             [31m[1m^[22m[31m
 [90m 159 |[31m
 [90m 160 |[31m             {mobileOpen [33m&&[31m (
 [90m 161 |[31m                 [33m<[31m[33mdiv[31m className[33m=[31m[32m"lg:hidden border-t border-card-border/70 dark:border-dark-border/70 bg-surface dark:bg-dark-surface"[31m[33m>[31m[0m[39m
  Plugin: [35mvite:react-babel[39m
  File: [36mF:/CampusWay/frontend/src/components/layout/Navbar.tsx[39m:158:12
[33m  156|                      </button>
  157|                  </div>
  158|              </nav>
     |              ^
  159|  
  160|              {mobileOpen && ([39m
      at constructor (F:\CampusWay\frontend\node_modules\@babel\parser\lib\index.js:365:19)
      at TypeScriptParserMixin.raise (F:\CampusWay\frontend\node_modules\@babel\parser\lib\index.js:6599:19)
      at TypeScriptParserMixin.jsxParseElementAt (F:\CampusWay\frontend\node_modules\@babel\parser\lib\index.js:4742:18)
      at TypeScriptParserMixin.jsxParseElement (F:\CampusWay\frontend\node_modules\@babel\parser\lib\index.js:4749:17)
      at TypeScriptParserMixin.parseExprAtom (F:\CampusWay\frontend\node_modules\@babel\parser\lib\index.js:4759:19)
      at TypeScriptParserMixin.parseExprSubscripts (F:\CampusWay\frontend\node_modules\@babel\parser\lib\index.js:11081:23)
      at TypeScriptParserMixin.parseUpdate (F:\CampusWay\frontend\node_modules\@babel\parser\lib\index.js:11066:21)
      at TypeScriptParserMixin.parseMaybeUnary (F:\CampusWay\frontend\node_modules\@babel\parser\lib\index.js:11046:23)
      at TypeScriptParserMixin.parseMaybeUnary (F:\CampusWay\frontend\node_modules\@babel\parser\lib\index.js:9837:18)
      at TypeScriptParserMixin.parseMaybeUnaryOrPrivate (F:\CampusWay\frontend\node_modules\@babel\parser\lib\index.js:10899:61)
      at TypeScriptParserMixin.parseExprOps (F:\CampusWay\frontend\node_modules\@babel\parser\lib\index.js:10904:23)
      at TypeScriptParserMixin.parseMaybeConditional (F:\CampusWay\frontend\node_modules\@babel\parser\lib\index.js:10881:23)
      at TypeScriptParserMixin.parseMaybeAssign (F:\CampusWay\frontend\node_modules\@babel\parser\lib\index.js:10831:21)
      at F:\CampusWay\frontend\node_modules\@babel\parser\lib\index.js:9775:39
      at TypeScriptParserMixin.tryParse (F:\CampusWay\frontend\node_modules\@babel\parser\lib\index.js:6907:20)
      at TypeScriptParserMixin.parseMaybeAssign (F:\CampusWay\frontend\node_modules\@babel\parser\lib\index.js:9775:18)
      at F:\CampusWay\frontend\node_modules\@babel\parser\lib\index.js:10800:39
      at TypeScriptParserMixin.allowInAnd (F:\CampusWay\frontend\node_modules\@babel\parser\lib\index.js:12426:12)
      at TypeScriptParserMixin.parseMaybeAssignAllowIn (F:\CampusWay\frontend\node_modules\@babel\parser\lib\index.js:10800:17)
      at TypeScriptParserMixin.parseMaybeAssignAllowInOrVoidPattern (F:\CampusWay\frontend\node_modules\@babel\parser\lib\index.js:12493:17)
      at TypeScriptParserMixin.parseParenAndDistinguishExpression (F:\CampusWay\frontend\node_modules\@babel\parser\lib\index.js:11675:28)
      at TypeScriptParserMixin.parseExprAtom (F:\CampusWay\frontend\node_modules\@babel\parser\lib\index.js:11331:23)
      at TypeScriptParserMixin.parseExprAtom (F:\CampusWay\frontend\node_modules\@babel\parser\lib\index.js:4764:20)
      at TypeScriptParserMixin.parseExprSubscripts (F:\CampusWay\frontend\node_modules\@babel\parser\lib\index.js:11081:23)
      at TypeScriptParserMixin.parseUpdate (F:\CampusWay\frontend\node_modules\@babel\parser\lib\index.js:11066:21)
      at TypeScriptParserMixin.parseMaybeUnary (F:\CampusWay\frontend\node_modules\@babel\parser\lib\index.js:11046:23)
      at TypeScriptParserMixin.parseMaybeUnary (F:\CampusWay\frontend\node_modules\@babel\parser\lib\index.js:9837:18)
      at TypeScriptParserMixin.parseMaybeUnaryOrPrivate (F:\CampusWay\frontend\node_modules\@babel\parser\lib\index.js:10899:61)
      at TypeScriptParserMixin.parseExprOps (F:\CampusWay\frontend\node_modules\@babel\parser\lib\index.js:10904:23)
      at TypeScriptParserMixin.parseMaybeConditional (F:\CampusWay\frontend\node_modules\@babel\parser\lib\index.js:10881:23)
      at TypeScriptParserMixin.parseMaybeAssign (F:\CampusWay\frontend\node_modules\@babel\parser\lib\index.js:10831:21)
      at TypeScriptParserMixin.parseMaybeAssign (F:\CampusWay\frontend\node_modules\@babel\parser\lib\index.js:9786:20)
      at F:\CampusWay\frontend\node_modules\@babel\parser\lib\index.js:10800:39
      at TypeScriptParserMixin.allowInAnd (F:\CampusWay\frontend\node_modules\@babel\parser\lib\index.js:12426:12)
      at TypeScriptParserMixin.parseMaybeAssignAllowIn (F:\CampusWay\frontend\node_modules\@babel\parser\lib\index.js:10800:17)
      at TypeScriptParserMixin.parseConditional (F:\CampusWay\frontend\node_modules\@babel\parser\lib\index.js:10891:30)
      at TypeScriptParserMixin.parseConditional (F:\CampusWay\frontend\node_modules\@babel\parser\lib\index.js:9603:18)
      at TypeScriptParserMixin.parseMaybeConditional (F:\CampusWay\frontend\node_modules\@babel\parser\lib\index.js:10885:17)
      at TypeScriptParserMixin.parseMaybeAssign (F:\CampusWay\frontend\node_modules\@babel\parser\lib\index.js:10831:21)
      at TypeScriptParserMixin.parseMaybeAssign (F:\CampusWay\frontend\node_modules\@babel\parser\lib\index.js:9786:20)
      at TypeScriptParserMixin.parseExpressionBase (F:\CampusWay\frontend\node_modules\@babel\parser\lib\index.js:10784:23)
      at F:\CampusWay\frontend\node_modules\@babel\parser\lib\index.js:10780:39
      at TypeScriptParserMixin.allowInAnd (F:\CampusWay\frontend\node_modules\@babel\parser\lib\index.js:12426:12)
      at TypeScriptParserMixin.parseExpression (F:\CampusWay\frontend\node_modules\@babel\parser\lib\index.js:10780:17)
      at TypeScriptParserMixin.jsxParseExpressionContainer (F:\CampusWay\frontend\node_modules\@babel\parser\lib\index.js:4632:31)
      at TypeScriptParserMixin.jsxParseElementAt (F:\CampusWay\frontend\node_modules\@babel\parser\lib\index.js:4711:36)
      at TypeScriptParserMixin.jsxParseElementAt (F:\CampusWay\frontend\node_modules\@babel\parser\lib\index.js:4698:32)
      at TypeScriptParserMixin.jsxParseElementAt (F:\CampusWay\frontend\node_modules\@babel\parser\lib\index.js:4698:32)
      at TypeScriptParserMixin.jsxParseElement (F:\CampusWay\frontend\node_modules\@babel\parser\lib\index.js:4749:17)
      at TypeScriptParserMixin.parseExprAtom (F:\CampusWay\frontend\node_modules\@babel\parser\lib\index.js:4759:19)
