[2m7:44:37 PM[22m [31m[1m[vite][22m[39m [31mhttp proxy error: /api/news-v2/widgets[39m
AggregateError [ECONNREFUSED]: 
    at internalConnectMultiple (node:net:1142:49)
    at afterConnectMultiple (node:net:1723:7)
[2m7:44:37 PM[22m [31m[1m[vite][22m[39m [31mhttp proxy error: /api/settings/public[39m
AggregateError [ECONNREFUSED]: 
    at internalConnectMultiple (node:net:1142:49)
    at afterConnectMultiple (node:net:1723:7)
[2m7:44:37 PM[22m [31m[1m[vite][22m[39m [31mhttp proxy error: /api/news/sources[39m
AggregateError [ECONNREFUSED]: 
    at internalConnectMultiple (node:net:1142:49)
    at afterConnectMultiple (node:net:1723:7)
[2m7:44:37 PM[22m [31m[1m[vite][22m[39m [31mhttp proxy error: /api/news?page=1&limit=15&source=&category=&tag=&q=[39m
AggregateError [ECONNREFUSED]: 
    at internalConnectMultiple (node:net:1142:49)
    at afterConnectMultiple (node:net:1723:7)
[2m7:44:37 PM[22m [31m[1m[vite][22m[39m [31mhttp proxy error: /api/home[39m
AggregateError [ECONNREFUSED]: 
    at internalConnectMultiple (node:net:1142:49)
    at afterConnectMultiple (node:net:1723:7)
[2m7:44:37 PM[22m [31m[1m[vite][22m[39m [31mhttp proxy error: /api/news/settings[39m
AggregateError [ECONNREFUSED]: 
    at internalConnectMultiple (node:net:1142:49)
    at afterConnectMultiple (node:net:1723:7)
[2m7:44:37 PM[22m [31m[1m[vite][22m[39m [31mhttp proxy error: /api/home/stream[39m
AggregateError [ECONNREFUSED]: 
    at internalConnectMultiple (node:net:1142:49)
    at afterConnectMultiple (node:net:1723:7)
[2m7:44:38 PM[22m [31m[1m[vite][22m[39m [31mhttp proxy error: /api/news-v2/widgets[39m
AggregateError [ECONNREFUSED]: 
    at internalConnectMultiple (node:net:1142:49)
    at afterConnectMultiple (node:net:1723:7)
[2m7:44:38 PM[22m [31m[1m[vite][22m[39m [31mhttp proxy error: /api/settings/public[39m
AggregateError [ECONNREFUSED]: 
    at internalConnectMultiple (node:net:1142:49)
    at afterConnectMultiple (node:net:1723:7)
[2m7:44:38 PM[22m [31m[1m[vite][22m[39m [31mhttp proxy error: /api/news/sources[39m
AggregateError [ECONNREFUSED]: 
    at internalConnectMultiple (node:net:1142:49)
    at afterConnectMultiple (node:net:1723:7)
[2m7:44:38 PM[22m [31m[1m[vite][22m[39m [31mhttp proxy error: /api/news?page=1&limit=15&source=&category=&tag=&q=[39m
AggregateError [ECONNREFUSED]: 
    at internalConnectMultiple (node:net:1142:49)
    at afterConnectMultiple (node:net:1723:7)
[2m7:44:38 PM[22m [31m[1m[vite][22m[39m [31mhttp proxy error: /api/home[39m
AggregateError [ECONNREFUSED]: 
    at internalConnectMultiple (node:net:1142:49)
    at afterConnectMultiple (node:net:1723:7)
[2m7:44:38 PM[22m [31m[1m[vite][22m[39m [31mhttp proxy error: /api/news/settings[39m
AggregateError [ECONNREFUSED]: 
    at internalConnectMultiple (node:net:1142:49)
    at afterConnectMultiple (node:net:1723:7)
[2m7:44:39 PM[22m [31m[1m[vite][22m[39m [31mhttp proxy error: /api/home/stream[39m
AggregateError [ECONNREFUSED]: 
    at internalConnectMultiple (node:net:1142:49)
    at afterConnectMultiple (node:net:1723:7)
[2m7:44:41 PM[22m [31m[1m[vite][22m[39m [31mhttp proxy error: /api/home/stream[39m
AggregateError [ECONNREFUSED]: 
    at internalConnectMultiple (node:net:1142:49)
    at afterConnectMultiple (node:net:1723:7)
[2m7:44:43 PM[22m [31m[1m[vite][22m[39m [31mhttp proxy error: /api/home/stream[39m
AggregateError [ECONNREFUSED]: 
    at internalConnectMultiple (node:net:1142:49)
    at afterConnectMultiple (node:net:1723:7)
[2m7:44:45 PM[22m [31m[1m[vite][22m[39m [31mhttp proxy error: /api/home/stream[39m
AggregateError [ECONNREFUSED]: 
    at internalConnectMultiple (node:net:1142:49)
    at afterConnectMultiple (node:net:1723:7)
[2m7:44:47 PM[22m [31m[1m[vite][22m[39m [31mhttp proxy error: /api/home/stream[39m
AggregateError [ECONNREFUSED]: 
    at internalConnectMultiple (node:net:1142:49)
    at afterConnectMultiple (node:net:1723:7)
[2m7:44:49 PM[22m [31m[1m[vite][22m[39m [31mhttp proxy error: /api/home/stream[39m
AggregateError [ECONNREFUSED]: 
    at internalConnectMultiple (node:net:1142:49)
    at afterConnectMultiple (node:net:1723:7)
[2m7:44:51 PM[22m [31m[1m[vite][22m[39m [31mhttp proxy error: /api/home/stream[39m
AggregateError [ECONNREFUSED]: 
    at internalConnectMultiple (node:net:1142:49)
    at afterConnectMultiple (node:net:1723:7)
[2m7:44:53 PM[22m [31m[1m[vite][22m[39m [31mhttp proxy error: /api/home/stream[39m
AggregateError [ECONNREFUSED]: 
    at internalConnectMultiple (node:net:1142:49)
    at afterConnectMultiple (node:net:1723:7)
[2m7:44:55 PM[22m [31m[1m[vite][22m[39m [31mhttp proxy error: /api/home/stream[39m
AggregateError [ECONNREFUSED]: 
    at internalConnectMultiple (node:net:1142:49)
    at afterConnectMultiple (node:net:1723:7)
[2m7:44:57 PM[22m [31m[1m[vite][22m[39m [31mhttp proxy error: /api/home/stream[39m
AggregateError [ECONNREFUSED]: 
    at internalConnectMultiple (node:net:1142:49)
    at afterConnectMultiple (node:net:1723:7)
[2m7:44:59 PM[22m [31m[1m[vite][22m[39m [31mhttp proxy error: /api/home/stream[39m
AggregateError [ECONNREFUSED]: 
    at internalConnectMultiple (node:net:1142:49)
    at afterConnectMultiple (node:net:1723:7)
[2m7:45:01 PM[22m [31m[1m[vite][22m[39m [31mhttp proxy error: /api/home/stream[39m
AggregateError [ECONNREFUSED]: 
    at internalConnectMultiple (node:net:1142:49)
    at afterConnectMultiple (node:net:1723:7)
[2m7:45:03 PM[22m [31m[1m[vite][22m[39m [31mhttp proxy error: /api/home/stream[39m
AggregateError [ECONNREFUSED]: 
    at internalConnectMultiple (node:net:1142:49)
    at afterConnectMultiple (node:net:1723:7)
