
> campusway-frontend@1.0.0 dev
> vite --host 127.0.0.1 --port 5175


  [32m[1mVITE[22m v6.4.1[39m  [2mready in [0m[1m423[22m[2m[0m ms[22m

  [32m➜[39m  [1mLocal[22m:   [36mhttp://127.0.0.1:[1m5175[22m/[39m
[2m1:35:57 PM[22m [36m[1m[vite][22m[39m [90m[2m(client)[22m[39m [32mhmr update [39m[2m/src/pages/Universities.tsx, /src/styles/index.css[22m
[2m1:36:52 PM[22m [36m[1m[vite][22m[39m [90m[2m(client)[22m[39m [32mhmr update [39m[2m/src/pages/Universities.tsx, /src/styles/index.css[22m
[2m2:25:01 PM[22m [36m[1m[vite][22m[39m [90m[2m(client)[22m[39m [32mhmr update [39m[2m/src/App.tsx, /src/styles/index.css[22m
[2m2:25:34 PM[22m [36m[1m[vite][22m[39m [90m[2m(client)[22m[39m [32mhmr update [39m[2m/src/pages/student/StudentLayout.tsx, /src/styles/index.css[22m
[2m2:28:28 PM[22m [36m[1m[vite][22m[39m [90m[2m(client)[22m[39m [32mhmr update [39m[2m/src/styles/index.css, /src/pages/exams/ExamResultPage.tsx, /src/pages/exams/ExamSolutionsPage.tsx, /src/pages/exams/ExamsListPage.tsx, /src/pages/exams/ExamRunnerPage.tsx[22m
[2m2:28:38 PM[22m [36m[1m[vite][22m[39m [90m[2m(client)[22m[39m [32mhmr update [39m[2m/src/styles/index.css, /src/pages/exams/ExamResultPage.tsx, /src/pages/exams/ExamSolutionsPage.tsx, /src/pages/exams/ExamsListPage.tsx, /src/pages/exams/ExamRunnerPage.tsx[22m
[2m2:28:53 PM[22m [36m[1m[vite][22m[39m [90m[2m(client)[22m[39m [32mhmr update [39m[2m/src/styles/index.css, /src/pages/Contact.tsx[22m
[2m2:29:04 PM[22m [36m[1m[vite][22m[39m [90m[2m(client)[22m[39m [32mhmr update [39m[2m/src/pages/exams/ExamsListPage.tsx, /src/styles/index.css[22m
[2m2:29:31 PM[22m [36m[1m[vite][22m[39m [90m[2m(client)[22m[39m [32mhmr update [39m[2m/src/pages/exams/ExamsListPage.tsx, /src/styles/index.css[22m
[2m2:29:42 PM[22m [36m[1m[vite][22m[39m [90m[2m(client)[22m[39m [32mhmr update [39m[2m/src/pages/Contact.tsx, /src/styles/index.css[22m
[2m2:31:46 PM[22m [36m[1m[vite][22m[39m [90m[2m(client)[22m[39m [32mhmr update [39m[2m/src/styles/index.css, /src/pages/exams/ExamResultPage.tsx, /src/pages/exams/ExamSolutionsPage.tsx, /src/pages/exams/ExamsListPage.tsx, /src/pages/exams/ExamRunnerPage.tsx[22m
[2m2:34:08 PM[22m [36m[1m[vite][22m[39m [90m[2m(client)[22m[39m [32mhmr update [39m[2m/src/styles/index.css, /src/pages/Contact.tsx[22m
[2m2:46:27 PM[22m [36m[1m[vite][22m[39m [90m[2m(client)[22m[39m [32mhmr update [39m[2m/src/pages/admin-news/sections/AdminNewsSettingsHub.tsx, /src/styles/index.css[22m
[2m2:50:39 PM[22m [36m[1m[vite][22m[39m [90m[2m(client)[22m[39m [32mhmr update [39m[2m/src/pages/SubscriptionPlans.tsx, /src/styles/index.css[22m
[2m2:54:02 PM[22m [36m[1m[vite][22m[39m [90m[2m(client)[22m[39m [32mhmr update [39m[2m/src/components/university/UniversityCard.tsx, /src/styles/index.css[22m
[2m2:54:29 PM[22m [36m[1m[vite][22m[39m [90m[2m(client)[22m[39m [32mhmr update [39m[2m/src/pages/HomeModern.tsx, /src/styles/index.css[22m
[2m3:00:41 PM[22m [36m[1m[vite][22m[39m [90m[2m(client)[22m[39m [32mhmr update [39m[2m/src/components/layout/Navbar.tsx, /src/styles/index.css[22m
[2m3:01:34 PM[22m [36m[1m[vite][22m[39m [90m[2m(client)[22m[39m [32mhmr update [39m[2m/src/pages/AdminUniversitySettings.tsx, /src/styles/index.css[22m
[2m3:01:51 PM[22m [36m[1m[vite][22m[39m [90m[2m(client)[22m[39m [32mhmr update [39m[2m/src/pages/AdminUniversitySettings.tsx, /src/styles/index.css[22m
[2m3:02:02 PM[22m [36m[1m[vite][22m[39m [90m[2m(client)[22m[39m [32mhmr update [39m[2m/src/pages/AdminUniversitySettings.tsx, /src/styles/index.css[22m
[2m3:03:00 PM[22m [36m[1m[vite][22m[39m [90m[2m(client)[22m[39m [32mhmr update [39m[2m/src/pages/AdminUniversitySettings.tsx, /src/styles/index.css[22m
[2m3:03:07 PM[22m [36m[1m[vite][22m[39m [90m[2m(client)[22m[39m [32mhmr update [39m[2m/src/pages/AdminUniversitySettings.tsx, /src/styles/index.css[22m
[2m3:03:24 PM[22m [36m[1m[vite][22m[39m [90m[2m(client)[22m[39m [32mhmr update [39m[2m/src/components/admin/FeaturedUniversitiesPanel.tsx, /src/styles/index.css[22m
[2m3:04:06 PM[22m [36m[1m[vite][22m[39m [90m[2m(client)[22m[39m [32mhmr update [39m[2m/src/components/admin/HomeSettingsPanel.tsx, /src/styles/index.css[22m
[2m3:04:16 PM[22m [36m[1m[vite][22m[39m [90m[2m(client)[22m[39m [32mhmr update [39m[2m/src/components/admin/HomeSettingsPanel.tsx, /src/styles/index.css[22m
[2m3:04:32 PM[22m [36m[1m[vite][22m[39m [90m[2m(client)[22m[39m [32mhmr update [39m[2m/src/components/admin/HomeSettingsPanel.tsx, /src/styles/index.css[22m
[2m3:05:14 PM[22m [36m[1m[vite][22m[39m [90m[2m(client)[22m[39m [32mhmr update [39m[2m/src/components/layout/Navbar.tsx, /src/styles/index.css[22m
[2m3:05:17 PM[22m [36m[1m[vite][22m[39m [90m[2m(client)[22m[39m [32mhmr update [39m[2m/src/pages/AdminUniversitySettings.tsx, /src/styles/index.css[22m
[2m3:06:40 PM[22m [36m[1m[vite][22m[39m [90m[2m(client)[22m[39m [32mhmr update [39m[2m/src/pages/HomeModern.tsx, /src/styles/index.css[22m
[2m3:09:21 PM[22m [36m[1m[vite][22m[39m [90m[2m(client)[22m[39m [32mhmr update [39m[2m/src/components/admin/SocialLinksManager.tsx, /src/styles/index.css[22m
[2m3:09:36 PM[22m [36m[1m[vite][22m[39m [90m[2m(client)[22m[39m [32mhmr update [39m[2m/src/pages/HomeModern.tsx, /src/styles/index.css[22m
[2m3:13:45 PM[22m [36m[1m[vite][22m[39m [90m[2m(client)[22m[39m [32mhmr update [39m[2m/src/components/admin/SupportTicketsPanel.tsx, /src/styles/index.css[22m
