
> campusway-backend@1.0.0 dev
> tsx watch src/server.ts

[db] MongoDB connected successfully
[db] Failed to ensure critical indexes: MongoServerError: ns does not exist: campusway_admin_sidebar_audit_20260306192101.student_results
    at Connection.sendCommand (F:\CampusWay\backend\node_modules\mongodb\src\cmap\connection.ts:559:17)
    at process.processTicksAndRejections (node:internal/process/task_queues:104:5)
    at async Connection.command (F:\CampusWay\backend\node_modules\mongodb\src\cmap\connection.ts:633:22)
    at async Server.command (F:\CampusWay\backend\node_modules\mongodb\src\sdam\server.ts:350:21)
    at async tryOperation (F:\CampusWay\backend\node_modules\mongodb\src\operations\execute_operation.ts:289:24)
    at async executeOperation (F:\CampusWay\backend\node_modules\mongodb\src\operations\execute_operation.ts:119:12)
    at async ListIndexesCursor._initialize (F:\CampusWay\backend\node_modules\mongodb\src\cursor\list_indexes_cursor.ts:33:22)
    at async ListIndexesCursor.cursorInit (F:\CampusWay\backend\node_modules\mongodb\src\cursor\abstract_cursor.ts:949:21)
    at async ListIndexesCursor.fetchBatch (F:\CampusWay\backend\node_modules\mongodb\src\cursor\abstract_cursor.ts:987:7)
    at async ListIndexesCursor.next (F:\CampusWay\backend\node_modules\mongodb\src\cursor\abstract_cursor.ts:608:9)
    at async ListIndexesCursor.[Symbol.asyncIterator] (F:\CampusWay\backend\node_modules\mongodb\src\cursor\abstract_cursor.ts:502:26)
    at async ListIndexesCursor.toArray (F:\CampusWay\backend\node_modules\mongodb\src\cursor\abstract_cursor.ts:696:22)
    at async Collection.indexes (F:\CampusWay\backend\node_modules\mongodb\src\collection.ts:914:45)
    at async ensureCriticalIndexes (F:\CampusWay\backend\src\config\db.ts:15:31)
    at async connectDB (F:\CampusWay\backend\src\config\db.ts:112:9)
    at async start (F:\CampusWay\backend\src\server.ts:265:5) {
  errorLabelSet: Set(0) {},
  errorResponse: {
    ok: 0,
    errmsg: 'ns does not exist: campusway_admin_sidebar_audit_20260306192101.student_results',
    code: 26,
    codeName: 'NamespaceNotFound'
  },
  ok: 0,
  code: 26,
  codeName: 'NamespaceNotFound'
}
ℹ️  INITIAL_ACCESS_INFO.txt exists — default setup already completed.
[cron] Starting exam auto-submit worker (every minute).
🚀 CampusWay Backend running on port 5073
📡 Public API: http://localhost:5073/api
🔒 Admin API:  http://localhost:5073/api/campusway-secure-admin
[0mGET /api/health [32m200[0m 992.635 ms - 87[0m
[0mGET /api/settings/public [32m200[0m 38.404 ms - -[0m
[0mPOST /api/auth/admin/login [32m200[0m 490.564 ms - -[0m
[auth-stream] connected {
  userId: '69ab2928f1457f5c3f47ea18',
  sessionId: 'a64fe047-0bd5-4dbe-a4b2-7ead70336994',
  clientsForSession: 1
}
[0mGET /api/auth/me [32m200[0m 138.294 ms - 696[0m
[0mGET /api/campusway-secure-admin/dashboard/summary [32m200[0m 86.003 ms - 466[0m
[auth-stream] disconnected {
  userId: '69ab2928f1457f5c3f47ea18',
  sessionId: 'a64fe047-0bd5-4dbe-a4b2-7ead70336994'
}
[0mGET /api/auth/session-stream?token=eyJhbGciOiJIUzI1NiIsInR5cCI6IkpXVCJ9.eyJfaWQiOiI2OWFiMjkyOGYxNDU3ZjVjM2Y0N2VhMTgiLCJ1c2VybmFtZSI6ImUyZV9hZG1pbl9kZXNrdG9wIiwiZW1haWwiOiJlMmVfYWRtaW5fZGVza3RvcEBjYW1wdXN3YXkubG9jYWwiLCJyb2xlIjoiYWRtaW4iLCJmdWxsTmFtZSI6IkUyRSBBZG1pbiBEZXNrdG9wIiwicGVybWlzc2lvbnMiOnsiY2FuRWRpdEV4YW1zIjp0cnVlLCJjYW5NYW5hZ2VTdHVkZW50cyI6dHJ1ZSwiY2FuVmlld1JlcG9ydHMiOnRydWUsImNhbkRlbGV0ZURhdGEiOmZhbHNlLCJjYW5NYW5hZ2VGaW5hbmNlIjp0cnVlLCJjYW5NYW5hZ2VQbGFucyI6dHJ1ZSwiY2FuTWFuYWdlVGlja2V0cyI6dHJ1ZSwiY2FuTWFuYWdlQmFja3VwcyI6dHJ1ZSwiY2FuUmV2ZWFsUGFzc3dvcmRzIjpmYWxzZX0sInBlcm1pc3Npb25zVjIiOnt9LCJzZXNzaW9uSWQiOiJhNjRmZTA0Ny0wYmQ1LTRkYmUtYTRiMi03ZWFkNzAzMzY5OTQiLCJpYXQiOjE3NzI4MjQ4NzYsImV4cCI6MTc3MjgyNjA3Nn0.uploSFmJOHWf2vqP8pCqsPqLHBmM9lVonZYRgHaZApM [32m200[0m 10.787 ms - -[0m
[auth-stream] connected {
  userId: '69ab2928f1457f5c3f47ea18',
  sessionId: 'a64fe047-0bd5-4dbe-a4b2-7ead70336994',
  clientsForSession: 1
}
[0mGET /api/home/stream [32m200[0m 0.724 ms - -[0m
[auth-stream] disconnected {
  userId: '69ab2928f1457f5c3f47ea18',
  sessionId: 'a64fe047-0bd5-4dbe-a4b2-7ead70336994'
}
[0mGET /api/auth/session-stream?token=eyJhbGciOiJIUzI1NiIsInR5cCI6IkpXVCJ9.eyJfaWQiOiI2OWFiMjkyOGYxNDU3ZjVjM2Y0N2VhMTgiLCJ1c2VybmFtZSI6ImUyZV9hZG1pbl9kZXNrdG9wIiwiZW1haWwiOiJlMmVfYWRtaW5fZGVza3RvcEBjYW1wdXN3YXkubG9jYWwiLCJyb2xlIjoiYWRtaW4iLCJmdWxsTmFtZSI6IkUyRSBBZG1pbiBEZXNrdG9wIiwicGVybWlzc2lvbnMiOnsiY2FuRWRpdEV4YW1zIjp0cnVlLCJjYW5NYW5hZ2VTdHVkZW50cyI6dHJ1ZSwiY2FuVmlld1JlcG9ydHMiOnRydWUsImNhbkRlbGV0ZURhdGEiOmZhbHNlLCJjYW5NYW5hZ2VGaW5hbmNlIjp0cnVlLCJjYW5NYW5hZ2VQbGFucyI6dHJ1ZSwiY2FuTWFuYWdlVGlja2V0cyI6dHJ1ZSwiY2FuTWFuYWdlQmFja3VwcyI6dHJ1ZSwiY2FuUmV2ZWFsUGFzc3dvcmRzIjpmYWxzZX0sInBlcm1pc3Npb25zVjIiOnt9LCJzZXNzaW9uSWQiOiJhNjRmZTA0Ny0wYmQ1LTRkYmUtYTRiMi03ZWFkNzAzMzY5OTQiLCJpYXQiOjE3NzI4MjQ4NzYsImV4cCI6MTc3MjgyNjA3Nn0.uploSFmJOHWf2vqP8pCqsPqLHBmM9lVonZYRgHaZApM [32m200[0m 4.587 ms - -[0m
[0mGET /api/settings/public [36m304[0m 25.841 ms - -[0m
[0mGET /api/auth/me [36m304[0m 22.563 ms - -[0m
[0mGET /api/auth/me [36m304[0m 22.546 ms - -[0m
[0mGET /api/campusway-secure-admin/dashboard/summary [32m200[0m 36.200 ms - 466[0m
[auth-stream] connected {
  userId: '69ab2928f1457f5c3f47ea18',
  sessionId: 'a64fe047-0bd5-4dbe-a4b2-7ead70336994',
  clientsForSession: 1
}
[auth-stream] disconnected {
  userId: '69ab2928f1457f5c3f47ea18',
  sessionId: 'a64fe047-0bd5-4dbe-a4b2-7ead70336994'
}
[0mGET /api/auth/session-stream?token=eyJhbGciOiJIUzI1NiIsInR5cCI6IkpXVCJ9.eyJfaWQiOiI2OWFiMjkyOGYxNDU3ZjVjM2Y0N2VhMTgiLCJ1c2VybmFtZSI6ImUyZV9hZG1pbl9kZXNrdG9wIiwiZW1haWwiOiJlMmVfYWRtaW5fZGVza3RvcEBjYW1wdXN3YXkubG9jYWwiLCJyb2xlIjoiYWRtaW4iLCJmdWxsTmFtZSI6IkUyRSBBZG1pbiBEZXNrdG9wIiwicGVybWlzc2lvbnMiOnsiY2FuRWRpdEV4YW1zIjp0cnVlLCJjYW5NYW5hZ2VTdHVkZW50cyI6dHJ1ZSwiY2FuVmlld1JlcG9ydHMiOnRydWUsImNhbkRlbGV0ZURhdGEiOmZhbHNlLCJjYW5NYW5hZ2VGaW5hbmNlIjp0cnVlLCJjYW5NYW5hZ2VQbGFucyI6dHJ1ZSwiY2FuTWFuYWdlVGlja2V0cyI6dHJ1ZSwiY2FuTWFuYWdlQmFja3VwcyI6dHJ1ZSwiY2FuUmV2ZWFsUGFzc3dvcmRzIjpmYWxzZX0sInBlcm1pc3Npb25zVjIiOnt9LCJzZXNzaW9uSWQiOiJhNjRmZTA0Ny0wYmQ1LTRkYmUtYTRiMi03ZWFkNzAzMzY5OTQiLCJpYXQiOjE3NzI4MjQ4NzYsImV4cCI6MTc3MjgyNjA3Nn0.uploSFmJOHWf2vqP8pCqsPqLHBmM9lVonZYRgHaZApM [32m200[0m 19.929 ms - -[0m
[auth-stream] connected {
  userId: '69ab2928f1457f5c3f47ea18',
  sessionId: 'a64fe047-0bd5-4dbe-a4b2-7ead70336994',
  clientsForSession: 1
}
[auth-stream] disconnected {
  userId: '69ab2928f1457f5c3f47ea18',
  sessionId: 'a64fe047-0bd5-4dbe-a4b2-7ead70336994'
}
[0mGET /api/auth/session-stream?token=eyJhbGciOiJIUzI1NiIsInR5cCI6IkpXVCJ9.eyJfaWQiOiI2OWFiMjkyOGYxNDU3ZjVjM2Y0N2VhMTgiLCJ1c2VybmFtZSI6ImUyZV9hZG1pbl9kZXNrdG9wIiwiZW1haWwiOiJlMmVfYWRtaW5fZGVza3RvcEBjYW1wdXN3YXkubG9jYWwiLCJyb2xlIjoiYWRtaW4iLCJmdWxsTmFtZSI6IkUyRSBBZG1pbiBEZXNrdG9wIiwicGVybWlzc2lvbnMiOnsiY2FuRWRpdEV4YW1zIjp0cnVlLCJjYW5NYW5hZ2VTdHVkZW50cyI6dHJ1ZSwiY2FuVmlld1JlcG9ydHMiOnRydWUsImNhbkRlbGV0ZURhdGEiOmZhbHNlLCJjYW5NYW5hZ2VGaW5hbmNlIjp0cnVlLCJjYW5NYW5hZ2VQbGFucyI6dHJ1ZSwiY2FuTWFuYWdlVGlja2V0cyI6dHJ1ZSwiY2FuTWFuYWdlQmFja3VwcyI6dHJ1ZSwiY2FuUmV2ZWFsUGFzc3dvcmRzIjpmYWxzZX0sInBlcm1pc3Npb25zVjIiOnt9LCJzZXNzaW9uSWQiOiJhNjRmZTA0Ny0wYmQ1LTRkYmUtYTRiMi03ZWFkNzAzMzY5OTQiLCJpYXQiOjE3NzI4MjQ4NzYsImV4cCI6MTc3MjgyNjA3Nn0.uploSFmJOHWf2vqP8pCqsPqLHBmM9lVonZYRgHaZApM [32m200[0m 26.650 ms - -[0m
[0mGET /api/home/stream [32m200[0m 0.252 ms - -[0m
[0mGET /api/settings/public [36m304[0m 95.196 ms - -[0m
[0mGET /api/auth/me [36m304[0m 101.284 ms - -[0m
[0mGET /api/auth/me [36m304[0m 13.403 ms - -[0m
[auth-stream] connected {
  userId: '69ab2928f1457f5c3f47ea18',
  sessionId: 'a64fe047-0bd5-4dbe-a4b2-7ead70336994',
  clientsForSession: 1
}
[0mGET /api/campusway-secure-admin/dashboard/summary [32m200[0m 20.012 ms - 466[0m
[0mGET /api/campusway-secure-admin/home-settings/defaults [32m200[0m 12.363 ms - -[0m
[0mGET /api/campusway-secure-admin/home-settings [32m200[0m 24.514 ms - -[0m
[0mGET /api/campusway-secure-admin/universities/categories?status=all [32m200[0m 23.709 ms - 370[0m
[0mGET /api/campusway-secure-admin/universities?page=1&limit=1000&status=all&sortBy=name&sortOrder=asc [32m200[0m 61.336 ms - -[0m
[0mGET /api/campusway-secure-admin/subscription-plans [32m200[0m 45.893 ms - -[0m
[0mGET /api/home/stream [32m200[0m 0.216 ms - -[0m
[auth-stream] disconnected {
  userId: '69ab2928f1457f5c3f47ea18',
  sessionId: 'a64fe047-0bd5-4dbe-a4b2-7ead70336994'
}
[0mGET /api/auth/session-stream?token=eyJhbGciOiJIUzI1NiIsInR5cCI6IkpXVCJ9.eyJfaWQiOiI2OWFiMjkyOGYxNDU3ZjVjM2Y0N2VhMTgiLCJ1c2VybmFtZSI6ImUyZV9hZG1pbl9kZXNrdG9wIiwiZW1haWwiOiJlMmVfYWRtaW5fZGVza3RvcEBjYW1wdXN3YXkubG9jYWwiLCJyb2xlIjoiYWRtaW4iLCJmdWxsTmFtZSI6IkUyRSBBZG1pbiBEZXNrdG9wIiwicGVybWlzc2lvbnMiOnsiY2FuRWRpdEV4YW1zIjp0cnVlLCJjYW5NYW5hZ2VTdHVkZW50cyI6dHJ1ZSwiY2FuVmlld1JlcG9ydHMiOnRydWUsImNhbkRlbGV0ZURhdGEiOmZhbHNlLCJjYW5NYW5hZ2VGaW5hbmNlIjp0cnVlLCJjYW5NYW5hZ2VQbGFucyI6dHJ1ZSwiY2FuTWFuYWdlVGlja2V0cyI6dHJ1ZSwiY2FuTWFuYWdlQmFja3VwcyI6dHJ1ZSwiY2FuUmV2ZWFsUGFzc3dvcmRzIjpmYWxzZX0sInBlcm1pc3Npb25zVjIiOnt9LCJzZXNzaW9uSWQiOiJhNjRmZTA0Ny0wYmQ1LTRkYmUtYTRiMi03ZWFkNzAzMzY5OTQiLCJpYXQiOjE3NzI4MjQ4NzYsImV4cCI6MTc3MjgyNjA3Nn0.uploSFmJOHWf2vqP8pCqsPqLHBmM9lVonZYRgHaZApM [32m200[0m 10.992 ms - -[0m
[0mGET /api/auth/me [36m304[0m 20.084 ms - -[0m
[0mGET /api/settings/public [36m304[0m 23.817 ms - -[0m
[0mGET /api/auth/me [36m304[0m 24.197 ms - -[0m
[auth-stream] connected {
  userId: '69ab2928f1457f5c3f47ea18',
  sessionId: 'a64fe047-0bd5-4dbe-a4b2-7ead70336994',
  clientsForSession: 1
}
[0mGET /api/campusway-secure-admin/dashboard/summary [32m200[0m 37.299 ms - 466[0m
[0mGET /api/campusway-secure-admin/settings/university [32m200[0m 14.261 ms - 909[0m
[0mGET /api/campusway-secure-admin/universities?page=1&limit=1000&status=all&sortBy=name&sortOrder=asc&fields=name,slug,shortForm [32m200[0m 15.767 ms - -[0m
[auth-stream] disconnected {
  userId: '69ab2928f1457f5c3f47ea18',
  sessionId: 'a64fe047-0bd5-4dbe-a4b2-7ead70336994'
}
[0mGET /api/auth/session-stream?token=eyJhbGciOiJIUzI1NiIsInR5cCI6IkpXVCJ9.eyJfaWQiOiI2OWFiMjkyOGYxNDU3ZjVjM2Y0N2VhMTgiLCJ1c2VybmFtZSI6ImUyZV9hZG1pbl9kZXNrdG9wIiwiZW1haWwiOiJlMmVfYWRtaW5fZGVza3RvcEBjYW1wdXN3YXkubG9jYWwiLCJyb2xlIjoiYWRtaW4iLCJmdWxsTmFtZSI6IkUyRSBBZG1pbiBEZXNrdG9wIiwicGVybWlzc2lvbnMiOnsiY2FuRWRpdEV4YW1zIjp0cnVlLCJjYW5NYW5hZ2VTdHVkZW50cyI6dHJ1ZSwiY2FuVmlld1JlcG9ydHMiOnRydWUsImNhbkRlbGV0ZURhdGEiOmZhbHNlLCJjYW5NYW5hZ2VGaW5hbmNlIjp0cnVlLCJjYW5NYW5hZ2VQbGFucyI6dHJ1ZSwiY2FuTWFuYWdlVGlja2V0cyI6dHJ1ZSwiY2FuTWFuYWdlQmFja3VwcyI6dHJ1ZSwiY2FuUmV2ZWFsUGFzc3dvcmRzIjpmYWxzZX0sInBlcm1pc3Npb25zVjIiOnt9LCJzZXNzaW9uSWQiOiJhNjRmZTA0Ny0wYmQ1LTRkYmUtYTRiMi03ZWFkNzAzMzY5OTQiLCJpYXQiOjE3NzI4MjQ4NzYsImV4cCI6MTc3MjgyNjA3Nn0.uploSFmJOHWf2vqP8pCqsPqLHBmM9lVonZYRgHaZApM [32m200[0m 18.960 ms - -[0m
[0mGET /api/home/stream [32m200[0m 0.243 ms - -[0m
[0mGET /api/settings/public [36m304[0m 16.225 ms - -[0m
[0mGET /api/auth/me [36m304[0m 15.930 ms - -[0m
[0mGET /api/auth/me [36m304[0m 22.269 ms - -[0m
[0mGET /api/campusway-secure-admin/dashboard/summary [32m200[0m 20.532 ms - 466[0m
[auth-stream] connected {
  userId: '69ab2928f1457f5c3f47ea18',
  sessionId: 'a64fe047-0bd5-4dbe-a4b2-7ead70336994',
  clientsForSession: 1
}
[auth-stream] disconnected {
  userId: '69ab2928f1457f5c3f47ea18',
  sessionId: 'a64fe047-0bd5-4dbe-a4b2-7ead70336994'
}
[0mGET /api/auth/session-stream?token=eyJhbGciOiJIUzI1NiIsInR5cCI6IkpXVCJ9.eyJfaWQiOiI2OWFiMjkyOGYxNDU3ZjVjM2Y0N2VhMTgiLCJ1c2VybmFtZSI6ImUyZV9hZG1pbl9kZXNrdG9wIiwiZW1haWwiOiJlMmVfYWRtaW5fZGVza3RvcEBjYW1wdXN3YXkubG9jYWwiLCJyb2xlIjoiYWRtaW4iLCJmdWxsTmFtZSI6IkUyRSBBZG1pbiBEZXNrdG9wIiwicGVybWlzc2lvbnMiOnsiY2FuRWRpdEV4YW1zIjp0cnVlLCJjYW5NYW5hZ2VTdHVkZW50cyI6dHJ1ZSwiY2FuVmlld1JlcG9ydHMiOnRydWUsImNhbkRlbGV0ZURhdGEiOmZhbHNlLCJjYW5NYW5hZ2VGaW5hbmNlIjp0cnVlLCJjYW5NYW5hZ2VQbGFucyI6dHJ1ZSwiY2FuTWFuYWdlVGlja2V0cyI6dHJ1ZSwiY2FuTWFuYWdlQmFja3VwcyI6dHJ1ZSwiY2FuUmV2ZWFsUGFzc3dvcmRzIjpmYWxzZX0sInBlcm1pc3Npb25zVjIiOnt9LCJzZXNzaW9uSWQiOiJhNjRmZTA0Ny0wYmQ1LTRkYmUtYTRiMi03ZWFkNzAzMzY5OTQiLCJpYXQiOjE3NzI4MjQ4NzYsImV4cCI6MTc3MjgyNjA3Nn0.uploSFmJOHWf2vqP8pCqsPqLHBmM9lVonZYRgHaZApM [32m200[0m 8.209 ms - -[0m
[auth-stream] connected {
  userId: '69ab2928f1457f5c3f47ea18',
  sessionId: 'a64fe047-0bd5-4dbe-a4b2-7ead70336994',
  clientsForSession: 1
}
[0mGET /api/settings/public [36m304[0m 13.457 ms - -[0m
[0mGET /api/campusway-secure-admin/settings/runtime [32m200[0m 19.913 ms - -[0m
[0mGET /api/campusway-secure-admin/social-links [32m200[0m 6.274 ms - 611[0m
[0mGET /api/home/stream [32m200[0m 0.192 ms - -[0m
[auth-stream] disconnected {
  userId: '69ab2928f1457f5c3f47ea18',
  sessionId: 'a64fe047-0bd5-4dbe-a4b2-7ead70336994'
}
[0mGET /api/auth/session-stream?token=eyJhbGciOiJIUzI1NiIsInR5cCI6IkpXVCJ9.eyJfaWQiOiI2OWFiMjkyOGYxNDU3ZjVjM2Y0N2VhMTgiLCJ1c2VybmFtZSI6ImUyZV9hZG1pbl9kZXNrdG9wIiwiZW1haWwiOiJlMmVfYWRtaW5fZGVza3RvcEBjYW1wdXN3YXkubG9jYWwiLCJyb2xlIjoiYWRtaW4iLCJmdWxsTmFtZSI6IkUyRSBBZG1pbiBEZXNrdG9wIiwicGVybWlzc2lvbnMiOnsiY2FuRWRpdEV4YW1zIjp0cnVlLCJjYW5NYW5hZ2VTdHVkZW50cyI6dHJ1ZSwiY2FuVmlld1JlcG9ydHMiOnRydWUsImNhbkRlbGV0ZURhdGEiOmZhbHNlLCJjYW5NYW5hZ2VGaW5hbmNlIjp0cnVlLCJjYW5NYW5hZ2VQbGFucyI6dHJ1ZSwiY2FuTWFuYWdlVGlja2V0cyI6dHJ1ZSwiY2FuTWFuYWdlQmFja3VwcyI6dHJ1ZSwiY2FuUmV2ZWFsUGFzc3dvcmRzIjpmYWxzZX0sInBlcm1pc3Npb25zVjIiOnt9LCJzZXNzaW9uSWQiOiJhNjRmZTA0Ny0wYmQ1LTRkYmUtYTRiMi03ZWFkNzAzMzY5OTQiLCJpYXQiOjE3NzI4MjQ4NzYsImV4cCI6MTc3MjgyNjA3Nn0.uploSFmJOHWf2vqP8pCqsPqLHBmM9lVonZYRgHaZApM [32m200[0m 3.839 ms - -[0m
[0mGET /api/settings/public [36m304[0m 17.990 ms - -[0m
[0mGET /api/auth/me [36m304[0m 25.731 ms - -[0m
[0mGET /api/auth/me [36m304[0m 35.181 ms - -[0m
[auth-stream] connected {
  userId: '69ab2928f1457f5c3f47ea18',
  sessionId: 'a64fe047-0bd5-4dbe-a4b2-7ead70336994',
  clientsForSession: 1
}
[0mGET /api/campusway-secure-admin/dashboard/summary [32m200[0m 30.727 ms - 466[0m
[auth-stream] disconnected {
  userId: '69ab2928f1457f5c3f47ea18',
  sessionId: 'a64fe047-0bd5-4dbe-a4b2-7ead70336994'
}
[0mGET /api/auth/session-stream?token=eyJhbGciOiJIUzI1NiIsInR5cCI6IkpXVCJ9.eyJfaWQiOiI2OWFiMjkyOGYxNDU3ZjVjM2Y0N2VhMTgiLCJ1c2VybmFtZSI6ImUyZV9hZG1pbl9kZXNrdG9wIiwiZW1haWwiOiJlMmVfYWRtaW5fZGVza3RvcEBjYW1wdXN3YXkubG9jYWwiLCJyb2xlIjoiYWRtaW4iLCJmdWxsTmFtZSI6IkUyRSBBZG1pbiBEZXNrdG9wIiwicGVybWlzc2lvbnMiOnsiY2FuRWRpdEV4YW1zIjp0cnVlLCJjYW5NYW5hZ2VTdHVkZW50cyI6dHJ1ZSwiY2FuVmlld1JlcG9ydHMiOnRydWUsImNhbkRlbGV0ZURhdGEiOmZhbHNlLCJjYW5NYW5hZ2VGaW5hbmNlIjp0cnVlLCJjYW5NYW5hZ2VQbGFucyI6dHJ1ZSwiY2FuTWFuYWdlVGlja2V0cyI6dHJ1ZSwiY2FuTWFuYWdlQmFja3VwcyI6dHJ1ZSwiY2FuUmV2ZWFsUGFzc3dvcmRzIjpmYWxzZX0sInBlcm1pc3Npb25zVjIiOnt9LCJzZXNzaW9uSWQiOiJhNjRmZTA0Ny0wYmQ1LTRkYmUtYTRiMi03ZWFkNzAzMzY5OTQiLCJpYXQiOjE3NzI4MjQ4NzYsImV4cCI6MTc3MjgyNjA3Nn0.uploSFmJOHWf2vqP8pCqsPqLHBmM9lVonZYRgHaZApM [32m200[0m 8.701 ms - -[0m
[auth-stream] connected {
  userId: '69ab2928f1457f5c3f47ea18',
  sessionId: 'a64fe047-0bd5-4dbe-a4b2-7ead70336994',
  clientsForSession: 1
}
[0mGET /api/campusway-secure-admin/banners [32m200[0m 14.102 ms - -[0m
[0mGET /api/campusway-secure-admin/news-settings [32m200[0m 8.345 ms - -[0m
[0mGET /api/campusway-secure-admin/banners [36m304[0m 5.459 ms - -[0m
[auth-stream] disconnected {
  userId: '69ab2928f1457f5c3f47ea18',
  sessionId: 'a64fe047-0bd5-4dbe-a4b2-7ead70336994'
}
[0mGET /api/auth/session-stream?token=eyJhbGciOiJIUzI1NiIsInR5cCI6IkpXVCJ9.eyJfaWQiOiI2OWFiMjkyOGYxNDU3ZjVjM2Y0N2VhMTgiLCJ1c2VybmFtZSI6ImUyZV9hZG1pbl9kZXNrdG9wIiwiZW1haWwiOiJlMmVfYWRtaW5fZGVza3RvcEBjYW1wdXN3YXkubG9jYWwiLCJyb2xlIjoiYWRtaW4iLCJmdWxsTmFtZSI6IkUyRSBBZG1pbiBEZXNrdG9wIiwicGVybWlzc2lvbnMiOnsiY2FuRWRpdEV4YW1zIjp0cnVlLCJjYW5NYW5hZ2VTdHVkZW50cyI6dHJ1ZSwiY2FuVmlld1JlcG9ydHMiOnRydWUsImNhbkRlbGV0ZURhdGEiOmZhbHNlLCJjYW5NYW5hZ2VGaW5hbmNlIjp0cnVlLCJjYW5NYW5hZ2VQbGFucyI6dHJ1ZSwiY2FuTWFuYWdlVGlja2V0cyI6dHJ1ZSwiY2FuTWFuYWdlQmFja3VwcyI6dHJ1ZSwiY2FuUmV2ZWFsUGFzc3dvcmRzIjpmYWxzZX0sInBlcm1pc3Npb25zVjIiOnt9LCJzZXNzaW9uSWQiOiJhNjRmZTA0Ny0wYmQ1LTRkYmUtYTRiMi03ZWFkNzAzMzY5OTQiLCJpYXQiOjE3NzI4MjQ4NzYsImV4cCI6MTc3MjgyNjA3Nn0.uploSFmJOHWf2vqP8pCqsPqLHBmM9lVonZYRgHaZApM [32m200[0m 5.846 ms - -[0m
[0mGET /api/home/stream [32m200[0m 0.206 ms - -[0m
[0mGET /api/auth/me [36m304[0m 89.725 ms - -[0m
[0mGET /api/settings/public [36m304[0m 95.793 ms - -[0m
[0mGET /api/auth/me [36m304[0m 26.306 ms - -[0m
[auth-stream] connected {
  userId: '69ab2928f1457f5c3f47ea18',
  sessionId: 'a64fe047-0bd5-4dbe-a4b2-7ead70336994',
  clientsForSession: 1
}
[0mGET /api/campusway-secure-admin/dashboard/summary [32m200[0m 35.153 ms - 466[0m
[0mGET /api/campusway-secure-admin/universities/categories?status=all [36m304[0m 28.698 ms - -[0m
[0mGET /api/campusway-secure-admin/settings/runtime [36m304[0m 37.674 ms - -[0m
[0mGET /api/campusway-secure-admin/universities?page=1&limit=25&sortBy=createdAt&sortOrder=desc&status=all [32m200[0m 37.185 ms - -[0m
[0mGET /api/campusway-secure-admin/university-clusters [32m200[0m 58.882 ms - 15[0m
[0mGET /api/campusway-secure-admin/home-settings [36m304[0m 48.947 ms - -[0m
[0mGET /api/campusway-secure-admin/universities/categories?status=all [36m304[0m 31.588 ms - -[0m
[0mGET /api/campusway-secure-admin/university-categories?status=all [32m200[0m 43.263 ms - -[0m
[0mGET /api/campusway-secure-admin/universities?page=1&limit=500&status=all&sortBy=name&sortOrder=asc [32m200[0m 60.699 ms - -[0m
[0mGET /api/campusway-secure-admin/home-settings [36m304[0m 75.938 ms - -[0m
[0mGET /api/campusway-secure-admin/university-clusters [36m304[0m 121.652 ms - -[0m
[0mGET /api/campusway-secure-admin/universities?page=1&limit=25&sortBy=createdAt&sortOrder=desc&status=all [36m304[0m 144.141 ms - -[0m
[0mGET /api/campusway-secure-admin/university-categories?status=all [36m304[0m 116.678 ms - -[0m
[0mGET /api/campusway-secure-admin/universities?page=1&limit=500&status=all&sortBy=name&sortOrder=asc [36m304[0m 20.354 ms - -[0m
[0mGET /api/home/stream [32m200[0m 0.280 ms - -[0m
[auth-stream] disconnected {
  userId: '69ab2928f1457f5c3f47ea18',
  sessionId: 'a64fe047-0bd5-4dbe-a4b2-7ead70336994'
}
[0mGET /api/auth/session-stream?token=eyJhbGciOiJIUzI1NiIsInR5cCI6IkpXVCJ9.eyJfaWQiOiI2OWFiMjkyOGYxNDU3ZjVjM2Y0N2VhMTgiLCJ1c2VybmFtZSI6ImUyZV9hZG1pbl9kZXNrdG9wIiwiZW1haWwiOiJlMmVfYWRtaW5fZGVza3RvcEBjYW1wdXN3YXkubG9jYWwiLCJyb2xlIjoiYWRtaW4iLCJmdWxsTmFtZSI6IkUyRSBBZG1pbiBEZXNrdG9wIiwicGVybWlzc2lvbnMiOnsiY2FuRWRpdEV4YW1zIjp0cnVlLCJjYW5NYW5hZ2VTdHVkZW50cyI6dHJ1ZSwiY2FuVmlld1JlcG9ydHMiOnRydWUsImNhbkRlbGV0ZURhdGEiOmZhbHNlLCJjYW5NYW5hZ2VGaW5hbmNlIjp0cnVlLCJjYW5NYW5hZ2VQbGFucyI6dHJ1ZSwiY2FuTWFuYWdlVGlja2V0cyI6dHJ1ZSwiY2FuTWFuYWdlQmFja3VwcyI6dHJ1ZSwiY2FuUmV2ZWFsUGFzc3dvcmRzIjpmYWxzZX0sInBlcm1pc3Npb25zVjIiOnt9LCJzZXNzaW9uSWQiOiJhNjRmZTA0Ny0wYmQ1LTRkYmUtYTRiMi03ZWFkNzAzMzY5OTQiLCJpYXQiOjE3NzI4MjQ4NzYsImV4cCI6MTc3MjgyNjA3Nn0.uploSFmJOHWf2vqP8pCqsPqLHBmM9lVonZYRgHaZApM [32m200[0m 4.872 ms - -[0m
[0mGET /api/auth/me [36m304[0m 18.499 ms - -[0m
[0mGET /api/settings/public [36m304[0m 24.448 ms - -[0m
[0mGET /api/auth/me [36m304[0m 14.279 ms - -[0m
[0mGET /api/campusway-secure-admin/dashboard/summary [32m200[0m 74.795 ms - 466[0m
[auth-stream] connected {
  userId: '69ab2928f1457f5c3f47ea18',
  sessionId: 'a64fe047-0bd5-4dbe-a4b2-7ead70336994',
  clientsForSession: 1
}
[auth-stream] disconnected {
  userId: '69ab2928f1457f5c3f47ea18',
  sessionId: 'a64fe047-0bd5-4dbe-a4b2-7ead70336994'
}
[0mGET /api/auth/session-stream?token=eyJhbGciOiJIUzI1NiIsInR5cCI6IkpXVCJ9.eyJfaWQiOiI2OWFiMjkyOGYxNDU3ZjVjM2Y0N2VhMTgiLCJ1c2VybmFtZSI6ImUyZV9hZG1pbl9kZXNrdG9wIiwiZW1haWwiOiJlMmVfYWRtaW5fZGVza3RvcEBjYW1wdXN3YXkubG9jYWwiLCJyb2xlIjoiYWRtaW4iLCJmdWxsTmFtZSI6IkUyRSBBZG1pbiBEZXNrdG9wIiwicGVybWlzc2lvbnMiOnsiY2FuRWRpdEV4YW1zIjp0cnVlLCJjYW5NYW5hZ2VTdHVkZW50cyI6dHJ1ZSwiY2FuVmlld1JlcG9ydHMiOnRydWUsImNhbkRlbGV0ZURhdGEiOmZhbHNlLCJjYW5NYW5hZ2VGaW5hbmNlIjp0cnVlLCJjYW5NYW5hZ2VQbGFucyI6dHJ1ZSwiY2FuTWFuYWdlVGlja2V0cyI6dHJ1ZSwiY2FuTWFuYWdlQmFja3VwcyI6dHJ1ZSwiY2FuUmV2ZWFsUGFzc3dvcmRzIjpmYWxzZX0sInBlcm1pc3Npb25zVjIiOnt9LCJzZXNzaW9uSWQiOiJhNjRmZTA0Ny0wYmQ1LTRkYmUtYTRiMi03ZWFkNzAzMzY5OTQiLCJpYXQiOjE3NzI4MjQ4NzYsImV4cCI6MTc3MjgyNjA3Nn0.uploSFmJOHWf2vqP8pCqsPqLHBmM9lVonZYRgHaZApM [32m200[0m 14.912 ms - -[0m
[auth-stream] connected {
  userId: '69ab2928f1457f5c3f47ea18',
  sessionId: 'a64fe047-0bd5-4dbe-a4b2-7ead70336994',
  clientsForSession: 1
}
[0mGET /api/campusway-secure-admin/news-v2/dashboard [32m200[0m 14.136 ms - -[0m
[0mGET /api/home/stream [32m200[0m 0.233 ms - -[0m
[auth-stream] disconnected {
  userId: '69ab2928f1457f5c3f47ea18',
  sessionId: 'a64fe047-0bd5-4dbe-a4b2-7ead70336994'
}
[0mGET /api/auth/session-stream?token=eyJhbGciOiJIUzI1NiIsInR5cCI6IkpXVCJ9.eyJfaWQiOiI2OWFiMjkyOGYxNDU3ZjVjM2Y0N2VhMTgiLCJ1c2VybmFtZSI6ImUyZV9hZG1pbl9kZXNrdG9wIiwiZW1haWwiOiJlMmVfYWRtaW5fZGVza3RvcEBjYW1wdXN3YXkubG9jYWwiLCJyb2xlIjoiYWRtaW4iLCJmdWxsTmFtZSI6IkUyRSBBZG1pbiBEZXNrdG9wIiwicGVybWlzc2lvbnMiOnsiY2FuRWRpdEV4YW1zIjp0cnVlLCJjYW5NYW5hZ2VTdHVkZW50cyI6dHJ1ZSwiY2FuVmlld1JlcG9ydHMiOnRydWUsImNhbkRlbGV0ZURhdGEiOmZhbHNlLCJjYW5NYW5hZ2VGaW5hbmNlIjp0cnVlLCJjYW5NYW5hZ2VQbGFucyI6dHJ1ZSwiY2FuTWFuYWdlVGlja2V0cyI6dHJ1ZSwiY2FuTWFuYWdlQmFja3VwcyI6dHJ1ZSwiY2FuUmV2ZWFsUGFzc3dvcmRzIjpmYWxzZX0sInBlcm1pc3Npb25zVjIiOnt9LCJzZXNzaW9uSWQiOiJhNjRmZTA0Ny0wYmQ1LTRkYmUtYTRiMi03ZWFkNzAzMzY5OTQiLCJpYXQiOjE3NzI4MjQ4NzYsImV4cCI6MTc3MjgyNjA3Nn0.uploSFmJOHWf2vqP8pCqsPqLHBmM9lVonZYRgHaZApM [32m200[0m 2.940 ms - -[0m
[0mGET /api/settings/public [36m304[0m 25.881 ms - -[0m
[0mGET /api/auth/me [36m304[0m 21.674 ms - -[0m
[0mGET /api/auth/me [36m304[0m 47.372 ms - -[0m
[auth-stream] connected {
  userId: '69ab2928f1457f5c3f47ea18',
  sessionId: 'a64fe047-0bd5-4dbe-a4b2-7ead70336994',
  clientsForSession: 1
}
[auth-stream] disconnected {
  userId: '69ab2928f1457f5c3f47ea18',
  sessionId: 'a64fe047-0bd5-4dbe-a4b2-7ead70336994'
}
[0mGET /api/auth/session-stream?token=eyJhbGciOiJIUzI1NiIsInR5cCI6IkpXVCJ9.eyJfaWQiOiI2OWFiMjkyOGYxNDU3ZjVjM2Y0N2VhMTgiLCJ1c2VybmFtZSI6ImUyZV9hZG1pbl9kZXNrdG9wIiwiZW1haWwiOiJlMmVfYWRtaW5fZGVza3RvcEBjYW1wdXN3YXkubG9jYWwiLCJyb2xlIjoiYWRtaW4iLCJmdWxsTmFtZSI6IkUyRSBBZG1pbiBEZXNrdG9wIiwicGVybWlzc2lvbnMiOnsiY2FuRWRpdEV4YW1zIjp0cnVlLCJjYW5NYW5hZ2VTdHVkZW50cyI6dHJ1ZSwiY2FuVmlld1JlcG9ydHMiOnRydWUsImNhbkRlbGV0ZURhdGEiOmZhbHNlLCJjYW5NYW5hZ2VGaW5hbmNlIjp0cnVlLCJjYW5NYW5hZ2VQbGFucyI6dHJ1ZSwiY2FuTWFuYWdlVGlja2V0cyI6dHJ1ZSwiY2FuTWFuYWdlQmFja3VwcyI6dHJ1ZSwiY2FuUmV2ZWFsUGFzc3dvcmRzIjpmYWxzZX0sInBlcm1pc3Npb25zVjIiOnt9LCJzZXNzaW9uSWQiOiJhNjRmZTA0Ny0wYmQ1LTRkYmUtYTRiMi03ZWFkNzAzMzY5OTQiLCJpYXQiOjE3NzI4MjQ4NzYsImV4cCI6MTc3MjgyNjA3Nn0.uploSFmJOHWf2vqP8pCqsPqLHBmM9lVonZYRgHaZApM [32m200[0m 10.518 ms - -[0m
[0mGET /api/campusway-secure-admin/dashboard/summary [32m200[0m 81.380 ms - 466[0m
[auth-stream] connected {
  userId: '69ab2928f1457f5c3f47ea18',
  sessionId: 'a64fe047-0bd5-4dbe-a4b2-7ead70336994',
  clientsForSession: 1
}
[0mGET /api/campusway-secure-admin/student-groups [32m200[0m 25.413 ms - 55[0m
[0mGET /api/campusway-secure-admin/support-tickets?status=open&limit=1 [32m200[0m 43.114 ms - 948[0m
[0mGET /api/campusway-secure-admin/universities?page=1&limit=25 [32m200[0m 42.771 ms - -[0m
[0mGET /api/campusway-secure-admin/student-groups [32m200[0m 50.433 ms - 55[0m
[0mGET /api/campusway-secure-admin/exams?view=cards&includeMetrics=true&limit=200 [32m200[0m 66.793 ms - -[0m
[0mGET /api/campusway-secure-admin/support-tickets?status=open&limit=1 [36m304[0m 66.345 ms - -[0m
[0mGET /api/campusway-secure-admin/universities?page=1&limit=25 [36m304[0m 34.596 ms - -[0m
[0mGET /api/campusway-secure-admin/exams?view=cards&includeMetrics=true&limit=200 [36m304[0m 39.326 ms - -[0m
[auth-stream] disconnected {
  userId: '69ab2928f1457f5c3f47ea18',
  sessionId: 'a64fe047-0bd5-4dbe-a4b2-7ead70336994'
}
[0mGET /api/auth/session-stream?token=eyJhbGciOiJIUzI1NiIsInR5cCI6IkpXVCJ9.eyJfaWQiOiI2OWFiMjkyOGYxNDU3ZjVjM2Y0N2VhMTgiLCJ1c2VybmFtZSI6ImUyZV9hZG1pbl9kZXNrdG9wIiwiZW1haWwiOiJlMmVfYWRtaW5fZGVza3RvcEBjYW1wdXN3YXkubG9jYWwiLCJyb2xlIjoiYWRtaW4iLCJmdWxsTmFtZSI6IkUyRSBBZG1pbiBEZXNrdG9wIiwicGVybWlzc2lvbnMiOnsiY2FuRWRpdEV4YW1zIjp0cnVlLCJjYW5NYW5hZ2VTdHVkZW50cyI6dHJ1ZSwiY2FuVmlld1JlcG9ydHMiOnRydWUsImNhbkRlbGV0ZURhdGEiOmZhbHNlLCJjYW5NYW5hZ2VGaW5hbmNlIjp0cnVlLCJjYW5NYW5hZ2VQbGFucyI6dHJ1ZSwiY2FuTWFuYWdlVGlja2V0cyI6dHJ1ZSwiY2FuTWFuYWdlQmFja3VwcyI6dHJ1ZSwiY2FuUmV2ZWFsUGFzc3dvcmRzIjpmYWxzZX0sInBlcm1pc3Npb25zVjIiOnt9LCJzZXNzaW9uSWQiOiJhNjRmZTA0Ny0wYmQ1LTRkYmUtYTRiMi03ZWFkNzAzMzY5OTQiLCJpYXQiOjE3NzI4MjQ4NzYsImV4cCI6MTc3MjgyNjA3Nn0.uploSFmJOHWf2vqP8pCqsPqLHBmM9lVonZYRgHaZApM [32m200[0m 23.741 ms - -[0m
[0mGET /api/home/stream [32m200[0m 0.381 ms - -[0m
[0mGET /api/campusway-secure-admin/live/stream?token=eyJhbGciOiJIUzI1NiIsInR5cCI6IkpXVCJ9.eyJfaWQiOiI2OWFiMjkyOGYxNDU3ZjVjM2Y0N2VhMTgiLCJ1c2VybmFtZSI6ImUyZV9hZG1pbl9kZXNrdG9wIiwiZW1haWwiOiJlMmVfYWRtaW5fZGVza3RvcEBjYW1wdXN3YXkubG9jYWwiLCJyb2xlIjoiYWRtaW4iLCJmdWxsTmFtZSI6IkUyRSBBZG1pbiBEZXNrdG9wIiwicGVybWlzc2lvbnMiOnsiY2FuRWRpdEV4YW1zIjp0cnVlLCJjYW5NYW5hZ2VTdHVkZW50cyI6dHJ1ZSwiY2FuVmlld1JlcG9ydHMiOnRydWUsImNhbkRlbGV0ZURhdGEiOmZhbHNlLCJjYW5NYW5hZ2VGaW5hbmNlIjp0cnVlLCJjYW5NYW5hZ2VQbGFucyI6dHJ1ZSwiY2FuTWFuYWdlVGlja2V0cyI6dHJ1ZSwiY2FuTWFuYWdlQmFja3VwcyI6dHJ1ZSwiY2FuUmV2ZWFsUGFzc3dvcmRzIjpmYWxzZX0sInBlcm1pc3Npb25zVjIiOnt9LCJzZXNzaW9uSWQiOiJhNjRmZTA0Ny0wYmQ1LTRkYmUtYTRiMi03ZWFkNzAzMzY5OTQiLCJpYXQiOjE3NzI4MjQ4NzYsImV4cCI6MTc3MjgyNjA3Nn0.uploSFmJOHWf2vqP8pCqsPqLHBmM9lVonZYRgHaZApM [32m200[0m 7.346 ms - -[0m
[0mGET /api/settings/public [36m304[0m 17.863 ms - -[0m
[0mGET /api/auth/me [36m304[0m 15.687 ms - -[0m
[0mGET /api/auth/me [36m304[0m 24.402 ms - -[0m
[auth-stream] connected {
  userId: '69ab2928f1457f5c3f47ea18',
  sessionId: 'a64fe047-0bd5-4dbe-a4b2-7ead70336994',
  clientsForSession: 1
}
[0mGET /api/campusway-secure-admin/dashboard/summary [32m200[0m 69.251 ms - 466[0m
[0mGET /api/campusway-secure-admin/question-bank?page=1&limit=20&search=&subject=&chapter=&difficulty=&status=&has_image=&has_explanation=&quality_score_min= [32m200[0m 12.151 ms - -[0m
[0mGET /api/campusway-secure-admin/question-bank?page=1&limit=20&search=&subject=&chapter=&difficulty=&status=&has_image=&has_explanation=&quality_score_min= [36m304[0m 11.144 ms - -[0m
[0mGET /api/home/stream [32m200[0m 0.198 ms - -[0m
[auth-stream] disconnected {
  userId: '69ab2928f1457f5c3f47ea18',
  sessionId: 'a64fe047-0bd5-4dbe-a4b2-7ead70336994'
}
[0mGET /api/auth/session-stream?token=eyJhbGciOiJIUzI1NiIsInR5cCI6IkpXVCJ9.eyJfaWQiOiI2OWFiMjkyOGYxNDU3ZjVjM2Y0N2VhMTgiLCJ1c2VybmFtZSI6ImUyZV9hZG1pbl9kZXNrdG9wIiwiZW1haWwiOiJlMmVfYWRtaW5fZGVza3RvcEBjYW1wdXN3YXkubG9jYWwiLCJyb2xlIjoiYWRtaW4iLCJmdWxsTmFtZSI6IkUyRSBBZG1pbiBEZXNrdG9wIiwicGVybWlzc2lvbnMiOnsiY2FuRWRpdEV4YW1zIjp0cnVlLCJjYW5NYW5hZ2VTdHVkZW50cyI6dHJ1ZSwiY2FuVmlld1JlcG9ydHMiOnRydWUsImNhbkRlbGV0ZURhdGEiOmZhbHNlLCJjYW5NYW5hZ2VGaW5hbmNlIjp0cnVlLCJjYW5NYW5hZ2VQbGFucyI6dHJ1ZSwiY2FuTWFuYWdlVGlja2V0cyI6dHJ1ZSwiY2FuTWFuYWdlQmFja3VwcyI6dHJ1ZSwiY2FuUmV2ZWFsUGFzc3dvcmRzIjpmYWxzZX0sInBlcm1pc3Npb25zVjIiOnt9LCJzZXNzaW9uSWQiOiJhNjRmZTA0Ny0wYmQ1LTRkYmUtYTRiMi03ZWFkNzAzMzY5OTQiLCJpYXQiOjE3NzI4MjQ4NzYsImV4cCI6MTc3MjgyNjA3Nn0.uploSFmJOHWf2vqP8pCqsPqLHBmM9lVonZYRgHaZApM [32m200[0m 55.591 ms - -[0m
[0mGET /api/settings/public [36m304[0m 112.958 ms - -[0m
[0mGET /api/auth/me [36m304[0m 119.949 ms - -[0m
[0mGET /api/auth/me [36m304[0m 14.342 ms - -[0m
[0mGET /api/campusway-secure-admin/dashboard/summary [32m200[0m 12.031 ms - 466[0m
[auth-stream] connected {
  userId: '69ab2928f1457f5c3f47ea18',
  sessionId: 'a64fe047-0bd5-4dbe-a4b2-7ead70336994',
  clientsForSession: 1
}
[auth-stream] disconnected {
  userId: '69ab2928f1457f5c3f47ea18',
  sessionId: 'a64fe047-0bd5-4dbe-a4b2-7ead70336994'
}
[0mGET /api/auth/session-stream?token=eyJhbGciOiJIUzI1NiIsInR5cCI6IkpXVCJ9.eyJfaWQiOiI2OWFiMjkyOGYxNDU3ZjVjM2Y0N2VhMTgiLCJ1c2VybmFtZSI6ImUyZV9hZG1pbl9kZXNrdG9wIiwiZW1haWwiOiJlMmVfYWRtaW5fZGVza3RvcEBjYW1wdXN3YXkubG9jYWwiLCJyb2xlIjoiYWRtaW4iLCJmdWxsTmFtZSI6IkUyRSBBZG1pbiBEZXNrdG9wIiwicGVybWlzc2lvbnMiOnsiY2FuRWRpdEV4YW1zIjp0cnVlLCJjYW5NYW5hZ2VTdHVkZW50cyI6dHJ1ZSwiY2FuVmlld1JlcG9ydHMiOnRydWUsImNhbkRlbGV0ZURhdGEiOmZhbHNlLCJjYW5NYW5hZ2VGaW5hbmNlIjp0cnVlLCJjYW5NYW5hZ2VQbGFucyI6dHJ1ZSwiY2FuTWFuYWdlVGlja2V0cyI6dHJ1ZSwiY2FuTWFuYWdlQmFja3VwcyI6dHJ1ZSwiY2FuUmV2ZWFsUGFzc3dvcmRzIjpmYWxzZX0sInBlcm1pc3Npb25zVjIiOnt9LCJzZXNzaW9uSWQiOiJhNjRmZTA0Ny0wYmQ1LTRkYmUtYTRiMi03ZWFkNzAzMzY5OTQiLCJpYXQiOjE3NzI4MjQ4NzYsImV4cCI6MTc3MjgyNjA3Nn0.uploSFmJOHWf2vqP8pCqsPqLHBmM9lVonZYRgHaZApM [32m200[0m 7.105 ms - -[0m
[auth-stream] connected {
  userId: '69ab2928f1457f5c3f47ea18',
  sessionId: 'a64fe047-0bd5-4dbe-a4b2-7ead70336994',
  clientsForSession: 1
}
[0mGET /api/campusway-secure-admin/student-groups [32m200[0m 25.445 ms - 55[0m
[0mGET /api/campusway-secure-admin/settings/runtime [36m304[0m 36.521 ms - -[0m
[0mGET /api/campusway-secure-admin/subscription-plans [32m200[0m 25.760 ms - -[0m
[0mGET /api/campusway-secure-admin/students?page=1&limit=20 [32m200[0m 40.883 ms - -[0m
[0mGET /api/campusway-secure-admin/student-groups [32m200[0m 16.042 ms - 55[0m
[0mGET /api/campusway-secure-admin/subscription-plans [32m200[0m 10.886 ms - -[0m
[0mGET /api/campusway-secure-admin/students?page=1&limit=20 [32m200[0m 16.929 ms - -[0m
[0mGET /api/home/stream [32m200[0m 0.289 ms - -[0m
[auth-stream] disconnected {
  userId: '69ab2928f1457f5c3f47ea18',
  sessionId: 'a64fe047-0bd5-4dbe-a4b2-7ead70336994'
}
[0mGET /api/auth/session-stream?token=eyJhbGciOiJIUzI1NiIsInR5cCI6IkpXVCJ9.eyJfaWQiOiI2OWFiMjkyOGYxNDU3ZjVjM2Y0N2VhMTgiLCJ1c2VybmFtZSI6ImUyZV9hZG1pbl9kZXNrdG9wIiwiZW1haWwiOiJlMmVfYWRtaW5fZGVza3RvcEBjYW1wdXN3YXkubG9jYWwiLCJyb2xlIjoiYWRtaW4iLCJmdWxsTmFtZSI6IkUyRSBBZG1pbiBEZXNrdG9wIiwicGVybWlzc2lvbnMiOnsiY2FuRWRpdEV4YW1zIjp0cnVlLCJjYW5NYW5hZ2VTdHVkZW50cyI6dHJ1ZSwiY2FuVmlld1JlcG9ydHMiOnRydWUsImNhbkRlbGV0ZURhdGEiOmZhbHNlLCJjYW5NYW5hZ2VGaW5hbmNlIjp0cnVlLCJjYW5NYW5hZ2VQbGFucyI6dHJ1ZSwiY2FuTWFuYWdlVGlja2V0cyI6dHJ1ZSwiY2FuTWFuYWdlQmFja3VwcyI6dHJ1ZSwiY2FuUmV2ZWFsUGFzc3dvcmRzIjpmYWxzZX0sInBlcm1pc3Npb25zVjIiOnt9LCJzZXNzaW9uSWQiOiJhNjRmZTA0Ny0wYmQ1LTRkYmUtYTRiMi03ZWFkNzAzMzY5OTQiLCJpYXQiOjE3NzI4MjQ4NzYsImV4cCI6MTc3MjgyNjA3Nn0.uploSFmJOHWf2vqP8pCqsPqLHBmM9lVonZYRgHaZApM [32m200[0m 3.412 ms - -[0m
[0mGET /api/auth/me [36m304[0m 27.842 ms - -[0m
[0mGET /api/settings/public [36m304[0m 47.610 ms - -[0m
[0mGET /api/auth/me [36m304[0m 48.243 ms - -[0m
[auth-stream] connected {
  userId: '69ab2928f1457f5c3f47ea18',
  sessionId: 'a64fe047-0bd5-4dbe-a4b2-7ead70336994',
  clientsForSession: 1
}
[auth-stream] disconnected {
  userId: '69ab2928f1457f5c3f47ea18',
  sessionId: 'a64fe047-0bd5-4dbe-a4b2-7ead70336994'
}
[0mGET /api/auth/session-stream?token=eyJhbGciOiJIUzI1NiIsInR5cCI6IkpXVCJ9.eyJfaWQiOiI2OWFiMjkyOGYxNDU3ZjVjM2Y0N2VhMTgiLCJ1c2VybmFtZSI6ImUyZV9hZG1pbl9kZXNrdG9wIiwiZW1haWwiOiJlMmVfYWRtaW5fZGVza3RvcEBjYW1wdXN3YXkubG9jYWwiLCJyb2xlIjoiYWRtaW4iLCJmdWxsTmFtZSI6IkUyRSBBZG1pbiBEZXNrdG9wIiwicGVybWlzc2lvbnMiOnsiY2FuRWRpdEV4YW1zIjp0cnVlLCJjYW5NYW5hZ2VTdHVkZW50cyI6dHJ1ZSwiY2FuVmlld1JlcG9ydHMiOnRydWUsImNhbkRlbGV0ZURhdGEiOmZhbHNlLCJjYW5NYW5hZ2VGaW5hbmNlIjp0cnVlLCJjYW5NYW5hZ2VQbGFucyI6dHJ1ZSwiY2FuTWFuYWdlVGlja2V0cyI6dHJ1ZSwiY2FuTWFuYWdlQmFja3VwcyI6dHJ1ZSwiY2FuUmV2ZWFsUGFzc3dvcmRzIjpmYWxzZX0sInBlcm1pc3Npb25zVjIiOnt9LCJzZXNzaW9uSWQiOiJhNjRmZTA0Ny0wYmQ1LTRkYmUtYTRiMi03ZWFkNzAzMzY5OTQiLCJpYXQiOjE3NzI4MjQ4NzYsImV4cCI6MTc3MjgyNjA3Nn0.uploSFmJOHWf2vqP8pCqsPqLHBmM9lVonZYRgHaZApM [32m200[0m 3.483 ms - -[0m
[0mGET /api/campusway-secure-admin/dashboard/summary [32m200[0m 110.995 ms - 466[0m
[auth-stream] connected {
  userId: '69ab2928f1457f5c3f47ea18',
  sessionId: 'a64fe047-0bd5-4dbe-a4b2-7ead70336994',
  clientsForSession: 1
}
[0mGET /api/campusway-secure-admin/settings/runtime [36m304[0m 46.798 ms - -[0m
[0mGET /api/campusway-secure-admin/student-groups [32m200[0m 42.014 ms - 55[0m
[0mGET /api/campusway-secure-admin/subscription-plans [32m200[0m 34.742 ms - -[0m
[0mGET /api/campusway-secure-admin/students?page=1&limit=20 [32m200[0m 42.661 ms - -[0m
[0mGET /api/campusway-secure-admin/student-groups [32m200[0m 21.474 ms - 55[0m
[0mGET /api/campusway-secure-admin/subscription-plans [32m200[0m 18.020 ms - -[0m
[0mGET /api/campusway-secure-admin/students?page=1&limit=20 [32m200[0m 67.642 ms - -[0m
[0mGET /api/home/stream [32m200[0m 0.172 ms - -[0m
[auth-stream] disconnected {
  userId: '69ab2928f1457f5c3f47ea18',
  sessionId: 'a64fe047-0bd5-4dbe-a4b2-7ead70336994'
}
[0mGET /api/auth/session-stream?token=eyJhbGciOiJIUzI1NiIsInR5cCI6IkpXVCJ9.eyJfaWQiOiI2OWFiMjkyOGYxNDU3ZjVjM2Y0N2VhMTgiLCJ1c2VybmFtZSI6ImUyZV9hZG1pbl9kZXNrdG9wIiwiZW1haWwiOiJlMmVfYWRtaW5fZGVza3RvcEBjYW1wdXN3YXkubG9jYWwiLCJyb2xlIjoiYWRtaW4iLCJmdWxsTmFtZSI6IkUyRSBBZG1pbiBEZXNrdG9wIiwicGVybWlzc2lvbnMiOnsiY2FuRWRpdEV4YW1zIjp0cnVlLCJjYW5NYW5hZ2VTdHVkZW50cyI6dHJ1ZSwiY2FuVmlld1JlcG9ydHMiOnRydWUsImNhbkRlbGV0ZURhdGEiOmZhbHNlLCJjYW5NYW5hZ2VGaW5hbmNlIjp0cnVlLCJjYW5NYW5hZ2VQbGFucyI6dHJ1ZSwiY2FuTWFuYWdlVGlja2V0cyI6dHJ1ZSwiY2FuTWFuYWdlQmFja3VwcyI6dHJ1ZSwiY2FuUmV2ZWFsUGFzc3dvcmRzIjpmYWxzZX0sInBlcm1pc3Npb25zVjIiOnt9LCJzZXNzaW9uSWQiOiJhNjRmZTA0Ny0wYmQ1LTRkYmUtYTRiMi03ZWFkNzAzMzY5OTQiLCJpYXQiOjE3NzI4MjQ4NzYsImV4cCI6MTc3MjgyNjA3Nn0.uploSFmJOHWf2vqP8pCqsPqLHBmM9lVonZYRgHaZApM [32m200[0m 54.847 ms - -[0m
[0mGET /api/settings/public [36m304[0m 17.339 ms - -[0m
[0mGET /api/auth/me [36m304[0m 21.162 ms - -[0m
[0mGET /api/auth/me [36m304[0m 23.258 ms - -[0m
[auth-stream] connected {
  userId: '69ab2928f1457f5c3f47ea18',
  sessionId: 'a64fe047-0bd5-4dbe-a4b2-7ead70336994',
  clientsForSession: 1
}
[0mGET /api/campusway-secure-admin/dashboard/summary [32m200[0m 62.116 ms - 466[0m
[0mGET /api/campusway-secure-admin/subscription-plans [32m200[0m 7.080 ms - -[0m
[auth-stream] disconnected {
  userId: '69ab2928f1457f5c3f47ea18',
  sessionId: 'a64fe047-0bd5-4dbe-a4b2-7ead70336994'
}
[0mGET /api/auth/session-stream?token=eyJhbGciOiJIUzI1NiIsInR5cCI6IkpXVCJ9.eyJfaWQiOiI2OWFiMjkyOGYxNDU3ZjVjM2Y0N2VhMTgiLCJ1c2VybmFtZSI6ImUyZV9hZG1pbl9kZXNrdG9wIiwiZW1haWwiOiJlMmVfYWRtaW5fZGVza3RvcEBjYW1wdXN3YXkubG9jYWwiLCJyb2xlIjoiYWRtaW4iLCJmdWxsTmFtZSI6IkUyRSBBZG1pbiBEZXNrdG9wIiwicGVybWlzc2lvbnMiOnsiY2FuRWRpdEV4YW1zIjp0cnVlLCJjYW5NYW5hZ2VTdHVkZW50cyI6dHJ1ZSwiY2FuVmlld1JlcG9ydHMiOnRydWUsImNhbkRlbGV0ZURhdGEiOmZhbHNlLCJjYW5NYW5hZ2VGaW5hbmNlIjp0cnVlLCJjYW5NYW5hZ2VQbGFucyI6dHJ1ZSwiY2FuTWFuYWdlVGlja2V0cyI6dHJ1ZSwiY2FuTWFuYWdlQmFja3VwcyI6dHJ1ZSwiY2FuUmV2ZWFsUGFzc3dvcmRzIjpmYWxzZX0sInBlcm1pc3Npb25zVjIiOnt9LCJzZXNzaW9uSWQiOiJhNjRmZTA0Ny0wYmQ1LTRkYmUtYTRiMi03ZWFkNzAzMzY5OTQiLCJpYXQiOjE3NzI4MjQ4NzYsImV4cCI6MTc3MjgyNjA3Nn0.uploSFmJOHWf2vqP8pCqsPqLHBmM9lVonZYRgHaZApM [32m200[0m 6.836 ms - -[0m
[0mGET /api/home/stream [32m200[0m 0.232 ms - -[0m
[0mGET /api/auth/me [36m304[0m 24.097 ms - -[0m
[0mGET /api/settings/public [36m304[0m 42.533 ms - -[0m
[0mGET /api/auth/me [36m304[0m 42.630 ms - -[0m
[0mGET /api/campusway-secure-admin/dashboard/summary [32m200[0m 49.569 ms - 466[0m
[auth-stream] connected {
  userId: '69ab2928f1457f5c3f47ea18',
  sessionId: 'a64fe047-0bd5-4dbe-a4b2-7ead70336994',
  clientsForSession: 1
}
[0mGET /api/campusway-secure-admin/finance/summary [32m200[0m 30.985 ms - 131[0m
[0mGET /api/campusway-secure-admin/expenses?page=1&limit=6 [32m200[0m 53.824 ms - 844[0m
[0mGET /api/campusway-secure-admin/payments?page=1&limit=6 [32m200[0m 55.013 ms - -[0m
[0mGET /api/campusway-secure-admin/dues?page=1&limit=6 [32m200[0m 52.887 ms - -[0m
[0mGET /api/campusway-secure-admin/students?page=1&limit=200 [32m200[0m 37.858 ms - -[0m
[0mGET /api/campusway-secure-admin/finance/summary [36m304[0m 11.782 ms - -[0m
[0mGET /api/campusway-secure-admin/subscription-plans [32m200[0m 10.050 ms - -[0m
[0mGET /api/campusway-secure-admin/expenses?page=1&limit=6 [36m304[0m 17.201 ms - -[0m
[0mGET /api/campusway-secure-admin/payments?page=1&limit=6 [36m304[0m 23.407 ms - -[0m
[0mGET /api/campusway-secure-admin/dues?page=1&limit=6 [36m304[0m 30.041 ms - -[0m
[0mGET /api/campusway-secure-admin/subscription-plans [32m200[0m 20.259 ms - -[0m
[0mGET /api/campusway-secure-admin/students?page=1&limit=200 [32m200[0m 32.561 ms - -[0m
[auth-stream] disconnected {
  userId: '69ab2928f1457f5c3f47ea18',
  sessionId: 'a64fe047-0bd5-4dbe-a4b2-7ead70336994'
}
[0mGET /api/auth/session-stream?token=eyJhbGciOiJIUzI1NiIsInR5cCI6IkpXVCJ9.eyJfaWQiOiI2OWFiMjkyOGYxNDU3ZjVjM2Y0N2VhMTgiLCJ1c2VybmFtZSI6ImUyZV9hZG1pbl9kZXNrdG9wIiwiZW1haWwiOiJlMmVfYWRtaW5fZGVza3RvcEBjYW1wdXN3YXkubG9jYWwiLCJyb2xlIjoiYWRtaW4iLCJmdWxsTmFtZSI6IkUyRSBBZG1pbiBEZXNrdG9wIiwicGVybWlzc2lvbnMiOnsiY2FuRWRpdEV4YW1zIjp0cnVlLCJjYW5NYW5hZ2VTdHVkZW50cyI6dHJ1ZSwiY2FuVmlld1JlcG9ydHMiOnRydWUsImNhbkRlbGV0ZURhdGEiOmZhbHNlLCJjYW5NYW5hZ2VGaW5hbmNlIjp0cnVlLCJjYW5NYW5hZ2VQbGFucyI6dHJ1ZSwiY2FuTWFuYWdlVGlja2V0cyI6dHJ1ZSwiY2FuTWFuYWdlQmFja3VwcyI6dHJ1ZSwiY2FuUmV2ZWFsUGFzc3dvcmRzIjpmYWxzZX0sInBlcm1pc3Npb25zVjIiOnt9LCJzZXNzaW9uSWQiOiJhNjRmZTA0Ny0wYmQ1LTRkYmUtYTRiMi03ZWFkNzAzMzY5OTQiLCJpYXQiOjE3NzI4MjQ4NzYsImV4cCI6MTc3MjgyNjA3Nn0.uploSFmJOHWf2vqP8pCqsPqLHBmM9lVonZYRgHaZApM [32m200[0m 12.609 ms - -[0m
[0mGET /api/home/stream [32m200[0m 0.971 ms - -[0m
[0mGET /api/settings/public [36m304[0m 19.725 ms - -[0m
[0mGET /api/auth/me [36m304[0m 19.519 ms - -[0m
[0mGET /api/auth/me [36m304[0m 53.786 ms - -[0m
[auth-stream] connected {
  userId: '69ab2928f1457f5c3f47ea18',
  sessionId: 'a64fe047-0bd5-4dbe-a4b2-7ead70336994',
  clientsForSession: 1
}
[0mGET /api/campusway-secure-admin/dashboard/summary [32m200[0m 26.720 ms - 466[0m
[auth-stream] disconnected {
  userId: '69ab2928f1457f5c3f47ea18',
  sessionId: 'a64fe047-0bd5-4dbe-a4b2-7ead70336994'
}
[0mGET /api/auth/session-stream?token=eyJhbGciOiJIUzI1NiIsInR5cCI6IkpXVCJ9.eyJfaWQiOiI2OWFiMjkyOGYxNDU3ZjVjM2Y0N2VhMTgiLCJ1c2VybmFtZSI6ImUyZV9hZG1pbl9kZXNrdG9wIiwiZW1haWwiOiJlMmVfYWRtaW5fZGVza3RvcEBjYW1wdXN3YXkubG9jYWwiLCJyb2xlIjoiYWRtaW4iLCJmdWxsTmFtZSI6IkUyRSBBZG1pbiBEZXNrdG9wIiwicGVybWlzc2lvbnMiOnsiY2FuRWRpdEV4YW1zIjp0cnVlLCJjYW5NYW5hZ2VTdHVkZW50cyI6dHJ1ZSwiY2FuVmlld1JlcG9ydHMiOnRydWUsImNhbkRlbGV0ZURhdGEiOmZhbHNlLCJjYW5NYW5hZ2VGaW5hbmNlIjp0cnVlLCJjYW5NYW5hZ2VQbGFucyI6dHJ1ZSwiY2FuTWFuYWdlVGlja2V0cyI6dHJ1ZSwiY2FuTWFuYWdlQmFja3VwcyI6dHJ1ZSwiY2FuUmV2ZWFsUGFzc3dvcmRzIjpmYWxzZX0sInBlcm1pc3Npb25zVjIiOnt9LCJzZXNzaW9uSWQiOiJhNjRmZTA0Ny0wYmQ1LTRkYmUtYTRiMi03ZWFkNzAzMzY5OTQiLCJpYXQiOjE3NzI4MjQ4NzYsImV4cCI6MTc3MjgyNjA3Nn0.uploSFmJOHWf2vqP8pCqsPqLHBmM9lVonZYRgHaZApM [32m200[0m 4.721 ms - -[0m
[auth-stream] connected {
  userId: '69ab2928f1457f5c3f47ea18',
  sessionId: 'a64fe047-0bd5-4dbe-a4b2-7ead70336994',
  clientsForSession: 1
}
[0mGET /api/campusway-secure-admin/resources [32m200[0m 13.186 ms - -[0m
[0mGET /api/campusway-secure-admin/resources [36m304[0m 10.963 ms - -[0m
[0mGET /api/home/stream [32m200[0m 0.177 ms - -[0m
[auth-stream] disconnected {
  userId: '69ab2928f1457f5c3f47ea18',
  sessionId: 'a64fe047-0bd5-4dbe-a4b2-7ead70336994'
}
[0mGET /api/auth/session-stream?token=eyJhbGciOiJIUzI1NiIsInR5cCI6IkpXVCJ9.eyJfaWQiOiI2OWFiMjkyOGYxNDU3ZjVjM2Y0N2VhMTgiLCJ1c2VybmFtZSI6ImUyZV9hZG1pbl9kZXNrdG9wIiwiZW1haWwiOiJlMmVfYWRtaW5fZGVza3RvcEBjYW1wdXN3YXkubG9jYWwiLCJyb2xlIjoiYWRtaW4iLCJmdWxsTmFtZSI6IkUyRSBBZG1pbiBEZXNrdG9wIiwicGVybWlzc2lvbnMiOnsiY2FuRWRpdEV4YW1zIjp0cnVlLCJjYW5NYW5hZ2VTdHVkZW50cyI6dHJ1ZSwiY2FuVmlld1JlcG9ydHMiOnRydWUsImNhbkRlbGV0ZURhdGEiOmZhbHNlLCJjYW5NYW5hZ2VGaW5hbmNlIjp0cnVlLCJjYW5NYW5hZ2VQbGFucyI6dHJ1ZSwiY2FuTWFuYWdlVGlja2V0cyI6dHJ1ZSwiY2FuTWFuYWdlQmFja3VwcyI6dHJ1ZSwiY2FuUmV2ZWFsUGFzc3dvcmRzIjpmYWxzZX0sInBlcm1pc3Npb25zVjIiOnt9LCJzZXNzaW9uSWQiOiJhNjRmZTA0Ny0wYmQ1LTRkYmUtYTRiMi03ZWFkNzAzMzY5OTQiLCJpYXQiOjE3NzI4MjQ4NzYsImV4cCI6MTc3MjgyNjA3Nn0.uploSFmJOHWf2vqP8pCqsPqLHBmM9lVonZYRgHaZApM [32m200[0m 4.064 ms - -[0m
[0mGET /api/settings/public [36m304[0m 19.496 ms - -[0m
[0mGET /api/auth/me [36m304[0m 14.702 ms - -[0m
[0mGET /api/auth/me [36m304[0m 22.277 ms - -[0m
[0mGET /api/campusway-secure-admin/dashboard/summary [32m200[0m 62.454 ms - 466[0m
[auth-stream] connected {
  userId: '69ab2928f1457f5c3f47ea18',
  sessionId: 'a64fe047-0bd5-4dbe-a4b2-7ead70336994',
  clientsForSession: 1
}
[auth-stream] connected {
  userId: '69ab2928f1457f5c3f47ea18',
  sessionId: 'a64fe047-0bd5-4dbe-a4b2-7ead70336994',
  clientsForSession: 2
}
[0mGET /api/campusway-secure-admin/settings/runtime [36m304[0m 27.112 ms - -[0m
[0mGET /api/campusway-secure-admin/support-tickets?page=1&limit=50 [32m200[0m 28.622 ms - 948[0m
[0mGET /api/campusway-secure-admin/notices?page=1&limit=20 [32m200[0m 27.747 ms - 510[0m
[0mGET /api/home/stream [32m200[0m 0.262 ms - -[0m
[auth-stream] disconnected {
  userId: '69ab2928f1457f5c3f47ea18',
  sessionId: 'a64fe047-0bd5-4dbe-a4b2-7ead70336994'
}
[0mGET /api/auth/session-stream?token=eyJhbGciOiJIUzI1NiIsInR5cCI6IkpXVCJ9.eyJfaWQiOiI2OWFiMjkyOGYxNDU3ZjVjM2Y0N2VhMTgiLCJ1c2VybmFtZSI6ImUyZV9hZG1pbl9kZXNrdG9wIiwiZW1haWwiOiJlMmVfYWRtaW5fZGVza3RvcEBjYW1wdXN3YXkubG9jYWwiLCJyb2xlIjoiYWRtaW4iLCJmdWxsTmFtZSI6IkUyRSBBZG1pbiBEZXNrdG9wIiwicGVybWlzc2lvbnMiOnsiY2FuRWRpdEV4YW1zIjp0cnVlLCJjYW5NYW5hZ2VTdHVkZW50cyI6dHJ1ZSwiY2FuVmlld1JlcG9ydHMiOnRydWUsImNhbkRlbGV0ZURhdGEiOmZhbHNlLCJjYW5NYW5hZ2VGaW5hbmNlIjp0cnVlLCJjYW5NYW5hZ2VQbGFucyI6dHJ1ZSwiY2FuTWFuYWdlVGlja2V0cyI6dHJ1ZSwiY2FuTWFuYWdlQmFja3VwcyI6dHJ1ZSwiY2FuUmV2ZWFsUGFzc3dvcmRzIjpmYWxzZX0sInBlcm1pc3Npb25zVjIiOnt9LCJzZXNzaW9uSWQiOiJhNjRmZTA0Ny0wYmQ1LTRkYmUtYTRiMi03ZWFkNzAzMzY5OTQiLCJpYXQiOjE3NzI4MjQ4NzYsImV4cCI6MTc3MjgyNjA3Nn0.uploSFmJOHWf2vqP8pCqsPqLHBmM9lVonZYRgHaZApM [32m200[0m 8.172 ms - -[0m
[0mGET /api/settings/public [36m304[0m 15.802 ms - -[0m
[0mGET /api/auth/me [36m304[0m 15.682 ms - -[0m
[0mGET /api/auth/me [36m304[0m 33.229 ms - -[0m
[0mGET /api/campusway-secure-admin/dashboard/summary [32m200[0m 18.808 ms - 466[0m
[auth-stream] connected {
  userId: '69ab2928f1457f5c3f47ea18',
  sessionId: 'a64fe047-0bd5-4dbe-a4b2-7ead70336994',
  clientsForSession: 2
}
[auth-stream] disconnected {
  userId: '69ab2928f1457f5c3f47ea18',
  sessionId: 'a64fe047-0bd5-4dbe-a4b2-7ead70336994'
}
[0mGET /api/auth/session-stream?token=eyJhbGciOiJIUzI1NiIsInR5cCI6IkpXVCJ9.eyJfaWQiOiI2OWFiMjkyOGYxNDU3ZjVjM2Y0N2VhMTgiLCJ1c2VybmFtZSI6ImUyZV9hZG1pbl9kZXNrdG9wIiwiZW1haWwiOiJlMmVfYWRtaW5fZGVza3RvcEBjYW1wdXN3YXkubG9jYWwiLCJyb2xlIjoiYWRtaW4iLCJmdWxsTmFtZSI6IkUyRSBBZG1pbiBEZXNrdG9wIiwicGVybWlzc2lvbnMiOnsiY2FuRWRpdEV4YW1zIjp0cnVlLCJjYW5NYW5hZ2VTdHVkZW50cyI6dHJ1ZSwiY2FuVmlld1JlcG9ydHMiOnRydWUsImNhbkRlbGV0ZURhdGEiOmZhbHNlLCJjYW5NYW5hZ2VGaW5hbmNlIjp0cnVlLCJjYW5NYW5hZ2VQbGFucyI6dHJ1ZSwiY2FuTWFuYWdlVGlja2V0cyI6dHJ1ZSwiY2FuTWFuYWdlQmFja3VwcyI6dHJ1ZSwiY2FuUmV2ZWFsUGFzc3dvcmRzIjpmYWxzZX0sInBlcm1pc3Npb25zVjIiOnt9LCJzZXNzaW9uSWQiOiJhNjRmZTA0Ny0wYmQ1LTRkYmUtYTRiMi03ZWFkNzAzMzY5OTQiLCJpYXQiOjE3NzI4MjQ4NzYsImV4cCI6MTc3MjgyNjA3Nn0.uploSFmJOHWf2vqP8pCqsPqLHBmM9lVonZYRgHaZApM [32m200[0m 7.424 ms - -[0m
[auth-stream] connected {
  userId: '69ab2928f1457f5c3f47ea18',
  sessionId: 'a64fe047-0bd5-4dbe-a4b2-7ead70336994',
  clientsForSession: 2
}
[0mGET /api/campusway-secure-admin/reports/summary [32m200[0m 25.953 ms - 465[0m
[0mGET /api/campusway-secure-admin/exams?page=1&limit=100 [32m200[0m 53.568 ms - -[0m
[auth-stream] disconnected {
  userId: '69ab2928f1457f5c3f47ea18',
  sessionId: 'a64fe047-0bd5-4dbe-a4b2-7ead70336994'
}
[0mGET /api/auth/session-stream?token=eyJhbGciOiJIUzI1NiIsInR5cCI6IkpXVCJ9.eyJfaWQiOiI2OWFiMjkyOGYxNDU3ZjVjM2Y0N2VhMTgiLCJ1c2VybmFtZSI6ImUyZV9hZG1pbl9kZXNrdG9wIiwiZW1haWwiOiJlMmVfYWRtaW5fZGVza3RvcEBjYW1wdXN3YXkubG9jYWwiLCJyb2xlIjoiYWRtaW4iLCJmdWxsTmFtZSI6IkUyRSBBZG1pbiBEZXNrdG9wIiwicGVybWlzc2lvbnMiOnsiY2FuRWRpdEV4YW1zIjp0cnVlLCJjYW5NYW5hZ2VTdHVkZW50cyI6dHJ1ZSwiY2FuVmlld1JlcG9ydHMiOnRydWUsImNhbkRlbGV0ZURhdGEiOmZhbHNlLCJjYW5NYW5hZ2VGaW5hbmNlIjp0cnVlLCJjYW5NYW5hZ2VQbGFucyI6dHJ1ZSwiY2FuTWFuYWdlVGlja2V0cyI6dHJ1ZSwiY2FuTWFuYWdlQmFja3VwcyI6dHJ1ZSwiY2FuUmV2ZWFsUGFzc3dvcmRzIjpmYWxzZX0sInBlcm1pc3Npb25zVjIiOnt9LCJzZXNzaW9uSWQiOiJhNjRmZTA0Ny0wYmQ1LTRkYmUtYTRiMi03ZWFkNzAzMzY5OTQiLCJpYXQiOjE3NzI4MjQ4NzYsImV4cCI6MTc3MjgyNjA3Nn0.uploSFmJOHWf2vqP8pCqsPqLHBmM9lVonZYRgHaZApM [32m200[0m 4.601 ms - -[0m
[0mGET /api/home/stream [32m200[0m 0.179 ms - -[0m
[0mGET /api/auth/me [36m304[0m 22.569 ms - -[0m
[0mGET /api/settings/public [36m304[0m 24.923 ms - -[0m
[0mGET /api/auth/me [36m304[0m 24.754 ms - -[0m
[0mGET /api/campusway-secure-admin/dashboard/summary [32m200[0m 19.830 ms - 466[0m
[auth-stream] connected {
  userId: '69ab2928f1457f5c3f47ea18',
  sessionId: 'a64fe047-0bd5-4dbe-a4b2-7ead70336994',
  clientsForSession: 2
}
[0mGET /api/campusway-secure-admin/settings/runtime [36m304[0m 60.056 ms - -[0m
[0mGET /api/campusway-secure-admin/security-settings [32m200[0m 58.093 ms - -[0m
[0mGET /api/campusway-secure-admin/approvals/pending?limit=100 [32m200[0m 58.735 ms - 22[0m
[auth-stream] disconnected {
  userId: '69ab2928f1457f5c3f47ea18',
  sessionId: 'a64fe047-0bd5-4dbe-a4b2-7ead70336994'
}
[0mGET /api/auth/session-stream?token=eyJhbGciOiJIUzI1NiIsInR5cCI6IkpXVCJ9.eyJfaWQiOiI2OWFiMjkyOGYxNDU3ZjVjM2Y0N2VhMTgiLCJ1c2VybmFtZSI6ImUyZV9hZG1pbl9kZXNrdG9wIiwiZW1haWwiOiJlMmVfYWRtaW5fZGVza3RvcEBjYW1wdXN3YXkubG9jYWwiLCJyb2xlIjoiYWRtaW4iLCJmdWxsTmFtZSI6IkUyRSBBZG1pbiBEZXNrdG9wIiwicGVybWlzc2lvbnMiOnsiY2FuRWRpdEV4YW1zIjp0cnVlLCJjYW5NYW5hZ2VTdHVkZW50cyI6dHJ1ZSwiY2FuVmlld1JlcG9ydHMiOnRydWUsImNhbkRlbGV0ZURhdGEiOmZhbHNlLCJjYW5NYW5hZ2VGaW5hbmNlIjp0cnVlLCJjYW5NYW5hZ2VQbGFucyI6dHJ1ZSwiY2FuTWFuYWdlVGlja2V0cyI6dHJ1ZSwiY2FuTWFuYWdlQmFja3VwcyI6dHJ1ZSwiY2FuUmV2ZWFsUGFzc3dvcmRzIjpmYWxzZX0sInBlcm1pc3Npb25zVjIiOnt9LCJzZXNzaW9uSWQiOiJhNjRmZTA0Ny0wYmQ1LTRkYmUtYTRiMi03ZWFkNzAzMzY5OTQiLCJpYXQiOjE3NzI4MjQ4NzYsImV4cCI6MTc3MjgyNjA3Nn0.uploSFmJOHWf2vqP8pCqsPqLHBmM9lVonZYRgHaZApM [32m200[0m 13.601 ms - -[0m
[0mGET /api/home/stream [32m200[0m 0.183 ms - -[0m
[0mGET /api/settings/public [36m304[0m 21.120 ms - -[0m
[0mGET /api/auth/me [36m304[0m 29.036 ms - -[0m
[0mGET /api/auth/me [36m304[0m 27.538 ms - -[0m
[0mGET /api/campusway-secure-admin/dashboard/summary [32m200[0m 24.989 ms - 466[0m
[auth-stream] connected {
  userId: '69ab2928f1457f5c3f47ea18',
  sessionId: 'a64fe047-0bd5-4dbe-a4b2-7ead70336994',
  clientsForSession: 2
}
[0mGET /api/campusway-secure-admin/health [32m200[0m 9.051 ms - 87[0m
[0mGET /api/campusway-secure-admin/jobs/runs?limit=40 [32m200[0m 20.155 ms - -[0m
[0mGET /api/campusway-secure-admin/jobs/health?hours=24 [32m200[0m 24.083 ms - 421[0m
[0mGET /api/campusway-secure-admin/audit-logs?page=1&limit=50&scope=news [32m200[0m 38.973 ms - 41[0m
[0mGET /api/home/stream [32m200[0m 0.228 ms - -[0m
[auth-stream] disconnected {
  userId: '69ab2928f1457f5c3f47ea18',
  sessionId: 'a64fe047-0bd5-4dbe-a4b2-7ead70336994'
}
[0mGET /api/auth/session-stream?token=eyJhbGciOiJIUzI1NiIsInR5cCI6IkpXVCJ9.eyJfaWQiOiI2OWFiMjkyOGYxNDU3ZjVjM2Y0N2VhMTgiLCJ1c2VybmFtZSI6ImUyZV9hZG1pbl9kZXNrdG9wIiwiZW1haWwiOiJlMmVfYWRtaW5fZGVza3RvcEBjYW1wdXN3YXkubG9jYWwiLCJyb2xlIjoiYWRtaW4iLCJmdWxsTmFtZSI6IkUyRSBBZG1pbiBEZXNrdG9wIiwicGVybWlzc2lvbnMiOnsiY2FuRWRpdEV4YW1zIjp0cnVlLCJjYW5NYW5hZ2VTdHVkZW50cyI6dHJ1ZSwiY2FuVmlld1JlcG9ydHMiOnRydWUsImNhbkRlbGV0ZURhdGEiOmZhbHNlLCJjYW5NYW5hZ2VGaW5hbmNlIjp0cnVlLCJjYW5NYW5hZ2VQbGFucyI6dHJ1ZSwiY2FuTWFuYWdlVGlja2V0cyI6dHJ1ZSwiY2FuTWFuYWdlQmFja3VwcyI6dHJ1ZSwiY2FuUmV2ZWFsUGFzc3dvcmRzIjpmYWxzZX0sInBlcm1pc3Npb25zVjIiOnt9LCJzZXNzaW9uSWQiOiJhNjRmZTA0Ny0wYmQ1LTRkYmUtYTRiMi03ZWFkNzAzMzY5OTQiLCJpYXQiOjE3NzI4MjQ4NzYsImV4cCI6MTc3MjgyNjA3Nn0.uploSFmJOHWf2vqP8pCqsPqLHBmM9lVonZYRgHaZApM [32m200[0m 17.266 ms - -[0m
[0mGET /api/auth/me [36m304[0m 24.815 ms - -[0m
[0mGET /api/settings/public [36m304[0m 45.211 ms - -[0m
[0mGET /api/auth/me [36m304[0m 22.442 ms - -[0m
[auth-stream] connected {
  userId: '69ab2928f1457f5c3f47ea18',
  sessionId: 'a64fe047-0bd5-4dbe-a4b2-7ead70336994',
  clientsForSession: 2
}
[0mGET /api/campusway-secure-admin/dashboard/summary [32m200[0m 20.101 ms - 466[0m
[0mGET /api/profile/me [32m200[0m 15.624 ms - -[0m
[0mGET /api/profile/me [36m304[0m 13.468 ms - -[0m
[auth-stream] disconnected {
  userId: '69ab2928f1457f5c3f47ea18',
  sessionId: 'a64fe047-0bd5-4dbe-a4b2-7ead70336994'
}
[0mGET /api/auth/session-stream?token=eyJhbGciOiJIUzI1NiIsInR5cCI6IkpXVCJ9.eyJfaWQiOiI2OWFiMjkyOGYxNDU3ZjVjM2Y0N2VhMTgiLCJ1c2VybmFtZSI6ImUyZV9hZG1pbl9kZXNrdG9wIiwiZW1haWwiOiJlMmVfYWRtaW5fZGVza3RvcEBjYW1wdXN3YXkubG9jYWwiLCJyb2xlIjoiYWRtaW4iLCJmdWxsTmFtZSI6IkUyRSBBZG1pbiBEZXNrdG9wIiwicGVybWlzc2lvbnMiOnsiY2FuRWRpdEV4YW1zIjp0cnVlLCJjYW5NYW5hZ2VTdHVkZW50cyI6dHJ1ZSwiY2FuVmlld1JlcG9ydHMiOnRydWUsImNhbkRlbGV0ZURhdGEiOmZhbHNlLCJjYW5NYW5hZ2VGaW5hbmNlIjp0cnVlLCJjYW5NYW5hZ2VQbGFucyI6dHJ1ZSwiY2FuTWFuYWdlVGlja2V0cyI6dHJ1ZSwiY2FuTWFuYWdlQmFja3VwcyI6dHJ1ZSwiY2FuUmV2ZWFsUGFzc3dvcmRzIjpmYWxzZX0sInBlcm1pc3Npb25zVjIiOnt9LCJzZXNzaW9uSWQiOiJhNjRmZTA0Ny0wYmQ1LTRkYmUtYTRiMi03ZWFkNzAzMzY5OTQiLCJpYXQiOjE3NzI4MjQ4NzYsImV4cCI6MTc3MjgyNjA3Nn0.uploSFmJOHWf2vqP8pCqsPqLHBmM9lVonZYRgHaZApM [32m200[0m 6.093 ms - -[0m
[0mGET /api/home/stream [32m200[0m 0.176 ms - -[0m
[0mGET /api/auth/session-stream?token=eyJhbGciOiJIUzI1NiIsInR5cCI6IkpXVCJ9.eyJfaWQiOiI2OWFiMjkyOGYxNDU3ZjVjM2Y0N2VhMTgiLCJ1c2VybmFtZSI6ImUyZV9hZG1pbl9kZXNrdG9wIiwiZW1haWwiOiJlMmVfYWRtaW5fZGVza3RvcEBjYW1wdXN3YXkubG9jYWwiLCJyb2xlIjoiYWRtaW4iLCJmdWxsTmFtZSI6IkUyRSBBZG1pbiBEZXNrdG9wIiwicGVybWlzc2lvbnMiOnsiY2FuRWRpdEV4YW1zIjp0cnVlLCJjYW5NYW5hZ2VTdHVkZW50cyI6dHJ1ZSwiY2FuVmlld1JlcG9ydHMiOnRydWUsImNhbkRlbGV0ZURhdGEiOmZhbHNlLCJjYW5NYW5hZ2VGaW5hbmNlIjp0cnVlLCJjYW5NYW5hZ2VQbGFucyI6dHJ1ZSwiY2FuTWFuYWdlVGlja2V0cyI6dHJ1ZSwiY2FuTWFuYWdlQmFja3VwcyI6dHJ1ZSwiY2FuUmV2ZWFsUGFzc3dvcmRzIjpmYWxzZX0sInBlcm1pc3Npb25zVjIiOnt9LCJzZXNzaW9uSWQiOiJhNjRmZTA0Ny0wYmQ1LTRkYmUtYTRiMi03ZWFkNzAzMzY5OTQiLCJpYXQiOjE3NzI4MjQ4NzYsImV4cCI6MTc3MjgyNjA3Nn0.uploSFmJOHWf2vqP8pCqsPqLHBmM9lVonZYRgHaZApM [32m200[0m 46.365 ms - -[0m
[auth-stream] disconnected {
  userId: '69ab2928f1457f5c3f47ea18',
  sessionId: 'a64fe047-0bd5-4dbe-a4b2-7ead70336994'
}
