{
  "config": {
    "configFile": "f:\\CampusWay\\frontend\\playwright.config.ts",
    "rootDir": "f:/CampusWay/frontend/e2e",
    "forbidOnly": false,
    "fullyParallel": false,
    "globalSetup": null,
    "globalTeardown": null,
    "globalTimeout": 0,
    "grep": {},
    "grepInvert": null,
    "maxFailures": 0,
    "metadata": {
      "actualWorkers": 1
    },
    "preserveOutput": "always",
    "projects": [
      {
        "outputDir": "f:/CampusWay/frontend/test-results",
        "repeatEach": 1,
        "retries": 0,
        "metadata": {
          "actualWorkers": 1
        },
        "id": "chromium-desktop",
        "name": "chromium-desktop",
        "testDir": "f:/CampusWay/frontend/e2e",
        "testIgnore": [],
        "testMatch": [
          "**/*.@(spec|test).?(c|m)[jt]s?(x)"
        ],
        "timeout": 60000
      },
      {
        "outputDir": "f:/CampusWay/frontend/test-results",
        "repeatEach": 1,
        "retries": 0,
        "metadata": {
          "actualWorkers": 1
        },
        "id": "chromium-mobile",
        "name": "chromium-mobile",
        "testDir": "f:/CampusWay/frontend/e2e",
        "testIgnore": [],
        "testMatch": [
          "**/*.@(spec|test).?(c|m)[jt]s?(x)"
        ],
        "timeout": 60000
      }
    ],
    "quiet": false,
    "reporter": [
      [
        "json"
      ]
    ],
    "reportSlowTests": {
      "max": 5,
      "threshold": 300000
    },
    "runAgents": "none",
    "shard": null,
    "tags": [],
    "updateSnapshots": "missing",
    "updateSourceMethod": "patch",
    "version": "1.58.2",
    "workers": 1,
    "webServer": null
  },
  "suites": [
    {
      "title": "auth-session.spec.ts",
      "file": "auth-session.spec.ts",
      "column": 0,
      "line": 0,
      "specs": [],
      "suites": [
        {
          "title": "Auth Session Security",
          "file": "auth-session.spec.ts",
          "line": 6,
          "column": 6,
          "specs": [
            {
              "title": "new login invalidates old student session",
              "ok": true,
              "tags": [],
              "tests": [
                {
                  "timeout": 60000,
                  "annotations": [],
                  "expectedStatus": "passed",
                  "projectId": "chromium-desktop",
                  "projectName": "chromium-desktop",
                  "results": [
                    {
                      "workerIndex": 0,
                      "parallelIndex": 0,
                      "status": "passed",
                      "duration": 6931,
                      "errors": [],
                      "stdout": [],
                      "stderr": [],
                      "retry": 0,
                      "startTime": "2026-03-10T18:15:35.678Z",
                      "annotations": [],
                      "attachments": []
                    }
                  ],
                  "status": "expected"
                }
              ],
              "id": "9343c0faad9d5d909287-64f507576366d3e89e02",
              "file": "auth-session.spec.ts",
              "line": 7,
              "column": 5
            }
          ]
        }
      ]
    },
    {
      "title": "cross-role-permissions.spec.ts",
      "file": "cross-role-permissions.spec.ts",
      "column": 0,
      "line": 0,
      "specs": [],
      "suites": [
        {
          "title": "Cross-role Permissions",
          "file": "cross-role-permissions.spec.ts",
          "line": 29,
          "column": 6,
          "specs": [
            {
              "title": "public direct URLs cannot access protected student/admin pages",
              "ok": true,
              "tags": [],
              "tests": [
                {
                  "timeout": 60000,
                  "annotations": [],
                  "expectedStatus": "passed",
                  "projectId": "chromium-desktop",
                  "projectName": "chromium-desktop",
                  "results": [
                    {
                      "workerIndex": 0,
                      "parallelIndex": 0,
                      "status": "passed",
                      "duration": 5147,
                      "errors": [],
                      "stdout": [],
                      "stderr": [],
                      "retry": 0,
                      "startTime": "2026-03-10T18:15:42.779Z",
                      "annotations": [],
                      "attachments": []
                    }
                  ],
                  "status": "expected"
                }
              ],
              "id": "d035a49d885ce6556860-760443bf7b0f35583ccd",
              "file": "cross-role-permissions.spec.ts",
              "line": 30,
              "column": 5
            },
            {
              "title": "student cannot reach admin routes by direct URL",
              "ok": true,
              "tags": [],
              "tests": [
                {
                  "timeout": 60000,
                  "annotations": [],
                  "expectedStatus": "passed",
                  "projectId": "chromium-desktop",
                  "projectName": "chromium-desktop",
                  "results": [
                    {
                      "workerIndex": 0,
                      "parallelIndex": 0,
                      "status": "passed",
                      "duration": 4425,
                      "errors": [],
                      "stdout": [],
                      "stderr": [],
                      "retry": 0,
                      "startTime": "2026-03-10T18:15:47.948Z",
                      "annotations": [],
                      "attachments": []
                    }
                  ],
                  "status": "expected"
                }
              ],
              "id": "d035a49d885ce6556860-2ee009cec39840aaa5e9",
              "file": "cross-role-permissions.spec.ts",
              "line": 47,
              "column": 5
            },
            {
              "title": "student/admin API tokens are blocked from cross-role endpoints",
              "ok": true,
              "tags": [],
              "tests": [
                {
                  "timeout": 60000,
                  "annotations": [],
                  "expectedStatus": "passed",
                  "projectId": "chromium-desktop",
                  "projectName": "chromium-desktop",
                  "results": [
                    {
                      "workerIndex": 0,
                      "parallelIndex": 0,
                      "status": "passed",
                      "duration": 882,
                      "errors": [],
                      "stdout": [],
                      "stderr": [],
                      "retry": 0,
                      "startTime": "2026-03-10T18:15:52.398Z",
                      "annotations": [],
                      "attachments": []
                    }
                  ],
                  "status": "expected"
                }
              ],
              "id": "d035a49d885ce6556860-83a8e4d1445088ca5222",
              "file": "cross-role-permissions.spec.ts",
              "line": 59,
              "column": 5
            }
          ]
        }
      ]
    },
    {
      "title": "login-unification.spec.ts",
      "file": "login-unification.spec.ts",
      "column": 0,
      "line": 0,
      "specs": [],
      "suites": [
        {
          "title": "Login Unification",
          "file": "login-unification.spec.ts",
          "line": 15,
          "column": 15,
          "specs": [
            {
              "title": "canonical login pages render logo + compact theme toggle",
              "ok": true,
              "tags": [],
              "tests": [
                {
                  "timeout": 60000,
                  "annotations": [],
                  "expectedStatus": "passed",
                  "projectId": "chromium-desktop",
                  "projectName": "chromium-desktop",
                  "results": [
                    {
                      "workerIndex": 0,
                      "parallelIndex": 0,
                      "status": "passed",
                      "duration": 3170,
                      "errors": [],
                      "stdout": [],
                      "stderr": [],
                      "retry": 0,
                      "startTime": "2026-03-10T18:15:53.315Z",
                      "annotations": [],
                      "attachments": []
                    }
                  ],
                  "status": "expected"
                }
              ],
              "id": "cc2f8252618595ce4ba3-89795b44dca1c5449b55",
              "file": "login-unification.spec.ts",
              "line": 16,
              "column": 5
            },
            {
              "title": "legacy /admin/login redirects to secret admin login",
              "ok": true,
              "tags": [],
              "tests": [
                {
                  "timeout": 60000,
                  "annotations": [],
                  "expectedStatus": "passed",
                  "projectId": "chromium-desktop",
                  "projectName": "chromium-desktop",
                  "results": [
                    {
                      "workerIndex": 0,
                      "parallelIndex": 0,
                      "status": "passed",
                      "duration": 1639,
                      "errors": [],
                      "stdout": [],
                      "stderr": [],
                      "retry": 0,
                      "startTime": "2026-03-10T18:15:56.502Z",
                      "annotations": [],
                      "attachments": []
                    }
                  ],
                  "status": "expected"
                }
              ],
              "id": "cc2f8252618595ce4ba3-896710b02716cf5be32d",
              "file": "login-unification.spec.ts",
              "line": 29,
              "column": 5
            },
            {
              "title": "unauthorized admin dashboard redirects to secret login",
              "ok": true,
              "tags": [],
              "tests": [
                {
                  "timeout": 60000,
                  "annotations": [],
                  "expectedStatus": "passed",
                  "projectId": "chromium-desktop",
                  "projectName": "chromium-desktop",
                  "results": [
                    {
                      "workerIndex": 0,
                      "parallelIndex": 0,
                      "status": "passed",
                      "duration": 1440,
                      "errors": [],
                      "stdout": [],
                      "stderr": [],
                      "retry": 0,
                      "startTime": "2026-03-10T18:15:58.157Z",
                      "annotations": [],
                      "attachments": []
                    }
                  ],
                  "status": "expected"
                }
              ],
              "id": "cc2f8252618595ce4ba3-00dc27776928ea84de7b",
              "file": "login-unification.spec.ts",
              "line": 34,
              "column": 5
            },
            {
              "title": "student login succeeds only from /login and redirects to /dashboard",
              "ok": true,
              "tags": [],
              "tests": [
                {
                  "timeout": 60000,
                  "annotations": [],
                  "expectedStatus": "passed",
                  "projectId": "chromium-desktop",
                  "projectName": "chromium-desktop",
                  "results": [
                    {
                      "workerIndex": 0,
                      "parallelIndex": 0,
                      "status": "passed",
                      "duration": 2683,
                      "errors": [],
                      "stdout": [],
                      "stderr": [],
                      "retry": 0,
                      "startTime": "2026-03-10T18:15:59.615Z",
                      "annotations": [],
                      "attachments": []
                    }
                  ],
                  "status": "expected"
                }
              ],
              "id": "cc2f8252618595ce4ba3-09870e69eb61d220b75e",
              "file": "login-unification.spec.ts",
              "line": 39,
              "column": 5
            },
            {
              "title": "admin login succeeds only from /__cw_admin__/login and redirects to /__cw_admin__/dashboard",
              "ok": true,
              "tags": [],
              "tests": [
                {
                  "timeout": 60000,
                  "annotations": [],
                  "expectedStatus": "passed",
                  "projectId": "chromium-desktop",
                  "projectName": "chromium-desktop",
                  "results": [
                    {
                      "workerIndex": 0,
                      "parallelIndex": 0,
                      "status": "passed",
                      "duration": 2428,
                      "errors": [],
                      "stdout": [],
                      "stderr": [],
                      "retry": 0,
                      "startTime": "2026-03-10T18:16:02.316Z",
                      "annotations": [],
                      "attachments": []
                    }
                  ],
                  "status": "expected"
                }
              ],
              "id": "cc2f8252618595ce4ba3-8ca2c7572d79cfc4deec",
              "file": "login-unification.spec.ts",
              "line": 48,
              "column": 5
            },
            {
              "title": "chairman login redirects to /chairman/dashboard when chairman creds are configured",
              "ok": true,
              "tags": [],
              "tests": [
                {
                  "timeout": 60000,
                  "annotations": [
                    {
                      "type": "skip",
                      "description": "Chairman credentials are not configured for this environment.",
                      "location": {
                        "file": "f:\\CampusWay\\frontend\\e2e\\login-unification.spec.ts",
                        "line": 58,
                        "column": 14
                      }
                    }
                  ],
                  "expectedStatus": "skipped",
                  "projectId": "chromium-desktop",
                  "projectName": "chromium-desktop",
                  "results": [
                    {
                      "workerIndex": 0,
                      "parallelIndex": 0,
                      "status": "skipped",
                      "duration": 279,
                      "errors": [],
                      "stdout": [],
                      "stderr": [],
                      "retry": 0,
                      "startTime": "2026-03-10T18:16:04.760Z",
                      "annotations": [
                        {
                          "type": "skip",
                          "description": "Chairman credentials are not configured for this environment.",
                          "location": {
                            "file": "f:\\CampusWay\\frontend\\e2e\\login-unification.spec.ts",
                            "line": 58,
                            "column": 14
                          }
                        }
                      ],
                      "attachments": []
                    }
                  ],
                  "status": "skipped"
                }
              ],
              "id": "cc2f8252618595ce4ba3-eabcc824762383d77a93",
              "file": "login-unification.spec.ts",
              "line": 57,
              "column": 5
            },
            {
              "title": "role mismatch: student creds fail on admin/chairman portals",
              "ok": true,
              "tags": [],
              "tests": [
                {
                  "timeout": 60000,
                  "annotations": [],
                  "expectedStatus": "passed",
                  "projectId": "chromium-desktop",
                  "projectName": "chromium-desktop",
                  "results": [
                    {
                      "workerIndex": 0,
                      "parallelIndex": 0,
                      "status": "passed",
                      "duration": 2596,
                      "errors": [],
                      "stdout": [],
                      "stderr": [],
                      "retry": 0,
                      "startTime": "2026-03-10T18:16:05.056Z",
                      "annotations": [],
                      "attachments": []
                    }
                  ],
                  "status": "expected"
                }
              ],
              "id": "cc2f8252618595ce4ba3-670bd5446e25b25584ac",
              "file": "login-unification.spec.ts",
              "line": 64,
              "column": 5
            }
          ]
        }
      ]
    },
    {
      "title": "phase4-pipelines.spec.ts",
      "file": "phase4-pipelines.spec.ts",
      "column": 0,
      "line": 0,
      "specs": [],
      "suites": [
        {
          "title": "Phase4 Pipelines Validation",
          "file": "phase4-pipelines.spec.ts",
          "line": 49,
          "column": 6,
          "specs": [
            {
              "title": "P4.1 rss ingestion creates pending items and dedupes duplicates",
              "ok": true,
              "tags": [],
              "tests": [
                {
                  "timeout": 60000,
                  "annotations": [],
                  "expectedStatus": "passed",
                  "projectId": "chromium-desktop",
                  "projectName": "chromium-desktop",
                  "results": [
                    {
                      "workerIndex": 0,
                      "parallelIndex": 0,
                      "status": "passed",
                      "duration": 191,
                      "errors": [],
                      "stdout": [],
                      "stderr": [],
                      "retry": 0,
                      "startTime": "2026-03-10T18:16:07.691Z",
                      "annotations": [],
                      "attachments": []
                    }
                  ],
                  "status": "expected"
                }
              ],
              "id": "a2eae2c4a57d0f99ae43-d1002150dcce1e28c060",
              "file": "phase4-pipelines.spec.ts",
              "line": 119,
              "column": 5
            },
            {
              "title": "P4.1 scheduled publish and default banner fallback update work",
              "ok": true,
              "tags": [],
              "tests": [
                {
                  "timeout": 180000,
                  "annotations": [],
                  "expectedStatus": "passed",
                  "projectId": "chromium-desktop",
                  "projectName": "chromium-desktop",
                  "results": [
                    {
                      "workerIndex": 0,
                      "parallelIndex": 0,
                      "status": "passed",
                      "duration": 60310,
                      "errors": [],
                      "stdout": [],
                      "stderr": [],
                      "retry": 0,
                      "startTime": "2026-03-10T18:16:08.760Z",
                      "annotations": [],
                      "attachments": []
                    }
                  ],
                  "status": "expected"
                }
              ],
              "id": "a2eae2c4a57d0f99ae43-3e617115e646e30293b9",
              "file": "phase4-pipelines.spec.ts",
              "line": 175,
              "column": 5
            },
            {
              "title": "P4.2 exam session autosubmit cron finalizes expired attempts",
              "ok": true,
              "tags": [],
              "tests": [
                {
                  "timeout": 300000,
                  "annotations": [],
                  "expectedStatus": "passed",
                  "projectId": "chromium-desktop",
                  "projectName": "chromium-desktop",
                  "results": [
                    {
                      "workerIndex": 0,
                      "parallelIndex": 0,
                      "status": "passed",
                      "duration": 120481,
                      "errors": [],
                      "stdout": [],
                      "stderr": [],
                      "retry": 0,
                      "startTime": "2026-03-10T18:17:09.089Z",
                      "annotations": [],
                      "attachments": []
                    }
                  ],
                  "status": "expected"
                }
              ],
              "id": "a2eae2c4a57d0f99ae43-ec0626106917d9820846",
              "file": "phase4-pipelines.spec.ts",
              "line": 268,
              "column": 5
            },
            {
              "title": "P4.3 payment pending->paid updates dashboard and P4.4 audit logs capture action",
              "ok": true,
              "tags": [],
              "tests": [
                {
                  "timeout": 60000,
                  "annotations": [],
                  "expectedStatus": "passed",
                  "projectId": "chromium-desktop",
                  "projectName": "chromium-desktop",
                  "results": [
                    {
                      "workerIndex": 0,
                      "parallelIndex": 0,
                      "status": "passed",
                      "duration": 197,
                      "errors": [],
                      "stdout": [],
                      "stderr": [],
                      "retry": 0,
                      "startTime": "2026-03-10T18:19:09.587Z",
                      "annotations": [],
                      "attachments": []
                    }
                  ],
                  "status": "expected"
                }
              ],
              "id": "a2eae2c4a57d0f99ae43-8d5d981802215c3c69c8",
              "file": "phase4-pipelines.spec.ts",
              "line": 370,
              "column": 5
            }
          ]
        }
      ]
    },
    {
      "title": "role-theme-persistence.spec.ts",
      "file": "role-theme-persistence.spec.ts",
      "column": 0,
      "line": 0,
      "specs": [],
      "suites": [
        {
          "title": "Role Theme Persistence",
          "file": "role-theme-persistence.spec.ts",
          "line": 30,
          "column": 6,
          "specs": [
            {
              "title": "student dark/light theme persists across reload",
              "ok": true,
              "tags": [],
              "tests": [
                {
                  "timeout": 60000,
                  "annotations": [],
                  "expectedStatus": "passed",
                  "projectId": "chromium-desktop",
                  "projectName": "chromium-desktop",
                  "results": [
                    {
                      "workerIndex": 0,
                      "parallelIndex": 0,
                      "status": "passed",
                      "duration": 7755,
                      "errors": [],
                      "stdout": [],
                      "stderr": [],
                      "retry": 0,
                      "startTime": "2026-03-10T18:19:09.942Z",
                      "annotations": [],
                      "attachments": []
                    }
                  ],
                  "status": "expected"
                }
              ],
              "id": "36ac5bf95a8cd39628ac-0fc8899fadc7708cf25c",
              "file": "role-theme-persistence.spec.ts",
              "line": 31,
              "column": 5
            },
            {
              "title": "admin dark/light theme persists across reload",
              "ok": true,
              "tags": [],
              "tests": [
                {
                  "timeout": 60000,
                  "annotations": [],
                  "expectedStatus": "passed",
                  "projectId": "chromium-desktop",
                  "projectName": "chromium-desktop",
                  "results": [
                    {
                      "workerIndex": 0,
                      "parallelIndex": 0,
                      "status": "passed",
                      "duration": 6228,
                      "errors": [],
                      "stdout": [],
                      "stderr": [],
                      "retry": 0,
                      "startTime": "2026-03-10T18:19:17.715Z",
                      "annotations": [],
                      "attachments": []
                    }
                  ],
                  "status": "expected"
                }
              ],
              "id": "36ac5bf95a8cd39628ac-3f4f2509afcf7133fce8",
              "file": "role-theme-persistence.spec.ts",
              "line": 54,
              "column": 5
            }
          ]
        }
      ]
    },
    {
      "title": "step2-core.spec.ts",
      "file": "step2-core.spec.ts",
      "column": 0,
      "line": 0,
      "specs": [],
      "suites": [
        {
          "title": "Step 2 Core Pack",
          "file": "step2-core.spec.ts",
          "line": 70,
          "column": 6,
          "specs": [
            {
              "title": "admin highlighted + featured updates are reflected in /api/home",
              "ok": true,
              "tags": [],
              "tests": [
                {
                  "timeout": 60000,
                  "annotations": [],
                  "expectedStatus": "passed",
                  "projectId": "chromium-desktop",
                  "projectName": "chromium-desktop",
                  "results": [
                    {
                      "workerIndex": 0,
                      "parallelIndex": 0,
                      "status": "passed",
                      "duration": 2747,
                      "errors": [],
                      "stdout": [],
                      "stderr": [],
                      "retry": 0,
                      "startTime": "2026-03-10T18:19:23.992Z",
                      "annotations": [],
                      "attachments": []
                    }
                  ],
                  "status": "expected"
                }
              ],
              "id": "ad706c873c04a0afe0a9-b315b437aa8543fcb17b",
              "file": "step2-core.spec.ts",
              "line": 71,
              "column": 5
            },
            {
              "title": "exam routes are gated by login and subscription policy",
              "ok": true,
              "tags": [],
              "tests": [
                {
                  "timeout": 60000,
                  "annotations": [],
                  "expectedStatus": "passed",
                  "projectId": "chromium-desktop",
                  "projectName": "chromium-desktop",
                  "results": [
                    {
                      "workerIndex": 0,
                      "parallelIndex": 0,
                      "status": "passed",
                      "duration": 9049,
                      "errors": [],
                      "stdout": [],
                      "stderr": [],
                      "retry": 0,
                      "startTime": "2026-03-10T18:19:26.757Z",
                      "annotations": [],
                      "attachments": []
                    }
                  ],
                  "status": "expected"
                }
              ],
              "id": "ad706c873c04a0afe0a9-07ba64076d82b449369b",
              "file": "step2-core.spec.ts",
              "line": 141,
              "column": 5
            },
            {
              "title": "question bank supports BN/EN payload and mobile card layout",
              "ok": true,
              "tags": [],
              "tests": [
                {
                  "timeout": 60000,
                  "annotations": [],
                  "expectedStatus": "passed",
                  "projectId": "chromium-desktop",
                  "projectName": "chromium-desktop",
                  "results": [
                    {
                      "workerIndex": 0,
                      "parallelIndex": 0,
                      "status": "passed",
                      "duration": 3384,
                      "errors": [],
                      "stdout": [],
                      "stderr": [],
                      "retry": 0,
                      "startTime": "2026-03-10T18:19:35.823Z",
                      "annotations": [],
                      "attachments": []
                    }
                  ],
                  "status": "expected"
                }
              ],
              "id": "ad706c873c04a0afe0a9-dda527bfd180379943f0",
              "file": "step2-core.spec.ts",
              "line": 232,
              "column": 5
            }
          ]
        }
      ]
    }
  ],
  "errors": [],
  "stats": {
    "startTime": "2026-03-10T18:15:33.520Z",
    "duration": 245858.979,
    "expected": 19,
    "skipped": 1,
    "unexpected": 0,
    "flaky": 0
  }
}