[   38714ms] [ERROR] Failed to load resource: the server responded with a status of 404 (Not Found) @ http://localhost:5175/api/admin/exams/69ae86972a20ea6d276e3117/results:0
[   39746ms] [ERROR] Failed to load resource: the server responded with a status of 404 (Not Found) @ http://localhost:5175/api/admin/exams/69ae86972a20ea6d276e3117/results:0
[  444849ms] [ERROR] Failed to load resource: the server responded with a status of 404 (Not Found) @ http://localhost:5175/api/admin/exams/69ae86972a20ea6d276e3117/results:0
[  445868ms] [ERROR] Failed to load resource: the server responded with a status of 404 (Not Found) @ http://localhost:5175/api/admin/exams/69ae86972a20ea6d276e3117/results:0
[  451965ms] [ERROR] Failed to load resource: the server responded with a status of 404 (Not Found) @ http://localhost:5175/api/admin/exams/69a5851c1d242c4fbe75eb7f/results:0
[  452986ms] [ERROR] Failed to load resource: the server responded with a status of 404 (Not Found) @ http://localhost:5175/api/admin/exams/69a5851c1d242c4fbe75eb7f/results:0
[  455057ms] [ERROR] Failed to load resource: the server responded with a status of 404 (Not Found) @ http://localhost:5175/api/admin/exams/69ae86612a20ea6d276e305b/results:0
[  456079ms] [ERROR] Failed to load resource: the server responded with a status of 404 (Not Found) @ http://localhost:5175/api/admin/exams/69ae86612a20ea6d276e305b/results:0
[  465809ms] [ERROR] Failed to load resource: the server responded with a status of 404 (Not Found) @ http://localhost:5175/api/admin/exams/69ae86612a20ea6d276e305b/results:0
[  466820ms] [ERROR] Failed to load resource: the server responded with a status of 404 (Not Found) @ http://localhost:5175/api/admin/exams/69ae86612a20ea6d276e305b/results:0
[  473086ms] [ERROR] Failed to load resource: the server responded with a status of 404 (Not Found) @ http://localhost:5175/api/admin/exams/69ae86612a20ea6d276e305b/results:0
[  474099ms] [ERROR] Failed to load resource: the server responded with a status of 404 (Not Found) @ http://localhost:5175/api/admin/exams/69ae86612a20ea6d276e305b/results:0
[  493281ms] [ERROR] Failed to load resource: the server responded with a status of 500 (OK) @ http://localhost:5175/api/auth/session-stream?token=eyJhbGciOiJIUzI1NiIsInR5cCI6IkpXVCJ9.eyJfaWQiOiI2OTlkZjMxNDQ2YmI2ZTg5ZmMwYTVhMDEiLCJ1c2VybmFtZSI6ImNhbXB1c3dheV9hZG1pbiIsImVtYWlsIjoiYWRtaW5AY2FtcHVzd2F5LmNvbSIsInJvbGUiOiJzdXBlcmFkbWluIiwiZnVsbE5hbWUiOiJTdXBlciBBZG1pbiIsInBlcm1pc3Npb25zIjp7ImNhbkVkaXRFeGFtcyI6dHJ1ZSwiY2FuTWFuYWdlU3R1ZGVudHMiOnRydWUsImNhblZpZXdSZXBvcnRzIjp0cnVlLCJjYW5EZWxldGVEYXRhIjp0cnVlLCJjYW5NYW5hZ2VGaW5hbmNlIjp0cnVlLCJjYW5NYW5hZ2VQbGFucyI6dHJ1ZSwiY2FuTWFuYWdlVGlja2V0cyI6dHJ1ZSwiY2FuTWFuYWdlQmFja3VwcyI6dHJ1ZSwiY2FuUmV2ZWFsUGFzc3dvcmRzIjp0cnVlfSwicGVybWlzc2lvbnNWMiI6e30sInNlc3Npb25JZCI6IjVlMmM0OThjLTA5ODAtNDY3OC05OTQ4LTRlMzk5NTY4NTFmYyIsImlhdCI6MTc3MzA0NjA1OSwiZXhwIjoxNzczMDQ3MjU5fQ.GuWgW5wQwYFxnqyM1yvgTdRabNSVMlVHHpHf9GUWMMM:0
[  493295ms] [ERROR] Failed to load resource: the server responded with a status of 500 (OK) @ http://localhost:5175/api/home/stream:0
[  493299ms] [ERROR] Failed to load resource: the server responded with a status of 500 (Internal Server Error) @ http://localhost:5175/api/auth/me:0
[  494297ms] [ERROR] Failed to load resource: the server responded with a status of 500 (Internal Server Error) @ http://localhost:5175/api/auth/session-stream?token=eyJhbGciOiJIUzI1NiIsInR5cCI6IkpXVCJ9.eyJfaWQiOiI2OTlkZjMxNDQ2YmI2ZTg5ZmMwYTVhMDEiLCJ1c2VybmFtZSI6ImNhbXB1c3dheV9hZG1pbiIsImVtYWlsIjoiYWRtaW5AY2FtcHVzd2F5LmNvbSIsInJvbGUiOiJzdXBlcmFkbWluIiwiZnVsbE5hbWUiOiJTdXBlciBBZG1pbiIsInBlcm1pc3Npb25zIjp7ImNhbkVkaXRFeGFtcyI6dHJ1ZSwiY2FuTWFuYWdlU3R1ZGVudHMiOnRydWUsImNhblZpZXdSZXBvcnRzIjp0cnVlLCJjYW5EZWxldGVEYXRhIjp0cnVlLCJjYW5NYW5hZ2VGaW5hbmNlIjp0cnVlLCJjYW5NYW5hZ2VQbGFucyI6dHJ1ZSwiY2FuTWFuYWdlVGlja2V0cyI6dHJ1ZSwiY2FuTWFuYWdlQmFja3VwcyI6dHJ1ZSwiY2FuUmV2ZWFsUGFzc3dvcmRzIjp0cnVlfSwicGVybWlzc2lvbnNWMiI6e30sInNlc3Npb25JZCI6IjVlMmM0OThjLTA5ODAtNDY3OC05OTQ4LTRlMzk5NTY4NTFmYyIsImlhdCI6MTc3MzA0NjA1OSwiZXhwIjoxNzczMDQ3MjU5fQ.GuWgW5wQwYFxnqyM1yvgTdRabNSVMlVHHpHf9GUWMMM:0
[  495304ms] [ERROR] Failed to load resource: the server responded with a status of 500 (Internal Server Error) @ http://localhost:5175/api/home/stream:0
[  496336ms] [ERROR] Failed to load resource: the server responded with a status of 500 (Internal Server Error) @ http://localhost:5175/api/auth/session-stream?token=eyJhbGciOiJIUzI1NiIsInR5cCI6IkpXVCJ9.eyJfaWQiOiI2OTlkZjMxNDQ2YmI2ZTg5ZmMwYTVhMDEiLCJ1c2VybmFtZSI6ImNhbXB1c3dheV9hZG1pbiIsImVtYWlsIjoiYWRtaW5AY2FtcHVzd2F5LmNvbSIsInJvbGUiOiJzdXBlcmFkbWluIiwiZnVsbE5hbWUiOiJTdXBlciBBZG1pbiIsInBlcm1pc3Npb25zIjp7ImNhbkVkaXRFeGFtcyI6dHJ1ZSwiY2FuTWFuYWdlU3R1ZGVudHMiOnRydWUsImNhblZpZXdSZXBvcnRzIjp0cnVlLCJjYW5EZWxldGVEYXRhIjp0cnVlLCJjYW5NYW5hZ2VGaW5hbmNlIjp0cnVlLCJjYW5NYW5hZ2VQbGFucyI6dHJ1ZSwiY2FuTWFuYWdlVGlja2V0cyI6dHJ1ZSwiY2FuTWFuYWdlQmFja3VwcyI6dHJ1ZSwiY2FuUmV2ZWFsUGFzc3dvcmRzIjp0cnVlfSwicGVybWlzc2lvbnNWMiI6e30sInNlc3Npb25JZCI6IjVlMmM0OThjLTA5ODAtNDY3OC05OTQ4LTRlMzk5NTY4NTFmYyIsImlhdCI6MTc3MzA0NjA1OSwiZXhwIjoxNzczMDQ3MjU5fQ.GuWgW5wQwYFxnqyM1yvgTdRabNSVMlVHHpHf9GUWMMM:0
[  497314ms] [ERROR] Failed to load resource: the server responded with a status of 500 (Internal Server Error) @ http://localhost:5175/api/home/stream:0
[  499332ms] [ERROR] Failed to load resource: the server responded with a status of 500 (Internal Server Error) @ http://localhost:5175/api/home/stream:0
[  500353ms] [ERROR] Failed to load resource: the server responded with a status of 500 (Internal Server Error) @ http://localhost:5175/api/auth/session-stream?token=eyJhbGciOiJIUzI1NiIsInR5cCI6IkpXVCJ9.eyJfaWQiOiI2OTlkZjMxNDQ2YmI2ZTg5ZmMwYTVhMDEiLCJ1c2VybmFtZSI6ImNhbXB1c3dheV9hZG1pbiIsImVtYWlsIjoiYWRtaW5AY2FtcHVzd2F5LmNvbSIsInJvbGUiOiJzdXBlcmFkbWluIiwiZnVsbE5hbWUiOiJTdXBlciBBZG1pbiIsInBlcm1pc3Npb25zIjp7ImNhbkVkaXRFeGFtcyI6dHJ1ZSwiY2FuTWFuYWdlU3R1ZGVudHMiOnRydWUsImNhblZpZXdSZXBvcnRzIjp0cnVlLCJjYW5EZWxldGVEYXRhIjp0cnVlLCJjYW5NYW5hZ2VGaW5hbmNlIjp0cnVlLCJjYW5NYW5hZ2VQbGFucyI6dHJ1ZSwiY2FuTWFuYWdlVGlja2V0cyI6dHJ1ZSwiY2FuTWFuYWdlQmFja3VwcyI6dHJ1ZSwiY2FuUmV2ZWFsUGFzc3dvcmRzIjp0cnVlfSwicGVybWlzc2lvbnNWMiI6e30sInNlc3Npb25JZCI6IjVlMmM0OThjLTA5ODAtNDY3OC05OTQ4LTRlMzk5NTY4NTFmYyIsImlhdCI6MTc3MzA0NjA1OSwiZXhwIjoxNzczMDQ3MjU5fQ.GuWgW5wQwYFxnqyM1yvgTdRabNSVMlVHHpHf9GUWMMM:0
[  501341ms] [ERROR] Failed to load resource: the server responded with a status of 500 (Internal Server Error) @ http://localhost:5175/api/home/stream:0
[  503354ms] [ERROR] Failed to load resource: the server responded with a status of 500 (Internal Server Error) @ http://localhost:5175/api/home/stream:0
