[    4882ms] [ERROR] Maximum update depth exceeded. This can happen when a component calls setState inside useEffect, but useEffect either doesn't have a dependency array, or one of the dependencies changes on every render. @ http://localhost:5175/node_modules/.vite/deps/react-dom_client.js?v=0c19e33d:3528
[    5082ms] [ERROR] Maximum update depth exceeded. This can happen when a component calls setState inside useEffect, but useEffect either doesn't have a dependency array, or one of the dependencies changes on every render. @ http://localhost:5175/node_modules/.vite/deps/react-dom_client.js?v=0c19e33d:3528
[    5547ms] [ERROR] Maximum update depth exceeded. This can happen when a component calls setState inside useEffect, but useEffect either doesn't have a dependency array, or one of the dependencies changes on every render. @ http://localhost:5175/node_modules/.vite/deps/react-dom_client.js?v=0c19e33d:3528
[    5747ms] [ERROR] Maximum update depth exceeded. This can happen when a component calls setState inside useEffect, but useEffect either doesn't have a dependency array, or one of the dependencies changes on every render. @ http://localhost:5175/node_modules/.vite/deps/react-dom_client.js?v=0c19e33d:3528
[    5960ms] [ERROR] Maximum update depth exceeded. This can happen when a component calls setState inside useEffect, but useEffect either doesn't have a dependency array, or one of the dependencies changes on every render. @ http://localhost:5175/node_modules/.vite/deps/react-dom_client.js?v=0c19e33d:3528
[    6145ms] [ERROR] Maximum update depth exceeded. This can happen when a component calls setState inside useEffect, but useEffect either doesn't have a dependency array, or one of the dependencies changes on every render. @ http://localhost:5175/node_modules/.vite/deps/react-dom_client.js?v=0c19e33d:3528
[    6585ms] [ERROR] Maximum update depth exceeded. This can happen when a component calls setState inside useEffect, but useEffect either doesn't have a dependency array, or one of the dependencies changes on every render. @ http://localhost:5175/node_modules/.vite/deps/react-dom_client.js?v=0c19e33d:3528
[    6777ms] [ERROR] Maximum update depth exceeded. This can happen when a component calls setState inside useEffect, but useEffect either doesn't have a dependency array, or one of the dependencies changes on every render. @ http://localhost:5175/node_modules/.vite/deps/react-dom_client.js?v=0c19e33d:3528
[    7016ms] [ERROR] Maximum update depth exceeded. This can happen when a component calls setState inside useEffect, but useEffect either doesn't have a dependency array, or one of the dependencies changes on every render. @ http://localhost:5175/node_modules/.vite/deps/react-dom_client.js?v=0c19e33d:3528
[    7662ms] [ERROR] Maximum update depth exceeded. This can happen when a component calls setState inside useEffect, but useEffect either doesn't have a dependency array, or one of the dependencies changes on every render. @ http://localhost:5175/node_modules/.vite/deps/react-dom_client.js?v=0c19e33d:3528
[    7869ms] [ERROR] Maximum update depth exceeded. This can happen when a component calls setState inside useEffect, but useEffect either doesn't have a dependency array, or one of the dependencies changes on every render. @ http://localhost:5175/node_modules/.vite/deps/react-dom_client.js?v=0c19e33d:3528
[    8064ms] [ERROR] Maximum update depth exceeded. This can happen when a component calls setState inside useEffect, but useEffect either doesn't have a dependency array, or one of the dependencies changes on every render. @ http://localhost:5175/node_modules/.vite/deps/react-dom_client.js?v=0c19e33d:3528
[    8557ms] [ERROR] Maximum update depth exceeded. This can happen when a component calls setState inside useEffect, but useEffect either doesn't have a dependency array, or one of the dependencies changes on every render. @ http://localhost:5175/node_modules/.vite/deps/react-dom_client.js?v=0c19e33d:3528
[    8818ms] [ERROR] Maximum update depth exceeded. This can happen when a component calls setState inside useEffect, but useEffect either doesn't have a dependency array, or one of the dependencies changes on every render. @ http://localhost:5175/node_modules/.vite/deps/react-dom_client.js?v=0c19e33d:3528
[    9143ms] [ERROR] Maximum update depth exceeded. This can happen when a component calls setState inside useEffect, but useEffect either doesn't have a dependency array, or one of the dependencies changes on every render. @ http://localhost:5175/node_modules/.vite/deps/react-dom_client.js?v=0c19e33d:3528
[    9704ms] [ERROR] Maximum update depth exceeded. This can happen when a component calls setState inside useEffect, but useEffect either doesn't have a dependency array, or one of the dependencies changes on every render. @ http://localhost:5175/node_modules/.vite/deps/react-dom_client.js?v=0c19e33d:3528
[    9905ms] [ERROR] Maximum update depth exceeded. This can happen when a component calls setState inside useEffect, but useEffect either doesn't have a dependency array, or one of the dependencies changes on every render. @ http://localhost:5175/node_modules/.vite/deps/react-dom_client.js?v=0c19e33d:3528
[   10563ms] [ERROR] Maximum update depth exceeded. This can happen when a component calls setState inside useEffect, but useEffect either doesn't have a dependency array, or one of the dependencies changes on every render. @ http://localhost:5175/node_modules/.vite/deps/react-dom_client.js?v=0c19e33d:3528
[   10751ms] [ERROR] Maximum update depth exceeded. This can happen when a component calls setState inside useEffect, but useEffect either doesn't have a dependency array, or one of the dependencies changes on every render. @ http://localhost:5175/node_modules/.vite/deps/react-dom_client.js?v=0c19e33d:3528
[   10931ms] [ERROR] Maximum update depth exceeded. This can happen when a component calls setState inside useEffect, but useEffect either doesn't have a dependency array, or one of the dependencies changes on every render. @ http://localhost:5175/node_modules/.vite/deps/react-dom_client.js?v=0c19e33d:3528
[   11114ms] [ERROR] Maximum update depth exceeded. This can happen when a component calls setState inside useEffect, but useEffect either doesn't have a dependency array, or one of the dependencies changes on every render. @ http://localhost:5175/node_modules/.vite/deps/react-dom_client.js?v=0c19e33d:3528
[   11576ms] [ERROR] Maximum update depth exceeded. This can happen when a component calls setState inside useEffect, but useEffect either doesn't have a dependency array, or one of the dependencies changes on every render. @ http://localhost:5175/node_modules/.vite/deps/react-dom_client.js?v=0c19e33d:3528
[   11761ms] [ERROR] Maximum update depth exceeded. This can happen when a component calls setState inside useEffect, but useEffect either doesn't have a dependency array, or one of the dependencies changes on every render. @ http://localhost:5175/node_modules/.vite/deps/react-dom_client.js?v=0c19e33d:3528
[   11957ms] [ERROR] Maximum update depth exceeded. This can happen when a component calls setState inside useEffect, but useEffect either doesn't have a dependency array, or one of the dependencies changes on every render. @ http://localhost:5175/node_modules/.vite/deps/react-dom_client.js?v=0c19e33d:3528
[   12150ms] [ERROR] Maximum update depth exceeded. This can happen when a component calls setState inside useEffect, but useEffect either doesn't have a dependency array, or one of the dependencies changes on every render. @ http://localhost:5175/node_modules/.vite/deps/react-dom_client.js?v=0c19e33d:3528
[   12666ms] [ERROR] Maximum update depth exceeded. This can happen when a component calls setState inside useEffect, but useEffect either doesn't have a dependency array, or one of the dependencies changes on every render. @ http://localhost:5175/node_modules/.vite/deps/react-dom_client.js?v=0c19e33d:3528
[   12874ms] [ERROR] Maximum update depth exceeded. This can happen when a component calls setState inside useEffect, but useEffect either doesn't have a dependency array, or one of the dependencies changes on every render. @ http://localhost:5175/node_modules/.vite/deps/react-dom_client.js?v=0c19e33d:3528
[   13145ms] [ERROR] Maximum update depth exceeded. This can happen when a component calls setState inside useEffect, but useEffect either doesn't have a dependency array, or one of the dependencies changes on every render. @ http://localhost:5175/node_modules/.vite/deps/react-dom_client.js?v=0c19e33d:3528
[   13868ms] [ERROR] Maximum update depth exceeded. This can happen when a component calls setState inside useEffect, but useEffect either doesn't have a dependency array, or one of the dependencies changes on every render. @ http://localhost:5175/node_modules/.vite/deps/react-dom_client.js?v=0c19e33d:3528
[   14191ms] [ERROR] Maximum update depth exceeded. This can happen when a component calls setState inside useEffect, but useEffect either doesn't have a dependency array, or one of the dependencies changes on every render. @ http://localhost:5175/node_modules/.vite/deps/react-dom_client.js?v=0c19e33d:3528
[   14687ms] [ERROR] Maximum update depth exceeded. This can happen when a component calls setState inside useEffect, but useEffect either doesn't have a dependency array, or one of the dependencies changes on every render. @ http://localhost:5175/node_modules/.vite/deps/react-dom_client.js?v=0c19e33d:3528
[   14878ms] [ERROR] Maximum update depth exceeded. This can happen when a component calls setState inside useEffect, but useEffect either doesn't have a dependency array, or one of the dependencies changes on every render. @ http://localhost:5175/node_modules/.vite/deps/react-dom_client.js?v=0c19e33d:3528
[   15052ms] TypeError: react_dom_1.default.findDOMNode is not a function
    at ReactQuill2.getEditingArea (http://localhost:5175/node_modules/.vite/deps/react-quill.js?v=0c19e33d:13139:45)
    at ReactQuill2.instantiateEditor (http://localhost:5175/node_modules/.vite/deps/react-quill.js?v=0c19e33d:13028:50)
    at ReactQuill2.componentDidMount (http://localhost:5175/node_modules/.vite/deps/react-quill.js?v=0c19e33d:12998:16)
    at Object.react_stack_bottom_frame (http://localhost:5175/node_modules/.vite/deps/react-dom_client.js?v=0c19e33d:18527:22)
    at runWithFiberInDEV (http://localhost:5175/node_modules/.vite/deps/react-dom_client.js?v=0c19e33d:997:72)
    at commitLayoutEffectOnFiber (http://localhost:5175/node_modules/.vite/deps/react-dom_client.js?v=0c19e33d:9916:72)
    at recursivelyTraverseLayoutEffects (http://localhost:5175/node_modules/.vite/deps/react-dom_client.js?v=0c19e33d:10792:13)
    at commitLayoutEffectOnFiber (http://localhost:5175/node_modules/.vite/deps/react-dom_client.js?v=0c19e33d:9992:13)
    at recursivelyTraverseLayoutEffects (http://localhost:5175/node_modules/.vite/deps/react-dom_client.js?v=0c19e33d:10792:13)
    at commitLayoutEffectOnFiber (http://localhost:5175/node_modules/.vite/deps/react-dom_client.js?v=0c19e33d:9992:13)
[   15051ms] [WARNING] %s

%s
 An error occurred in the <React Quill> component. Consider adding an error boundary to your tree to customize error handling behavior.
Visit https://react.dev/link/error-boundaries to learn more about error boundaries. @ http://localhost:5175/node_modules/.vite/deps/react-dom_client.js?v=0c19e33d:6965
[   15055ms] TypeError: react_dom_1.default.findDOMNode is not a function
    at ReactQuill2.getEditingArea (http://localhost:5175/node_modules/.vite/deps/react-quill.js?v=0c19e33d:13139:45)
    at ReactQuill2.instantiateEditor (http://localhost:5175/node_modules/.vite/deps/react-quill.js?v=0c19e33d:13028:50)
    at ReactQuill2.componentDidMount (http://localhost:5175/node_modules/.vite/deps/react-quill.js?v=0c19e33d:12998:16)
    at Object.react_stack_bottom_frame (http://localhost:5175/node_modules/.vite/deps/react-dom_client.js?v=0c19e33d:18527:22)
    at runWithFiberInDEV (http://localhost:5175/node_modules/.vite/deps/react-dom_client.js?v=0c19e33d:997:72)
    at reappearLayoutEffects (http://localhost:5175/node_modules/.vite/deps/react-dom_client.js?v=0c19e33d:10874:65)
    at recursivelyTraverseReappearLayoutEffects (http://localhost:5175/node_modules/.vite/deps/react-dom_client.js?v=0c19e33d:10986:11)
    at reappearLayoutEffects (http://localhost:5175/node_modules/.vite/deps/react-dom_client.js?v=0c19e33d:10901:13)
    at recursivelyTraverseReappearLayoutEffects (http://localhost:5175/node_modules/.vite/deps/react-dom_client.js?v=0c19e33d:10986:11)
    at reappearLayoutEffects (http://localhost:5175/node_modules/.vite/deps/react-dom_client.js?v=0c19e33d:10901:13)
[   15052ms] [WARNING] %s

%s
 An error occurred in the <React Quill> component. Consider adding an error boundary to your tree to customize error handling behavior.
Visit https://react.dev/link/error-boundaries to learn more about error boundaries. @ http://localhost:5175/node_modules/.vite/deps/react-dom_client.js?v=0c19e33d:6965
