[  640060ms] TypeError: allGroups.filter is not a function
    at StudentCreatePage (http://localhost:5175/src/pages/admin/students/StudentCreatePage.tsx?t=1773130686516:68:36)
    at Object.react_stack_bottom_frame (http://localhost:5175/node_modules/.vite/deps/react-dom_client.js?v=5213783b:18509:20)
    at renderWithHooks (http://localhost:5175/node_modules/.vite/deps/react-dom_client.js?v=5213783b:5654:24)
    at updateFunctionComponent (http://localhost:5175/node_modules/.vite/deps/react-dom_client.js?v=5213783b:7475:21)
    at beginWork (http://localhost:5175/node_modules/.vite/deps/react-dom_client.js?v=5213783b:8525:20)
    at runWithFiberInDEV (http://localhost:5175/node_modules/.vite/deps/react-dom_client.js?v=5213783b:997:72)
    at performUnitOfWork (http://localhost:5175/node_modules/.vite/deps/react-dom_client.js?v=5213783b:12561:98)
    at workLoopSync (http://localhost:5175/node_modules/.vite/deps/react-dom_client.js?v=5213783b:12424:43)
    at renderRootSync (http://localhost:5175/node_modules/.vite/deps/react-dom_client.js?v=5213783b:12408:13)
    at performWorkOnRoot (http://localhost:5175/node_modules/.vite/deps/react-dom_client.js?v=5213783b:11827:37)
[  640036ms] [WARNING] %s

%s
 An error occurred in the <StudentCreatePage> component. Consider adding an error boundary to your tree to customize error handling behavior.
Visit https://react.dev/link/error-boundaries to learn more about error boundaries. @ http://localhost:5175/node_modules/.vite/deps/react-dom_client.js?v=5213783b:6965
[  649535ms] TypeError: allGroups.filter is not a function
    at StudentCreatePage (http://localhost:5175/src/pages/admin/students/StudentCreatePage.tsx?t=1773130686516:68:36)
    at Object.react_stack_bottom_frame (http://localhost:5175/node_modules/.vite/deps/react-dom_client.js?v=5213783b:18509:20)
    at renderWithHooks (http://localhost:5175/node_modules/.vite/deps/react-dom_client.js?v=5213783b:5654:24)
    at updateFunctionComponent (http://localhost:5175/node_modules/.vite/deps/react-dom_client.js?v=5213783b:7475:21)
    at beginWork (http://localhost:5175/node_modules/.vite/deps/react-dom_client.js?v=5213783b:8525:20)
    at runWithFiberInDEV (http://localhost:5175/node_modules/.vite/deps/react-dom_client.js?v=5213783b:997:72)
    at performUnitOfWork (http://localhost:5175/node_modules/.vite/deps/react-dom_client.js?v=5213783b:12561:98)
    at workLoopSync (http://localhost:5175/node_modules/.vite/deps/react-dom_client.js?v=5213783b:12424:43)
    at renderRootSync (http://localhost:5175/node_modules/.vite/deps/react-dom_client.js?v=5213783b:12408:13)
    at performWorkOnRoot (http://localhost:5175/node_modules/.vite/deps/react-dom_client.js?v=5213783b:11827:37)
[  649535ms] [WARNING] %s

%s
 An error occurred in the <StudentCreatePage> component. Consider adding an error boundary to your tree to customize error handling behavior.
Visit https://react.dev/link/error-boundaries to learn more about error boundaries. @ http://localhost:5175/node_modules/.vite/deps/react-dom_client.js?v=5213783b:6965
