[   29162ms] [ERROR] Encountered two children with the same key, `%s`. Keys should be unique so that components maintain their identity across updates. Non-unique keys may cause children to be duplicated and/or omitted — the behavior is unsupported and could change in a future version. admission @ http://localhost:5175/node_modules/.vite/deps/react-dom_client.js?v=5213783b:4924
[   36148ms] [ERROR] Failed to load resource: the server responded with a status of 401 (Unauthorized) @ http://localhost:5175/api/exams/69ae86972a20ea6d276e3117/sessions/start:0
[   36165ms] [ERROR] Failed to load resource: the server responded with a status of 401 (Unauthorized) @ http://localhost:5175/api/auth/refresh:0
[   38048ms] [ERROR] Failed to load resource: the server responded with a status of 403 (Forbidden) @ http://localhost:5175/api/auth/login:0
[   45117ms] [ERROR] Failed to load resource: the server responded with a status of 401 (Unauthorized) @ http://localhost:5175/api/exams/69ae86972a20ea6d276e3117/sessions/start:0
[   45150ms] [ERROR] Failed to load resource: the server responded with a status of 401 (Unauthorized) @ http://localhost:5175/api/exams/69ae86972a20ea6d276e3117/sessions/start:0
[   54419ms] [ERROR] Failed to load resource: the server responded with a status of 401 (Unauthorized) @ http://localhost:5175/api/exams/69ae86972a20ea6d276e3117/sessions/start:0
[   54450ms] [ERROR] Failed to load resource: the server responded with a status of 401 (Unauthorized) @ http://localhost:5175/api/exams/69ae86972a20ea6d276e3117/sessions/start:0
[ 1111612ms] [ERROR] Encountered two children with the same key, `%s`. Keys should be unique so that components maintain their identity across updates. Non-unique keys may cause children to be duplicated and/or omitted — the behavior is unsupported and could change in a future version. admission @ http://localhost:5175/node_modules/.vite/deps/react-dom_client.js?v=5213783b:4924
[ 1111743ms] [ERROR] Encountered two children with the same key, `%s`. Keys should be unique so that components maintain their identity across updates. Non-unique keys may cause children to be duplicated and/or omitted — the behavior is unsupported and could change in a future version. admission @ http://localhost:5175/node_modules/.vite/deps/react-dom_client.js?v=5213783b:4924
[ 1313764ms] [ERROR] Failed to load resource: the server responded with a status of 500 (OK) @ http://localhost:5175/api/auth/session-stream?token=eyJhbGciOiJIUzI1NiIsInR5cCI6IkpXVCJ9.eyJfaWQiOiI2OWFlZGY4ZWUyNTE0MTM2ZDQzYjMwZDIiLCJ1c2VybmFtZSI6InFhdGVzdC1tbWpiMGY2NiIsImVtYWlsIjoicWF0ZXN0QGNhbXB1c3dheS5jb20iLCJyb2xlIjoic3R1ZGVudCIsImZ1bGxOYW1lIjoiUUEgVGVzdCBTdHVkZW50IiwicGVybWlzc2lvbnMiOnsiY2FuRWRpdEV4YW1zIjpmYWxzZSwiY2FuTWFuYWdlU3R1ZGVudHMiOmZhbHNlLCJjYW5WaWV3UmVwb3J0cyI6ZmFsc2UsImNhbkRlbGV0ZURhdGEiOmZhbHNlLCJjYW5NYW5hZ2VGaW5hbmNlIjpmYWxzZSwiY2FuTWFuYWdlUGxhbnMiOmZhbHNlLCJjYW5NYW5hZ2VUaWNrZXRzIjpmYWxzZSwiY2FuTWFuYWdlQmFja3VwcyI6ZmFsc2UsImNhblJldmVhbFBhc3N3b3JkcyI6ZmFsc2V9LCJwZXJtaXNzaW9uc1YyIjp7fSwic2Vzc2lvbklkIjoiMGI3YWQ1ODEtMDQyNC00ZDY5LTk3MjItN2I5Nzg2OGQ2MTI4IiwiaWF0IjoxNzczMDc0NzcxLCJleHAiOjE3NzMwNzU5NzF9.JEtjLrJwdFbBrp_NJ0qNJNDHAhVX4Zf3tTGwvEE17_8:0
[ 1313766ms] [ERROR] Failed to load resource: the server responded with a status of 500 (OK) @ http://localhost:5175/api/home/stream:0
[ 1313970ms] [ERROR] Failed to load resource: the server responded with a status of 500 (Internal Server Error) @ http://localhost:5175/api/auth/me:0
[ 1314784ms] [ERROR] Failed to load resource: the server responded with a status of 500 (Internal Server Error) @ http://localhost:5175/api/auth/session-stream?token=eyJhbGciOiJIUzI1NiIsInR5cCI6IkpXVCJ9.eyJfaWQiOiI2OWFlZGY4ZWUyNTE0MTM2ZDQzYjMwZDIiLCJ1c2VybmFtZSI6InFhdGVzdC1tbWpiMGY2NiIsImVtYWlsIjoicWF0ZXN0QGNhbXB1c3dheS5jb20iLCJyb2xlIjoic3R1ZGVudCIsImZ1bGxOYW1lIjoiUUEgVGVzdCBTdHVkZW50IiwicGVybWlzc2lvbnMiOnsiY2FuRWRpdEV4YW1zIjpmYWxzZSwiY2FuTWFuYWdlU3R1ZGVudHMiOmZhbHNlLCJjYW5WaWV3UmVwb3J0cyI6ZmFsc2UsImNhbkRlbGV0ZURhdGEiOmZhbHNlLCJjYW5NYW5hZ2VGaW5hbmNlIjpmYWxzZSwiY2FuTWFuYWdlUGxhbnMiOmZhbHNlLCJjYW5NYW5hZ2VUaWNrZXRzIjpmYWxzZSwiY2FuTWFuYWdlQmFja3VwcyI6ZmFsc2UsImNhblJldmVhbFBhc3N3b3JkcyI6ZmFsc2V9LCJwZXJtaXNzaW9uc1YyIjp7fSwic2Vzc2lvbklkIjoiMGI3YWQ1ODEtMDQyNC00ZDY5LTk3MjItN2I5Nzg2OGQ2MTI4IiwiaWF0IjoxNzczMDc0NzcxLCJleHAiOjE3NzMwNzU5NzF9.JEtjLrJwdFbBrp_NJ0qNJNDHAhVX4Zf3tTGwvEE17_8:0
[ 1315738ms] [ERROR] Failed to load resource: the server responded with a status of 500 (Internal Server Error) @ http://localhost:5175/api/home:0
[ 1315784ms] [ERROR] Failed to load resource: the server responded with a status of 500 (Internal Server Error) @ http://localhost:5175/api/home/stream:0
[ 1316758ms] [ERROR] Failed to load resource: the server responded with a status of 500 (Internal Server Error) @ http://localhost:5175/api/home:0
[ 1316840ms] [ERROR] Failed to load resource: the server responded with a status of 500 (Internal Server Error) @ http://localhost:5175/api/auth/session-stream?token=eyJhbGciOiJIUzI1NiIsInR5cCI6IkpXVCJ9.eyJfaWQiOiI2OWFlZGY4ZWUyNTE0MTM2ZDQzYjMwZDIiLCJ1c2VybmFtZSI6InFhdGVzdC1tbWpiMGY2NiIsImVtYWlsIjoicWF0ZXN0QGNhbXB1c3dheS5jb20iLCJyb2xlIjoic3R1ZGVudCIsImZ1bGxOYW1lIjoiUUEgVGVzdCBTdHVkZW50IiwicGVybWlzc2lvbnMiOnsiY2FuRWRpdEV4YW1zIjpmYWxzZSwiY2FuTWFuYWdlU3R1ZGVudHMiOmZhbHNlLCJjYW5WaWV3UmVwb3J0cyI6ZmFsc2UsImNhbkRlbGV0ZURhdGEiOmZhbHNlLCJjYW5NYW5hZ2VGaW5hbmNlIjpmYWxzZSwiY2FuTWFuYWdlUGxhbnMiOmZhbHNlLCJjYW5NYW5hZ2VUaWNrZXRzIjpmYWxzZSwiY2FuTWFuYWdlQmFja3VwcyI6ZmFsc2UsImNhblJldmVhbFBhc3N3b3JkcyI6ZmFsc2V9LCJwZXJtaXNzaW9uc1YyIjp7fSwic2Vzc2lvbklkIjoiMGI3YWQ1ODEtMDQyNC00ZDY5LTk3MjItN2I5Nzg2OGQ2MTI4IiwiaWF0IjoxNzczMDc0NzcxLCJleHAiOjE3NzMwNzU5NzF9.JEtjLrJwdFbBrp_NJ0qNJNDHAhVX4Zf3tTGwvEE17_8:0
[ 1317825ms] [ERROR] Failed to load resource: the server responded with a status of 500 (Internal Server Error) @ http://localhost:5175/api/home/stream:0
[ 1319848ms] [ERROR] Failed to load resource: the server responded with a status of 500 (Internal Server Error) @ http://localhost:5175/api/home/stream:0
[ 1320936ms] [ERROR] Failed to load resource: the server responded with a status of 500 (Internal Server Error) @ http://localhost:5175/api/auth/session-stream?token=eyJhbGciOiJIUzI1NiIsInR5cCI6IkpXVCJ9.eyJfaWQiOiI2OWFlZGY4ZWUyNTE0MTM2ZDQzYjMwZDIiLCJ1c2VybmFtZSI6InFhdGVzdC1tbWpiMGY2NiIsImVtYWlsIjoicWF0ZXN0QGNhbXB1c3dheS5jb20iLCJyb2xlIjoic3R1ZGVudCIsImZ1bGxOYW1lIjoiUUEgVGVzdCBTdHVkZW50IiwicGVybWlzc2lvbnMiOnsiY2FuRWRpdEV4YW1zIjpmYWxzZSwiY2FuTWFuYWdlU3R1ZGVudHMiOmZhbHNlLCJjYW5WaWV3UmVwb3J0cyI6ZmFsc2UsImNhbkRlbGV0ZURhdGEiOmZhbHNlLCJjYW5NYW5hZ2VGaW5hbmNlIjpmYWxzZSwiY2FuTWFuYWdlUGxhbnMiOmZhbHNlLCJjYW5NYW5hZ2VUaWNrZXRzIjpmYWxzZSwiY2FuTWFuYWdlQmFja3VwcyI6ZmFsc2UsImNhblJldmVhbFBhc3N3b3JkcyI6ZmFsc2V9LCJwZXJtaXNzaW9uc1YyIjp7fSwic2Vzc2lvbklkIjoiMGI3YWQ1ODEtMDQyNC00ZDY5LTk3MjItN2I5Nzg2OGQ2MTI4IiwiaWF0IjoxNzczMDc0NzcxLCJleHAiOjE3NzMwNzU5NzF9.JEtjLrJwdFbBrp_NJ0qNJNDHAhVX4Zf3tTGwvEE17_8:0
[ 1321863ms] [ERROR] Failed to load resource: the server responded with a status of 500 (Internal Server Error) @ http://localhost:5175/api/home/stream:0
[ 1323884ms] [ERROR] Failed to load resource: the server responded with a status of 500 (Internal Server Error) @ http://localhost:5175/api/home/stream:0
[ 1325909ms] [ERROR] Failed to load resource: the server responded with a status of 500 (Internal Server Error) @ http://localhost:5175/api/home/stream:0
[ 1327927ms] [ERROR] Failed to load resource: the server responded with a status of 500 (Internal Server Error) @ http://localhost:5175/api/home/stream:0
[ 1328950ms] [ERROR] Failed to load resource: the server responded with a status of 500 (Internal Server Error) @ http://localhost:5175/api/auth/session-stream?token=eyJhbGciOiJIUzI1NiIsInR5cCI6IkpXVCJ9.eyJfaWQiOiI2OWFlZGY4ZWUyNTE0MTM2ZDQzYjMwZDIiLCJ1c2VybmFtZSI6InFhdGVzdC1tbWpiMGY2NiIsImVtYWlsIjoicWF0ZXN0QGNhbXB1c3dheS5jb20iLCJyb2xlIjoic3R1ZGVudCIsImZ1bGxOYW1lIjoiUUEgVGVzdCBTdHVkZW50IiwicGVybWlzc2lvbnMiOnsiY2FuRWRpdEV4YW1zIjpmYWxzZSwiY2FuTWFuYWdlU3R1ZGVudHMiOmZhbHNlLCJjYW5WaWV3UmVwb3J0cyI6ZmFsc2UsImNhbkRlbGV0ZURhdGEiOmZhbHNlLCJjYW5NYW5hZ2VGaW5hbmNlIjpmYWxzZSwiY2FuTWFuYWdlUGxhbnMiOmZhbHNlLCJjYW5NYW5hZ2VUaWNrZXRzIjpmYWxzZSwiY2FuTWFuYWdlQmFja3VwcyI6ZmFsc2UsImNhblJldmVhbFBhc3N3b3JkcyI6ZmFsc2V9LCJwZXJtaXNzaW9uc1YyIjp7fSwic2Vzc2lvbklkIjoiMGI3YWQ1ODEtMDQyNC00ZDY5LTk3MjItN2I5Nzg2OGQ2MTI4IiwiaWF0IjoxNzczMDc0NzcxLCJleHAiOjE3NzMwNzU5NzF9.JEtjLrJwdFbBrp_NJ0qNJNDHAhVX4Zf3tTGwvEE17_8:0
[ 1329952ms] [ERROR] Failed to load resource: the server responded with a status of 500 (Internal Server Error) @ http://localhost:5175/api/home/stream:0
[ 1331961ms] [ERROR] Failed to load resource: the server responded with a status of 500 (Internal Server Error) @ http://localhost:5175/api/home/stream:0
[ 1334003ms] [ERROR] Failed to load resource: the server responded with a status of 500 (Internal Server Error) @ http://localhost:5175/api/home/stream:0
[ 1336024ms] [ERROR] Failed to load resource: the server responded with a status of 500 (Internal Server Error) @ http://localhost:5175/api/home/stream:0
[ 1338039ms] [ERROR] Failed to load resource: the server responded with a status of 500 (Internal Server Error) @ http://localhost:5175/api/home/stream:0
[ 1340063ms] [ERROR] Failed to load resource: the server responded with a status of 500 (Internal Server Error) @ http://localhost:5175/api/home/stream:0
[ 1342081ms] [ERROR] Failed to load resource: the server responded with a status of 500 (Internal Server Error) @ http://localhost:5175/api/home/stream:0
[ 1343783ms] [ERROR] Failed to load resource: the server responded with a status of 500 (Internal Server Error) @ http://localhost:5175/api/auth/me:0
[ 1343787ms] [ERROR] Failed to load resource: the server responded with a status of 500 (Internal Server Error) @ http://localhost:5175/api/home:0
[ 1343791ms] [ERROR] Failed to load resource: the server responded with a status of 500 (Internal Server Error) @ http://localhost:5175/api/settings/public:0
[ 1344094ms] [ERROR] Failed to load resource: the server responded with a status of 500 (Internal Server Error) @ http://localhost:5175/api/home/stream:0
[ 1344809ms] [ERROR] Failed to load resource: the server responded with a status of 500 (Internal Server Error) @ http://localhost:5175/api/home:0
[ 1344961ms] [ERROR] Failed to load resource: the server responded with a status of 500 (Internal Server Error) @ http://localhost:5175/api/auth/session-stream?token=eyJhbGciOiJIUzI1NiIsInR5cCI6IkpXVCJ9.eyJfaWQiOiI2OWFlZGY4ZWUyNTE0MTM2ZDQzYjMwZDIiLCJ1c2VybmFtZSI6InFhdGVzdC1tbWpiMGY2NiIsImVtYWlsIjoicWF0ZXN0QGNhbXB1c3dheS5jb20iLCJyb2xlIjoic3R1ZGVudCIsImZ1bGxOYW1lIjoiUUEgVGVzdCBTdHVkZW50IiwicGVybWlzc2lvbnMiOnsiY2FuRWRpdEV4YW1zIjpmYWxzZSwiY2FuTWFuYWdlU3R1ZGVudHMiOmZhbHNlLCJjYW5WaWV3UmVwb3J0cyI6ZmFsc2UsImNhbkRlbGV0ZURhdGEiOmZhbHNlLCJjYW5NYW5hZ2VGaW5hbmNlIjpmYWxzZSwiY2FuTWFuYWdlUGxhbnMiOmZhbHNlLCJjYW5NYW5hZ2VUaWNrZXRzIjpmYWxzZSwiY2FuTWFuYWdlQmFja3VwcyI6ZmFsc2UsImNhblJldmVhbFBhc3N3b3JkcyI6ZmFsc2V9LCJwZXJtaXNzaW9uc1YyIjp7fSwic2Vzc2lvbklkIjoiMGI3YWQ1ODEtMDQyNC00ZDY5LTk3MjItN2I5Nzg2OGQ2MTI4IiwiaWF0IjoxNzczMDc0NzcxLCJleHAiOjE3NzMwNzU5NzF9.JEtjLrJwdFbBrp_NJ0qNJNDHAhVX4Zf3tTGwvEE17_8:0
[ 1346107ms] [ERROR] Failed to load resource: the server responded with a status of 500 (Internal Server Error) @ http://localhost:5175/api/home/stream:0
[ 1348182ms] [ERROR] Failed to load resource: the server responded with a status of 500 (Internal Server Error) @ http://localhost:5175/api/home/stream:0
[ 1390782ms] [ERROR] Failed to load resource: the server responded with a status of 500 (OK) @ http://localhost:5175/api/auth/session-stream?token=eyJhbGciOiJIUzI1NiIsInR5cCI6IkpXVCJ9.eyJfaWQiOiI2OWFlZGY4ZWUyNTE0MTM2ZDQzYjMwZDIiLCJ1c2VybmFtZSI6InFhdGVzdC1tbWpiMGY2NiIsImVtYWlsIjoicWF0ZXN0QGNhbXB1c3dheS5jb20iLCJyb2xlIjoic3R1ZGVudCIsImZ1bGxOYW1lIjoiUUEgVGVzdCBTdHVkZW50IiwicGVybWlzc2lvbnMiOnsiY2FuRWRpdEV4YW1zIjpmYWxzZSwiY2FuTWFuYWdlU3R1ZGVudHMiOmZhbHNlLCJjYW5WaWV3UmVwb3J0cyI6ZmFsc2UsImNhbkRlbGV0ZURhdGEiOmZhbHNlLCJjYW5NYW5hZ2VGaW5hbmNlIjpmYWxzZSwiY2FuTWFuYWdlUGxhbnMiOmZhbHNlLCJjYW5NYW5hZ2VUaWNrZXRzIjpmYWxzZSwiY2FuTWFuYWdlQmFja3VwcyI6ZmFsc2UsImNhblJldmVhbFBhc3N3b3JkcyI6ZmFsc2V9LCJwZXJtaXNzaW9uc1YyIjp7fSwic2Vzc2lvbklkIjoiMGI3YWQ1ODEtMDQyNC00ZDY5LTk3MjItN2I5Nzg2OGQ2MTI4IiwiaWF0IjoxNzczMDc0NzcxLCJleHAiOjE3NzMwNzU5NzF9.JEtjLrJwdFbBrp_NJ0qNJNDHAhVX4Zf3tTGwvEE17_8:0
[ 1390784ms] [ERROR] Failed to load resource: the server responded with a status of 500 (OK) @ http://localhost:5175/api/home/stream:0
[ 1392827ms] [ERROR] Failed to load resource: the server responded with a status of 500 (Internal Server Error) @ http://localhost:5175/api/home/stream:0
[ 1394841ms] [ERROR] Failed to load resource: the server responded with a status of 500 (Internal Server Error) @ http://localhost:5175/api/home/stream:0
[ 1396853ms] [ERROR] Failed to load resource: the server responded with a status of 500 (Internal Server Error) @ http://localhost:5175/api/home/stream:0
[ 1689713ms] [ERROR] Failed to load resource: the server responded with a status of 401 (Unauthorized) @ http://localhost:5175/api/auth/me:0
[ 1689720ms] [ERROR] Failed to load resource: the server responded with a status of 401 (Unauthorized) @ http://localhost:5175/api/auth/me:0
