
> campusway-backend@1.0.0 dev
> tsx watch src/server.ts

[db] MongoDB connected successfully
[db] Failed to ensure critical indexes: MongoServerError: ns does not exist: campusway_public_student_audit_20260306185715.student_results
    at Connection.sendCommand (F:\CampusWay\backend\node_modules\mongodb\src\cmap\connection.ts:559:17)
    at process.processTicksAndRejections (node:internal/process/task_queues:104:5)
    at async Connection.command (F:\CampusWay\backend\node_modules\mongodb\src\cmap\connection.ts:633:22)
    at async Server.command (F:\CampusWay\backend\node_modules\mongodb\src\sdam\server.ts:350:21)
    at async tryOperation (F:\CampusWay\backend\node_modules\mongodb\src\operations\execute_operation.ts:289:24)
    at async executeOperation (F:\CampusWay\backend\node_modules\mongodb\src\operations\execute_operation.ts:119:12)
    at async ListIndexesCursor._initialize (F:\CampusWay\backend\node_modules\mongodb\src\cursor\list_indexes_cursor.ts:33:22)
    at async ListIndexesCursor.cursorInit (F:\CampusWay\backend\node_modules\mongodb\src\cursor\abstract_cursor.ts:949:21)
    at async ListIndexesCursor.fetchBatch (F:\CampusWay\backend\node_modules\mongodb\src\cursor\abstract_cursor.ts:987:7)
    at async ListIndexesCursor.next (F:\CampusWay\backend\node_modules\mongodb\src\cursor\abstract_cursor.ts:608:9)
    at async ListIndexesCursor.[Symbol.asyncIterator] (F:\CampusWay\backend\node_modules\mongodb\src\cursor\abstract_cursor.ts:502:26)
    at async ListIndexesCursor.toArray (F:\CampusWay\backend\node_modules\mongodb\src\cursor\abstract_cursor.ts:696:22)
    at async Collection.indexes (F:\CampusWay\backend\node_modules\mongodb\src\collection.ts:914:45)
    at async ensureCriticalIndexes (F:\CampusWay\backend\src\config\db.ts:15:31)
    at async connectDB (F:\CampusWay\backend\src\config\db.ts:112:9)
    at async start (F:\CampusWay\backend\src\server.ts:265:5) {
  errorLabelSet: Set(0) {},
  errorResponse: {
    ok: 0,
    errmsg: 'ns does not exist: campusway_public_student_audit_20260306185715.student_results',
    code: 26,
    codeName: 'NamespaceNotFound'
  },
  ok: 0,
  code: 26,
  codeName: 'NamespaceNotFound'
}
ℹ️  INITIAL_ACCESS_INFO.txt exists — default setup already completed.
[cron] Starting exam auto-submit worker (every minute).
🚀 CampusWay Backend running on port 5074
📡 Public API: http://localhost:5074/api
🔒 Admin API:  http://localhost:5074/api/campusway-secure-admin
[0mGET /api/health [32m200[0m 766.969 ms - 87[0m
[0mGET /api/settings/public [32m200[0m 25.700 ms - -[0m
[0mPOST /api/auth/login [32m200[0m 549.505 ms - -[0m
[auth-stream] connected {
  userId: '69ab239af1457f5c3f47e923',
  sessionId: '3118f5f9-d993-4a35-a79d-b838591ca804',
  clientsForSession: 1
}
[0mGET /api/auth/me [32m200[0m 36.069 ms - 882[0m
[auth-stream] disconnected {
  userId: '69ab239af1457f5c3f47e923',
  sessionId: '3118f5f9-d993-4a35-a79d-b838591ca804'
}
[0mGET /api/auth/session-stream?token=eyJhbGciOiJIUzI1NiIsInR5cCI6IkpXVCJ9.eyJfaWQiOiI2OWFiMjM5YWYxNDU3ZjVjM2Y0N2U5MjMiLCJ1c2VybmFtZSI6ImUyZV9zdHVkZW50X2Rlc2t0b3AiLCJlbWFpbCI6ImUyZV9zdHVkZW50X2Rlc2t0b3BAY2FtcHVzd2F5LmxvY2FsIiwicm9sZSI6InN0dWRlbnQiLCJmdWxsTmFtZSI6IkUyRSBTdHVkZW50IERlc2t0b3AiLCJwZXJtaXNzaW9ucyI6eyJjYW5FZGl0RXhhbXMiOmZhbHNlLCJjYW5NYW5hZ2VTdHVkZW50cyI6ZmFsc2UsImNhblZpZXdSZXBvcnRzIjpmYWxzZSwiY2FuRGVsZXRlRGF0YSI6ZmFsc2UsImNhbk1hbmFnZUZpbmFuY2UiOmZhbHNlLCJjYW5NYW5hZ2VQbGFucyI6ZmFsc2UsImNhbk1hbmFnZVRpY2tldHMiOmZhbHNlLCJjYW5NYW5hZ2VCYWNrdXBzIjpmYWxzZSwiY2FuUmV2ZWFsUGFzc3dvcmRzIjpmYWxzZX0sInBlcm1pc3Npb25zVjIiOnt9LCJzZXNzaW9uSWQiOiIzMTE4ZjVmOS1kOTkzLTRhMzUtYTc5ZC1iODM4NTkxY2E4MDQiLCJpYXQiOjE3NzI4MjM0NTMsImV4cCI6MTc3MjgyNDY1M30.lockrrpr1qoFpMG-S8wpxoXvoVsB35Bcqz4y26XrHZE [32m200[0m 14.496 ms - -[0m
[0mGET /api/student/dashboard-profile [32m200[0m 65.880 ms - 960[0m
[0mGET /api/alerts/active [32m200[0m 92.791 ms - 13[0m
[0mGET /api/student/notifications [32m200[0m 23.897 ms - 865[0m
[0mGET /api/subscriptions/me [32m200[0m 91.390 ms - -[0m
[0mGET /api/student/upcoming-exams [32m200[0m 81.083 ms - -[0m
[0mGET /api/student/featured-universities [32m200[0m 66.272 ms - -[0m
[0mGET /api/student/live-alerts [32m200[0m 50.161 ms - 579[0m
[auth-stream] connected {
  userId: '69ab239af1457f5c3f47e923',
  sessionId: '3118f5f9-d993-4a35-a79d-b838591ca804',
  clientsForSession: 1
}
[0mGET /api/student/exam-history [32m200[0m 51.218 ms - 789[0m
[0mGET /api/alerts/active [36m304[0m 44.638 ms - -[0m
[0mGET /api/settings/public [32m200[0m 58.904 ms - -[0m
[0mGET /api/home [32m200[0m 58.586 ms - -[0m
[0mGET /api/home/stream [32m200[0m 0.304 ms - -[0m
[0mGET /api/home-settings/public [32m200[0m 12.130 ms - -[0m
[0mGET /api/university-categories [32m200[0m 12.310 ms - -[0m
[0mGET /api/settings/public [36m304[0m 202.867 ms - -[0m
[0mGET /api/home [32m200[0m 275.649 ms - -[0m
[0mGET /api/universities?page=1&limit=300&sort=deadline&category=GST+(General%2FPublic) [32m200[0m 608.863 ms - -[0m
[0mGET /api/universities?page=1&limit=300&sort=deadline&category=Individual+Admission [32m200[0m 619.006 ms - -[0m
[0mGET /api/universities?page=1&limit=300&sort=deadline&category=Science+%26+Technology [32m200[0m 614.017 ms - -[0m
[0mGET /api/universities?page=1&limit=300&sort=deadline&category=GST+(Science+%26+Technology) [32m200[0m 530.088 ms - 75[0m
[0mGET /api/universities?page=1&limit=300&sort=deadline&category=Medical+College [32m200[0m 401.258 ms - -[0m
[0mGET /api/universities?page=1&limit=300&sort=deadline&category=DCU [32m200[0m 88.827 ms - 75[0m
[0mGET /api/universities?page=1&limit=300&sort=deadline&category=Under+Army [32m200[0m 93.103 ms - 75[0m
[0mGET /api/universities?page=1&limit=300&sort=deadline&category=AGRI+Cluster [32m200[0m 96.055 ms - -[0m
[0mGET /api/universities?page=1&limit=300&sort=deadline&category=Affiliate+College [32m200[0m 65.185 ms - 75[0m
[0mGET /api/universities?page=1&limit=300&sort=deadline&category=Specialized+University [32m200[0m 221.512 ms - 75[0m
[0mGET /api/universities?page=1&limit=300&sort=deadline&category=Nursing+Colleges [32m200[0m 940.458 ms - 75[0m
[0mGET /api/universities?page=1&limit=300&sort=deadline&category=Dental+College [32m200[0m 957.057 ms - 75[0m
[0mGET /api/student/dashboard-profile [32m200[0m 1210.610 ms - 960[0m
[0mGET /api/student/featured-universities [32m200[0m 1208.213 ms - -[0m
[0mGET /api/student/upcoming-exams [32m200[0m 1484.110 ms - -[0m
[0mGET /api/student/live-alerts [32m200[0m 219.012 ms - 579[0m
[0mGET /api/student/notifications [32m200[0m 232.631 ms - 865[0m
[0mGET /api/student/exam-history [32m200[0m 168.228 ms - 789[0m
[0mGET /api/home/stream [32m200[0m 0.185 ms - -[0m
[0mGET /api/settings/public [36m304[0m 162.703 ms - -[0m
[0mGET /api/exams/public-list?status=live&page=1&limit=24 [32m200[0m 21.995 ms - -[0m
[0mGET /api/home [32m200[0m 167.135 ms - -[0m
[0mGET /api/home/stream [32m200[0m 0.223 ms - -[0m
[0mGET /api/news/sources [32m200[0m 16.518 ms - 560[0m
[0mGET /api/news/settings [32m200[0m 18.773 ms - -[0m
[0mGET /api/news-v2/widgets [32m200[0m 56.402 ms - -[0m
[0mGET /api/settings/public [36m304[0m 87.567 ms - -[0m
[0mGET /api/news?page=1&limit=15&source=&category=&tag=&q= [32m200[0m 95.507 ms - -[0m
[0mGET /api/home [32m200[0m 124.059 ms - -[0m
[0mGET /api/alerts/active [36m304[0m 19.977 ms - -[0m
[0mGET /api/student/dashboard-profile [32m200[0m 16.858 ms - 960[0m
[0mGET /api/student/notifications [32m200[0m 28.616 ms - 865[0m
[0mGET /api/student/upcoming-exams [32m200[0m 70.493 ms - -[0m
[0mGET /api/student/featured-universities [32m200[0m 32.139 ms - -[0m
[0mGET /api/student/live-alerts [32m200[0m 17.039 ms - 579[0m
[0mGET /api/student/exam-history [32m200[0m 16.501 ms - 789[0m
[0mGET /api/home/stream [32m200[0m 0.235 ms - -[0m
[0mGET /api/resources [32m200[0m 8.005 ms - -[0m
[0mGET /api/resources [36m304[0m 50.967 ms - -[0m
[0mGET /api/settings/public [36m304[0m 82.753 ms - -[0m
[0mGET /api/home [32m200[0m 118.549 ms - -[0m
[0mGET /api/home/stream [32m200[0m 0.266 ms - -[0m
[0mGET /api/settings/public [36m304[0m 41.740 ms - -[0m
[0mGET /api/home [32m200[0m 41.605 ms - -[0m
[0mGET /api/settings/public [36m304[0m 114.360 ms - -[0m
[0mGET /api/student/dashboard-profile [32m200[0m 22.278 ms - 960[0m
[0mGET /api/student/featured-universities [32m200[0m 24.601 ms - -[0m
[0mGET /api/student/notifications [32m200[0m 6.994 ms - 865[0m
[0mGET /api/student/upcoming-exams [32m200[0m 35.269 ms - -[0m
[0mGET /api/student/live-alerts [32m200[0m 15.274 ms - 579[0m
[0mGET /api/student/exam-history [32m200[0m 15.404 ms - 789[0m
[0mGET /api/home/stream [32m200[0m 0.281 ms - -[0m
[0mGET /api/settings/public [36m304[0m 59.655 ms - -[0m
[0mGET /api/subscription-plans [32m200[0m 20.467 ms - -[0m
[0mGET /api/home [32m200[0m 161.750 ms - -[0m
[0mPOST /api/events/track [32m201[0m 34.520 ms - 49[0m
[0mPOST /api/events/track [32m201[0m 42.732 ms - 49[0m
[0mPOST /api/events/track [32m201[0m 38.859 ms - 49[0m
[0mGET /api/home/stream [32m200[0m 0.278 ms - -[0m
[0mGET /api/settings/public [36m304[0m 29.162 ms - -[0m
[0mGET /api/home [32m200[0m 29.608 ms - -[0m
[0mGET /api/alerts/active [36m304[0m 19.589 ms - -[0m
[0mGET /api/student/dashboard-profile [32m200[0m 17.590 ms - 960[0m
[0mGET /api/student/notifications [32m200[0m 11.430 ms - 865[0m
[0mGET /api/student/upcoming-exams [32m200[0m 28.863 ms - -[0m
[0mGET /api/student/featured-universities [32m200[0m 13.335 ms - -[0m
[0mGET /api/student/live-alerts [32m200[0m 18.974 ms - 579[0m
[0mGET /api/student/exam-history [32m200[0m 62.747 ms - 789[0m
[0mGET /api/home/stream [32m200[0m 0.302 ms - -[0m
[0mGET /api/settings/public [36m304[0m 36.466 ms - -[0m
[0mGET /api/home [32m200[0m 38.845 ms - -[0m
[0mGET /api/home/stream [32m200[0m 0.231 ms - -[0m
[0mGET /api/settings/public [36m304[0m 106.322 ms - -[0m
[0mGET /api/home [32m200[0m 128.822 ms - -[0m
[0mGET /api/home/stream [32m200[0m 0.258 ms - -[0m
[0mGET /api/student/dashboard-profile [32m200[0m 64.060 ms - 960[0m
[0mGET /api/student/featured-universities [32m200[0m 152.446 ms - -[0m
[0mGET /api/student/upcoming-exams [32m200[0m 199.321 ms - -[0m
[0mGET /api/student/notifications [32m200[0m 147.354 ms - 865[0m
[0mGET /api/student/live-alerts [32m200[0m 58.475 ms - 579[0m
[0mGET /api/settings/public [36m304[0m 146.629 ms - -[0m
[0mGET /api/student/exam-history [32m200[0m 13.249 ms - 789[0m
[0mGET /api/home/stream [32m200[0m 0.815 ms - -[0m
[auth-stream] disconnected {
  userId: '69ab239af1457f5c3f47e923',
  sessionId: '3118f5f9-d993-4a35-a79d-b838591ca804'
}
[0mGET /api/auth/session-stream?token=eyJhbGciOiJIUzI1NiIsInR5cCI6IkpXVCJ9.eyJfaWQiOiI2OWFiMjM5YWYxNDU3ZjVjM2Y0N2U5MjMiLCJ1c2VybmFtZSI6ImUyZV9zdHVkZW50X2Rlc2t0b3AiLCJlbWFpbCI6ImUyZV9zdHVkZW50X2Rlc2t0b3BAY2FtcHVzd2F5LmxvY2FsIiwicm9sZSI6InN0dWRlbnQiLCJmdWxsTmFtZSI6IkUyRSBTdHVkZW50IERlc2t0b3AiLCJwZXJtaXNzaW9ucyI6eyJjYW5FZGl0RXhhbXMiOmZhbHNlLCJjYW5NYW5hZ2VTdHVkZW50cyI6ZmFsc2UsImNhblZpZXdSZXBvcnRzIjpmYWxzZSwiY2FuRGVsZXRlRGF0YSI6ZmFsc2UsImNhbk1hbmFnZUZpbmFuY2UiOmZhbHNlLCJjYW5NYW5hZ2VQbGFucyI6ZmFsc2UsImNhbk1hbmFnZVRpY2tldHMiOmZhbHNlLCJjYW5NYW5hZ2VCYWNrdXBzIjpmYWxzZSwiY2FuUmV2ZWFsUGFzc3dvcmRzIjpmYWxzZX0sInBlcm1pc3Npb25zVjIiOnt9LCJzZXNzaW9uSWQiOiIzMTE4ZjVmOS1kOTkzLTRhMzUtYTc5ZC1iODM4NTkxY2E4MDQiLCJpYXQiOjE3NzI4MjM0NTMsImV4cCI6MTc3MjgyNDY1M30.lockrrpr1qoFpMG-S8wpxoXvoVsB35Bcqz4y26XrHZE [32m200[0m 19.271 ms - -[0m
[0mGET /api/student/dashboard/stream?token=eyJhbGciOiJIUzI1NiIsInR5cCI6IkpXVCJ9.eyJfaWQiOiI2OWFiMjM5YWYxNDU3ZjVjM2Y0N2U5MjMiLCJ1c2VybmFtZSI6ImUyZV9zdHVkZW50X2Rlc2t0b3AiLCJlbWFpbCI6ImUyZV9zdHVkZW50X2Rlc2t0b3BAY2FtcHVzd2F5LmxvY2FsIiwicm9sZSI6InN0dWRlbnQiLCJmdWxsTmFtZSI6IkUyRSBTdHVkZW50IERlc2t0b3AiLCJwZXJtaXNzaW9ucyI6eyJjYW5FZGl0RXhhbXMiOmZhbHNlLCJjYW5NYW5hZ2VTdHVkZW50cyI6ZmFsc2UsImNhblZpZXdSZXBvcnRzIjpmYWxzZSwiY2FuRGVsZXRlRGF0YSI6ZmFsc2UsImNhbk1hbmFnZUZpbmFuY2UiOmZhbHNlLCJjYW5NYW5hZ2VQbGFucyI6ZmFsc2UsImNhbk1hbmFnZVRpY2tldHMiOmZhbHNlLCJjYW5NYW5hZ2VCYWNrdXBzIjpmYWxzZSwiY2FuUmV2ZWFsUGFzc3dvcmRzIjpmYWxzZX0sInBlcm1pc3Npb25zVjIiOnt9LCJzZXNzaW9uSWQiOiIzMTE4ZjVmOS1kOTkzLTRhMzUtYTc5ZC1iODM4NTkxY2E4MDQiLCJpYXQiOjE3NzI4MjM0NTMsImV4cCI6MTc3MjgyNDY1M30.lockrrpr1qoFpMG-S8wpxoXvoVsB35Bcqz4y26XrHZE [32m200[0m 24.443 ms - -[0m
[0mGET /api/settings/public [36m304[0m 17.614 ms - -[0m
[0mGET /api/auth/me [36m304[0m 33.321 ms - -[0m
[0mGET /api/auth/me [36m304[0m 36.696 ms - -[0m
[0mGET /api/subscriptions/me [36m304[0m 47.162 ms - -[0m
[0mGET /api/alerts/active [36m304[0m 67.543 ms - -[0m
[0mGET /api/student/dashboard-profile [32m200[0m 58.663 ms - 960[0m
[0mGET /api/student/featured-universities [32m200[0m 43.162 ms - -[0m
[0mGET /api/student/notifications [32m200[0m 78.889 ms - 865[0m
[0mGET /api/student/upcoming-exams [32m200[0m 117.982 ms - -[0m
[0mGET /api/student/live-alerts [32m200[0m 37.816 ms - 579[0m
[auth-stream] connected {
  userId: '69ab239af1457f5c3f47e923',
  sessionId: '3118f5f9-d993-4a35-a79d-b838591ca804',
  clientsForSession: 1
}
[0mGET /api/student/exam-history [32m200[0m 46.497 ms - 789[0m
[0mGET /api/alerts/active [36m304[0m 20.929 ms - -[0m
[auth-stream] disconnected {
  userId: '69ab239af1457f5c3f47e923',
  sessionId: '3118f5f9-d993-4a35-a79d-b838591ca804'
}
[0mGET /api/auth/session-stream?token=eyJhbGciOiJIUzI1NiIsInR5cCI6IkpXVCJ9.eyJfaWQiOiI2OWFiMjM5YWYxNDU3ZjVjM2Y0N2U5MjMiLCJ1c2VybmFtZSI6ImUyZV9zdHVkZW50X2Rlc2t0b3AiLCJlbWFpbCI6ImUyZV9zdHVkZW50X2Rlc2t0b3BAY2FtcHVzd2F5LmxvY2FsIiwicm9sZSI6InN0dWRlbnQiLCJmdWxsTmFtZSI6IkUyRSBTdHVkZW50IERlc2t0b3AiLCJwZXJtaXNzaW9ucyI6eyJjYW5FZGl0RXhhbXMiOmZhbHNlLCJjYW5NYW5hZ2VTdHVkZW50cyI6ZmFsc2UsImNhblZpZXdSZXBvcnRzIjpmYWxzZSwiY2FuRGVsZXRlRGF0YSI6ZmFsc2UsImNhbk1hbmFnZUZpbmFuY2UiOmZhbHNlLCJjYW5NYW5hZ2VQbGFucyI6ZmFsc2UsImNhbk1hbmFnZVRpY2tldHMiOmZhbHNlLCJjYW5NYW5hZ2VCYWNrdXBzIjpmYWxzZSwiY2FuUmV2ZWFsUGFzc3dvcmRzIjpmYWxzZX0sInBlcm1pc3Npb25zVjIiOnt9LCJzZXNzaW9uSWQiOiIzMTE4ZjVmOS1kOTkzLTRhMzUtYTc5ZC1iODM4NTkxY2E4MDQiLCJpYXQiOjE3NzI4MjM0NTMsImV4cCI6MTc3MjgyNDY1M30.lockrrpr1qoFpMG-S8wpxoXvoVsB35Bcqz4y26XrHZE [32m200[0m 16.926 ms - -[0m
[0mGET /api/home/stream [32m200[0m 0.276 ms - -[0m
[0mGET /api/student/dashboard/stream?token=eyJhbGciOiJIUzI1NiIsInR5cCI6IkpXVCJ9.eyJfaWQiOiI2OWFiMjM5YWYxNDU3ZjVjM2Y0N2U5MjMiLCJ1c2VybmFtZSI6ImUyZV9zdHVkZW50X2Rlc2t0b3AiLCJlbWFpbCI6ImUyZV9zdHVkZW50X2Rlc2t0b3BAY2FtcHVzd2F5LmxvY2FsIiwicm9sZSI6InN0dWRlbnQiLCJmdWxsTmFtZSI6IkUyRSBTdHVkZW50IERlc2t0b3AiLCJwZXJtaXNzaW9ucyI6eyJjYW5FZGl0RXhhbXMiOmZhbHNlLCJjYW5NYW5hZ2VTdHVkZW50cyI6ZmFsc2UsImNhblZpZXdSZXBvcnRzIjpmYWxzZSwiY2FuRGVsZXRlRGF0YSI6ZmFsc2UsImNhbk1hbmFnZUZpbmFuY2UiOmZhbHNlLCJjYW5NYW5hZ2VQbGFucyI6ZmFsc2UsImNhbk1hbmFnZVRpY2tldHMiOmZhbHNlLCJjYW5NYW5hZ2VCYWNrdXBzIjpmYWxzZSwiY2FuUmV2ZWFsUGFzc3dvcmRzIjpmYWxzZX0sInBlcm1pc3Npb25zVjIiOnt9LCJzZXNzaW9uSWQiOiIzMTE4ZjVmOS1kOTkzLTRhMzUtYTc5ZC1iODM4NTkxY2E4MDQiLCJpYXQiOjE3NzI4MjM0NTMsImV4cCI6MTc3MjgyNDY1M30.lockrrpr1qoFpMG-S8wpxoXvoVsB35Bcqz4y26XrHZE [32m200[0m 6.420 ms - -[0m
[0mGET /api/settings/public [36m304[0m 44.001 ms - -[0m
[0mGET /api/exams/public-list?status=live&page=1&limit=24 [32m200[0m 38.727 ms - -[0m
[0mGET /api/home [32m200[0m 72.853 ms - -[0m
[0mGET /api/auth/me [36m304[0m 232.542 ms - -[0m
[0mGET /api/auth/me [36m304[0m 15.009 ms - -[0m
[auth-stream] connected {
  userId: '69ab239af1457f5c3f47e923',
  sessionId: '3118f5f9-d993-4a35-a79d-b838591ca804',
  clientsForSession: 1
}
[auth-stream] disconnected {
  userId: '69ab239af1457f5c3f47e923',
  sessionId: '3118f5f9-d993-4a35-a79d-b838591ca804'
}
[0mGET /api/auth/session-stream?token=eyJhbGciOiJIUzI1NiIsInR5cCI6IkpXVCJ9.eyJfaWQiOiI2OWFiMjM5YWYxNDU3ZjVjM2Y0N2U5MjMiLCJ1c2VybmFtZSI6ImUyZV9zdHVkZW50X2Rlc2t0b3AiLCJlbWFpbCI6ImUyZV9zdHVkZW50X2Rlc2t0b3BAY2FtcHVzd2F5LmxvY2FsIiwicm9sZSI6InN0dWRlbnQiLCJmdWxsTmFtZSI6IkUyRSBTdHVkZW50IERlc2t0b3AiLCJwZXJtaXNzaW9ucyI6eyJjYW5FZGl0RXhhbXMiOmZhbHNlLCJjYW5NYW5hZ2VTdHVkZW50cyI6ZmFsc2UsImNhblZpZXdSZXBvcnRzIjpmYWxzZSwiY2FuRGVsZXRlRGF0YSI6ZmFsc2UsImNhbk1hbmFnZUZpbmFuY2UiOmZhbHNlLCJjYW5NYW5hZ2VQbGFucyI6ZmFsc2UsImNhbk1hbmFnZVRpY2tldHMiOmZhbHNlLCJjYW5NYW5hZ2VCYWNrdXBzIjpmYWxzZSwiY2FuUmV2ZWFsUGFzc3dvcmRzIjpmYWxzZX0sInBlcm1pc3Npb25zVjIiOnt9LCJzZXNzaW9uSWQiOiIzMTE4ZjVmOS1kOTkzLTRhMzUtYTc5ZC1iODM4NTkxY2E4MDQiLCJpYXQiOjE3NzI4MjM0NTMsImV4cCI6MTc3MjgyNDY1M30.lockrrpr1qoFpMG-S8wpxoXvoVsB35Bcqz4y26XrHZE [32m200[0m 3.920 ms - -[0m
[auth-stream] connected {
  userId: '69ab239af1457f5c3f47e923',
  sessionId: '3118f5f9-d993-4a35-a79d-b838591ca804',
  clientsForSession: 1
}
[auth-stream] disconnected {
  userId: '69ab239af1457f5c3f47e923',
  sessionId: '3118f5f9-d993-4a35-a79d-b838591ca804'
}
[0mGET /api/auth/session-stream?token=eyJhbGciOiJIUzI1NiIsInR5cCI6IkpXVCJ9.eyJfaWQiOiI2OWFiMjM5YWYxNDU3ZjVjM2Y0N2U5MjMiLCJ1c2VybmFtZSI6ImUyZV9zdHVkZW50X2Rlc2t0b3AiLCJlbWFpbCI6ImUyZV9zdHVkZW50X2Rlc2t0b3BAY2FtcHVzd2F5LmxvY2FsIiwicm9sZSI6InN0dWRlbnQiLCJmdWxsTmFtZSI6IkUyRSBTdHVkZW50IERlc2t0b3AiLCJwZXJtaXNzaW9ucyI6eyJjYW5FZGl0RXhhbXMiOmZhbHNlLCJjYW5NYW5hZ2VTdHVkZW50cyI6ZmFsc2UsImNhblZpZXdSZXBvcnRzIjpmYWxzZSwiY2FuRGVsZXRlRGF0YSI6ZmFsc2UsImNhbk1hbmFnZUZpbmFuY2UiOmZhbHNlLCJjYW5NYW5hZ2VQbGFucyI6ZmFsc2UsImNhbk1hbmFnZVRpY2tldHMiOmZhbHNlLCJjYW5NYW5hZ2VCYWNrdXBzIjpmYWxzZSwiY2FuUmV2ZWFsUGFzc3dvcmRzIjpmYWxzZX0sInBlcm1pc3Npb25zVjIiOnt9LCJzZXNzaW9uSWQiOiIzMTE4ZjVmOS1kOTkzLTRhMzUtYTc5ZC1iODM4NTkxY2E4MDQiLCJpYXQiOjE3NzI4MjM0NTMsImV4cCI6MTc3MjgyNDY1M30.lockrrpr1qoFpMG-S8wpxoXvoVsB35Bcqz4y26XrHZE [32m200[0m 3.046 ms - -[0m
[0mGET /api/home/stream [32m200[0m 0.228 ms - -[0m
[0mGET /api/settings/public [36m304[0m 25.330 ms - -[0m
[0mGET /api/auth/me [36m304[0m 28.379 ms - -[0m
[0mGET /api/auth/me [36m304[0m 32.373 ms - -[0m
[0mGET /api/alerts/active [36m304[0m 20.669 ms - -[0m
[auth-stream] connected {
  userId: '69ab239af1457f5c3f47e923',
  sessionId: '3118f5f9-d993-4a35-a79d-b838591ca804',
  clientsForSession: 1
}
[0mGET /api/students/me/results [32m200[0m 23.792 ms - 811[0m
[0mGET /api/alerts/active [36m304[0m 67.614 ms - -[0m
[auth-stream] disconnected {
  userId: '69ab239af1457f5c3f47e923',
  sessionId: '3118f5f9-d993-4a35-a79d-b838591ca804'
}
[0mGET /api/auth/session-stream?token=eyJhbGciOiJIUzI1NiIsInR5cCI6IkpXVCJ9.eyJfaWQiOiI2OWFiMjM5YWYxNDU3ZjVjM2Y0N2U5MjMiLCJ1c2VybmFtZSI6ImUyZV9zdHVkZW50X2Rlc2t0b3AiLCJlbWFpbCI6ImUyZV9zdHVkZW50X2Rlc2t0b3BAY2FtcHVzd2F5LmxvY2FsIiwicm9sZSI6InN0dWRlbnQiLCJmdWxsTmFtZSI6IkUyRSBTdHVkZW50IERlc2t0b3AiLCJwZXJtaXNzaW9ucyI6eyJjYW5FZGl0RXhhbXMiOmZhbHNlLCJjYW5NYW5hZ2VTdHVkZW50cyI6ZmFsc2UsImNhblZpZXdSZXBvcnRzIjpmYWxzZSwiY2FuRGVsZXRlRGF0YSI6ZmFsc2UsImNhbk1hbmFnZUZpbmFuY2UiOmZhbHNlLCJjYW5NYW5hZ2VQbGFucyI6ZmFsc2UsImNhbk1hbmFnZVRpY2tldHMiOmZhbHNlLCJjYW5NYW5hZ2VCYWNrdXBzIjpmYWxzZSwiY2FuUmV2ZWFsUGFzc3dvcmRzIjpmYWxzZX0sInBlcm1pc3Npb25zVjIiOnt9LCJzZXNzaW9uSWQiOiIzMTE4ZjVmOS1kOTkzLTRhMzUtYTc5ZC1iODM4NTkxY2E4MDQiLCJpYXQiOjE3NzI4MjM0NTMsImV4cCI6MTc3MjgyNDY1M30.lockrrpr1qoFpMG-S8wpxoXvoVsB35Bcqz4y26XrHZE [32m200[0m 11.593 ms - -[0m
[0mGET /api/home/stream [32m200[0m 0.365 ms - -[0m
[0mGET /api/settings/public [36m304[0m 31.744 ms - -[0m
[0mGET /api/auth/me [36m304[0m 31.085 ms - -[0m
[0mGET /api/auth/me [36m304[0m 33.103 ms - -[0m
[auth-stream] connected {
  userId: '69ab239af1457f5c3f47e923',
  sessionId: '3118f5f9-d993-4a35-a79d-b838591ca804',
  clientsForSession: 1
}
[0mGET /api/students/me/payments [32m200[0m 74.996 ms - 535[0m
[auth-stream] connected {
  userId: '69ab239af1457f5c3f47e923',
  sessionId: '3118f5f9-d993-4a35-a79d-b838591ca804',
  clientsForSession: 2
}
[0mGET /api/alerts/active [36m304[0m 81.040 ms - -[0m
[0mGET /api/alerts/active [36m304[0m 10.044 ms - -[0m
[0mGET /api/home/stream [32m200[0m 0.259 ms - -[0m
[auth-stream] disconnected {
  userId: '69ab239af1457f5c3f47e923',
  sessionId: '3118f5f9-d993-4a35-a79d-b838591ca804'
}
[0mGET /api/auth/session-stream?token=eyJhbGciOiJIUzI1NiIsInR5cCI6IkpXVCJ9.eyJfaWQiOiI2OWFiMjM5YWYxNDU3ZjVjM2Y0N2U5MjMiLCJ1c2VybmFtZSI6ImUyZV9zdHVkZW50X2Rlc2t0b3AiLCJlbWFpbCI6ImUyZV9zdHVkZW50X2Rlc2t0b3BAY2FtcHVzd2F5LmxvY2FsIiwicm9sZSI6InN0dWRlbnQiLCJmdWxsTmFtZSI6IkUyRSBTdHVkZW50IERlc2t0b3AiLCJwZXJtaXNzaW9ucyI6eyJjYW5FZGl0RXhhbXMiOmZhbHNlLCJjYW5NYW5hZ2VTdHVkZW50cyI6ZmFsc2UsImNhblZpZXdSZXBvcnRzIjpmYWxzZSwiY2FuRGVsZXRlRGF0YSI6ZmFsc2UsImNhbk1hbmFnZUZpbmFuY2UiOmZhbHNlLCJjYW5NYW5hZ2VQbGFucyI6ZmFsc2UsImNhbk1hbmFnZVRpY2tldHMiOmZhbHNlLCJjYW5NYW5hZ2VCYWNrdXBzIjpmYWxzZSwiY2FuUmV2ZWFsUGFzc3dvcmRzIjpmYWxzZX0sInBlcm1pc3Npb25zVjIiOnt9LCJzZXNzaW9uSWQiOiIzMTE4ZjVmOS1kOTkzLTRhMzUtYTc5ZC1iODM4NTkxY2E4MDQiLCJpYXQiOjE3NzI4MjM0NTMsImV4cCI6MTc3MjgyNDY1M30.lockrrpr1qoFpMG-S8wpxoXvoVsB35Bcqz4y26XrHZE [32m200[0m 62.505 ms - -[0m
[0mGET /api/settings/public [36m304[0m 22.505 ms - -[0m
[0mGET /api/auth/me [36m304[0m 90.799 ms - -[0m
[0mGET /api/auth/me [36m304[0m 19.835 ms - -[0m
[auth-stream] connected {
  userId: '69ab239af1457f5c3f47e923',
  sessionId: '3118f5f9-d993-4a35-a79d-b838591ca804',
  clientsForSession: 2
}
[auth-stream] connected {
  userId: '69ab239af1457f5c3f47e923',
  sessionId: '3118f5f9-d993-4a35-a79d-b838591ca804',
  clientsForSession: 3
}
[0mGET /api/alerts/active [36m304[0m 27.918 ms - -[0m
[0mGET /api/students/me/notifications?type=all [32m200[0m 26.467 ms - 909[0m
[0mGET /api/alerts/active [36m304[0m 63.880 ms - -[0m
[auth-stream] disconnected {
  userId: '69ab239af1457f5c3f47e923',
  sessionId: '3118f5f9-d993-4a35-a79d-b838591ca804'
}
[0mGET /api/auth/session-stream?token=eyJhbGciOiJIUzI1NiIsInR5cCI6IkpXVCJ9.eyJfaWQiOiI2OWFiMjM5YWYxNDU3ZjVjM2Y0N2U5MjMiLCJ1c2VybmFtZSI6ImUyZV9zdHVkZW50X2Rlc2t0b3AiLCJlbWFpbCI6ImUyZV9zdHVkZW50X2Rlc2t0b3BAY2FtcHVzd2F5LmxvY2FsIiwicm9sZSI6InN0dWRlbnQiLCJmdWxsTmFtZSI6IkUyRSBTdHVkZW50IERlc2t0b3AiLCJwZXJtaXNzaW9ucyI6eyJjYW5FZGl0RXhhbXMiOmZhbHNlLCJjYW5NYW5hZ2VTdHVkZW50cyI6ZmFsc2UsImNhblZpZXdSZXBvcnRzIjpmYWxzZSwiY2FuRGVsZXRlRGF0YSI6ZmFsc2UsImNhbk1hbmFnZUZpbmFuY2UiOmZhbHNlLCJjYW5NYW5hZ2VQbGFucyI6ZmFsc2UsImNhbk1hbmFnZVRpY2tldHMiOmZhbHNlLCJjYW5NYW5hZ2VCYWNrdXBzIjpmYWxzZSwiY2FuUmV2ZWFsUGFzc3dvcmRzIjpmYWxzZX0sInBlcm1pc3Npb25zVjIiOnt9LCJzZXNzaW9uSWQiOiIzMTE4ZjVmOS1kOTkzLTRhMzUtYTc5ZC1iODM4NTkxY2E4MDQiLCJpYXQiOjE3NzI4MjM0NTMsImV4cCI6MTc3MjgyNDY1M30.lockrrpr1qoFpMG-S8wpxoXvoVsB35Bcqz4y26XrHZE [32m200[0m 3.627 ms - -[0m
[0mGET /api/home/stream [32m200[0m 0.223 ms - -[0m
[0mGET /api/settings/public [36m304[0m 17.904 ms - -[0m
[0mGET /api/auth/me [36m304[0m 17.831 ms - -[0m
[0mGET /api/auth/me [36m304[0m 27.306 ms - -[0m
[0mGET /api/alerts/active [36m304[0m 40.349 ms - -[0m
[0mGET /api/subscriptions/me [36m304[0m 39.089 ms - -[0m
[auth-stream] connected {
  userId: '69ab239af1457f5c3f47e923',
  sessionId: '3118f5f9-d993-4a35-a79d-b838591ca804',
  clientsForSession: 3
}
[auth-stream] disconnected {
  userId: '69ab239af1457f5c3f47e923',
  sessionId: '3118f5f9-d993-4a35-a79d-b838591ca804'
}
[0mGET /api/auth/session-stream?token=eyJhbGciOiJIUzI1NiIsInR5cCI6IkpXVCJ9.eyJfaWQiOiI2OWFiMjM5YWYxNDU3ZjVjM2Y0N2U5MjMiLCJ1c2VybmFtZSI6ImUyZV9zdHVkZW50X2Rlc2t0b3AiLCJlbWFpbCI6ImUyZV9zdHVkZW50X2Rlc2t0b3BAY2FtcHVzd2F5LmxvY2FsIiwicm9sZSI6InN0dWRlbnQiLCJmdWxsTmFtZSI6IkUyRSBTdHVkZW50IERlc2t0b3AiLCJwZXJtaXNzaW9ucyI6eyJjYW5FZGl0RXhhbXMiOmZhbHNlLCJjYW5NYW5hZ2VTdHVkZW50cyI6ZmFsc2UsImNhblZpZXdSZXBvcnRzIjpmYWxzZSwiY2FuRGVsZXRlRGF0YSI6ZmFsc2UsImNhbk1hbmFnZUZpbmFuY2UiOmZhbHNlLCJjYW5NYW5hZ2VQbGFucyI6ZmFsc2UsImNhbk1hbmFnZVRpY2tldHMiOmZhbHNlLCJjYW5NYW5hZ2VCYWNrdXBzIjpmYWxzZSwiY2FuUmV2ZWFsUGFzc3dvcmRzIjpmYWxzZX0sInBlcm1pc3Npb25zVjIiOnt9LCJzZXNzaW9uSWQiOiIzMTE4ZjVmOS1kOTkzLTRhMzUtYTc5ZC1iODM4NTkxY2E4MDQiLCJpYXQiOjE3NzI4MjM0NTMsImV4cCI6MTc3MjgyNDY1M30.lockrrpr1qoFpMG-S8wpxoXvoVsB35Bcqz4y26XrHZE [32m200[0m 16.497 ms - -[0m
[auth-stream] connected {
  userId: '69ab239af1457f5c3f47e923',
  sessionId: '3118f5f9-d993-4a35-a79d-b838591ca804',
  clientsForSession: 3
}
[0mGET /api/alerts/active [36m304[0m 70.605 ms - -[0m
[0mGET /api/student/profile [32m200[0m 126.058 ms - -[0m
[0mGET /api/student/profile [36m304[0m 19.738 ms - -[0m
[0mGET /api/home/stream [32m200[0m 0.333 ms - -[0m
[auth-stream] disconnected {
  userId: '69ab239af1457f5c3f47e923',
  sessionId: '3118f5f9-d993-4a35-a79d-b838591ca804'
}
[0mGET /api/auth/session-stream?token=eyJhbGciOiJIUzI1NiIsInR5cCI6IkpXVCJ9.eyJfaWQiOiI2OWFiMjM5YWYxNDU3ZjVjM2Y0N2U5MjMiLCJ1c2VybmFtZSI6ImUyZV9zdHVkZW50X2Rlc2t0b3AiLCJlbWFpbCI6ImUyZV9zdHVkZW50X2Rlc2t0b3BAY2FtcHVzd2F5LmxvY2FsIiwicm9sZSI6InN0dWRlbnQiLCJmdWxsTmFtZSI6IkUyRSBTdHVkZW50IERlc2t0b3AiLCJwZXJtaXNzaW9ucyI6eyJjYW5FZGl0RXhhbXMiOmZhbHNlLCJjYW5NYW5hZ2VTdHVkZW50cyI6ZmFsc2UsImNhblZpZXdSZXBvcnRzIjpmYWxzZSwiY2FuRGVsZXRlRGF0YSI6ZmFsc2UsImNhbk1hbmFnZUZpbmFuY2UiOmZhbHNlLCJjYW5NYW5hZ2VQbGFucyI6ZmFsc2UsImNhbk1hbmFnZVRpY2tldHMiOmZhbHNlLCJjYW5NYW5hZ2VCYWNrdXBzIjpmYWxzZSwiY2FuUmV2ZWFsUGFzc3dvcmRzIjpmYWxzZX0sInBlcm1pc3Npb25zVjIiOnt9LCJzZXNzaW9uSWQiOiIzMTE4ZjVmOS1kOTkzLTRhMzUtYTc5ZC1iODM4NTkxY2E4MDQiLCJpYXQiOjE3NzI4MjM0NTMsImV4cCI6MTc3MjgyNDY1M30.lockrrpr1qoFpMG-S8wpxoXvoVsB35Bcqz4y26XrHZE [32m200[0m 67.817 ms - -[0m
[0mGET /api/settings/public [36m304[0m 112.078 ms - -[0m
[0mGET /api/auth/me [36m304[0m 143.257 ms - -[0m
[0mGET /api/home [32m200[0m 140.459 ms - -[0m
[0mGET /api/auth/me [36m304[0m 12.902 ms - -[0m
[0mGET /api/students/me/resources [32m200[0m 8.776 ms - -[0m
[0mGET /api/alerts/active [36m304[0m 21.102 ms - -[0m
[auth-stream] connected {
  userId: '69ab239af1457f5c3f47e923',
  sessionId: '3118f5f9-d993-4a35-a79d-b838591ca804',
  clientsForSession: 3
}
[0mGET /api/alerts/active [36m304[0m 20.672 ms - -[0m
[auth-stream] disconnected {
  userId: '69ab239af1457f5c3f47e923',
  sessionId: '3118f5f9-d993-4a35-a79d-b838591ca804'
}
[0mGET /api/auth/session-stream?token=eyJhbGciOiJIUzI1NiIsInR5cCI6IkpXVCJ9.eyJfaWQiOiI2OWFiMjM5YWYxNDU3ZjVjM2Y0N2U5MjMiLCJ1c2VybmFtZSI6ImUyZV9zdHVkZW50X2Rlc2t0b3AiLCJlbWFpbCI6ImUyZV9zdHVkZW50X2Rlc2t0b3BAY2FtcHVzd2F5LmxvY2FsIiwicm9sZSI6InN0dWRlbnQiLCJmdWxsTmFtZSI6IkUyRSBTdHVkZW50IERlc2t0b3AiLCJwZXJtaXNzaW9ucyI6eyJjYW5FZGl0RXhhbXMiOmZhbHNlLCJjYW5NYW5hZ2VTdHVkZW50cyI6ZmFsc2UsImNhblZpZXdSZXBvcnRzIjpmYWxzZSwiY2FuRGVsZXRlRGF0YSI6ZmFsc2UsImNhbk1hbmFnZUZpbmFuY2UiOmZhbHNlLCJjYW5NYW5hZ2VQbGFucyI6ZmFsc2UsImNhbk1hbmFnZVRpY2tldHMiOmZhbHNlLCJjYW5NYW5hZ2VCYWNrdXBzIjpmYWxzZSwiY2FuUmV2ZWFsUGFzc3dvcmRzIjpmYWxzZX0sInBlcm1pc3Npb25zVjIiOnt9LCJzZXNzaW9uSWQiOiIzMTE4ZjVmOS1kOTkzLTRhMzUtYTc5ZC1iODM4NTkxY2E4MDQiLCJpYXQiOjE3NzI4MjM0NTMsImV4cCI6MTc3MjgyNDY1M30.lockrrpr1qoFpMG-S8wpxoXvoVsB35Bcqz4y26XrHZE [32m200[0m 5.105 ms - -[0m
[auth-stream] connected {
  userId: '69ab239af1457f5c3f47e923',
  sessionId: '3118f5f9-d993-4a35-a79d-b838591ca804',
  clientsForSession: 3
}
[0mGET /api/home/stream [32m200[0m 0.232 ms - -[0m
[auth-stream] disconnected {
  userId: '69ab239af1457f5c3f47e923',
  sessionId: '3118f5f9-d993-4a35-a79d-b838591ca804'
}
[0mGET /api/auth/session-stream?token=eyJhbGciOiJIUzI1NiIsInR5cCI6IkpXVCJ9.eyJfaWQiOiI2OWFiMjM5YWYxNDU3ZjVjM2Y0N2U5MjMiLCJ1c2VybmFtZSI6ImUyZV9zdHVkZW50X2Rlc2t0b3AiLCJlbWFpbCI6ImUyZV9zdHVkZW50X2Rlc2t0b3BAY2FtcHVzd2F5LmxvY2FsIiwicm9sZSI6InN0dWRlbnQiLCJmdWxsTmFtZSI6IkUyRSBTdHVkZW50IERlc2t0b3AiLCJwZXJtaXNzaW9ucyI6eyJjYW5FZGl0RXhhbXMiOmZhbHNlLCJjYW5NYW5hZ2VTdHVkZW50cyI6ZmFsc2UsImNhblZpZXdSZXBvcnRzIjpmYWxzZSwiY2FuRGVsZXRlRGF0YSI6ZmFsc2UsImNhbk1hbmFnZUZpbmFuY2UiOmZhbHNlLCJjYW5NYW5hZ2VQbGFucyI6ZmFsc2UsImNhbk1hbmFnZVRpY2tldHMiOmZhbHNlLCJjYW5NYW5hZ2VCYWNrdXBzIjpmYWxzZSwiY2FuUmV2ZWFsUGFzc3dvcmRzIjpmYWxzZX0sInBlcm1pc3Npb25zVjIiOnt9LCJzZXNzaW9uSWQiOiIzMTE4ZjVmOS1kOTkzLTRhMzUtYTc5ZC1iODM4NTkxY2E4MDQiLCJpYXQiOjE3NzI4MjM0NTMsImV4cCI6MTc3MjgyNDY1M30.lockrrpr1qoFpMG-S8wpxoXvoVsB35Bcqz4y26XrHZE [32m200[0m 5.786 ms - -[0m
[0mGET /api/settings/public [36m304[0m 76.598 ms - -[0m
[0mGET /api/auth/me [36m304[0m 100.816 ms - -[0m
[0mGET /api/auth/me [36m304[0m 26.391 ms - -[0m
[auth-stream] connected {
  userId: '69ab239af1457f5c3f47e923',
  sessionId: '3118f5f9-d993-4a35-a79d-b838591ca804',
  clientsForSession: 3
}
[0mGET /api/alerts/active [36m304[0m 23.349 ms - -[0m
[0mGET /api/student/support-tickets [32m200[0m 12.723 ms - 712[0m
[0mGET /api/student/notices [32m200[0m 24.105 ms - 395[0m
[0mGET /api/alerts/active [36m304[0m 66.045 ms - -[0m
[0mGET /api/home/stream [32m200[0m 0.538 ms - -[0m
[auth-stream] disconnected {
  userId: '69ab239af1457f5c3f47e923',
  sessionId: '3118f5f9-d993-4a35-a79d-b838591ca804'
}
[0mGET /api/auth/session-stream?token=eyJhbGciOiJIUzI1NiIsInR5cCI6IkpXVCJ9.eyJfaWQiOiI2OWFiMjM5YWYxNDU3ZjVjM2Y0N2U5MjMiLCJ1c2VybmFtZSI6ImUyZV9zdHVkZW50X2Rlc2t0b3AiLCJlbWFpbCI6ImUyZV9zdHVkZW50X2Rlc2t0b3BAY2FtcHVzd2F5LmxvY2FsIiwicm9sZSI6InN0dWRlbnQiLCJmdWxsTmFtZSI6IkUyRSBTdHVkZW50IERlc2t0b3AiLCJwZXJtaXNzaW9ucyI6eyJjYW5FZGl0RXhhbXMiOmZhbHNlLCJjYW5NYW5hZ2VTdHVkZW50cyI6ZmFsc2UsImNhblZpZXdSZXBvcnRzIjpmYWxzZSwiY2FuRGVsZXRlRGF0YSI6ZmFsc2UsImNhbk1hbmFnZUZpbmFuY2UiOmZhbHNlLCJjYW5NYW5hZ2VQbGFucyI6ZmFsc2UsImNhbk1hbmFnZVRpY2tldHMiOmZhbHNlLCJjYW5NYW5hZ2VCYWNrdXBzIjpmYWxzZSwiY2FuUmV2ZWFsUGFzc3dvcmRzIjpmYWxzZX0sInBlcm1pc3Npb25zVjIiOnt9LCJzZXNzaW9uSWQiOiIzMTE4ZjVmOS1kOTkzLTRhMzUtYTc5ZC1iODM4NTkxY2E4MDQiLCJpYXQiOjE3NzI4MjM0NTMsImV4cCI6MTc3MjgyNDY1M30.lockrrpr1qoFpMG-S8wpxoXvoVsB35Bcqz4y26XrHZE [32m200[0m 3.344 ms - -[0m
[0mGET /api/home/stream [32m200[0m 0.281 ms - -[0m
[0mGET /api/auth/session-stream?token=eyJhbGciOiJIUzI1NiIsInR5cCI6IkpXVCJ9.eyJfaWQiOiI2OWFiMjM5YWYxNDU3ZjVjM2Y0N2U5MjMiLCJ1c2VybmFtZSI6ImUyZV9zdHVkZW50X2Rlc2t0b3AiLCJlbWFpbCI6ImUyZV9zdHVkZW50X2Rlc2t0b3BAY2FtcHVzd2F5LmxvY2FsIiwicm9sZSI6InN0dWRlbnQiLCJmdWxsTmFtZSI6IkUyRSBTdHVkZW50IERlc2t0b3AiLCJwZXJtaXNzaW9ucyI6eyJjYW5FZGl0RXhhbXMiOmZhbHNlLCJjYW5NYW5hZ2VTdHVkZW50cyI6ZmFsc2UsImNhblZpZXdSZXBvcnRzIjpmYWxzZSwiY2FuRGVsZXRlRGF0YSI6ZmFsc2UsImNhbk1hbmFnZUZpbmFuY2UiOmZhbHNlLCJjYW5NYW5hZ2VQbGFucyI6ZmFsc2UsImNhbk1hbmFnZVRpY2tldHMiOmZhbHNlLCJjYW5NYW5hZ2VCYWNrdXBzIjpmYWxzZSwiY2FuUmV2ZWFsUGFzc3dvcmRzIjpmYWxzZX0sInBlcm1pc3Npb25zVjIiOnt9LCJzZXNzaW9uSWQiOiIzMTE4ZjVmOS1kOTkzLTRhMzUtYTc5ZC1iODM4NTkxY2E4MDQiLCJpYXQiOjE3NzI4MjM0NTMsImV4cCI6MTc3MjgyNDY1M30.lockrrpr1qoFpMG-S8wpxoXvoVsB35Bcqz4y26XrHZE [32m200[0m 10.664 ms - -[0m
[auth-stream] disconnected {
  userId: '69ab239af1457f5c3f47e923',
  sessionId: '3118f5f9-d993-4a35-a79d-b838591ca804'
}
[0mGET /api/auth/session-stream?token=eyJhbGciOiJIUzI1NiIsInR5cCI6IkpXVCJ9.eyJfaWQiOiI2OWFiMjM5YWYxNDU3ZjVjM2Y0N2U5MjMiLCJ1c2VybmFtZSI6ImUyZV9zdHVkZW50X2Rlc2t0b3AiLCJlbWFpbCI6ImUyZV9zdHVkZW50X2Rlc2t0b3BAY2FtcHVzd2F5LmxvY2FsIiwicm9sZSI6InN0dWRlbnQiLCJmdWxsTmFtZSI6IkUyRSBTdHVkZW50IERlc2t0b3AiLCJwZXJtaXNzaW9ucyI6eyJjYW5FZGl0RXhhbXMiOmZhbHNlLCJjYW5NYW5hZ2VTdHVkZW50cyI6ZmFsc2UsImNhblZpZXdSZXBvcnRzIjpmYWxzZSwiY2FuRGVsZXRlRGF0YSI6ZmFsc2UsImNhbk1hbmFnZUZpbmFuY2UiOmZhbHNlLCJjYW5NYW5hZ2VQbGFucyI6ZmFsc2UsImNhbk1hbmFnZVRpY2tldHMiOmZhbHNlLCJjYW5NYW5hZ2VCYWNrdXBzIjpmYWxzZSwiY2FuUmV2ZWFsUGFzc3dvcmRzIjpmYWxzZX0sInBlcm1pc3Npb25zVjIiOnt9LCJzZXNzaW9uSWQiOiIzMTE4ZjVmOS1kOTkzLTRhMzUtYTc5ZC1iODM4NTkxY2E4MDQiLCJpYXQiOjE3NzI4MjM0NTMsImV4cCI6MTc3MjgyNDY1M30.lockrrpr1qoFpMG-S8wpxoXvoVsB35Bcqz4y26XrHZE [32m200[0m 14.037 ms - -[0m
[auth-stream] disconnected {
  userId: '69ab239af1457f5c3f47e923',
  sessionId: '3118f5f9-d993-4a35-a79d-b838591ca804'
}
