
> campusway-backend@1.0.0 dev
> tsx watch src/server.ts

[db] MongoDB connected successfully
[db] Failed to ensure critical indexes: MongoServerError: ns does not exist: campusway_admin_sidebar_audit_20260306195641.student_results
    at Connection.sendCommand (F:\CampusWay\backend\node_modules\mongodb\src\cmap\connection.ts:559:17)
    at process.processTicksAndRejections (node:internal/process/task_queues:104:5)
    at async Connection.command (F:\CampusWay\backend\node_modules\mongodb\src\cmap\connection.ts:633:22)
    at async Server.command (F:\CampusWay\backend\node_modules\mongodb\src\sdam\server.ts:350:21)
    at async tryOperation (F:\CampusWay\backend\node_modules\mongodb\src\operations\execute_operation.ts:289:24)
    at async executeOperation (F:\CampusWay\backend\node_modules\mongodb\src\operations\execute_operation.ts:119:12)
    at async ListIndexesCursor._initialize (F:\CampusWay\backend\node_modules\mongodb\src\cursor\list_indexes_cursor.ts:33:22)
    at async ListIndexesCursor.cursorInit (F:\CampusWay\backend\node_modules\mongodb\src\cursor\abstract_cursor.ts:949:21)
    at async ListIndexesCursor.fetchBatch (F:\CampusWay\backend\node_modules\mongodb\src\cursor\abstract_cursor.ts:987:7)
    at async ListIndexesCursor.next (F:\CampusWay\backend\node_modules\mongodb\src\cursor\abstract_cursor.ts:608:9)
    at async ListIndexesCursor.[Symbol.asyncIterator] (F:\CampusWay\backend\node_modules\mongodb\src\cursor\abstract_cursor.ts:502:26)
    at async ListIndexesCursor.toArray (F:\CampusWay\backend\node_modules\mongodb\src\cursor\abstract_cursor.ts:696:22)
    at async Collection.indexes (F:\CampusWay\backend\node_modules\mongodb\src\collection.ts:914:45)
    at async ensureCriticalIndexes (F:\CampusWay\backend\src\config\db.ts:15:31)
    at async connectDB (F:\CampusWay\backend\src\config\db.ts:112:9)
    at async start (F:\CampusWay\backend\src\server.ts:265:5) {
  errorLabelSet: Set(0) {},
  errorResponse: {
    ok: 0,
    errmsg: 'ns does not exist: campusway_admin_sidebar_audit_20260306195641.student_results',
    code: 26,
    codeName: 'NamespaceNotFound'
  },
  ok: 0,
  code: 26,
  codeName: 'NamespaceNotFound'
}
ℹ️  INITIAL_ACCESS_INFO.txt exists — default setup already completed.
[cron] Starting exam auto-submit worker (every minute).
🚀 CampusWay Backend running on port 5073
📡 Public API: http://localhost:5073/api
🔒 Admin API:  http://localhost:5073/api/campusway-secure-admin
[0mGET /api/health [32m200[0m 972.431 ms - 87[0m
[0mGET /api/settings/public [32m200[0m 25.497 ms - -[0m
[0mPOST /api/auth/admin/login [32m200[0m 475.099 ms - -[0m
[auth-stream] connected {
  userId: '69ab3184f1457f5c3f47eb76',
  sessionId: 'e48a8b16-80a6-41fa-abf0-e6db8429526d',
  clientsForSession: 1
}
[0mGET /api/auth/me [32m200[0m 113.409 ms - 696[0m
[auth-stream] disconnected {
  userId: '69ab3184f1457f5c3f47eb76',
  sessionId: 'e48a8b16-80a6-41fa-abf0-e6db8429526d'
}
[0mGET /api/auth/session-stream?token=eyJhbGciOiJIUzI1NiIsInR5cCI6IkpXVCJ9.eyJfaWQiOiI2OWFiMzE4NGYxNDU3ZjVjM2Y0N2ViNzYiLCJ1c2VybmFtZSI6ImUyZV9hZG1pbl9kZXNrdG9wIiwiZW1haWwiOiJlMmVfYWRtaW5fZGVza3RvcEBjYW1wdXN3YXkubG9jYWwiLCJyb2xlIjoiYWRtaW4iLCJmdWxsTmFtZSI6IkUyRSBBZG1pbiBEZXNrdG9wIiwicGVybWlzc2lvbnMiOnsiY2FuRWRpdEV4YW1zIjp0cnVlLCJjYW5NYW5hZ2VTdHVkZW50cyI6dHJ1ZSwiY2FuVmlld1JlcG9ydHMiOnRydWUsImNhbkRlbGV0ZURhdGEiOmZhbHNlLCJjYW5NYW5hZ2VGaW5hbmNlIjp0cnVlLCJjYW5NYW5hZ2VQbGFucyI6dHJ1ZSwiY2FuTWFuYWdlVGlja2V0cyI6dHJ1ZSwiY2FuTWFuYWdlQmFja3VwcyI6dHJ1ZSwiY2FuUmV2ZWFsUGFzc3dvcmRzIjpmYWxzZX0sInBlcm1pc3Npb25zVjIiOnt9LCJzZXNzaW9uSWQiOiJlNDhhOGIxNi04MGE2LTQxZmEtYWJmMC1lNmRiODQyOTUyNmQiLCJpYXQiOjE3NzI4MjcwMTYsImV4cCI6MTc3MjgyODIxNn0.OUbRW0jFuYTFKWUVOLSs7gfhz7hRJiKY9hEFeuE4N2M [32m200[0m 10.448 ms - -[0m
[0mGET /api/campusway-secure-admin/dashboard/summary [32m200[0m 42.909 ms - 466[0m
[auth-stream] connected {
  userId: '69ab3184f1457f5c3f47eb76',
  sessionId: 'e48a8b16-80a6-41fa-abf0-e6db8429526d',
  clientsForSession: 1
}
[auth-stream] disconnected {
  userId: '69ab3184f1457f5c3f47eb76',
  sessionId: 'e48a8b16-80a6-41fa-abf0-e6db8429526d'
}
[0mGET /api/auth/session-stream?token=eyJhbGciOiJIUzI1NiIsInR5cCI6IkpXVCJ9.eyJfaWQiOiI2OWFiMzE4NGYxNDU3ZjVjM2Y0N2ViNzYiLCJ1c2VybmFtZSI6ImUyZV9hZG1pbl9kZXNrdG9wIiwiZW1haWwiOiJlMmVfYWRtaW5fZGVza3RvcEBjYW1wdXN3YXkubG9jYWwiLCJyb2xlIjoiYWRtaW4iLCJmdWxsTmFtZSI6IkUyRSBBZG1pbiBEZXNrdG9wIiwicGVybWlzc2lvbnMiOnsiY2FuRWRpdEV4YW1zIjp0cnVlLCJjYW5NYW5hZ2VTdHVkZW50cyI6dHJ1ZSwiY2FuVmlld1JlcG9ydHMiOnRydWUsImNhbkRlbGV0ZURhdGEiOmZhbHNlLCJjYW5NYW5hZ2VGaW5hbmNlIjp0cnVlLCJjYW5NYW5hZ2VQbGFucyI6dHJ1ZSwiY2FuTWFuYWdlVGlja2V0cyI6dHJ1ZSwiY2FuTWFuYWdlQmFja3VwcyI6dHJ1ZSwiY2FuUmV2ZWFsUGFzc3dvcmRzIjpmYWxzZX0sInBlcm1pc3Npb25zVjIiOnt9LCJzZXNzaW9uSWQiOiJlNDhhOGIxNi04MGE2LTQxZmEtYWJmMC1lNmRiODQyOTUyNmQiLCJpYXQiOjE3NzI4MjcwMTYsImV4cCI6MTc3MjgyODIxNn0.OUbRW0jFuYTFKWUVOLSs7gfhz7hRJiKY9hEFeuE4N2M [32m200[0m 5.492 ms - -[0m
[0mGET /api/home/stream [32m200[0m 0.884 ms - -[0m
[0mGET /api/settings/public [36m304[0m 28.723 ms - -[0m
[0mGET /api/auth/me [36m304[0m 26.224 ms - -[0m
[0mGET /api/auth/me [36m304[0m 14.805 ms - -[0m
[0mGET /api/campusway-secure-admin/dashboard/summary [32m200[0m 20.388 ms - 466[0m
[auth-stream] connected {
  userId: '69ab3184f1457f5c3f47eb76',
  sessionId: 'e48a8b16-80a6-41fa-abf0-e6db8429526d',
  clientsForSession: 1
}
[auth-stream] connected {
  userId: '69ab3184f1457f5c3f47eb76',
  sessionId: 'e48a8b16-80a6-41fa-abf0-e6db8429526d',
  clientsForSession: 2
}
[0mGET /api/home/stream [32m200[0m 0.278 ms - -[0m
[auth-stream] disconnected {
  userId: '69ab3184f1457f5c3f47eb76',
  sessionId: 'e48a8b16-80a6-41fa-abf0-e6db8429526d'
}
[0mGET /api/auth/session-stream?token=eyJhbGciOiJIUzI1NiIsInR5cCI6IkpXVCJ9.eyJfaWQiOiI2OWFiMzE4NGYxNDU3ZjVjM2Y0N2ViNzYiLCJ1c2VybmFtZSI6ImUyZV9hZG1pbl9kZXNrdG9wIiwiZW1haWwiOiJlMmVfYWRtaW5fZGVza3RvcEBjYW1wdXN3YXkubG9jYWwiLCJyb2xlIjoiYWRtaW4iLCJmdWxsTmFtZSI6IkUyRSBBZG1pbiBEZXNrdG9wIiwicGVybWlzc2lvbnMiOnsiY2FuRWRpdEV4YW1zIjp0cnVlLCJjYW5NYW5hZ2VTdHVkZW50cyI6dHJ1ZSwiY2FuVmlld1JlcG9ydHMiOnRydWUsImNhbkRlbGV0ZURhdGEiOmZhbHNlLCJjYW5NYW5hZ2VGaW5hbmNlIjp0cnVlLCJjYW5NYW5hZ2VQbGFucyI6dHJ1ZSwiY2FuTWFuYWdlVGlja2V0cyI6dHJ1ZSwiY2FuTWFuYWdlQmFja3VwcyI6dHJ1ZSwiY2FuUmV2ZWFsUGFzc3dvcmRzIjpmYWxzZX0sInBlcm1pc3Npb25zVjIiOnt9LCJzZXNzaW9uSWQiOiJlNDhhOGIxNi04MGE2LTQxZmEtYWJmMC1lNmRiODQyOTUyNmQiLCJpYXQiOjE3NzI4MjcwMTYsImV4cCI6MTc3MjgyODIxNn0.OUbRW0jFuYTFKWUVOLSs7gfhz7hRJiKY9hEFeuE4N2M [32m200[0m 69.848 ms - -[0m
[0mGET /api/settings/public [36m304[0m 83.611 ms - -[0m
[0mGET /api/auth/me [36m304[0m 88.027 ms - -[0m
[0mGET /api/auth/me [36m304[0m 28.828 ms - -[0m
[0mGET /api/campusway-secure-admin/dashboard/summary [32m200[0m 19.065 ms - 466[0m
[auth-stream] connected {
  userId: '69ab3184f1457f5c3f47eb76',
  sessionId: 'e48a8b16-80a6-41fa-abf0-e6db8429526d',
  clientsForSession: 2
}
[auth-stream] disconnected {
  userId: '69ab3184f1457f5c3f47eb76',
  sessionId: 'e48a8b16-80a6-41fa-abf0-e6db8429526d'
}
[0mGET /api/auth/session-stream?token=eyJhbGciOiJIUzI1NiIsInR5cCI6IkpXVCJ9.eyJfaWQiOiI2OWFiMzE4NGYxNDU3ZjVjM2Y0N2ViNzYiLCJ1c2VybmFtZSI6ImUyZV9hZG1pbl9kZXNrdG9wIiwiZW1haWwiOiJlMmVfYWRtaW5fZGVza3RvcEBjYW1wdXN3YXkubG9jYWwiLCJyb2xlIjoiYWRtaW4iLCJmdWxsTmFtZSI6IkUyRSBBZG1pbiBEZXNrdG9wIiwicGVybWlzc2lvbnMiOnsiY2FuRWRpdEV4YW1zIjp0cnVlLCJjYW5NYW5hZ2VTdHVkZW50cyI6dHJ1ZSwiY2FuVmlld1JlcG9ydHMiOnRydWUsImNhbkRlbGV0ZURhdGEiOmZhbHNlLCJjYW5NYW5hZ2VGaW5hbmNlIjp0cnVlLCJjYW5NYW5hZ2VQbGFucyI6dHJ1ZSwiY2FuTWFuYWdlVGlja2V0cyI6dHJ1ZSwiY2FuTWFuYWdlQmFja3VwcyI6dHJ1ZSwiY2FuUmV2ZWFsUGFzc3dvcmRzIjpmYWxzZX0sInBlcm1pc3Npb25zVjIiOnt9LCJzZXNzaW9uSWQiOiJlNDhhOGIxNi04MGE2LTQxZmEtYWJmMC1lNmRiODQyOTUyNmQiLCJpYXQiOjE3NzI4MjcwMTYsImV4cCI6MTc3MjgyODIxNn0.OUbRW0jFuYTFKWUVOLSs7gfhz7hRJiKY9hEFeuE4N2M [32m200[0m 13.936 ms - -[0m
[auth-stream] connected {
  userId: '69ab3184f1457f5c3f47eb76',
  sessionId: 'e48a8b16-80a6-41fa-abf0-e6db8429526d',
  clientsForSession: 2
}
[0mGET /api/campusway-secure-admin/home-settings/defaults [32m200[0m 11.710 ms - -[0m
[0mGET /api/campusway-secure-admin/home-settings [32m200[0m 22.541 ms - -[0m
[0mGET /api/campusway-secure-admin/universities/categories?status=all [32m200[0m 23.354 ms - 370[0m
[0mGET /api/campusway-secure-admin/universities?page=1&limit=1000&status=all&sortBy=name&sortOrder=asc [32m200[0m 32.109 ms - -[0m
[0mGET /api/campusway-secure-admin/subscription-plans [32m200[0m 16.781 ms - -[0m
[0mGET /api/home/stream [32m200[0m 0.209 ms - -[0m
[auth-stream] disconnected {
  userId: '69ab3184f1457f5c3f47eb76',
  sessionId: 'e48a8b16-80a6-41fa-abf0-e6db8429526d'
}
[0mGET /api/auth/session-stream?token=eyJhbGciOiJIUzI1NiIsInR5cCI6IkpXVCJ9.eyJfaWQiOiI2OWFiMzE4NGYxNDU3ZjVjM2Y0N2ViNzYiLCJ1c2VybmFtZSI6ImUyZV9hZG1pbl9kZXNrdG9wIiwiZW1haWwiOiJlMmVfYWRtaW5fZGVza3RvcEBjYW1wdXN3YXkubG9jYWwiLCJyb2xlIjoiYWRtaW4iLCJmdWxsTmFtZSI6IkUyRSBBZG1pbiBEZXNrdG9wIiwicGVybWlzc2lvbnMiOnsiY2FuRWRpdEV4YW1zIjp0cnVlLCJjYW5NYW5hZ2VTdHVkZW50cyI6dHJ1ZSwiY2FuVmlld1JlcG9ydHMiOnRydWUsImNhbkRlbGV0ZURhdGEiOmZhbHNlLCJjYW5NYW5hZ2VGaW5hbmNlIjp0cnVlLCJjYW5NYW5hZ2VQbGFucyI6dHJ1ZSwiY2FuTWFuYWdlVGlja2V0cyI6dHJ1ZSwiY2FuTWFuYWdlQmFja3VwcyI6dHJ1ZSwiY2FuUmV2ZWFsUGFzc3dvcmRzIjpmYWxzZX0sInBlcm1pc3Npb25zVjIiOnt9LCJzZXNzaW9uSWQiOiJlNDhhOGIxNi04MGE2LTQxZmEtYWJmMC1lNmRiODQyOTUyNmQiLCJpYXQiOjE3NzI4MjcwMTYsImV4cCI6MTc3MjgyODIxNn0.OUbRW0jFuYTFKWUVOLSs7gfhz7hRJiKY9hEFeuE4N2M [32m200[0m 18.567 ms - -[0m
[0mGET /api/settings/public [36m304[0m 81.239 ms - -[0m
[0mGET /api/auth/me [36m304[0m 81.285 ms - -[0m
[0mGET /api/auth/me [36m304[0m 29.163 ms - -[0m
[0mGET /api/campusway-secure-admin/dashboard/summary [32m200[0m 21.011 ms - 466[0m
[auth-stream] connected {
  userId: '69ab3184f1457f5c3f47eb76',
  sessionId: 'e48a8b16-80a6-41fa-abf0-e6db8429526d',
  clientsForSession: 2
}
[auth-stream] disconnected {
  userId: '69ab3184f1457f5c3f47eb76',
  sessionId: 'e48a8b16-80a6-41fa-abf0-e6db8429526d'
}
[0mGET /api/auth/session-stream?token=eyJhbGciOiJIUzI1NiIsInR5cCI6IkpXVCJ9.eyJfaWQiOiI2OWFiMzE4NGYxNDU3ZjVjM2Y0N2ViNzYiLCJ1c2VybmFtZSI6ImUyZV9hZG1pbl9kZXNrdG9wIiwiZW1haWwiOiJlMmVfYWRtaW5fZGVza3RvcEBjYW1wdXN3YXkubG9jYWwiLCJyb2xlIjoiYWRtaW4iLCJmdWxsTmFtZSI6IkUyRSBBZG1pbiBEZXNrdG9wIiwicGVybWlzc2lvbnMiOnsiY2FuRWRpdEV4YW1zIjp0cnVlLCJjYW5NYW5hZ2VTdHVkZW50cyI6dHJ1ZSwiY2FuVmlld1JlcG9ydHMiOnRydWUsImNhbkRlbGV0ZURhdGEiOmZhbHNlLCJjYW5NYW5hZ2VGaW5hbmNlIjp0cnVlLCJjYW5NYW5hZ2VQbGFucyI6dHJ1ZSwiY2FuTWFuYWdlVGlja2V0cyI6dHJ1ZSwiY2FuTWFuYWdlQmFja3VwcyI6dHJ1ZSwiY2FuUmV2ZWFsUGFzc3dvcmRzIjpmYWxzZX0sInBlcm1pc3Npb25zVjIiOnt9LCJzZXNzaW9uSWQiOiJlNDhhOGIxNi04MGE2LTQxZmEtYWJmMC1lNmRiODQyOTUyNmQiLCJpYXQiOjE3NzI4MjcwMTYsImV4cCI6MTc3MjgyODIxNn0.OUbRW0jFuYTFKWUVOLSs7gfhz7hRJiKY9hEFeuE4N2M [32m200[0m 17.421 ms - -[0m
[auth-stream] connected {
  userId: '69ab3184f1457f5c3f47eb76',
  sessionId: 'e48a8b16-80a6-41fa-abf0-e6db8429526d',
  clientsForSession: 2
}
[0mGET /api/campusway-secure-admin/settings/university [32m200[0m 12.461 ms - 909[0m
[0mGET /api/campusway-secure-admin/universities?page=1&limit=1000&status=all&sortBy=name&sortOrder=asc&fields=name,slug,shortForm [32m200[0m 13.332 ms - -[0m
[auth-stream] disconnected {
  userId: '69ab3184f1457f5c3f47eb76',
  sessionId: 'e48a8b16-80a6-41fa-abf0-e6db8429526d'
}
[0mGET /api/auth/session-stream?token=eyJhbGciOiJIUzI1NiIsInR5cCI6IkpXVCJ9.eyJfaWQiOiI2OWFiMzE4NGYxNDU3ZjVjM2Y0N2ViNzYiLCJ1c2VybmFtZSI6ImUyZV9hZG1pbl9kZXNrdG9wIiwiZW1haWwiOiJlMmVfYWRtaW5fZGVza3RvcEBjYW1wdXN3YXkubG9jYWwiLCJyb2xlIjoiYWRtaW4iLCJmdWxsTmFtZSI6IkUyRSBBZG1pbiBEZXNrdG9wIiwicGVybWlzc2lvbnMiOnsiY2FuRWRpdEV4YW1zIjp0cnVlLCJjYW5NYW5hZ2VTdHVkZW50cyI6dHJ1ZSwiY2FuVmlld1JlcG9ydHMiOnRydWUsImNhbkRlbGV0ZURhdGEiOmZhbHNlLCJjYW5NYW5hZ2VGaW5hbmNlIjp0cnVlLCJjYW5NYW5hZ2VQbGFucyI6dHJ1ZSwiY2FuTWFuYWdlVGlja2V0cyI6dHJ1ZSwiY2FuTWFuYWdlQmFja3VwcyI6dHJ1ZSwiY2FuUmV2ZWFsUGFzc3dvcmRzIjpmYWxzZX0sInBlcm1pc3Npb25zVjIiOnt9LCJzZXNzaW9uSWQiOiJlNDhhOGIxNi04MGE2LTQxZmEtYWJmMC1lNmRiODQyOTUyNmQiLCJpYXQiOjE3NzI4MjcwMTYsImV4cCI6MTc3MjgyODIxNn0.OUbRW0jFuYTFKWUVOLSs7gfhz7hRJiKY9hEFeuE4N2M [32m200[0m 10.504 ms - -[0m
[0mGET /api/home/stream [32m200[0m 0.273 ms - -[0m
[0mGET /api/auth/me [36m304[0m 30.374 ms - -[0m
[0mGET /api/settings/public [36m304[0m 33.740 ms - -[0m
[0mGET /api/auth/me [36m304[0m 21.776 ms - -[0m
[0mGET /api/campusway-secure-admin/dashboard/summary [32m200[0m 21.617 ms - 466[0m
[auth-stream] connected {
  userId: '69ab3184f1457f5c3f47eb76',
  sessionId: 'e48a8b16-80a6-41fa-abf0-e6db8429526d',
  clientsForSession: 2
}
[auth-stream] disconnected {
  userId: '69ab3184f1457f5c3f47eb76',
  sessionId: 'e48a8b16-80a6-41fa-abf0-e6db8429526d'
}
[0mGET /api/auth/session-stream?token=eyJhbGciOiJIUzI1NiIsInR5cCI6IkpXVCJ9.eyJfaWQiOiI2OWFiMzE4NGYxNDU3ZjVjM2Y0N2ViNzYiLCJ1c2VybmFtZSI6ImUyZV9hZG1pbl9kZXNrdG9wIiwiZW1haWwiOiJlMmVfYWRtaW5fZGVza3RvcEBjYW1wdXN3YXkubG9jYWwiLCJyb2xlIjoiYWRtaW4iLCJmdWxsTmFtZSI6IkUyRSBBZG1pbiBEZXNrdG9wIiwicGVybWlzc2lvbnMiOnsiY2FuRWRpdEV4YW1zIjp0cnVlLCJjYW5NYW5hZ2VTdHVkZW50cyI6dHJ1ZSwiY2FuVmlld1JlcG9ydHMiOnRydWUsImNhbkRlbGV0ZURhdGEiOmZhbHNlLCJjYW5NYW5hZ2VGaW5hbmNlIjp0cnVlLCJjYW5NYW5hZ2VQbGFucyI6dHJ1ZSwiY2FuTWFuYWdlVGlja2V0cyI6dHJ1ZSwiY2FuTWFuYWdlQmFja3VwcyI6dHJ1ZSwiY2FuUmV2ZWFsUGFzc3dvcmRzIjpmYWxzZX0sInBlcm1pc3Npb25zVjIiOnt9LCJzZXNzaW9uSWQiOiJlNDhhOGIxNi04MGE2LTQxZmEtYWJmMC1lNmRiODQyOTUyNmQiLCJpYXQiOjE3NzI4MjcwMTYsImV4cCI6MTc3MjgyODIxNn0.OUbRW0jFuYTFKWUVOLSs7gfhz7hRJiKY9hEFeuE4N2M [32m200[0m 39.938 ms - -[0m
[auth-stream] connected {
  userId: '69ab3184f1457f5c3f47eb76',
  sessionId: 'e48a8b16-80a6-41fa-abf0-e6db8429526d',
  clientsForSession: 2
}
[0mGET /api/settings/public [36m304[0m 17.214 ms - -[0m
[0mGET /api/campusway-secure-admin/settings/runtime [32m200[0m 23.838 ms - -[0m
[0mGET /api/campusway-secure-admin/social-links [32m200[0m 7.282 ms - 611[0m
[0mGET /api/home/stream [32m200[0m 0.192 ms - -[0m
[auth-stream] disconnected {
  userId: '69ab3184f1457f5c3f47eb76',
  sessionId: 'e48a8b16-80a6-41fa-abf0-e6db8429526d'
}
[0mGET /api/auth/session-stream?token=eyJhbGciOiJIUzI1NiIsInR5cCI6IkpXVCJ9.eyJfaWQiOiI2OWFiMzE4NGYxNDU3ZjVjM2Y0N2ViNzYiLCJ1c2VybmFtZSI6ImUyZV9hZG1pbl9kZXNrdG9wIiwiZW1haWwiOiJlMmVfYWRtaW5fZGVza3RvcEBjYW1wdXN3YXkubG9jYWwiLCJyb2xlIjoiYWRtaW4iLCJmdWxsTmFtZSI6IkUyRSBBZG1pbiBEZXNrdG9wIiwicGVybWlzc2lvbnMiOnsiY2FuRWRpdEV4YW1zIjp0cnVlLCJjYW5NYW5hZ2VTdHVkZW50cyI6dHJ1ZSwiY2FuVmlld1JlcG9ydHMiOnRydWUsImNhbkRlbGV0ZURhdGEiOmZhbHNlLCJjYW5NYW5hZ2VGaW5hbmNlIjp0cnVlLCJjYW5NYW5hZ2VQbGFucyI6dHJ1ZSwiY2FuTWFuYWdlVGlja2V0cyI6dHJ1ZSwiY2FuTWFuYWdlQmFja3VwcyI6dHJ1ZSwiY2FuUmV2ZWFsUGFzc3dvcmRzIjpmYWxzZX0sInBlcm1pc3Npb25zVjIiOnt9LCJzZXNzaW9uSWQiOiJlNDhhOGIxNi04MGE2LTQxZmEtYWJmMC1lNmRiODQyOTUyNmQiLCJpYXQiOjE3NzI4MjcwMTYsImV4cCI6MTc3MjgyODIxNn0.OUbRW0jFuYTFKWUVOLSs7gfhz7hRJiKY9hEFeuE4N2M [32m200[0m 8.662 ms - -[0m
[0mGET /api/auth/me [36m304[0m 34.438 ms - -[0m
[0mGET /api/settings/public [36m304[0m 47.072 ms - -[0m
[0mGET /api/auth/me [36m304[0m 16.663 ms - -[0m
[auth-stream] connected {
  userId: '69ab3184f1457f5c3f47eb76',
  sessionId: 'e48a8b16-80a6-41fa-abf0-e6db8429526d',
  clientsForSession: 2
}
[0mGET /api/campusway-secure-admin/dashboard/summary [32m200[0m 87.313 ms - 466[0m
[0mGET /api/campusway-secure-admin/banners [32m200[0m 14.206 ms - -[0m
[0mGET /api/campusway-secure-admin/news-settings [32m200[0m 13.183 ms - -[0m
[0mGET /api/campusway-secure-admin/banners [36m304[0m 5.701 ms - -[0m
[0mGET /api/home/stream [32m200[0m 0.332 ms - -[0m
[auth-stream] disconnected {
  userId: '69ab3184f1457f5c3f47eb76',
  sessionId: 'e48a8b16-80a6-41fa-abf0-e6db8429526d'
}
[0mGET /api/auth/session-stream?token=eyJhbGciOiJIUzI1NiIsInR5cCI6IkpXVCJ9.eyJfaWQiOiI2OWFiMzE4NGYxNDU3ZjVjM2Y0N2ViNzYiLCJ1c2VybmFtZSI6ImUyZV9hZG1pbl9kZXNrdG9wIiwiZW1haWwiOiJlMmVfYWRtaW5fZGVza3RvcEBjYW1wdXN3YXkubG9jYWwiLCJyb2xlIjoiYWRtaW4iLCJmdWxsTmFtZSI6IkUyRSBBZG1pbiBEZXNrdG9wIiwicGVybWlzc2lvbnMiOnsiY2FuRWRpdEV4YW1zIjp0cnVlLCJjYW5NYW5hZ2VTdHVkZW50cyI6dHJ1ZSwiY2FuVmlld1JlcG9ydHMiOnRydWUsImNhbkRlbGV0ZURhdGEiOmZhbHNlLCJjYW5NYW5hZ2VGaW5hbmNlIjp0cnVlLCJjYW5NYW5hZ2VQbGFucyI6dHJ1ZSwiY2FuTWFuYWdlVGlja2V0cyI6dHJ1ZSwiY2FuTWFuYWdlQmFja3VwcyI6dHJ1ZSwiY2FuUmV2ZWFsUGFzc3dvcmRzIjpmYWxzZX0sInBlcm1pc3Npb25zVjIiOnt9LCJzZXNzaW9uSWQiOiJlNDhhOGIxNi04MGE2LTQxZmEtYWJmMC1lNmRiODQyOTUyNmQiLCJpYXQiOjE3NzI4MjcwMTYsImV4cCI6MTc3MjgyODIxNn0.OUbRW0jFuYTFKWUVOLSs7gfhz7hRJiKY9hEFeuE4N2M [32m200[0m 72.420 ms - -[0m
[0mGET /api/auth/me [36m304[0m 24.532 ms - -[0m
[0mGET /api/settings/public [36m304[0m 27.629 ms - -[0m
[0mGET /api/auth/me [36m304[0m 70.013 ms - -[0m
[0mGET /api/campusway-secure-admin/dashboard/summary [32m200[0m 15.718 ms - 466[0m
[auth-stream] connected {
  userId: '69ab3184f1457f5c3f47eb76',
  sessionId: 'e48a8b16-80a6-41fa-abf0-e6db8429526d',
  clientsForSession: 2
}
[auth-stream] disconnected {
  userId: '69ab3184f1457f5c3f47eb76',
  sessionId: 'e48a8b16-80a6-41fa-abf0-e6db8429526d'
}
[0mGET /api/auth/session-stream?token=eyJhbGciOiJIUzI1NiIsInR5cCI6IkpXVCJ9.eyJfaWQiOiI2OWFiMzE4NGYxNDU3ZjVjM2Y0N2ViNzYiLCJ1c2VybmFtZSI6ImUyZV9hZG1pbl9kZXNrdG9wIiwiZW1haWwiOiJlMmVfYWRtaW5fZGVza3RvcEBjYW1wdXN3YXkubG9jYWwiLCJyb2xlIjoiYWRtaW4iLCJmdWxsTmFtZSI6IkUyRSBBZG1pbiBEZXNrdG9wIiwicGVybWlzc2lvbnMiOnsiY2FuRWRpdEV4YW1zIjp0cnVlLCJjYW5NYW5hZ2VTdHVkZW50cyI6dHJ1ZSwiY2FuVmlld1JlcG9ydHMiOnRydWUsImNhbkRlbGV0ZURhdGEiOmZhbHNlLCJjYW5NYW5hZ2VGaW5hbmNlIjp0cnVlLCJjYW5NYW5hZ2VQbGFucyI6dHJ1ZSwiY2FuTWFuYWdlVGlja2V0cyI6dHJ1ZSwiY2FuTWFuYWdlQmFja3VwcyI6dHJ1ZSwiY2FuUmV2ZWFsUGFzc3dvcmRzIjpmYWxzZX0sInBlcm1pc3Npb25zVjIiOnt9LCJzZXNzaW9uSWQiOiJlNDhhOGIxNi04MGE2LTQxZmEtYWJmMC1lNmRiODQyOTUyNmQiLCJpYXQiOjE3NzI4MjcwMTYsImV4cCI6MTc3MjgyODIxNn0.OUbRW0jFuYTFKWUVOLSs7gfhz7hRJiKY9hEFeuE4N2M [32m200[0m 12.521 ms - -[0m
[auth-stream] connected {
  userId: '69ab3184f1457f5c3f47eb76',
  sessionId: 'e48a8b16-80a6-41fa-abf0-e6db8429526d',
  clientsForSession: 2
}
[0mGET /api/campusway-secure-admin/universities/categories?status=all [36m304[0m 22.808 ms - -[0m
[0mGET /api/campusway-secure-admin/settings/runtime [36m304[0m 31.355 ms - -[0m
[0mGET /api/campusway-secure-admin/university-clusters [32m200[0m 27.675 ms - 15[0m
[0mGET /api/campusway-secure-admin/home-settings [36m304[0m 21.853 ms - -[0m
[0mGET /api/campusway-secure-admin/universities?page=1&limit=25&sortBy=createdAt&sortOrder=desc&status=all [32m200[0m 37.771 ms - -[0m
[0mGET /api/campusway-secure-admin/universities?page=1&limit=500&status=all&sortBy=name&sortOrder=asc [32m200[0m 30.123 ms - -[0m
[0mGET /api/campusway-secure-admin/university-categories?status=all [32m200[0m 36.030 ms - -[0m
[0mGET /api/campusway-secure-admin/university-clusters [36m304[0m 35.052 ms - -[0m
[0mGET /api/campusway-secure-admin/universities?page=1&limit=25&sortBy=createdAt&sortOrder=desc&status=all [36m304[0m 34.923 ms - -[0m
[0mGET /api/campusway-secure-admin/universities/categories?status=all [36m304[0m 43.892 ms - -[0m
[0mGET /api/campusway-secure-admin/universities?page=1&limit=500&status=all&sortBy=name&sortOrder=asc [36m304[0m 26.831 ms - -[0m
[0mGET /api/campusway-secure-admin/home-settings [36m304[0m 16.414 ms - -[0m
[0mGET /api/campusway-secure-admin/university-categories?status=all [36m304[0m 24.178 ms - -[0m
[auth-stream] disconnected {
  userId: '69ab3184f1457f5c3f47eb76',
  sessionId: 'e48a8b16-80a6-41fa-abf0-e6db8429526d'
}
[0mGET /api/auth/session-stream?token=eyJhbGciOiJIUzI1NiIsInR5cCI6IkpXVCJ9.eyJfaWQiOiI2OWFiMzE4NGYxNDU3ZjVjM2Y0N2ViNzYiLCJ1c2VybmFtZSI6ImUyZV9hZG1pbl9kZXNrdG9wIiwiZW1haWwiOiJlMmVfYWRtaW5fZGVza3RvcEBjYW1wdXN3YXkubG9jYWwiLCJyb2xlIjoiYWRtaW4iLCJmdWxsTmFtZSI6IkUyRSBBZG1pbiBEZXNrdG9wIiwicGVybWlzc2lvbnMiOnsiY2FuRWRpdEV4YW1zIjp0cnVlLCJjYW5NYW5hZ2VTdHVkZW50cyI6dHJ1ZSwiY2FuVmlld1JlcG9ydHMiOnRydWUsImNhbkRlbGV0ZURhdGEiOmZhbHNlLCJjYW5NYW5hZ2VGaW5hbmNlIjp0cnVlLCJjYW5NYW5hZ2VQbGFucyI6dHJ1ZSwiY2FuTWFuYWdlVGlja2V0cyI6dHJ1ZSwiY2FuTWFuYWdlQmFja3VwcyI6dHJ1ZSwiY2FuUmV2ZWFsUGFzc3dvcmRzIjpmYWxzZX0sInBlcm1pc3Npb25zVjIiOnt9LCJzZXNzaW9uSWQiOiJlNDhhOGIxNi04MGE2LTQxZmEtYWJmMC1lNmRiODQyOTUyNmQiLCJpYXQiOjE3NzI4MjcwMTYsImV4cCI6MTc3MjgyODIxNn0.OUbRW0jFuYTFKWUVOLSs7gfhz7hRJiKY9hEFeuE4N2M [32m200[0m 3.212 ms - -[0m
[0mGET /api/home/stream [32m200[0m 0.222 ms - -[0m
[0mGET /api/settings/public [36m304[0m 86.787 ms - -[0m
[0mGET /api/auth/me [36m304[0m 85.357 ms - -[0m
[0mGET /api/auth/me [36m304[0m 37.842 ms - -[0m
[auth-stream] connected {
  userId: '69ab3184f1457f5c3f47eb76',
  sessionId: 'e48a8b16-80a6-41fa-abf0-e6db8429526d',
  clientsForSession: 2
}
[0mGET /api/campusway-secure-admin/dashboard/summary [32m200[0m 20.321 ms - 466[0m
[auth-stream] disconnected {
  userId: '69ab3184f1457f5c3f47eb76',
  sessionId: 'e48a8b16-80a6-41fa-abf0-e6db8429526d'
}
[0mGET /api/auth/session-stream?token=eyJhbGciOiJIUzI1NiIsInR5cCI6IkpXVCJ9.eyJfaWQiOiI2OWFiMzE4NGYxNDU3ZjVjM2Y0N2ViNzYiLCJ1c2VybmFtZSI6ImUyZV9hZG1pbl9kZXNrdG9wIiwiZW1haWwiOiJlMmVfYWRtaW5fZGVza3RvcEBjYW1wdXN3YXkubG9jYWwiLCJyb2xlIjoiYWRtaW4iLCJmdWxsTmFtZSI6IkUyRSBBZG1pbiBEZXNrdG9wIiwicGVybWlzc2lvbnMiOnsiY2FuRWRpdEV4YW1zIjp0cnVlLCJjYW5NYW5hZ2VTdHVkZW50cyI6dHJ1ZSwiY2FuVmlld1JlcG9ydHMiOnRydWUsImNhbkRlbGV0ZURhdGEiOmZhbHNlLCJjYW5NYW5hZ2VGaW5hbmNlIjp0cnVlLCJjYW5NYW5hZ2VQbGFucyI6dHJ1ZSwiY2FuTWFuYWdlVGlja2V0cyI6dHJ1ZSwiY2FuTWFuYWdlQmFja3VwcyI6dHJ1ZSwiY2FuUmV2ZWFsUGFzc3dvcmRzIjpmYWxzZX0sInBlcm1pc3Npb25zVjIiOnt9LCJzZXNzaW9uSWQiOiJlNDhhOGIxNi04MGE2LTQxZmEtYWJmMC1lNmRiODQyOTUyNmQiLCJpYXQiOjE3NzI4MjcwMTYsImV4cCI6MTc3MjgyODIxNn0.OUbRW0jFuYTFKWUVOLSs7gfhz7hRJiKY9hEFeuE4N2M [32m200[0m 6.026 ms - -[0m
[auth-stream] connected {
  userId: '69ab3184f1457f5c3f47eb76',
  sessionId: 'e48a8b16-80a6-41fa-abf0-e6db8429526d',
  clientsForSession: 2
}
[0mGET /api/campusway-secure-admin/news-v2/dashboard [32m200[0m 15.818 ms - -[0m
[auth-stream] disconnected {
  userId: '69ab3184f1457f5c3f47eb76',
  sessionId: 'e48a8b16-80a6-41fa-abf0-e6db8429526d'
}
[0mGET /api/auth/session-stream?token=eyJhbGciOiJIUzI1NiIsInR5cCI6IkpXVCJ9.eyJfaWQiOiI2OWFiMzE4NGYxNDU3ZjVjM2Y0N2ViNzYiLCJ1c2VybmFtZSI6ImUyZV9hZG1pbl9kZXNrdG9wIiwiZW1haWwiOiJlMmVfYWRtaW5fZGVza3RvcEBjYW1wdXN3YXkubG9jYWwiLCJyb2xlIjoiYWRtaW4iLCJmdWxsTmFtZSI6IkUyRSBBZG1pbiBEZXNrdG9wIiwicGVybWlzc2lvbnMiOnsiY2FuRWRpdEV4YW1zIjp0cnVlLCJjYW5NYW5hZ2VTdHVkZW50cyI6dHJ1ZSwiY2FuVmlld1JlcG9ydHMiOnRydWUsImNhbkRlbGV0ZURhdGEiOmZhbHNlLCJjYW5NYW5hZ2VGaW5hbmNlIjp0cnVlLCJjYW5NYW5hZ2VQbGFucyI6dHJ1ZSwiY2FuTWFuYWdlVGlja2V0cyI6dHJ1ZSwiY2FuTWFuYWdlQmFja3VwcyI6dHJ1ZSwiY2FuUmV2ZWFsUGFzc3dvcmRzIjpmYWxzZX0sInBlcm1pc3Npb25zVjIiOnt9LCJzZXNzaW9uSWQiOiJlNDhhOGIxNi04MGE2LTQxZmEtYWJmMC1lNmRiODQyOTUyNmQiLCJpYXQiOjE3NzI4MjcwMTYsImV4cCI6MTc3MjgyODIxNn0.OUbRW0jFuYTFKWUVOLSs7gfhz7hRJiKY9hEFeuE4N2M [32m200[0m 3.291 ms - -[0m
[0mGET /api/home/stream [32m200[0m 0.217 ms - -[0m
[0mGET /api/settings/public [36m304[0m 21.610 ms - -[0m
[0mGET /api/auth/me [36m304[0m 21.367 ms - -[0m
[0mGET /api/auth/me [36m304[0m 9.627 ms - -[0m
[0mGET /api/campusway-secure-admin/dashboard/summary [32m200[0m 16.902 ms - 466[0m
[auth-stream] connected {
  userId: '69ab3184f1457f5c3f47eb76',
  sessionId: 'e48a8b16-80a6-41fa-abf0-e6db8429526d',
  clientsForSession: 2
}
[auth-stream] connected {
  userId: '69ab3184f1457f5c3f47eb76',
  sessionId: 'e48a8b16-80a6-41fa-abf0-e6db8429526d',
  clientsForSession: 3
}
[0mGET /api/campusway-secure-admin/student-groups [32m200[0m 31.822 ms - 55[0m
[0mGET /api/campusway-secure-admin/support-tickets?status=open&limit=1 [32m200[0m 43.827 ms - 948[0m
[0mGET /api/campusway-secure-admin/universities?page=1&limit=25 [32m200[0m 50.537 ms - -[0m
[0mGET /api/campusway-secure-admin/student-groups [32m200[0m 24.504 ms - 55[0m
[0mGET /api/campusway-secure-admin/exams?view=cards&includeMetrics=true&limit=200 [32m200[0m 77.698 ms - -[0m
[0mGET /api/campusway-secure-admin/support-tickets?status=open&limit=1 [36m304[0m 74.415 ms - -[0m
[0mGET /api/campusway-secure-admin/universities?page=1&limit=25 [36m304[0m 40.847 ms - -[0m
[0mGET /api/campusway-secure-admin/exams?view=cards&includeMetrics=true&limit=200 [36m304[0m 34.596 ms - -[0m
[0mGET /api/home/stream [32m200[0m 0.240 ms - -[0m
[auth-stream] disconnected {
  userId: '69ab3184f1457f5c3f47eb76',
  sessionId: 'e48a8b16-80a6-41fa-abf0-e6db8429526d'
}
[0mGET /api/auth/session-stream?token=eyJhbGciOiJIUzI1NiIsInR5cCI6IkpXVCJ9.eyJfaWQiOiI2OWFiMzE4NGYxNDU3ZjVjM2Y0N2ViNzYiLCJ1c2VybmFtZSI6ImUyZV9hZG1pbl9kZXNrdG9wIiwiZW1haWwiOiJlMmVfYWRtaW5fZGVza3RvcEBjYW1wdXN3YXkubG9jYWwiLCJyb2xlIjoiYWRtaW4iLCJmdWxsTmFtZSI6IkUyRSBBZG1pbiBEZXNrdG9wIiwicGVybWlzc2lvbnMiOnsiY2FuRWRpdEV4YW1zIjp0cnVlLCJjYW5NYW5hZ2VTdHVkZW50cyI6dHJ1ZSwiY2FuVmlld1JlcG9ydHMiOnRydWUsImNhbkRlbGV0ZURhdGEiOmZhbHNlLCJjYW5NYW5hZ2VGaW5hbmNlIjp0cnVlLCJjYW5NYW5hZ2VQbGFucyI6dHJ1ZSwiY2FuTWFuYWdlVGlja2V0cyI6dHJ1ZSwiY2FuTWFuYWdlQmFja3VwcyI6dHJ1ZSwiY2FuUmV2ZWFsUGFzc3dvcmRzIjpmYWxzZX0sInBlcm1pc3Npb25zVjIiOnt9LCJzZXNzaW9uSWQiOiJlNDhhOGIxNi04MGE2LTQxZmEtYWJmMC1lNmRiODQyOTUyNmQiLCJpYXQiOjE3NzI4MjcwMTYsImV4cCI6MTc3MjgyODIxNn0.OUbRW0jFuYTFKWUVOLSs7gfhz7hRJiKY9hEFeuE4N2M [32m200[0m 5.896 ms - -[0m
[0mGET /api/campusway-secure-admin/live/stream?token=eyJhbGciOiJIUzI1NiIsInR5cCI6IkpXVCJ9.eyJfaWQiOiI2OWFiMzE4NGYxNDU3ZjVjM2Y0N2ViNzYiLCJ1c2VybmFtZSI6ImUyZV9hZG1pbl9kZXNrdG9wIiwiZW1haWwiOiJlMmVfYWRtaW5fZGVza3RvcEBjYW1wdXN3YXkubG9jYWwiLCJyb2xlIjoiYWRtaW4iLCJmdWxsTmFtZSI6IkUyRSBBZG1pbiBEZXNrdG9wIiwicGVybWlzc2lvbnMiOnsiY2FuRWRpdEV4YW1zIjp0cnVlLCJjYW5NYW5hZ2VTdHVkZW50cyI6dHJ1ZSwiY2FuVmlld1JlcG9ydHMiOnRydWUsImNhbkRlbGV0ZURhdGEiOmZhbHNlLCJjYW5NYW5hZ2VGaW5hbmNlIjp0cnVlLCJjYW5NYW5hZ2VQbGFucyI6dHJ1ZSwiY2FuTWFuYWdlVGlja2V0cyI6dHJ1ZSwiY2FuTWFuYWdlQmFja3VwcyI6dHJ1ZSwiY2FuUmV2ZWFsUGFzc3dvcmRzIjpmYWxzZX0sInBlcm1pc3Npb25zVjIiOnt9LCJzZXNzaW9uSWQiOiJlNDhhOGIxNi04MGE2LTQxZmEtYWJmMC1lNmRiODQyOTUyNmQiLCJpYXQiOjE3NzI4MjcwMTYsImV4cCI6MTc3MjgyODIxNn0.OUbRW0jFuYTFKWUVOLSs7gfhz7hRJiKY9hEFeuE4N2M [32m200[0m 24.266 ms - -[0m
[0mGET /api/settings/public [36m304[0m 35.344 ms - -[0m
[0mGET /api/auth/me [36m304[0m 35.385 ms - -[0m
[0mGET /api/auth/me [36m304[0m 9.979 ms - -[0m
[auth-stream] connected {
  userId: '69ab3184f1457f5c3f47eb76',
  sessionId: 'e48a8b16-80a6-41fa-abf0-e6db8429526d',
  clientsForSession: 3
}
[auth-stream] connected {
  userId: '69ab3184f1457f5c3f47eb76',
  sessionId: 'e48a8b16-80a6-41fa-abf0-e6db8429526d',
  clientsForSession: 4
}
[0mGET /api/campusway-secure-admin/dashboard/summary [32m200[0m 87.345 ms - 466[0m
[0mGET /api/campusway-secure-admin/question-bank?page=1&limit=20&search=&subject=&chapter=&difficulty=&status=&has_image=&has_explanation=&quality_score_min= [32m200[0m 53.976 ms - -[0m
[0mGET /api/campusway-secure-admin/question-bank?page=1&limit=20&search=&subject=&chapter=&difficulty=&status=&has_image=&has_explanation=&quality_score_min= [36m304[0m 11.330 ms - -[0m
[auth-stream] disconnected {
  userId: '69ab3184f1457f5c3f47eb76',
  sessionId: 'e48a8b16-80a6-41fa-abf0-e6db8429526d'
}
[0mGET /api/auth/session-stream?token=eyJhbGciOiJIUzI1NiIsInR5cCI6IkpXVCJ9.eyJfaWQiOiI2OWFiMzE4NGYxNDU3ZjVjM2Y0N2ViNzYiLCJ1c2VybmFtZSI6ImUyZV9hZG1pbl9kZXNrdG9wIiwiZW1haWwiOiJlMmVfYWRtaW5fZGVza3RvcEBjYW1wdXN3YXkubG9jYWwiLCJyb2xlIjoiYWRtaW4iLCJmdWxsTmFtZSI6IkUyRSBBZG1pbiBEZXNrdG9wIiwicGVybWlzc2lvbnMiOnsiY2FuRWRpdEV4YW1zIjp0cnVlLCJjYW5NYW5hZ2VTdHVkZW50cyI6dHJ1ZSwiY2FuVmlld1JlcG9ydHMiOnRydWUsImNhbkRlbGV0ZURhdGEiOmZhbHNlLCJjYW5NYW5hZ2VGaW5hbmNlIjp0cnVlLCJjYW5NYW5hZ2VQbGFucyI6dHJ1ZSwiY2FuTWFuYWdlVGlja2V0cyI6dHJ1ZSwiY2FuTWFuYWdlQmFja3VwcyI6dHJ1ZSwiY2FuUmV2ZWFsUGFzc3dvcmRzIjpmYWxzZX0sInBlcm1pc3Npb25zVjIiOnt9LCJzZXNzaW9uSWQiOiJlNDhhOGIxNi04MGE2LTQxZmEtYWJmMC1lNmRiODQyOTUyNmQiLCJpYXQiOjE3NzI4MjcwMTYsImV4cCI6MTc3MjgyODIxNn0.OUbRW0jFuYTFKWUVOLSs7gfhz7hRJiKY9hEFeuE4N2M [32m200[0m 50.477 ms - -[0m
[0mGET /api/home/stream [32m200[0m 0.361 ms - -[0m
[0mGET /api/settings/public [36m304[0m 28.081 ms - -[0m
[0mGET /api/auth/me [36m304[0m 25.564 ms - -[0m
[0mGET /api/auth/me [36m304[0m 7.297 ms - -[0m
[0mGET /api/campusway-secure-admin/dashboard/summary [32m200[0m 26.248 ms - 466[0m
[auth-stream] connected {
  userId: '69ab3184f1457f5c3f47eb76',
  sessionId: 'e48a8b16-80a6-41fa-abf0-e6db8429526d',
  clientsForSession: 4
}
[auth-stream] disconnected {
  userId: '69ab3184f1457f5c3f47eb76',
  sessionId: 'e48a8b16-80a6-41fa-abf0-e6db8429526d'
}
[0mGET /api/auth/session-stream?token=eyJhbGciOiJIUzI1NiIsInR5cCI6IkpXVCJ9.eyJfaWQiOiI2OWFiMzE4NGYxNDU3ZjVjM2Y0N2ViNzYiLCJ1c2VybmFtZSI6ImUyZV9hZG1pbl9kZXNrdG9wIiwiZW1haWwiOiJlMmVfYWRtaW5fZGVza3RvcEBjYW1wdXN3YXkubG9jYWwiLCJyb2xlIjoiYWRtaW4iLCJmdWxsTmFtZSI6IkUyRSBBZG1pbiBEZXNrdG9wIiwicGVybWlzc2lvbnMiOnsiY2FuRWRpdEV4YW1zIjp0cnVlLCJjYW5NYW5hZ2VTdHVkZW50cyI6dHJ1ZSwiY2FuVmlld1JlcG9ydHMiOnRydWUsImNhbkRlbGV0ZURhdGEiOmZhbHNlLCJjYW5NYW5hZ2VGaW5hbmNlIjp0cnVlLCJjYW5NYW5hZ2VQbGFucyI6dHJ1ZSwiY2FuTWFuYWdlVGlja2V0cyI6dHJ1ZSwiY2FuTWFuYWdlQmFja3VwcyI6dHJ1ZSwiY2FuUmV2ZWFsUGFzc3dvcmRzIjpmYWxzZX0sInBlcm1pc3Npb25zVjIiOnt9LCJzZXNzaW9uSWQiOiJlNDhhOGIxNi04MGE2LTQxZmEtYWJmMC1lNmRiODQyOTUyNmQiLCJpYXQiOjE3NzI4MjcwMTYsImV4cCI6MTc3MjgyODIxNn0.OUbRW0jFuYTFKWUVOLSs7gfhz7hRJiKY9hEFeuE4N2M [32m200[0m 11.492 ms - -[0m
[auth-stream] connected {
  userId: '69ab3184f1457f5c3f47eb76',
  sessionId: 'e48a8b16-80a6-41fa-abf0-e6db8429526d',
  clientsForSession: 4
}
[0mGET /api/campusway-secure-admin/student-groups [32m200[0m 38.793 ms - 55[0m
[0mGET /api/campusway-secure-admin/subscription-plans [32m200[0m 38.095 ms - -[0m
[0mGET /api/campusway-secure-admin/settings/runtime [36m304[0m 59.370 ms - -[0m
[0mGET /api/campusway-secure-admin/student-groups [32m200[0m 14.496 ms - 55[0m
[0mGET /api/campusway-secure-admin/students?page=1&limit=20 [32m200[0m 64.737 ms - -[0m
[0mGET /api/campusway-secure-admin/subscription-plans [32m200[0m 13.121 ms - -[0m
[0mGET /api/campusway-secure-admin/students?page=1&limit=20 [32m200[0m 9.747 ms - -[0m
[auth-stream] disconnected {
  userId: '69ab3184f1457f5c3f47eb76',
  sessionId: 'e48a8b16-80a6-41fa-abf0-e6db8429526d'
}
[0mGET /api/auth/session-stream?token=eyJhbGciOiJIUzI1NiIsInR5cCI6IkpXVCJ9.eyJfaWQiOiI2OWFiMzE4NGYxNDU3ZjVjM2Y0N2ViNzYiLCJ1c2VybmFtZSI6ImUyZV9hZG1pbl9kZXNrdG9wIiwiZW1haWwiOiJlMmVfYWRtaW5fZGVza3RvcEBjYW1wdXN3YXkubG9jYWwiLCJyb2xlIjoiYWRtaW4iLCJmdWxsTmFtZSI6IkUyRSBBZG1pbiBEZXNrdG9wIiwicGVybWlzc2lvbnMiOnsiY2FuRWRpdEV4YW1zIjp0cnVlLCJjYW5NYW5hZ2VTdHVkZW50cyI6dHJ1ZSwiY2FuVmlld1JlcG9ydHMiOnRydWUsImNhbkRlbGV0ZURhdGEiOmZhbHNlLCJjYW5NYW5hZ2VGaW5hbmNlIjp0cnVlLCJjYW5NYW5hZ2VQbGFucyI6dHJ1ZSwiY2FuTWFuYWdlVGlja2V0cyI6dHJ1ZSwiY2FuTWFuYWdlQmFja3VwcyI6dHJ1ZSwiY2FuUmV2ZWFsUGFzc3dvcmRzIjpmYWxzZX0sInBlcm1pc3Npb25zVjIiOnt9LCJzZXNzaW9uSWQiOiJlNDhhOGIxNi04MGE2LTQxZmEtYWJmMC1lNmRiODQyOTUyNmQiLCJpYXQiOjE3NzI4MjcwMTYsImV4cCI6MTc3MjgyODIxNn0.OUbRW0jFuYTFKWUVOLSs7gfhz7hRJiKY9hEFeuE4N2M [32m200[0m 4.083 ms - -[0m
[0mGET /api/home/stream [32m200[0m 0.221 ms - -[0m
[0mGET /api/settings/public [36m304[0m 19.554 ms - -[0m
[0mGET /api/auth/me [36m304[0m 20.622 ms - -[0m
[0mGET /api/auth/me [36m304[0m 19.403 ms - -[0m
[0mGET /api/campusway-secure-admin/dashboard/summary [32m200[0m 56.803 ms - 466[0m
[auth-stream] connected {
  userId: '69ab3184f1457f5c3f47eb76',
  sessionId: 'e48a8b16-80a6-41fa-abf0-e6db8429526d',
  clientsForSession: 4
}
[0mGET /api/campusway-secure-admin/settings/runtime [36m304[0m 31.146 ms - -[0m
[0mGET /api/campusway-secure-admin/subscription-plans [32m200[0m 21.392 ms - -[0m
[0mGET /api/campusway-secure-admin/student-groups [32m200[0m 40.043 ms - 55[0m
[0mGET /api/campusway-secure-admin/subscription-plans [32m200[0m 12.257 ms - -[0m
[0mGET /api/campusway-secure-admin/students?page=1&limit=20 [32m200[0m 49.009 ms - -[0m
[0mGET /api/campusway-secure-admin/student-groups [32m200[0m 8.237 ms - 55[0m
[0mGET /api/campusway-secure-admin/students?page=1&limit=20 [32m200[0m 9.821 ms - -[0m
[0mGET /api/home/stream [32m200[0m 0.185 ms - -[0m
[auth-stream] disconnected {
  userId: '69ab3184f1457f5c3f47eb76',
  sessionId: 'e48a8b16-80a6-41fa-abf0-e6db8429526d'
}
[0mGET /api/auth/session-stream?token=eyJhbGciOiJIUzI1NiIsInR5cCI6IkpXVCJ9.eyJfaWQiOiI2OWFiMzE4NGYxNDU3ZjVjM2Y0N2ViNzYiLCJ1c2VybmFtZSI6ImUyZV9hZG1pbl9kZXNrdG9wIiwiZW1haWwiOiJlMmVfYWRtaW5fZGVza3RvcEBjYW1wdXN3YXkubG9jYWwiLCJyb2xlIjoiYWRtaW4iLCJmdWxsTmFtZSI6IkUyRSBBZG1pbiBEZXNrdG9wIiwicGVybWlzc2lvbnMiOnsiY2FuRWRpdEV4YW1zIjp0cnVlLCJjYW5NYW5hZ2VTdHVkZW50cyI6dHJ1ZSwiY2FuVmlld1JlcG9ydHMiOnRydWUsImNhbkRlbGV0ZURhdGEiOmZhbHNlLCJjYW5NYW5hZ2VGaW5hbmNlIjp0cnVlLCJjYW5NYW5hZ2VQbGFucyI6dHJ1ZSwiY2FuTWFuYWdlVGlja2V0cyI6dHJ1ZSwiY2FuTWFuYWdlQmFja3VwcyI6dHJ1ZSwiY2FuUmV2ZWFsUGFzc3dvcmRzIjpmYWxzZX0sInBlcm1pc3Npb25zVjIiOnt9LCJzZXNzaW9uSWQiOiJlNDhhOGIxNi04MGE2LTQxZmEtYWJmMC1lNmRiODQyOTUyNmQiLCJpYXQiOjE3NzI4MjcwMTYsImV4cCI6MTc3MjgyODIxNn0.OUbRW0jFuYTFKWUVOLSs7gfhz7hRJiKY9hEFeuE4N2M [32m200[0m 46.020 ms - -[0m
[0mGET /api/settings/public [36m304[0m 71.164 ms - -[0m
[0mGET /api/auth/me [36m304[0m 71.008 ms - -[0m
[0mGET /api/auth/me [36m304[0m 9.247 ms - -[0m
[auth-stream] connected {
  userId: '69ab3184f1457f5c3f47eb76',
  sessionId: 'e48a8b16-80a6-41fa-abf0-e6db8429526d',
  clientsForSession: 4
}
[auth-stream] disconnected {
  userId: '69ab3184f1457f5c3f47eb76',
  sessionId: 'e48a8b16-80a6-41fa-abf0-e6db8429526d'
}
[0mGET /api/auth/session-stream?token=eyJhbGciOiJIUzI1NiIsInR5cCI6IkpXVCJ9.eyJfaWQiOiI2OWFiMzE4NGYxNDU3ZjVjM2Y0N2ViNzYiLCJ1c2VybmFtZSI6ImUyZV9hZG1pbl9kZXNrdG9wIiwiZW1haWwiOiJlMmVfYWRtaW5fZGVza3RvcEBjYW1wdXN3YXkubG9jYWwiLCJyb2xlIjoiYWRtaW4iLCJmdWxsTmFtZSI6IkUyRSBBZG1pbiBEZXNrdG9wIiwicGVybWlzc2lvbnMiOnsiY2FuRWRpdEV4YW1zIjp0cnVlLCJjYW5NYW5hZ2VTdHVkZW50cyI6dHJ1ZSwiY2FuVmlld1JlcG9ydHMiOnRydWUsImNhbkRlbGV0ZURhdGEiOmZhbHNlLCJjYW5NYW5hZ2VGaW5hbmNlIjp0cnVlLCJjYW5NYW5hZ2VQbGFucyI6dHJ1ZSwiY2FuTWFuYWdlVGlja2V0cyI6dHJ1ZSwiY2FuTWFuYWdlQmFja3VwcyI6dHJ1ZSwiY2FuUmV2ZWFsUGFzc3dvcmRzIjpmYWxzZX0sInBlcm1pc3Npb25zVjIiOnt9LCJzZXNzaW9uSWQiOiJlNDhhOGIxNi04MGE2LTQxZmEtYWJmMC1lNmRiODQyOTUyNmQiLCJpYXQiOjE3NzI4MjcwMTYsImV4cCI6MTc3MjgyODIxNn0.OUbRW0jFuYTFKWUVOLSs7gfhz7hRJiKY9hEFeuE4N2M [32m200[0m 5.903 ms - -[0m
[auth-stream] connected {
  userId: '69ab3184f1457f5c3f47eb76',
  sessionId: 'e48a8b16-80a6-41fa-abf0-e6db8429526d',
  clientsForSession: 4
}
[0mGET /api/campusway-secure-admin/dashboard/summary [32m200[0m 27.891 ms - 466[0m
[0mGET /api/campusway-secure-admin/subscription-plans [32m200[0m 6.642 ms - -[0m
[auth-stream] disconnected {
  userId: '69ab3184f1457f5c3f47eb76',
  sessionId: 'e48a8b16-80a6-41fa-abf0-e6db8429526d'
}
[0mGET /api/auth/session-stream?token=eyJhbGciOiJIUzI1NiIsInR5cCI6IkpXVCJ9.eyJfaWQiOiI2OWFiMzE4NGYxNDU3ZjVjM2Y0N2ViNzYiLCJ1c2VybmFtZSI6ImUyZV9hZG1pbl9kZXNrdG9wIiwiZW1haWwiOiJlMmVfYWRtaW5fZGVza3RvcEBjYW1wdXN3YXkubG9jYWwiLCJyb2xlIjoiYWRtaW4iLCJmdWxsTmFtZSI6IkUyRSBBZG1pbiBEZXNrdG9wIiwicGVybWlzc2lvbnMiOnsiY2FuRWRpdEV4YW1zIjp0cnVlLCJjYW5NYW5hZ2VTdHVkZW50cyI6dHJ1ZSwiY2FuVmlld1JlcG9ydHMiOnRydWUsImNhbkRlbGV0ZURhdGEiOmZhbHNlLCJjYW5NYW5hZ2VGaW5hbmNlIjp0cnVlLCJjYW5NYW5hZ2VQbGFucyI6dHJ1ZSwiY2FuTWFuYWdlVGlja2V0cyI6dHJ1ZSwiY2FuTWFuYWdlQmFja3VwcyI6dHJ1ZSwiY2FuUmV2ZWFsUGFzc3dvcmRzIjpmYWxzZX0sInBlcm1pc3Npb25zVjIiOnt9LCJzZXNzaW9uSWQiOiJlNDhhOGIxNi04MGE2LTQxZmEtYWJmMC1lNmRiODQyOTUyNmQiLCJpYXQiOjE3NzI4MjcwMTYsImV4cCI6MTc3MjgyODIxNn0.OUbRW0jFuYTFKWUVOLSs7gfhz7hRJiKY9hEFeuE4N2M [32m200[0m 6.824 ms - -[0m
[0mGET /api/home/stream [32m200[0m 0.212 ms - -[0m
[0mGET /api/settings/public [36m304[0m 40.878 ms - -[0m
[0mGET /api/auth/me [36m304[0m 40.940 ms - -[0m
[0mGET /api/auth/me [36m304[0m 23.785 ms - -[0m
[0mGET /api/campusway-secure-admin/dashboard/summary [32m200[0m 15.592 ms - 466[0m
[auth-stream] connected {
  userId: '69ab3184f1457f5c3f47eb76',
  sessionId: 'e48a8b16-80a6-41fa-abf0-e6db8429526d',
  clientsForSession: 4
}
[auth-stream] disconnected {
  userId: '69ab3184f1457f5c3f47eb76',
  sessionId: 'e48a8b16-80a6-41fa-abf0-e6db8429526d'
}
[0mGET /api/auth/session-stream?token=eyJhbGciOiJIUzI1NiIsInR5cCI6IkpXVCJ9.eyJfaWQiOiI2OWFiMzE4NGYxNDU3ZjVjM2Y0N2ViNzYiLCJ1c2VybmFtZSI6ImUyZV9hZG1pbl9kZXNrdG9wIiwiZW1haWwiOiJlMmVfYWRtaW5fZGVza3RvcEBjYW1wdXN3YXkubG9jYWwiLCJyb2xlIjoiYWRtaW4iLCJmdWxsTmFtZSI6IkUyRSBBZG1pbiBEZXNrdG9wIiwicGVybWlzc2lvbnMiOnsiY2FuRWRpdEV4YW1zIjp0cnVlLCJjYW5NYW5hZ2VTdHVkZW50cyI6dHJ1ZSwiY2FuVmlld1JlcG9ydHMiOnRydWUsImNhbkRlbGV0ZURhdGEiOmZhbHNlLCJjYW5NYW5hZ2VGaW5hbmNlIjp0cnVlLCJjYW5NYW5hZ2VQbGFucyI6dHJ1ZSwiY2FuTWFuYWdlVGlja2V0cyI6dHJ1ZSwiY2FuTWFuYWdlQmFja3VwcyI6dHJ1ZSwiY2FuUmV2ZWFsUGFzc3dvcmRzIjpmYWxzZX0sInBlcm1pc3Npb25zVjIiOnt9LCJzZXNzaW9uSWQiOiJlNDhhOGIxNi04MGE2LTQxZmEtYWJmMC1lNmRiODQyOTUyNmQiLCJpYXQiOjE3NzI4MjcwMTYsImV4cCI6MTc3MjgyODIxNn0.OUbRW0jFuYTFKWUVOLSs7gfhz7hRJiKY9hEFeuE4N2M [32m200[0m 7.941 ms - -[0m
[auth-stream] connected {
  userId: '69ab3184f1457f5c3f47eb76',
  sessionId: 'e48a8b16-80a6-41fa-abf0-e6db8429526d',
  clientsForSession: 4
}
[0mGET /api/campusway-secure-admin/finance/summary [32m200[0m 27.281 ms - 131[0m
[0mGET /api/campusway-secure-admin/expenses?page=1&limit=6 [32m200[0m 43.932 ms - 844[0m
[0mGET /api/campusway-secure-admin/payments?page=1&limit=6 [32m200[0m 45.053 ms - -[0m
[0mGET /api/campusway-secure-admin/dues?page=1&limit=6 [32m200[0m 42.934 ms - -[0m
[0mGET /api/campusway-secure-admin/subscription-plans [32m200[0m 13.760 ms - -[0m
[0mGET /api/campusway-secure-admin/students?page=1&limit=200 [32m200[0m 22.279 ms - -[0m
[0mGET /api/campusway-secure-admin/finance/summary [36m304[0m 11.909 ms - -[0m
[0mGET /api/campusway-secure-admin/expenses?page=1&limit=6 [36m304[0m 13.120 ms - -[0m
[0mGET /api/campusway-secure-admin/payments?page=1&limit=6 [36m304[0m 30.692 ms - -[0m
[0mGET /api/campusway-secure-admin/dues?page=1&limit=6 [36m304[0m 30.149 ms - -[0m
[0mGET /api/campusway-secure-admin/subscription-plans [32m200[0m 22.134 ms - -[0m
[0mGET /api/campusway-secure-admin/students?page=1&limit=200 [32m200[0m 31.676 ms - -[0m
[auth-stream] disconnected {
  userId: '69ab3184f1457f5c3f47eb76',
  sessionId: 'e48a8b16-80a6-41fa-abf0-e6db8429526d'
}
[0mGET /api/auth/session-stream?token=eyJhbGciOiJIUzI1NiIsInR5cCI6IkpXVCJ9.eyJfaWQiOiI2OWFiMzE4NGYxNDU3ZjVjM2Y0N2ViNzYiLCJ1c2VybmFtZSI6ImUyZV9hZG1pbl9kZXNrdG9wIiwiZW1haWwiOiJlMmVfYWRtaW5fZGVza3RvcEBjYW1wdXN3YXkubG9jYWwiLCJyb2xlIjoiYWRtaW4iLCJmdWxsTmFtZSI6IkUyRSBBZG1pbiBEZXNrdG9wIiwicGVybWlzc2lvbnMiOnsiY2FuRWRpdEV4YW1zIjp0cnVlLCJjYW5NYW5hZ2VTdHVkZW50cyI6dHJ1ZSwiY2FuVmlld1JlcG9ydHMiOnRydWUsImNhbkRlbGV0ZURhdGEiOmZhbHNlLCJjYW5NYW5hZ2VGaW5hbmNlIjp0cnVlLCJjYW5NYW5hZ2VQbGFucyI6dHJ1ZSwiY2FuTWFuYWdlVGlja2V0cyI6dHJ1ZSwiY2FuTWFuYWdlQmFja3VwcyI6dHJ1ZSwiY2FuUmV2ZWFsUGFzc3dvcmRzIjpmYWxzZX0sInBlcm1pc3Npb25zVjIiOnt9LCJzZXNzaW9uSWQiOiJlNDhhOGIxNi04MGE2LTQxZmEtYWJmMC1lNmRiODQyOTUyNmQiLCJpYXQiOjE3NzI4MjcwMTYsImV4cCI6MTc3MjgyODIxNn0.OUbRW0jFuYTFKWUVOLSs7gfhz7hRJiKY9hEFeuE4N2M [32m200[0m 3.532 ms - -[0m
[0mGET /api/home/stream [32m200[0m 0.202 ms - -[0m
[0mGET /api/settings/public [36m304[0m 79.467 ms - -[0m
[0mGET /api/auth/me [36m304[0m 75.740 ms - -[0m
[0mGET /api/auth/me [36m304[0m 31.483 ms - -[0m
[0mGET /api/campusway-secure-admin/dashboard/summary [32m200[0m 13.366 ms - 466[0m
[auth-stream] connected {
  userId: '69ab3184f1457f5c3f47eb76',
  sessionId: 'e48a8b16-80a6-41fa-abf0-e6db8429526d',
  clientsForSession: 4
}
[auth-stream] disconnected {
  userId: '69ab3184f1457f5c3f47eb76',
  sessionId: 'e48a8b16-80a6-41fa-abf0-e6db8429526d'
}
[0mGET /api/auth/session-stream?token=eyJhbGciOiJIUzI1NiIsInR5cCI6IkpXVCJ9.eyJfaWQiOiI2OWFiMzE4NGYxNDU3ZjVjM2Y0N2ViNzYiLCJ1c2VybmFtZSI6ImUyZV9hZG1pbl9kZXNrdG9wIiwiZW1haWwiOiJlMmVfYWRtaW5fZGVza3RvcEBjYW1wdXN3YXkubG9jYWwiLCJyb2xlIjoiYWRtaW4iLCJmdWxsTmFtZSI6IkUyRSBBZG1pbiBEZXNrdG9wIiwicGVybWlzc2lvbnMiOnsiY2FuRWRpdEV4YW1zIjp0cnVlLCJjYW5NYW5hZ2VTdHVkZW50cyI6dHJ1ZSwiY2FuVmlld1JlcG9ydHMiOnRydWUsImNhbkRlbGV0ZURhdGEiOmZhbHNlLCJjYW5NYW5hZ2VGaW5hbmNlIjp0cnVlLCJjYW5NYW5hZ2VQbGFucyI6dHJ1ZSwiY2FuTWFuYWdlVGlja2V0cyI6dHJ1ZSwiY2FuTWFuYWdlQmFja3VwcyI6dHJ1ZSwiY2FuUmV2ZWFsUGFzc3dvcmRzIjpmYWxzZX0sInBlcm1pc3Npb25zVjIiOnt9LCJzZXNzaW9uSWQiOiJlNDhhOGIxNi04MGE2LTQxZmEtYWJmMC1lNmRiODQyOTUyNmQiLCJpYXQiOjE3NzI4MjcwMTYsImV4cCI6MTc3MjgyODIxNn0.OUbRW0jFuYTFKWUVOLSs7gfhz7hRJiKY9hEFeuE4N2M [32m200[0m 15.314 ms - -[0m
[auth-stream] connected {
  userId: '69ab3184f1457f5c3f47eb76',
  sessionId: 'e48a8b16-80a6-41fa-abf0-e6db8429526d',
  clientsForSession: 4
}
[0mGET /api/campusway-secure-admin/resources [32m200[0m 10.117 ms - -[0m
[0mGET /api/campusway-secure-admin/resources [36m304[0m 8.539 ms - -[0m
[auth-stream] disconnected {
  userId: '69ab3184f1457f5c3f47eb76',
  sessionId: 'e48a8b16-80a6-41fa-abf0-e6db8429526d'
}
[0mGET /api/auth/session-stream?token=eyJhbGciOiJIUzI1NiIsInR5cCI6IkpXVCJ9.eyJfaWQiOiI2OWFiMzE4NGYxNDU3ZjVjM2Y0N2ViNzYiLCJ1c2VybmFtZSI6ImUyZV9hZG1pbl9kZXNrdG9wIiwiZW1haWwiOiJlMmVfYWRtaW5fZGVza3RvcEBjYW1wdXN3YXkubG9jYWwiLCJyb2xlIjoiYWRtaW4iLCJmdWxsTmFtZSI6IkUyRSBBZG1pbiBEZXNrdG9wIiwicGVybWlzc2lvbnMiOnsiY2FuRWRpdEV4YW1zIjp0cnVlLCJjYW5NYW5hZ2VTdHVkZW50cyI6dHJ1ZSwiY2FuVmlld1JlcG9ydHMiOnRydWUsImNhbkRlbGV0ZURhdGEiOmZhbHNlLCJjYW5NYW5hZ2VGaW5hbmNlIjp0cnVlLCJjYW5NYW5hZ2VQbGFucyI6dHJ1ZSwiY2FuTWFuYWdlVGlja2V0cyI6dHJ1ZSwiY2FuTWFuYWdlQmFja3VwcyI6dHJ1ZSwiY2FuUmV2ZWFsUGFzc3dvcmRzIjpmYWxzZX0sInBlcm1pc3Npb25zVjIiOnt9LCJzZXNzaW9uSWQiOiJlNDhhOGIxNi04MGE2LTQxZmEtYWJmMC1lNmRiODQyOTUyNmQiLCJpYXQiOjE3NzI4MjcwMTYsImV4cCI6MTc3MjgyODIxNn0.OUbRW0jFuYTFKWUVOLSs7gfhz7hRJiKY9hEFeuE4N2M [32m200[0m 3.596 ms - -[0m
[0mGET /api/home/stream [32m200[0m 0.183 ms - -[0m
[0mGET /api/settings/public [36m304[0m 28.684 ms - -[0m
[0mGET /api/auth/me [36m304[0m 28.823 ms - -[0m
[0mGET /api/auth/me [36m304[0m 32.553 ms - -[0m
[0mGET /api/campusway-secure-admin/dashboard/summary [32m200[0m 34.887 ms - 466[0m
[auth-stream] connected {
  userId: '69ab3184f1457f5c3f47eb76',
  sessionId: 'e48a8b16-80a6-41fa-abf0-e6db8429526d',
  clientsForSession: 4
}
[auth-stream] connected {
  userId: '69ab3184f1457f5c3f47eb76',
  sessionId: 'e48a8b16-80a6-41fa-abf0-e6db8429526d',
  clientsForSession: 5
}
[0mGET /api/campusway-secure-admin/settings/runtime [36m304[0m 64.200 ms - -[0m
[0mGET /api/campusway-secure-admin/support-tickets?page=1&limit=50 [32m200[0m 64.307 ms - 948[0m
[0mGET /api/campusway-secure-admin/notices?page=1&limit=20 [32m200[0m 63.557 ms - 510[0m
[auth-stream] disconnected {
  userId: '69ab3184f1457f5c3f47eb76',
  sessionId: 'e48a8b16-80a6-41fa-abf0-e6db8429526d'
}
[0mGET /api/auth/session-stream?token=eyJhbGciOiJIUzI1NiIsInR5cCI6IkpXVCJ9.eyJfaWQiOiI2OWFiMzE4NGYxNDU3ZjVjM2Y0N2ViNzYiLCJ1c2VybmFtZSI6ImUyZV9hZG1pbl9kZXNrdG9wIiwiZW1haWwiOiJlMmVfYWRtaW5fZGVza3RvcEBjYW1wdXN3YXkubG9jYWwiLCJyb2xlIjoiYWRtaW4iLCJmdWxsTmFtZSI6IkUyRSBBZG1pbiBEZXNrdG9wIiwicGVybWlzc2lvbnMiOnsiY2FuRWRpdEV4YW1zIjp0cnVlLCJjYW5NYW5hZ2VTdHVkZW50cyI6dHJ1ZSwiY2FuVmlld1JlcG9ydHMiOnRydWUsImNhbkRlbGV0ZURhdGEiOmZhbHNlLCJjYW5NYW5hZ2VGaW5hbmNlIjp0cnVlLCJjYW5NYW5hZ2VQbGFucyI6dHJ1ZSwiY2FuTWFuYWdlVGlja2V0cyI6dHJ1ZSwiY2FuTWFuYWdlQmFja3VwcyI6dHJ1ZSwiY2FuUmV2ZWFsUGFzc3dvcmRzIjpmYWxzZX0sInBlcm1pc3Npb25zVjIiOnt9LCJzZXNzaW9uSWQiOiJlNDhhOGIxNi04MGE2LTQxZmEtYWJmMC1lNmRiODQyOTUyNmQiLCJpYXQiOjE3NzI4MjcwMTYsImV4cCI6MTc3MjgyODIxNn0.OUbRW0jFuYTFKWUVOLSs7gfhz7hRJiKY9hEFeuE4N2M [32m200[0m 5.512 ms - -[0m
[0mGET /api/home/stream [32m200[0m 0.173 ms - -[0m
[0mGET /api/auth/me [36m304[0m 20.141 ms - -[0m
[0mGET /api/settings/public [36m304[0m 22.412 ms - -[0m
[0mGET /api/auth/me [36m304[0m 14.682 ms - -[0m
[0mGET /api/campusway-secure-admin/dashboard/summary [32m200[0m 21.426 ms - 466[0m
[auth-stream] connected {
  userId: '69ab3184f1457f5c3f47eb76',
  sessionId: 'e48a8b16-80a6-41fa-abf0-e6db8429526d',
  clientsForSession: 5
}
[auth-stream] disconnected {
  userId: '69ab3184f1457f5c3f47eb76',
  sessionId: 'e48a8b16-80a6-41fa-abf0-e6db8429526d'
}
[0mGET /api/auth/session-stream?token=eyJhbGciOiJIUzI1NiIsInR5cCI6IkpXVCJ9.eyJfaWQiOiI2OWFiMzE4NGYxNDU3ZjVjM2Y0N2ViNzYiLCJ1c2VybmFtZSI6ImUyZV9hZG1pbl9kZXNrdG9wIiwiZW1haWwiOiJlMmVfYWRtaW5fZGVza3RvcEBjYW1wdXN3YXkubG9jYWwiLCJyb2xlIjoiYWRtaW4iLCJmdWxsTmFtZSI6IkUyRSBBZG1pbiBEZXNrdG9wIiwicGVybWlzc2lvbnMiOnsiY2FuRWRpdEV4YW1zIjp0cnVlLCJjYW5NYW5hZ2VTdHVkZW50cyI6dHJ1ZSwiY2FuVmlld1JlcG9ydHMiOnRydWUsImNhbkRlbGV0ZURhdGEiOmZhbHNlLCJjYW5NYW5hZ2VGaW5hbmNlIjp0cnVlLCJjYW5NYW5hZ2VQbGFucyI6dHJ1ZSwiY2FuTWFuYWdlVGlja2V0cyI6dHJ1ZSwiY2FuTWFuYWdlQmFja3VwcyI6dHJ1ZSwiY2FuUmV2ZWFsUGFzc3dvcmRzIjpmYWxzZX0sInBlcm1pc3Npb25zVjIiOnt9LCJzZXNzaW9uSWQiOiJlNDhhOGIxNi04MGE2LTQxZmEtYWJmMC1lNmRiODQyOTUyNmQiLCJpYXQiOjE3NzI4MjcwMTYsImV4cCI6MTc3MjgyODIxNn0.OUbRW0jFuYTFKWUVOLSs7gfhz7hRJiKY9hEFeuE4N2M [32m200[0m 3.089 ms - -[0m
[auth-stream] connected {
  userId: '69ab3184f1457f5c3f47eb76',
  sessionId: 'e48a8b16-80a6-41fa-abf0-e6db8429526d',
  clientsForSession: 5
}
[0mGET /api/campusway-secure-admin/reports/summary [32m200[0m 20.561 ms - 465[0m
[0mGET /api/campusway-secure-admin/exams?page=1&limit=100 [32m200[0m 28.140 ms - -[0m
[0mGET /api/home/stream [32m200[0m 0.163 ms - -[0m
[auth-stream] disconnected {
  userId: '69ab3184f1457f5c3f47eb76',
  sessionId: 'e48a8b16-80a6-41fa-abf0-e6db8429526d'
}
[0mGET /api/auth/session-stream?token=eyJhbGciOiJIUzI1NiIsInR5cCI6IkpXVCJ9.eyJfaWQiOiI2OWFiMzE4NGYxNDU3ZjVjM2Y0N2ViNzYiLCJ1c2VybmFtZSI6ImUyZV9hZG1pbl9kZXNrdG9wIiwiZW1haWwiOiJlMmVfYWRtaW5fZGVza3RvcEBjYW1wdXN3YXkubG9jYWwiLCJyb2xlIjoiYWRtaW4iLCJmdWxsTmFtZSI6IkUyRSBBZG1pbiBEZXNrdG9wIiwicGVybWlzc2lvbnMiOnsiY2FuRWRpdEV4YW1zIjp0cnVlLCJjYW5NYW5hZ2VTdHVkZW50cyI6dHJ1ZSwiY2FuVmlld1JlcG9ydHMiOnRydWUsImNhbkRlbGV0ZURhdGEiOmZhbHNlLCJjYW5NYW5hZ2VGaW5hbmNlIjp0cnVlLCJjYW5NYW5hZ2VQbGFucyI6dHJ1ZSwiY2FuTWFuYWdlVGlja2V0cyI6dHJ1ZSwiY2FuTWFuYWdlQmFja3VwcyI6dHJ1ZSwiY2FuUmV2ZWFsUGFzc3dvcmRzIjpmYWxzZX0sInBlcm1pc3Npb25zVjIiOnt9LCJzZXNzaW9uSWQiOiJlNDhhOGIxNi04MGE2LTQxZmEtYWJmMC1lNmRiODQyOTUyNmQiLCJpYXQiOjE3NzI4MjcwMTYsImV4cCI6MTc3MjgyODIxNn0.OUbRW0jFuYTFKWUVOLSs7gfhz7hRJiKY9hEFeuE4N2M [32m200[0m 4.122 ms - -[0m
[0mGET /api/settings/public [36m304[0m 16.311 ms - -[0m
[0mGET /api/auth/me [36m304[0m 16.078 ms - -[0m
[auth-stream] connected {
  userId: '69ab3184f1457f5c3f47eb76',
  sessionId: 'e48a8b16-80a6-41fa-abf0-e6db8429526d',
  clientsForSession: 5
}
[0mGET /api/campusway-secure-admin/dashboard/summary [32m200[0m 24.813 ms - 466[0m
[0mGET /api/auth/me [36m304[0m 102.647 ms - -[0m
[auth-stream] disconnected {
  userId: '69ab3184f1457f5c3f47eb76',
  sessionId: 'e48a8b16-80a6-41fa-abf0-e6db8429526d'
}
[0mGET /api/auth/session-stream?token=eyJhbGciOiJIUzI1NiIsInR5cCI6IkpXVCJ9.eyJfaWQiOiI2OWFiMzE4NGYxNDU3ZjVjM2Y0N2ViNzYiLCJ1c2VybmFtZSI6ImUyZV9hZG1pbl9kZXNrdG9wIiwiZW1haWwiOiJlMmVfYWRtaW5fZGVza3RvcEBjYW1wdXN3YXkubG9jYWwiLCJyb2xlIjoiYWRtaW4iLCJmdWxsTmFtZSI6IkUyRSBBZG1pbiBEZXNrdG9wIiwicGVybWlzc2lvbnMiOnsiY2FuRWRpdEV4YW1zIjp0cnVlLCJjYW5NYW5hZ2VTdHVkZW50cyI6dHJ1ZSwiY2FuVmlld1JlcG9ydHMiOnRydWUsImNhbkRlbGV0ZURhdGEiOmZhbHNlLCJjYW5NYW5hZ2VGaW5hbmNlIjp0cnVlLCJjYW5NYW5hZ2VQbGFucyI6dHJ1ZSwiY2FuTWFuYWdlVGlja2V0cyI6dHJ1ZSwiY2FuTWFuYWdlQmFja3VwcyI6dHJ1ZSwiY2FuUmV2ZWFsUGFzc3dvcmRzIjpmYWxzZX0sInBlcm1pc3Npb25zVjIiOnt9LCJzZXNzaW9uSWQiOiJlNDhhOGIxNi04MGE2LTQxZmEtYWJmMC1lNmRiODQyOTUyNmQiLCJpYXQiOjE3NzI4MjcwMTYsImV4cCI6MTc3MjgyODIxNn0.OUbRW0jFuYTFKWUVOLSs7gfhz7hRJiKY9hEFeuE4N2M [32m200[0m 2.724 ms - -[0m
[auth-stream] connected {
  userId: '69ab3184f1457f5c3f47eb76',
  sessionId: 'e48a8b16-80a6-41fa-abf0-e6db8429526d',
  clientsForSession: 5
}
[0mGET /api/campusway-secure-admin/settings/runtime [36m304[0m 18.018 ms - -[0m
[0mGET /api/campusway-secure-admin/security-settings [32m200[0m 15.123 ms - -[0m
[0mGET /api/campusway-secure-admin/approvals/pending?limit=100 [32m200[0m 22.438 ms - 771[0m
[0mGET /api/home/stream [32m200[0m 0.208 ms - -[0m
[auth-stream] disconnected {
  userId: '69ab3184f1457f5c3f47eb76',
  sessionId: 'e48a8b16-80a6-41fa-abf0-e6db8429526d'
}
[0mGET /api/auth/session-stream?token=eyJhbGciOiJIUzI1NiIsInR5cCI6IkpXVCJ9.eyJfaWQiOiI2OWFiMzE4NGYxNDU3ZjVjM2Y0N2ViNzYiLCJ1c2VybmFtZSI6ImUyZV9hZG1pbl9kZXNrdG9wIiwiZW1haWwiOiJlMmVfYWRtaW5fZGVza3RvcEBjYW1wdXN3YXkubG9jYWwiLCJyb2xlIjoiYWRtaW4iLCJmdWxsTmFtZSI6IkUyRSBBZG1pbiBEZXNrdG9wIiwicGVybWlzc2lvbnMiOnsiY2FuRWRpdEV4YW1zIjp0cnVlLCJjYW5NYW5hZ2VTdHVkZW50cyI6dHJ1ZSwiY2FuVmlld1JlcG9ydHMiOnRydWUsImNhbkRlbGV0ZURhdGEiOmZhbHNlLCJjYW5NYW5hZ2VGaW5hbmNlIjp0cnVlLCJjYW5NYW5hZ2VQbGFucyI6dHJ1ZSwiY2FuTWFuYWdlVGlja2V0cyI6dHJ1ZSwiY2FuTWFuYWdlQmFja3VwcyI6dHJ1ZSwiY2FuUmV2ZWFsUGFzc3dvcmRzIjpmYWxzZX0sInBlcm1pc3Npb25zVjIiOnt9LCJzZXNzaW9uSWQiOiJlNDhhOGIxNi04MGE2LTQxZmEtYWJmMC1lNmRiODQyOTUyNmQiLCJpYXQiOjE3NzI4MjcwMTYsImV4cCI6MTc3MjgyODIxNn0.OUbRW0jFuYTFKWUVOLSs7gfhz7hRJiKY9hEFeuE4N2M [32m200[0m 3.247 ms - -[0m
[0mGET /api/auth/me [36m304[0m 28.444 ms - -[0m
[0mGET /api/settings/public [36m304[0m 30.768 ms - -[0m
[0mGET /api/auth/me [36m304[0m 32.147 ms - -[0m
[0mGET /api/campusway-secure-admin/dashboard/summary [32m200[0m 13.082 ms - 466[0m
[auth-stream] connected {
  userId: '69ab3184f1457f5c3f47eb76',
  sessionId: 'e48a8b16-80a6-41fa-abf0-e6db8429526d',
  clientsForSession: 5
}
[auth-stream] disconnected {
  userId: '69ab3184f1457f5c3f47eb76',
  sessionId: 'e48a8b16-80a6-41fa-abf0-e6db8429526d'
}
[0mGET /api/auth/session-stream?token=eyJhbGciOiJIUzI1NiIsInR5cCI6IkpXVCJ9.eyJfaWQiOiI2OWFiMzE4NGYxNDU3ZjVjM2Y0N2ViNzYiLCJ1c2VybmFtZSI6ImUyZV9hZG1pbl9kZXNrdG9wIiwiZW1haWwiOiJlMmVfYWRtaW5fZGVza3RvcEBjYW1wdXN3YXkubG9jYWwiLCJyb2xlIjoiYWRtaW4iLCJmdWxsTmFtZSI6IkUyRSBBZG1pbiBEZXNrdG9wIiwicGVybWlzc2lvbnMiOnsiY2FuRWRpdEV4YW1zIjp0cnVlLCJjYW5NYW5hZ2VTdHVkZW50cyI6dHJ1ZSwiY2FuVmlld1JlcG9ydHMiOnRydWUsImNhbkRlbGV0ZURhdGEiOmZhbHNlLCJjYW5NYW5hZ2VGaW5hbmNlIjp0cnVlLCJjYW5NYW5hZ2VQbGFucyI6dHJ1ZSwiY2FuTWFuYWdlVGlja2V0cyI6dHJ1ZSwiY2FuTWFuYWdlQmFja3VwcyI6dHJ1ZSwiY2FuUmV2ZWFsUGFzc3dvcmRzIjpmYWxzZX0sInBlcm1pc3Npb25zVjIiOnt9LCJzZXNzaW9uSWQiOiJlNDhhOGIxNi04MGE2LTQxZmEtYWJmMC1lNmRiODQyOTUyNmQiLCJpYXQiOjE3NzI4MjcwMTYsImV4cCI6MTc3MjgyODIxNn0.OUbRW0jFuYTFKWUVOLSs7gfhz7hRJiKY9hEFeuE4N2M [32m200[0m 7.128 ms - -[0m
[auth-stream] connected {
  userId: '69ab3184f1457f5c3f47eb76',
  sessionId: 'e48a8b16-80a6-41fa-abf0-e6db8429526d',
  clientsForSession: 5
}
[0mGET /api/campusway-secure-admin/health [32m200[0m 10.201 ms - 87[0m
[0mGET /api/campusway-secure-admin/jobs/health?hours=24 [32m200[0m 23.125 ms - 536[0m
[0mGET /api/campusway-secure-admin/jobs/runs?limit=40 [32m200[0m 15.678 ms - -[0m
[0mGET /api/campusway-secure-admin/audit-logs?page=1&limit=50&scope=news [32m200[0m 43.673 ms - 938[0m
[0mGET /api/home/stream [32m200[0m 0.179 ms - -[0m
[auth-stream] disconnected {
  userId: '69ab3184f1457f5c3f47eb76',
  sessionId: 'e48a8b16-80a6-41fa-abf0-e6db8429526d'
}
[0mGET /api/auth/session-stream?token=eyJhbGciOiJIUzI1NiIsInR5cCI6IkpXVCJ9.eyJfaWQiOiI2OWFiMzE4NGYxNDU3ZjVjM2Y0N2ViNzYiLCJ1c2VybmFtZSI6ImUyZV9hZG1pbl9kZXNrdG9wIiwiZW1haWwiOiJlMmVfYWRtaW5fZGVza3RvcEBjYW1wdXN3YXkubG9jYWwiLCJyb2xlIjoiYWRtaW4iLCJmdWxsTmFtZSI6IkUyRSBBZG1pbiBEZXNrdG9wIiwicGVybWlzc2lvbnMiOnsiY2FuRWRpdEV4YW1zIjp0cnVlLCJjYW5NYW5hZ2VTdHVkZW50cyI6dHJ1ZSwiY2FuVmlld1JlcG9ydHMiOnRydWUsImNhbkRlbGV0ZURhdGEiOmZhbHNlLCJjYW5NYW5hZ2VGaW5hbmNlIjp0cnVlLCJjYW5NYW5hZ2VQbGFucyI6dHJ1ZSwiY2FuTWFuYWdlVGlja2V0cyI6dHJ1ZSwiY2FuTWFuYWdlQmFja3VwcyI6dHJ1ZSwiY2FuUmV2ZWFsUGFzc3dvcmRzIjpmYWxzZX0sInBlcm1pc3Npb25zVjIiOnt9LCJzZXNzaW9uSWQiOiJlNDhhOGIxNi04MGE2LTQxZmEtYWJmMC1lNmRiODQyOTUyNmQiLCJpYXQiOjE3NzI4MjcwMTYsImV4cCI6MTc3MjgyODIxNn0.OUbRW0jFuYTFKWUVOLSs7gfhz7hRJiKY9hEFeuE4N2M [32m200[0m 5.159 ms - -[0m
[0mGET /api/settings/public [36m304[0m 70.951 ms - -[0m
[0mGET /api/auth/me [36m304[0m 69.186 ms - -[0m
[0mGET /api/auth/me [36m304[0m 25.405 ms - -[0m
[0mGET /api/campusway-secure-admin/dashboard/summary [32m200[0m 24.241 ms - 466[0m
[auth-stream] connected {
  userId: '69ab3184f1457f5c3f47eb76',
  sessionId: 'e48a8b16-80a6-41fa-abf0-e6db8429526d',
  clientsForSession: 5
}
[auth-stream] disconnected {
  userId: '69ab3184f1457f5c3f47eb76',
  sessionId: 'e48a8b16-80a6-41fa-abf0-e6db8429526d'
}
[0mGET /api/auth/session-stream?token=eyJhbGciOiJIUzI1NiIsInR5cCI6IkpXVCJ9.eyJfaWQiOiI2OWFiMzE4NGYxNDU3ZjVjM2Y0N2ViNzYiLCJ1c2VybmFtZSI6ImUyZV9hZG1pbl9kZXNrdG9wIiwiZW1haWwiOiJlMmVfYWRtaW5fZGVza3RvcEBjYW1wdXN3YXkubG9jYWwiLCJyb2xlIjoiYWRtaW4iLCJmdWxsTmFtZSI6IkUyRSBBZG1pbiBEZXNrdG9wIiwicGVybWlzc2lvbnMiOnsiY2FuRWRpdEV4YW1zIjp0cnVlLCJjYW5NYW5hZ2VTdHVkZW50cyI6dHJ1ZSwiY2FuVmlld1JlcG9ydHMiOnRydWUsImNhbkRlbGV0ZURhdGEiOmZhbHNlLCJjYW5NYW5hZ2VGaW5hbmNlIjp0cnVlLCJjYW5NYW5hZ2VQbGFucyI6dHJ1ZSwiY2FuTWFuYWdlVGlja2V0cyI6dHJ1ZSwiY2FuTWFuYWdlQmFja3VwcyI6dHJ1ZSwiY2FuUmV2ZWFsUGFzc3dvcmRzIjpmYWxzZX0sInBlcm1pc3Npb25zVjIiOnt9LCJzZXNzaW9uSWQiOiJlNDhhOGIxNi04MGE2LTQxZmEtYWJmMC1lNmRiODQyOTUyNmQiLCJpYXQiOjE3NzI4MjcwMTYsImV4cCI6MTc3MjgyODIxNn0.OUbRW0jFuYTFKWUVOLSs7gfhz7hRJiKY9hEFeuE4N2M [32m200[0m 13.412 ms - -[0m
[auth-stream] connected {
  userId: '69ab3184f1457f5c3f47eb76',
  sessionId: 'e48a8b16-80a6-41fa-abf0-e6db8429526d',
  clientsForSession: 5
}
[0mGET /api/profile/me [32m200[0m 13.065 ms - -[0m
[0mGET /api/profile/me [36m304[0m 8.862 ms - -[0m
[auth-stream] disconnected {
  userId: '69ab3184f1457f5c3f47eb76',
  sessionId: 'e48a8b16-80a6-41fa-abf0-e6db8429526d'
}
[0mGET /api/auth/session-stream?token=eyJhbGciOiJIUzI1NiIsInR5cCI6IkpXVCJ9.eyJfaWQiOiI2OWFiMzE4NGYxNDU3ZjVjM2Y0N2ViNzYiLCJ1c2VybmFtZSI6ImUyZV9hZG1pbl9kZXNrdG9wIiwiZW1haWwiOiJlMmVfYWRtaW5fZGVza3RvcEBjYW1wdXN3YXkubG9jYWwiLCJyb2xlIjoiYWRtaW4iLCJmdWxsTmFtZSI6IkUyRSBBZG1pbiBEZXNrdG9wIiwicGVybWlzc2lvbnMiOnsiY2FuRWRpdEV4YW1zIjp0cnVlLCJjYW5NYW5hZ2VTdHVkZW50cyI6dHJ1ZSwiY2FuVmlld1JlcG9ydHMiOnRydWUsImNhbkRlbGV0ZURhdGEiOmZhbHNlLCJjYW5NYW5hZ2VGaW5hbmNlIjp0cnVlLCJjYW5NYW5hZ2VQbGFucyI6dHJ1ZSwiY2FuTWFuYWdlVGlja2V0cyI6dHJ1ZSwiY2FuTWFuYWdlQmFja3VwcyI6dHJ1ZSwiY2FuUmV2ZWFsUGFzc3dvcmRzIjpmYWxzZX0sInBlcm1pc3Npb25zVjIiOnt9LCJzZXNzaW9uSWQiOiJlNDhhOGIxNi04MGE2LTQxZmEtYWJmMC1lNmRiODQyOTUyNmQiLCJpYXQiOjE3NzI4MjcwMTYsImV4cCI6MTc3MjgyODIxNn0.OUbRW0jFuYTFKWUVOLSs7gfhz7hRJiKY9hEFeuE4N2M [32m200[0m 3.987 ms - -[0m
[0mGET /api/home/stream [32m200[0m 0.261 ms - -[0m
[0mGET /api/auth/session-stream?token=eyJhbGciOiJIUzI1NiIsInR5cCI6IkpXVCJ9.eyJfaWQiOiI2OWFiMzE4NGYxNDU3ZjVjM2Y0N2ViNzYiLCJ1c2VybmFtZSI6ImUyZV9hZG1pbl9kZXNrdG9wIiwiZW1haWwiOiJlMmVfYWRtaW5fZGVza3RvcEBjYW1wdXN3YXkubG9jYWwiLCJyb2xlIjoiYWRtaW4iLCJmdWxsTmFtZSI6IkUyRSBBZG1pbiBEZXNrdG9wIiwicGVybWlzc2lvbnMiOnsiY2FuRWRpdEV4YW1zIjp0cnVlLCJjYW5NYW5hZ2VTdHVkZW50cyI6dHJ1ZSwiY2FuVmlld1JlcG9ydHMiOnRydWUsImNhbkRlbGV0ZURhdGEiOmZhbHNlLCJjYW5NYW5hZ2VGaW5hbmNlIjp0cnVlLCJjYW5NYW5hZ2VQbGFucyI6dHJ1ZSwiY2FuTWFuYWdlVGlja2V0cyI6dHJ1ZSwiY2FuTWFuYWdlQmFja3VwcyI6dHJ1ZSwiY2FuUmV2ZWFsUGFzc3dvcmRzIjpmYWxzZX0sInBlcm1pc3Npb25zVjIiOnt9LCJzZXNzaW9uSWQiOiJlNDhhOGIxNi04MGE2LTQxZmEtYWJmMC1lNmRiODQyOTUyNmQiLCJpYXQiOjE3NzI4MjcwMTYsImV4cCI6MTc3MjgyODIxNn0.OUbRW0jFuYTFKWUVOLSs7gfhz7hRJiKY9hEFeuE4N2M [32m200[0m 74.601 ms - -[0m
[auth-stream] disconnected {
  userId: '69ab3184f1457f5c3f47eb76',
  sessionId: 'e48a8b16-80a6-41fa-abf0-e6db8429526d'
}
[0mGET /api/auth/session-stream?token=eyJhbGciOiJIUzI1NiIsInR5cCI6IkpXVCJ9.eyJfaWQiOiI2OWFiMzE4NGYxNDU3ZjVjM2Y0N2ViNzYiLCJ1c2VybmFtZSI6ImUyZV9hZG1pbl9kZXNrdG9wIiwiZW1haWwiOiJlMmVfYWRtaW5fZGVza3RvcEBjYW1wdXN3YXkubG9jYWwiLCJyb2xlIjoiYWRtaW4iLCJmdWxsTmFtZSI6IkUyRSBBZG1pbiBEZXNrdG9wIiwicGVybWlzc2lvbnMiOnsiY2FuRWRpdEV4YW1zIjp0cnVlLCJjYW5NYW5hZ2VTdHVkZW50cyI6dHJ1ZSwiY2FuVmlld1JlcG9ydHMiOnRydWUsImNhbkRlbGV0ZURhdGEiOmZhbHNlLCJjYW5NYW5hZ2VGaW5hbmNlIjp0cnVlLCJjYW5NYW5hZ2VQbGFucyI6dHJ1ZSwiY2FuTWFuYWdlVGlja2V0cyI6dHJ1ZSwiY2FuTWFuYWdlQmFja3VwcyI6dHJ1ZSwiY2FuUmV2ZWFsUGFzc3dvcmRzIjpmYWxzZX0sInBlcm1pc3Npb25zVjIiOnt9LCJzZXNzaW9uSWQiOiJlNDhhOGIxNi04MGE2LTQxZmEtYWJmMC1lNmRiODQyOTUyNmQiLCJpYXQiOjE3NzI4MjcwMTYsImV4cCI6MTc3MjgyODIxNn0.OUbRW0jFuYTFKWUVOLSs7gfhz7hRJiKY9hEFeuE4N2M [32m200[0m 20.185 ms - -[0m
[auth-stream] disconnected {
  userId: '69ab3184f1457f5c3f47eb76',
  sessionId: 'e48a8b16-80a6-41fa-abf0-e6db8429526d'
}
[0mGET /api/auth/session-stream?token=eyJhbGciOiJIUzI1NiIsInR5cCI6IkpXVCJ9.eyJfaWQiOiI2OWFiMzE4NGYxNDU3ZjVjM2Y0N2ViNzYiLCJ1c2VybmFtZSI6ImUyZV9hZG1pbl9kZXNrdG9wIiwiZW1haWwiOiJlMmVfYWRtaW5fZGVza3RvcEBjYW1wdXN3YXkubG9jYWwiLCJyb2xlIjoiYWRtaW4iLCJmdWxsTmFtZSI6IkUyRSBBZG1pbiBEZXNrdG9wIiwicGVybWlzc2lvbnMiOnsiY2FuRWRpdEV4YW1zIjp0cnVlLCJjYW5NYW5hZ2VTdHVkZW50cyI6dHJ1ZSwiY2FuVmlld1JlcG9ydHMiOnRydWUsImNhbkRlbGV0ZURhdGEiOmZhbHNlLCJjYW5NYW5hZ2VGaW5hbmNlIjp0cnVlLCJjYW5NYW5hZ2VQbGFucyI6dHJ1ZSwiY2FuTWFuYWdlVGlja2V0cyI6dHJ1ZSwiY2FuTWFuYWdlQmFja3VwcyI6dHJ1ZSwiY2FuUmV2ZWFsUGFzc3dvcmRzIjpmYWxzZX0sInBlcm1pc3Npb25zVjIiOnt9LCJzZXNzaW9uSWQiOiJlNDhhOGIxNi04MGE2LTQxZmEtYWJmMC1lNmRiODQyOTUyNmQiLCJpYXQiOjE3NzI4MjcwMTYsImV4cCI6MTc3MjgyODIxNn0.OUbRW0jFuYTFKWUVOLSs7gfhz7hRJiKY9hEFeuE4N2M [32m200[0m 29.859 ms - -[0m
[0mGET /api/auth/session-stream?token=eyJhbGciOiJIUzI1NiIsInR5cCI6IkpXVCJ9.eyJfaWQiOiI2OWFiMzE4NGYxNDU3ZjVjM2Y0N2ViNzYiLCJ1c2VybmFtZSI6ImUyZV9hZG1pbl9kZXNrdG9wIiwiZW1haWwiOiJlMmVfYWRtaW5fZGVza3RvcEBjYW1wdXN3YXkubG9jYWwiLCJyb2xlIjoiYWRtaW4iLCJmdWxsTmFtZSI6IkUyRSBBZG1pbiBEZXNrdG9wIiwicGVybWlzc2lvbnMiOnsiY2FuRWRpdEV4YW1zIjp0cnVlLCJjYW5NYW5hZ2VTdHVkZW50cyI6dHJ1ZSwiY2FuVmlld1JlcG9ydHMiOnRydWUsImNhbkRlbGV0ZURhdGEiOmZhbHNlLCJjYW5NYW5hZ2VGaW5hbmNlIjp0cnVlLCJjYW5NYW5hZ2VQbGFucyI6dHJ1ZSwiY2FuTWFuYWdlVGlja2V0cyI6dHJ1ZSwiY2FuTWFuYWdlQmFja3VwcyI6dHJ1ZSwiY2FuUmV2ZWFsUGFzc3dvcmRzIjpmYWxzZX0sInBlcm1pc3Npb25zVjIiOnt9LCJzZXNzaW9uSWQiOiJlNDhhOGIxNi04MGE2LTQxZmEtYWJmMC1lNmRiODQyOTUyNmQiLCJpYXQiOjE3NzI4MjcwMTYsImV4cCI6MTc3MjgyODIxNn0.OUbRW0jFuYTFKWUVOLSs7gfhz7hRJiKY9hEFeuE4N2M [32m200[0m 80.029 ms - -[0m
[auth-stream] disconnected {
  userId: '69ab3184f1457f5c3f47eb76',
  sessionId: 'e48a8b16-80a6-41fa-abf0-e6db8429526d'
}
[auth-stream] disconnected {
  userId: '69ab3184f1457f5c3f47eb76',
  sessionId: 'e48a8b16-80a6-41fa-abf0-e6db8429526d'
}
