{
  "config": {
    "configFile": "f:\\CampusWay\\frontend\\playwright.config.ts",
    "rootDir": "f:/CampusWay/frontend/e2e",
    "forbidOnly": false,
    "fullyParallel": false,
    "globalSetup": null,
    "globalTeardown": null,
    "globalTimeout": 0,
    "grep": {},
    "grepInvert": null,
    "maxFailures": 0,
    "metadata": {
      "actualWorkers": 1
    },
    "preserveOutput": "always",
    "projects": [
      {
        "outputDir": "f:/CampusWay/frontend/test-results",
        "repeatEach": 1,
        "retries": 0,
        "metadata": {
          "actualWorkers": 1
        },
        "id": "chromium-desktop",
        "name": "chromium-desktop",
        "testDir": "f:/CampusWay/frontend/e2e",
        "testIgnore": [],
        "testMatch": [
          "**/*.@(spec|test).?(c|m)[jt]s?(x)"
        ],
        "timeout": 60000
      },
      {
        "outputDir": "f:/CampusWay/frontend/test-results",
        "repeatEach": 1,
        "retries": 0,
        "metadata": {
          "actualWorkers": 1
        },
        "id": "chromium-mobile",
        "name": "chromium-mobile",
        "testDir": "f:/CampusWay/frontend/e2e",
        "testIgnore": [],
        "testMatch": [
          "**/*.@(spec|test).?(c|m)[jt]s?(x)"
        ],
        "timeout": 60000
      }
    ],
    "quiet": false,
    "reporter": [
      [
        "json"
      ]
    ],
    "reportSlowTests": {
      "max": 5,
      "threshold": 300000
    },
    "runAgents": "none",
    "shard": null,
    "tags": [],
    "updateSnapshots": "missing",
    "updateSourceMethod": "patch",
    "version": "1.58.2",
    "workers": 1,
    "webServer": null
  },
  "suites": [
    {
      "title": "exam-attempt-critical.spec.ts",
      "file": "exam-attempt-critical.spec.ts",
      "column": 0,
      "line": 0,
      "specs": [],
      "suites": [
        {
          "title": "Exam Attempt Critical Flows",
          "file": "exam-attempt-critical.spec.ts",
          "line": 43,
          "column": 6,
          "specs": [
            {
              "title": "student start and autosave API flow works for active attempt",
              "ok": true,
              "tags": [],
              "tests": [
                {
                  "timeout": 60000,
                  "annotations": [],
                  "expectedStatus": "passed",
                  "projectId": "chromium-desktop",
                  "projectName": "chromium-desktop",
                  "results": [
                    {
                      "workerIndex": 0,
                      "parallelIndex": 0,
                      "status": "passed",
                      "duration": 533,
                      "errors": [],
                      "stdout": [],
                      "stderr": [],
                      "retry": 0,
                      "startTime": "2026-03-10T18:05:18.933Z",
                      "annotations": [],
                      "attachments": []
                    }
                  ],
                  "status": "expected"
                }
              ],
              "id": "2e89cd1cf30eb157aee9-c12f5a16190832aa58d1",
              "file": "exam-attempt-critical.spec.ts",
              "line": 79,
              "column": 5
            },
            {
              "title": "attempt API handles stale revision, anti-cheat event, and submit",
              "ok": true,
              "tags": [],
              "tests": [
                {
                  "timeout": 60000,
                  "annotations": [],
                  "expectedStatus": "passed",
                  "projectId": "chromium-desktop",
                  "projectName": "chromium-desktop",
                  "results": [
                    {
                      "workerIndex": 0,
                      "parallelIndex": 0,
                      "status": "passed",
                      "duration": 592,
                      "errors": [],
                      "stdout": [],
                      "stderr": [],
                      "retry": 0,
                      "startTime": "2026-03-10T18:05:20.314Z",
                      "annotations": [],
                      "attachments": []
                    }
                  ],
                  "status": "expected"
                }
              ],
              "id": "2e89cd1cf30eb157aee9-f4c862be6c6d069590b1",
              "file": "exam-attempt-critical.spec.ts",
              "line": 135,
              "column": 5
            },
            {
              "title": "lock policy prevents save and submit after violation threshold",
              "ok": true,
              "tags": [],
              "tests": [
                {
                  "timeout": 60000,
                  "annotations": [],
                  "expectedStatus": "passed",
                  "projectId": "chromium-desktop",
                  "projectName": "chromium-desktop",
                  "results": [
                    {
                      "workerIndex": 0,
                      "parallelIndex": 0,
                      "status": "passed",
                      "duration": 537,
                      "errors": [],
                      "stdout": [],
                      "stderr": [],
                      "retry": 0,
                      "startTime": "2026-03-10T18:05:20.922Z",
                      "annotations": [],
                      "attachments": []
                    }
                  ],
                  "status": "expected"
                }
              ],
              "id": "2e89cd1cf30eb157aee9-c7e1d6719135ba34c7ef",
              "file": "exam-attempt-critical.spec.ts",
              "line": 234,
              "column": 5
            },
            {
              "title": "admin live action endpoint can warn and force-submit an active attempt",
              "ok": true,
              "tags": [],
              "tests": [
                {
                  "timeout": 60000,
                  "annotations": [],
                  "expectedStatus": "passed",
                  "projectId": "chromium-desktop",
                  "projectName": "chromium-desktop",
                  "results": [
                    {
                      "workerIndex": 0,
                      "parallelIndex": 0,
                      "status": "passed",
                      "duration": 561,
                      "errors": [],
                      "stdout": [],
                      "stderr": [],
                      "retry": 0,
                      "startTime": "2026-03-10T18:05:21.477Z",
                      "annotations": [],
                      "attachments": []
                    }
                  ],
                  "status": "expected"
                }
              ],
              "id": "2e89cd1cf30eb157aee9-f1b9cdb836c095020894",
              "file": "exam-attempt-critical.spec.ts",
              "line": 298,
              "column": 5
            }
          ]
        }
      ]
    },
    {
      "title": "exam-flow.spec.ts",
      "file": "exam-flow.spec.ts",
      "column": 0,
      "line": 0,
      "specs": [],
      "suites": [
        {
          "title": "Student Exam Flow",
          "file": "exam-flow.spec.ts",
          "line": 4,
          "column": 6,
          "specs": [
            {
              "title": "full exam lifecycle: landing, taking, auto-save, and results",
              "ok": true,
              "tags": [],
              "tests": [
                {
                  "timeout": 60000,
                  "annotations": [
                    {
                      "type": "skip",
                      "description": "Selected exam did not enter internal question runner.",
                      "location": {
                        "file": "f:\\CampusWay\\frontend\\e2e\\exam-flow.spec.ts",
                        "line": 32,
                        "column": 14
                      }
                    }
                  ],
                  "expectedStatus": "skipped",
                  "projectId": "chromium-desktop",
                  "projectName": "chromium-desktop",
                  "results": [
                    {
                      "workerIndex": 0,
                      "parallelIndex": 0,
                      "status": "skipped",
                      "duration": 4549,
                      "errors": [],
                      "stdout": [],
                      "stderr": [],
                      "retry": 0,
                      "startTime": "2026-03-10T18:05:22.090Z",
                      "annotations": [
                        {
                          "type": "skip",
                          "description": "Selected exam did not enter internal question runner.",
                          "location": {
                            "file": "f:\\CampusWay\\frontend\\e2e\\exam-flow.spec.ts",
                            "line": 32,
                            "column": 14
                          }
                        }
                      ],
                      "attachments": []
                    }
                  ],
                  "status": "skipped"
                }
              ],
              "id": "69a87c8af599cfb977a0-43f94234d4d9bff4f028",
              "file": "exam-flow.spec.ts",
              "line": 11,
              "column": 5
            }
          ]
        }
      ]
    },
    {
      "title": "student-smoke.spec.ts",
      "file": "student-smoke.spec.ts",
      "column": 0,
      "line": 0,
      "specs": [],
      "suites": [
        {
          "title": "Student Smoke",
          "file": "student-smoke.spec.ts",
          "line": 4,
          "column": 6,
          "specs": [
            {
              "title": "student can login and open dashboard/profile",
              "ok": true,
              "tags": [],
              "tests": [
                {
                  "timeout": 60000,
                  "annotations": [],
                  "expectedStatus": "passed",
                  "projectId": "chromium-desktop",
                  "projectName": "chromium-desktop",
                  "results": [
                    {
                      "workerIndex": 0,
                      "parallelIndex": 0,
                      "status": "passed",
                      "duration": 4042,
                      "errors": [],
                      "stdout": [],
                      "stderr": [],
                      "retry": 0,
                      "startTime": "2026-03-10T18:05:26.793Z",
                      "annotations": [],
                      "attachments": []
                    }
                  ],
                  "status": "expected"
                }
              ],
              "id": "5b3e1a06cb02b37680f6-ef91868518ef7bf7cdd8",
              "file": "student-smoke.spec.ts",
              "line": 5,
              "column": 5
            }
          ]
        }
      ]
    }
  ],
  "errors": [],
  "stats": {
    "startTime": "2026-03-10T18:05:17.069Z",
    "duration": 13915.757,
    "expected": 5,
    "skipped": 1,
    "unexpected": 0,
    "flaky": 0
  }
}