{
  "config": {
    "configFile": "F:\\CampusWay\\frontend\\playwright.config.ts",
    "rootDir": "F:/CampusWay/frontend/e2e",
    "forbidOnly": false,
    "fullyParallel": false,
    "globalSetup": null,
    "globalTeardown": null,
    "globalTimeout": 0,
    "grep": {},
    "grepInvert": null,
    "maxFailures": 0,
    "metadata": {
      "actualWorkers": 1
    },
    "preserveOutput": "always",
    "projects": [
      {
        "outputDir": "F:/CampusWay/frontend/test-results",
        "repeatEach": 1,
        "retries": 0,
        "metadata": {
          "actualWorkers": 1
        },
        "id": "chromium-desktop",
        "name": "chromium-desktop",
        "testDir": "F:/CampusWay/frontend/e2e",
        "testIgnore": [],
        "testMatch": [
          "**/*.@(spec|test).?(c|m)[jt]s?(x)"
        ],
        "timeout": 60000
      },
      {
        "outputDir": "F:/CampusWay/frontend/test-results",
        "repeatEach": 1,
        "retries": 0,
        "metadata": {
          "actualWorkers": 1
        },
        "id": "chromium-mobile",
        "name": "chromium-mobile",
        "testDir": "F:/CampusWay/frontend/e2e",
        "testIgnore": [],
        "testMatch": [
          "**/*.@(spec|test).?(c|m)[jt]s?(x)"
        ],
        "timeout": 60000
      }
    ],
    "quiet": false,
    "reporter": [
      [
        "json"
      ]
    ],
    "reportSlowTests": {
      "max": 5,
      "threshold": 300000
    },
    "runAgents": "none",
    "shard": null,
    "tags": [],
    "updateSnapshots": "missing",
    "updateSourceMethod": "patch",
    "version": "1.58.2",
    "workers": 1,
    "webServer": null
  },
  "suites": [
    {
      "title": "admin-phase2-micro.spec.ts",
      "file": "admin-phase2-micro.spec.ts",
      "column": 0,
      "line": 0,
      "specs": [],
      "suites": [
        {
          "title": "Admin Phase2 Micro Saves",
          "file": "admin-phase2-micro.spec.ts",
          "line": 28,
          "column": 6,
          "specs": [
            {
              "title": "site settings save reflects on public settings payload",
              "ok": true,
              "tags": [],
              "tests": [
                {
                  "timeout": 60000,
                  "annotations": [],
                  "expectedStatus": "passed",
                  "projectId": "chromium-desktop",
                  "projectName": "chromium-desktop",
                  "results": [
                    {
                      "workerIndex": 0,
                      "parallelIndex": 0,
                      "status": "passed",
                      "duration": 570,
                      "errors": [],
                      "stdout": [],
                      "stderr": [],
                      "retry": 0,
                      "startTime": "2026-03-10T16:29:33.126Z",
                      "annotations": [],
                      "attachments": []
                    }
                  ],
                  "status": "expected"
                }
              ],
              "id": "4b5de36fd3c0d137027f-394df2ec0185537092a3",
              "file": "admin-phase2-micro.spec.ts",
              "line": 29,
              "column": 5
            },
            {
              "title": "home control toggle save reflects on /api/home",
              "ok": true,
              "tags": [],
              "tests": [
                {
                  "timeout": 60000,
                  "annotations": [],
                  "expectedStatus": "passed",
                  "projectId": "chromium-desktop",
                  "projectName": "chromium-desktop",
                  "results": [
                    {
                      "workerIndex": 0,
                      "parallelIndex": 0,
                      "status": "passed",
                      "duration": 537,
                      "errors": [],
                      "stdout": [],
                      "stderr": [],
                      "retry": 0,
                      "startTime": "2026-03-10T16:29:33.729Z",
                      "annotations": [],
                      "attachments": []
                    }
                  ],
                  "status": "expected"
                }
              ],
              "id": "4b5de36fd3c0d137027f-6970224d53fc8beb06e7",
              "file": "admin-phase2-micro.spec.ts",
              "line": 60,
              "column": 5
            },
            {
              "title": "news source save reflects on public sources list",
              "ok": true,
              "tags": [],
              "tests": [
                {
                  "timeout": 60000,
                  "annotations": [],
                  "expectedStatus": "passed",
                  "projectId": "chromium-desktop",
                  "projectName": "chromium-desktop",
                  "results": [
                    {
                      "workerIndex": 0,
                      "parallelIndex": 0,
                      "status": "passed",
                      "duration": 466,
                      "errors": [],
                      "stdout": [],
                      "stderr": [],
                      "retry": 0,
                      "startTime": "2026-03-10T16:29:34.284Z",
                      "annotations": [],
                      "attachments": []
                    }
                  ],
                  "status": "expected"
                }
              ],
              "id": "4b5de36fd3c0d137027f-2630a345a6e0cab23d27",
              "file": "admin-phase2-micro.spec.ts",
              "line": 98,
              "column": 5
            },
            {
              "title": "subscription plan create and support unread simulation work through admin endpoints",
              "ok": true,
              "tags": [],
              "tests": [
                {
                  "timeout": 60000,
                  "annotations": [],
                  "expectedStatus": "passed",
                  "projectId": "chromium-desktop",
                  "projectName": "chromium-desktop",
                  "results": [
                    {
                      "workerIndex": 0,
                      "parallelIndex": 0,
                      "status": "passed",
                      "duration": 971,
                      "errors": [],
                      "stdout": [],
                      "stderr": [],
                      "retry": 0,
                      "startTime": "2026-03-10T16:29:34.766Z",
                      "annotations": [],
                      "attachments": []
                    }
                  ],
                  "status": "expected"
                }
              ],
              "id": "4b5de36fd3c0d137027f-c9c108a8ddf619c53311",
              "file": "admin-phase2-micro.spec.ts",
              "line": 135,
              "column": 5
            }
          ]
        }
      ]
    },
    {
      "title": "admin-responsive-all.spec.ts",
      "file": "admin-responsive-all.spec.ts",
      "column": 0,
      "line": 0,
      "specs": [],
      "suites": [
        {
          "title": "Admin Responsive Matrix",
          "file": "admin-responsive-all.spec.ts",
          "line": 36,
          "column": 6,
          "specs": [
            {
              "title": "routes are responsive at 360x800",
              "ok": false,
              "tags": [],
              "tests": [
                {
                  "timeout": 60000,
                  "annotations": [],
                  "expectedStatus": "passed",
                  "projectId": "chromium-desktop",
                  "projectName": "chromium-desktop",
                  "results": [
                    {
                      "workerIndex": 0,
                      "parallelIndex": 0,
                      "status": "failed",
                      "duration": 16470,
                      "error": {
                        "message": "Error: \u001b[2mexpect(\u001b[22m\u001b[31mlocator\u001b[39m\u001b[2m).\u001b[22mtoBeVisible\u001b[2m(\u001b[22m\u001b[2m)\u001b[22m failed\n\nLocator:  locator('body')\nExpected: visible\nReceived: undefined\n\nCall log:\n\u001b[2m  - Expect \"toBeVisible\" with timeout 5000ms\u001b[22m\n\u001b[2m  - waiting for locator('body')\u001b[22m\n",
                        "stack": "Error: \u001b[2mexpect(\u001b[22m\u001b[31mlocator\u001b[39m\u001b[2m).\u001b[22mtoBeVisible\u001b[2m(\u001b[22m\u001b[2m)\u001b[22m failed\n\nLocator:  locator('body')\nExpected: visible\nReceived: undefined\n\nCall log:\n\u001b[2m  - Expect \"toBeVisible\" with timeout 5000ms\u001b[22m\n\u001b[2m  - waiting for locator('body')\u001b[22m\n\n    at F:\\CampusWay\\frontend\\e2e\\admin-responsive-all.spec.ts:68:52",
                        "location": {
                          "file": "F:\\CampusWay\\frontend\\e2e\\admin-responsive-all.spec.ts",
                          "column": 52,
                          "line": 68
                        },
                        "snippet": "\u001b[0m \u001b[90m 66 |\u001b[39m             \u001b[36mfor\u001b[39m (\u001b[36mconst\u001b[39m route \u001b[36mof\u001b[39m routes) {\n \u001b[90m 67 |\u001b[39m                 \u001b[36mawait\u001b[39m page\u001b[33m.\u001b[39mgoto(route)\u001b[33m;\u001b[39m\n\u001b[31m\u001b[1m>\u001b[22m\u001b[39m\u001b[90m 68 |\u001b[39m                 \u001b[36mawait\u001b[39m expect(page\u001b[33m.\u001b[39mlocator(\u001b[32m'body'\u001b[39m))\u001b[33m.\u001b[39mtoBeVisible()\u001b[33m;\u001b[39m\n \u001b[90m    |\u001b[39m                                                    \u001b[31m\u001b[1m^\u001b[22m\u001b[39m\n \u001b[90m 69 |\u001b[39m                 \u001b[36mawait\u001b[39m expect(page\u001b[33m.\u001b[39mlocator(\u001b[32m'main'\u001b[39m)\u001b[33m.\u001b[39mfirst())\u001b[33m.\u001b[39mtoBeVisible()\u001b[33m;\u001b[39m\n \u001b[90m 70 |\u001b[39m\n \u001b[90m 71 |\u001b[39m                 \u001b[36mconst\u001b[39m overflow \u001b[33m=\u001b[39m \u001b[36mawait\u001b[39m page\u001b[33m.\u001b[39mevaluate(() \u001b[33m=>\u001b[39m document\u001b[33m.\u001b[39mdocumentElement\u001b[33m.\u001b[39mscrollWidth \u001b[33m-\u001b[39m window\u001b[33m.\u001b[39minnerWidth)\u001b[33m;\u001b[39m\u001b[0m"
                      },
                      "errors": [
                        {
                          "location": {
                            "file": "F:\\CampusWay\\frontend\\e2e\\admin-responsive-all.spec.ts",
                            "column": 52,
                            "line": 68
                          },
                          "message": "Error: \u001b[2mexpect(\u001b[22m\u001b[31mlocator\u001b[39m\u001b[2m).\u001b[22mtoBeVisible\u001b[2m(\u001b[22m\u001b[2m)\u001b[22m failed\n\nLocator:  locator('body')\nExpected: visible\nReceived: undefined\n\nCall log:\n\u001b[2m  - Expect \"toBeVisible\" with timeout 5000ms\u001b[22m\n\u001b[2m  - waiting for locator('body')\u001b[22m\n\n\n  66 |             for (const route of routes) {\n  67 |                 await page.goto(route);\n> 68 |                 await expect(page.locator('body')).toBeVisible();\n     |                                                    ^\n  69 |                 await expect(page.locator('main').first()).toBeVisible();\n  70 |\n  71 |                 const overflow = await page.evaluate(() => document.documentElement.scrollWidth - window.innerWidth);\n    at F:\\CampusWay\\frontend\\e2e\\admin-responsive-all.spec.ts:68:52"
                        }
                      ],
                      "stdout": [],
                      "stderr": [],
                      "retry": 0,
                      "startTime": "2026-03-10T16:29:35.778Z",
                      "annotations": [],
                      "attachments": [],
                      "errorLocation": {
                        "file": "F:\\CampusWay\\frontend\\e2e\\admin-responsive-all.spec.ts",
                        "column": 52,
                        "line": 68
                      }
                    }
                  ],
                  "status": "unexpected"
                }
              ],
              "id": "04b6e59024c692938a29-cb8271a37e4d21f81b65",
              "file": "admin-responsive-all.spec.ts",
              "line": 43,
              "column": 9
            },
            {
              "title": "routes are responsive at 390x844",
              "ok": false,
              "tags": [],
              "tests": [
                {
                  "timeout": 60000,
                  "annotations": [],
                  "expectedStatus": "passed",
                  "projectId": "chromium-desktop",
                  "projectName": "chromium-desktop",
                  "results": [
                    {
                      "workerIndex": 1,
                      "parallelIndex": 0,
                      "status": "failed",
                      "duration": 21118,
                      "error": {
                        "message": "Error: \u001b[2mexpect(\u001b[22m\u001b[31mlocator\u001b[39m\u001b[2m).\u001b[22mtoBeVisible\u001b[2m(\u001b[22m\u001b[2m)\u001b[22m failed\n\nLocator:  locator('body')\nExpected: visible\nReceived: hidden\nTimeout:  5000ms\n\nCall log:\n\u001b[2m  - Expect \"toBeVisible\" with timeout 5000ms\u001b[22m\n\u001b[2m  - waiting for locator('body')\u001b[22m\n\u001b[2m    8 × locator resolved to <body class=\"antialiased\">…</body>\u001b[22m\n\u001b[2m      - unexpected value \"hidden\"\u001b[22m\n",
                        "stack": "Error: \u001b[2mexpect(\u001b[22m\u001b[31mlocator\u001b[39m\u001b[2m).\u001b[22mtoBeVisible\u001b[2m(\u001b[22m\u001b[2m)\u001b[22m failed\n\nLocator:  locator('body')\nExpected: visible\nReceived: hidden\nTimeout:  5000ms\n\nCall log:\n\u001b[2m  - Expect \"toBeVisible\" with timeout 5000ms\u001b[22m\n\u001b[2m  - waiting for locator('body')\u001b[22m\n\u001b[2m    8 × locator resolved to <body class=\"antialiased\">…</body>\u001b[22m\n\u001b[2m      - unexpected value \"hidden\"\u001b[22m\n\n    at F:\\CampusWay\\frontend\\e2e\\admin-responsive-all.spec.ts:68:52",
                        "location": {
                          "file": "F:\\CampusWay\\frontend\\e2e\\admin-responsive-all.spec.ts",
                          "column": 52,
                          "line": 68
                        },
                        "snippet": "\u001b[0m \u001b[90m 66 |\u001b[39m             \u001b[36mfor\u001b[39m (\u001b[36mconst\u001b[39m route \u001b[36mof\u001b[39m routes) {\n \u001b[90m 67 |\u001b[39m                 \u001b[36mawait\u001b[39m page\u001b[33m.\u001b[39mgoto(route)\u001b[33m;\u001b[39m\n\u001b[31m\u001b[1m>\u001b[22m\u001b[39m\u001b[90m 68 |\u001b[39m                 \u001b[36mawait\u001b[39m expect(page\u001b[33m.\u001b[39mlocator(\u001b[32m'body'\u001b[39m))\u001b[33m.\u001b[39mtoBeVisible()\u001b[33m;\u001b[39m\n \u001b[90m    |\u001b[39m                                                    \u001b[31m\u001b[1m^\u001b[22m\u001b[39m\n \u001b[90m 69 |\u001b[39m                 \u001b[36mawait\u001b[39m expect(page\u001b[33m.\u001b[39mlocator(\u001b[32m'main'\u001b[39m)\u001b[33m.\u001b[39mfirst())\u001b[33m.\u001b[39mtoBeVisible()\u001b[33m;\u001b[39m\n \u001b[90m 70 |\u001b[39m\n \u001b[90m 71 |\u001b[39m                 \u001b[36mconst\u001b[39m overflow \u001b[33m=\u001b[39m \u001b[36mawait\u001b[39m page\u001b[33m.\u001b[39mevaluate(() \u001b[33m=>\u001b[39m document\u001b[33m.\u001b[39mdocumentElement\u001b[33m.\u001b[39mscrollWidth \u001b[33m-\u001b[39m window\u001b[33m.\u001b[39minnerWidth)\u001b[33m;\u001b[39m\u001b[0m"
                      },
                      "errors": [
                        {
                          "location": {
                            "file": "F:\\CampusWay\\frontend\\e2e\\admin-responsive-all.spec.ts",
                            "column": 52,
                            "line": 68
                          },
                          "message": "Error: \u001b[2mexpect(\u001b[22m\u001b[31mlocator\u001b[39m\u001b[2m).\u001b[22mtoBeVisible\u001b[2m(\u001b[22m\u001b[2m)\u001b[22m failed\n\nLocator:  locator('body')\nExpected: visible\nReceived: hidden\nTimeout:  5000ms\n\nCall log:\n\u001b[2m  - Expect \"toBeVisible\" with timeout 5000ms\u001b[22m\n\u001b[2m  - waiting for locator('body')\u001b[22m\n\u001b[2m    8 × locator resolved to <body class=\"antialiased\">…</body>\u001b[22m\n\u001b[2m      - unexpected value \"hidden\"\u001b[22m\n\n\n  66 |             for (const route of routes) {\n  67 |                 await page.goto(route);\n> 68 |                 await expect(page.locator('body')).toBeVisible();\n     |                                                    ^\n  69 |                 await expect(page.locator('main').first()).toBeVisible();\n  70 |\n  71 |                 const overflow = await page.evaluate(() => document.documentElement.scrollWidth - window.innerWidth);\n    at F:\\CampusWay\\frontend\\e2e\\admin-responsive-all.spec.ts:68:52"
                        }
                      ],
                      "stdout": [],
                      "stderr": [],
                      "retry": 0,
                      "startTime": "2026-03-10T16:29:54.539Z",
                      "annotations": [],
                      "attachments": [
                        {
                          "name": "screenshot",
                          "contentType": "image/png",
                          "path": "F:\\CampusWay\\frontend\\test-results\\admin-responsive-all-Admin-e47e7-s-are-responsive-at-390x844-chromium-desktop\\test-failed-1.png"
                        },
                        {
                          "name": "video",
                          "contentType": "video/webm",
                          "path": "F:\\CampusWay\\frontend\\test-results\\admin-responsive-all-Admin-e47e7-s-are-responsive-at-390x844-chromium-desktop\\video.webm"
                        }
                      ],
                      "errorLocation": {
                        "file": "F:\\CampusWay\\frontend\\e2e\\admin-responsive-all.spec.ts",
                        "column": 52,
                        "line": 68
                      }
                    }
                  ],
                  "status": "unexpected"
                }
              ],
              "id": "04b6e59024c692938a29-900e7fc7570951880dea",
              "file": "admin-responsive-all.spec.ts",
              "line": 43,
              "column": 9
            },
            {
              "title": "routes are responsive at 768x1024",
              "ok": false,
              "tags": [],
              "tests": [
                {
                  "timeout": 60000,
                  "annotations": [],
                  "expectedStatus": "passed",
                  "projectId": "chromium-desktop",
                  "projectName": "chromium-desktop",
                  "results": [
                    {
                      "workerIndex": 2,
                      "parallelIndex": 0,
                      "status": "failed",
                      "duration": 0,
                      "error": {
                        "message": "Error: worker process exited unexpectedly (code=3221226505, signal=null)"
                      },
                      "errors": [
                        {
                          "message": "Error: worker process exited unexpectedly (code=3221226505, signal=null)"
                        }
                      ],
                      "stdout": [],
                      "stderr": [],
                      "retry": 0,
                      "startTime": "2026-03-10T16:30:17.579Z",
                      "annotations": [],
                      "attachments": []
                    }
                  ],
                  "status": "unexpected"
                }
              ],
              "id": "04b6e59024c692938a29-ec5e10b26446e8d6ddb2",
              "file": "admin-responsive-all.spec.ts",
              "line": 43,
              "column": 9
            },
            {
              "title": "routes are responsive at 1024x768",
              "ok": false,
              "tags": [],
              "tests": [
                {
                  "timeout": 60000,
                  "annotations": [],
                  "expectedStatus": "passed",
                  "projectId": "chromium-desktop",
                  "projectName": "chromium-desktop",
                  "results": [
                    {
                      "workerIndex": 3,
                      "parallelIndex": 0,
                      "status": "failed",
                      "duration": 54463,
                      "error": {
                        "message": "Error: Admin login failed: unable to reach /__cw_admin__/dashboard",
                        "stack": "Error: Admin login failed: unable to reach /__cw_admin__/dashboard\n    at loginAsAdmin (F:\\CampusWay\\frontend\\e2e\\helpers.ts:123:23)\n    at F:\\CampusWay\\frontend\\e2e\\admin-responsive-all.spec.ts:39:9",
                        "location": {
                          "file": "F:\\CampusWay\\frontend\\e2e\\helpers.ts",
                          "column": 23,
                          "line": 123
                        },
                        "snippet": "\u001b[90m   at \u001b[39mhelpers.ts:123\n\n\u001b[0m \u001b[90m 121 |\u001b[39m             }\n \u001b[90m 122 |\u001b[39m             \u001b[36mif\u001b[39m (i \u001b[33m===\u001b[39m attempts\u001b[33m.\u001b[39mlength \u001b[33m-\u001b[39m \u001b[35m1\u001b[39m) {\n\u001b[31m\u001b[1m>\u001b[22m\u001b[39m\u001b[90m 123 |\u001b[39m                 \u001b[36mthrow\u001b[39m \u001b[36mnew\u001b[39m \u001b[33mError\u001b[39m(\u001b[32m'Admin login failed: unable to reach /__cw_admin__/dashboard'\u001b[39m)\u001b[33m;\u001b[39m\n \u001b[90m     |\u001b[39m                       \u001b[31m\u001b[1m^\u001b[22m\u001b[39m\n \u001b[90m 124 |\u001b[39m             }\n \u001b[90m 125 |\u001b[39m         }\n \u001b[90m 126 |\u001b[39m     }\u001b[0m"
                      },
                      "errors": [
                        {
                          "location": {
                            "file": "F:\\CampusWay\\frontend\\e2e\\helpers.ts",
                            "column": 23,
                            "line": 123
                          },
                          "message": "Error: Admin login failed: unable to reach /__cw_admin__/dashboard\n\n   at helpers.ts:123\n\n  121 |             }\n  122 |             if (i === attempts.length - 1) {\n> 123 |                 throw new Error('Admin login failed: unable to reach /__cw_admin__/dashboard');\n      |                       ^\n  124 |             }\n  125 |         }\n  126 |     }\n    at loginAsAdmin (F:\\CampusWay\\frontend\\e2e\\helpers.ts:123:23)\n    at F:\\CampusWay\\frontend\\e2e\\admin-responsive-all.spec.ts:39:9"
                        }
                      ],
                      "stdout": [],
                      "stderr": [],
                      "retry": 0,
                      "startTime": "2026-03-10T16:30:34.000Z",
                      "annotations": [],
                      "attachments": [
                        {
                          "name": "screenshot",
                          "contentType": "image/png",
                          "path": "F:\\CampusWay\\frontend\\test-results\\admin-responsive-all-Admin-e9483--are-responsive-at-1024x768-chromium-desktop\\test-failed-1.png"
                        },
                        {
                          "name": "video",
                          "contentType": "video/webm",
                          "path": "F:\\CampusWay\\frontend\\test-results\\admin-responsive-all-Admin-e9483--are-responsive-at-1024x768-chromium-desktop\\video.webm"
                        },
                        {
                          "name": "error-context",
                          "contentType": "text/markdown",
                          "path": "F:\\CampusWay\\frontend\\test-results\\admin-responsive-all-Admin-e9483--are-responsive-at-1024x768-chromium-desktop\\error-context.md"
                        }
                      ],
                      "errorLocation": {
                        "file": "F:\\CampusWay\\frontend\\e2e\\helpers.ts",
                        "column": 23,
                        "line": 123
                      }
                    }
                  ],
                  "status": "unexpected"
                }
              ],
              "id": "04b6e59024c692938a29-4801eca74b250c1f18b0",
              "file": "admin-responsive-all.spec.ts",
              "line": 43,
              "column": 9
            },
            {
              "title": "routes are responsive at 1440x900",
              "ok": false,
              "tags": [],
              "tests": [
                {
                  "timeout": 60000,
                  "annotations": [],
                  "expectedStatus": "passed",
                  "projectId": "chromium-desktop",
                  "projectName": "chromium-desktop",
                  "results": [
                    {
                      "workerIndex": 4,
                      "parallelIndex": 0,
                      "status": "failed",
                      "duration": 54600,
                      "error": {
                        "message": "Error: Admin login failed: unable to reach /__cw_admin__/dashboard",
                        "stack": "Error: Admin login failed: unable to reach /__cw_admin__/dashboard\n    at loginAsAdmin (F:\\CampusWay\\frontend\\e2e\\helpers.ts:123:23)\n    at F:\\CampusWay\\frontend\\e2e\\admin-responsive-all.spec.ts:39:9",
                        "location": {
                          "file": "F:\\CampusWay\\frontend\\e2e\\helpers.ts",
                          "column": 23,
                          "line": 123
                        },
                        "snippet": "\u001b[90m   at \u001b[39mhelpers.ts:123\n\n\u001b[0m \u001b[90m 121 |\u001b[39m             }\n \u001b[90m 122 |\u001b[39m             \u001b[36mif\u001b[39m (i \u001b[33m===\u001b[39m attempts\u001b[33m.\u001b[39mlength \u001b[33m-\u001b[39m \u001b[35m1\u001b[39m) {\n\u001b[31m\u001b[1m>\u001b[22m\u001b[39m\u001b[90m 123 |\u001b[39m                 \u001b[36mthrow\u001b[39m \u001b[36mnew\u001b[39m \u001b[33mError\u001b[39m(\u001b[32m'Admin login failed: unable to reach /__cw_admin__/dashboard'\u001b[39m)\u001b[33m;\u001b[39m\n \u001b[90m     |\u001b[39m                       \u001b[31m\u001b[1m^\u001b[22m\u001b[39m\n \u001b[90m 124 |\u001b[39m             }\n \u001b[90m 125 |\u001b[39m         }\n \u001b[90m 126 |\u001b[39m     }\u001b[0m"
                      },
                      "errors": [
                        {
                          "location": {
                            "file": "F:\\CampusWay\\frontend\\e2e\\helpers.ts",
                            "column": 23,
                            "line": 123
                          },
                          "message": "Error: Admin login failed: unable to reach /__cw_admin__/dashboard\n\n   at helpers.ts:123\n\n  121 |             }\n  122 |             if (i === attempts.length - 1) {\n> 123 |                 throw new Error('Admin login failed: unable to reach /__cw_admin__/dashboard');\n      |                       ^\n  124 |             }\n  125 |         }\n  126 |     }\n    at loginAsAdmin (F:\\CampusWay\\frontend\\e2e\\helpers.ts:123:23)\n    at F:\\CampusWay\\frontend\\e2e\\admin-responsive-all.spec.ts:39:9"
                        }
                      ],
                      "stdout": [],
                      "stderr": [],
                      "retry": 0,
                      "startTime": "2026-03-10T16:31:30.371Z",
                      "annotations": [],
                      "attachments": [
                        {
                          "name": "screenshot",
                          "contentType": "image/png",
                          "path": "F:\\CampusWay\\frontend\\test-results\\admin-responsive-all-Admin-f36f8--are-responsive-at-1440x900-chromium-desktop\\test-failed-1.png"
                        },
                        {
                          "name": "video",
                          "contentType": "video/webm",
                          "path": "F:\\CampusWay\\frontend\\test-results\\admin-responsive-all-Admin-f36f8--are-responsive-at-1440x900-chromium-desktop\\video.webm"
                        },
                        {
                          "name": "error-context",
                          "contentType": "text/markdown",
                          "path": "F:\\CampusWay\\frontend\\test-results\\admin-responsive-all-Admin-f36f8--are-responsive-at-1440x900-chromium-desktop\\error-context.md"
                        }
                      ],
                      "errorLocation": {
                        "file": "F:\\CampusWay\\frontend\\e2e\\helpers.ts",
                        "column": 23,
                        "line": 123
                      }
                    }
                  ],
                  "status": "unexpected"
                }
              ],
              "id": "04b6e59024c692938a29-6b0bbef183dba2f9269b",
              "file": "admin-responsive-all.spec.ts",
              "line": 43,
              "column": 9
            }
          ]
        }
      ]
    },
    {
      "title": "admin-smoke.spec.ts",
      "file": "admin-smoke.spec.ts",
      "column": 0,
      "line": 0,
      "specs": [],
      "suites": [
        {
          "title": "Admin Smoke",
          "file": "admin-smoke.spec.ts",
          "line": 4,
          "column": 6,
          "specs": [
            {
              "title": "admin can login and navigate key tabs",
              "ok": false,
              "tags": [],
              "tests": [
                {
                  "timeout": 60000,
                  "annotations": [],
                  "expectedStatus": "passed",
                  "projectId": "chromium-desktop",
                  "projectName": "chromium-desktop",
                  "results": [
                    {
                      "workerIndex": 5,
                      "parallelIndex": 0,
                      "status": "failed",
                      "duration": 54604,
                      "error": {
                        "message": "Error: Admin login failed: unable to reach /__cw_admin__/dashboard",
                        "stack": "Error: Admin login failed: unable to reach /__cw_admin__/dashboard\n    at loginAsAdmin (F:\\CampusWay\\frontend\\e2e\\helpers.ts:123:23)\n    at F:\\CampusWay\\frontend\\e2e\\admin-smoke.spec.ts:7:9",
                        "location": {
                          "file": "F:\\CampusWay\\frontend\\e2e\\helpers.ts",
                          "column": 23,
                          "line": 123
                        },
                        "snippet": "\u001b[90m   at \u001b[39mhelpers.ts:123\n\n\u001b[0m \u001b[90m 121 |\u001b[39m             }\n \u001b[90m 122 |\u001b[39m             \u001b[36mif\u001b[39m (i \u001b[33m===\u001b[39m attempts\u001b[33m.\u001b[39mlength \u001b[33m-\u001b[39m \u001b[35m1\u001b[39m) {\n\u001b[31m\u001b[1m>\u001b[22m\u001b[39m\u001b[90m 123 |\u001b[39m                 \u001b[36mthrow\u001b[39m \u001b[36mnew\u001b[39m \u001b[33mError\u001b[39m(\u001b[32m'Admin login failed: unable to reach /__cw_admin__/dashboard'\u001b[39m)\u001b[33m;\u001b[39m\n \u001b[90m     |\u001b[39m                       \u001b[31m\u001b[1m^\u001b[22m\u001b[39m\n \u001b[90m 124 |\u001b[39m             }\n \u001b[90m 125 |\u001b[39m         }\n \u001b[90m 126 |\u001b[39m     }\u001b[0m"
                      },
                      "errors": [
                        {
                          "location": {
                            "file": "F:\\CampusWay\\frontend\\e2e\\helpers.ts",
                            "column": 23,
                            "line": 123
                          },
                          "message": "Error: Admin login failed: unable to reach /__cw_admin__/dashboard\n\n   at helpers.ts:123\n\n  121 |             }\n  122 |             if (i === attempts.length - 1) {\n> 123 |                 throw new Error('Admin login failed: unable to reach /__cw_admin__/dashboard');\n      |                       ^\n  124 |             }\n  125 |         }\n  126 |     }\n    at loginAsAdmin (F:\\CampusWay\\frontend\\e2e\\helpers.ts:123:23)\n    at F:\\CampusWay\\frontend\\e2e\\admin-smoke.spec.ts:7:9"
                        }
                      ],
                      "stdout": [],
                      "stderr": [],
                      "retry": 0,
                      "startTime": "2026-03-10T16:32:26.863Z",
                      "annotations": [],
                      "attachments": [
                        {
                          "name": "screenshot",
                          "contentType": "image/png",
                          "path": "F:\\CampusWay\\frontend\\test-results\\admin-smoke-Admin-Smoke-ad-0749d-login-and-navigate-key-tabs-chromium-desktop\\test-failed-1.png"
                        },
                        {
                          "name": "video",
                          "contentType": "video/webm",
                          "path": "F:\\CampusWay\\frontend\\test-results\\admin-smoke-Admin-Smoke-ad-0749d-login-and-navigate-key-tabs-chromium-desktop\\video.webm"
                        },
                        {
                          "name": "error-context",
                          "contentType": "text/markdown",
                          "path": "F:\\CampusWay\\frontend\\test-results\\admin-smoke-Admin-Smoke-ad-0749d-login-and-navigate-key-tabs-chromium-desktop\\error-context.md"
                        }
                      ],
                      "errorLocation": {
                        "file": "F:\\CampusWay\\frontend\\e2e\\helpers.ts",
                        "column": 23,
                        "line": 123
                      }
                    }
                  ],
                  "status": "unexpected"
                }
              ],
              "id": "3e1ae038a429e6569c19-ba71816f92e6d4f01c5e",
              "file": "admin-smoke.spec.ts",
              "line": 5,
              "column": 5
            }
          ]
        }
      ]
    },
    {
      "title": "finance-support-critical.spec.ts",
      "file": "finance-support-critical.spec.ts",
      "column": 0,
      "line": 0,
      "specs": [],
      "suites": [
        {
          "title": "Finance + Support Critical Flows",
          "file": "finance-support-critical.spec.ts",
          "line": 23,
          "column": 6,
          "specs": [
            {
              "title": "admin creates student account and assigns subscription plan",
              "ok": false,
              "tags": [],
              "tests": [
                {
                  "timeout": 60000,
                  "annotations": [],
                  "expectedStatus": "passed",
                  "projectId": "chromium-desktop",
                  "projectName": "chromium-desktop",
                  "results": [
                    {
                      "workerIndex": 6,
                      "parallelIndex": 0,
                      "status": "failed",
                      "duration": 0,
                      "error": {
                        "message": "TimeoutError: apiRequestContext.post: Timeout 15000ms exceeded.\nCall log:\n\u001b[2m  - → POST http://127.0.0.1:5283/api/auth/login\u001b[22m\n\u001b[2m    - user-agent: Mozilla/5.0 (Windows NT 10.0; Win64; x64) AppleWebKit/537.36 (KHTML, like Gecko) Chrome/145.0.7632.6 Safari/537.36\u001b[22m\n\u001b[2m    - accept: */*\u001b[22m\n\u001b[2m    - accept-encoding: gzip,deflate,br\u001b[22m\n\u001b[2m    - content-type: application/json\u001b[22m\n\u001b[2m    - content-length: 79\u001b[22m\n",
                        "stack": "TimeoutError: apiRequestContext.post: Timeout 15000ms exceeded.\nCall log:\n\u001b[2m  - → POST http://127.0.0.1:5283/api/auth/login\u001b[22m\n\u001b[2m    - user-agent: Mozilla/5.0 (Windows NT 10.0; Win64; x64) AppleWebKit/537.36 (KHTML, like Gecko) Chrome/145.0.7632.6 Safari/537.36\u001b[22m\n\u001b[2m    - accept: */*\u001b[22m\n\u001b[2m    - accept-encoding: gzip,deflate,br\u001b[22m\n\u001b[2m    - content-type: application/json\u001b[22m\n\u001b[2m    - content-length: 79\u001b[22m\n\n    at apiLoginWithFallback (F:\\CampusWay\\frontend\\e2e\\finance-support-critical.spec.ts:291:40)\n    at F:\\CampusWay\\frontend\\e2e\\finance-support-critical.spec.ts:39:35",
                        "location": {
                          "file": "F:\\CampusWay\\frontend\\e2e\\finance-support-critical.spec.ts",
                          "column": 40,
                          "line": 291
                        },
                        "snippet": "\u001b[0m \u001b[90m 289 |\u001b[39m\n \u001b[90m 290 |\u001b[39m     \u001b[36mfor\u001b[39m (\u001b[36mconst\u001b[39m creds \u001b[36mof\u001b[39m candidates) {\n\u001b[31m\u001b[1m>\u001b[22m\u001b[39m\u001b[90m 291 |\u001b[39m         \u001b[36mconst\u001b[39m response \u001b[33m=\u001b[39m \u001b[36mawait\u001b[39m request\u001b[33m.\u001b[39mpost(\u001b[32m'/api/auth/login'\u001b[39m\u001b[33m,\u001b[39m {\n \u001b[90m     |\u001b[39m                                        \u001b[31m\u001b[1m^\u001b[22m\u001b[39m\n \u001b[90m 292 |\u001b[39m             data\u001b[33m:\u001b[39m { identifier\u001b[33m:\u001b[39m creds\u001b[33m.\u001b[39memail\u001b[33m,\u001b[39m password\u001b[33m:\u001b[39m creds\u001b[33m.\u001b[39mpassword }\u001b[33m,\u001b[39m\n \u001b[90m 293 |\u001b[39m         })\u001b[33m;\u001b[39m\n \u001b[90m 294 |\u001b[39m         lastStatus \u001b[33m=\u001b[39m response\u001b[33m.\u001b[39mstatus()\u001b[33m;\u001b[39m\u001b[0m"
                      },
                      "errors": [
                        {
                          "location": {
                            "file": "F:\\CampusWay\\frontend\\e2e\\finance-support-critical.spec.ts",
                            "column": 40,
                            "line": 291
                          },
                          "message": "TimeoutError: apiRequestContext.post: Timeout 15000ms exceeded.\nCall log:\n\u001b[2m  - → POST http://127.0.0.1:5283/api/auth/login\u001b[22m\n\u001b[2m    - user-agent: Mozilla/5.0 (Windows NT 10.0; Win64; x64) AppleWebKit/537.36 (KHTML, like Gecko) Chrome/145.0.7632.6 Safari/537.36\u001b[22m\n\u001b[2m    - accept: */*\u001b[22m\n\u001b[2m    - accept-encoding: gzip,deflate,br\u001b[22m\n\u001b[2m    - content-type: application/json\u001b[22m\n\u001b[2m    - content-length: 79\u001b[22m\n\n\n  289 |\n  290 |     for (const creds of candidates) {\n> 291 |         const response = await request.post('/api/auth/login', {\n      |                                        ^\n  292 |             data: { identifier: creds.email, password: creds.password },\n  293 |         });\n  294 |         lastStatus = response.status();\n    at apiLoginWithFallback (F:\\CampusWay\\frontend\\e2e\\finance-support-critical.spec.ts:291:40)\n    at F:\\CampusWay\\frontend\\e2e\\finance-support-critical.spec.ts:39:35"
                        }
                      ],
                      "stdout": [],
                      "stderr": [],
                      "retry": 0,
                      "startTime": "2026-03-10T16:33:23.316Z",
                      "annotations": [],
                      "attachments": [],
                      "errorLocation": {
                        "file": "F:\\CampusWay\\frontend\\e2e\\finance-support-critical.spec.ts",
                        "column": 40,
                        "line": 291
                      }
                    }
                  ],
                  "status": "unexpected"
                }
              ],
              "id": "640a65ea92a70c674037-4bf1dc6e3568dcc427dd",
              "file": "finance-support-critical.spec.ts",
              "line": 50,
              "column": 5
            },
            {
              "title": "superadmin password reveal requires MFA + reason",
              "ok": true,
              "tags": [],
              "tests": [
                {
                  "timeout": 60000,
                  "annotations": [],
                  "expectedStatus": "passed",
                  "projectId": "chromium-desktop",
                  "projectName": "chromium-desktop",
                  "results": [
                    {
                      "workerIndex": -1,
                      "parallelIndex": -1,
                      "status": "skipped",
                      "duration": 0,
                      "errors": [],
                      "stdout": [],
                      "stderr": [],
                      "retry": 0,
                      "startTime": "2026-03-10T16:33:38.447Z",
                      "annotations": [],
                      "attachments": []
                    }
                  ],
                  "status": "skipped"
                }
              ],
              "id": "640a65ea92a70c674037-7a681e2c8190d0bee6e5",
              "file": "finance-support-critical.spec.ts",
              "line": 98,
              "column": 5
            },
            {
              "title": "manual payment and expense entries are accepted",
              "ok": true,
              "tags": [],
              "tests": [
                {
                  "timeout": 60000,
                  "annotations": [],
                  "expectedStatus": "passed",
                  "projectId": "chromium-desktop",
                  "projectName": "chromium-desktop",
                  "results": [
                    {
                      "workerIndex": -1,
                      "parallelIndex": -1,
                      "status": "skipped",
                      "duration": 0,
                      "errors": [],
                      "stdout": [],
                      "stderr": [],
                      "retry": 0,
                      "startTime": "2026-03-10T16:33:38.447Z",
                      "annotations": [],
                      "attachments": []
                    }
                  ],
                  "status": "skipped"
                }
              ],
              "id": "640a65ea92a70c674037-45b80f45be0194c93f73",
              "file": "finance-support-critical.spec.ts",
              "line": 143,
              "column": 5
            },
            {
              "title": "due ledger update and reminder flow works",
              "ok": true,
              "tags": [],
              "tests": [
                {
                  "timeout": 60000,
                  "annotations": [],
                  "expectedStatus": "passed",
                  "projectId": "chromium-desktop",
                  "projectName": "chromium-desktop",
                  "results": [
                    {
                      "workerIndex": -1,
                      "parallelIndex": -1,
                      "status": "skipped",
                      "duration": 0,
                      "errors": [],
                      "stdout": [],
                      "stderr": [],
                      "retry": 0,
                      "startTime": "2026-03-10T16:33:38.447Z",
                      "annotations": [],
                      "attachments": []
                    }
                  ],
                  "status": "skipped"
                }
              ],
              "id": "640a65ea92a70c674037-c4b8ef2ae44679ca0d1e",
              "file": "finance-support-critical.spec.ts",
              "line": 190,
              "column": 5
            },
            {
              "title": "student can create support ticket and admin can update it",
              "ok": true,
              "tags": [],
              "tests": [
                {
                  "timeout": 60000,
                  "annotations": [],
                  "expectedStatus": "passed",
                  "projectId": "chromium-desktop",
                  "projectName": "chromium-desktop",
                  "results": [
                    {
                      "workerIndex": -1,
                      "parallelIndex": -1,
                      "status": "skipped",
                      "duration": 0,
                      "errors": [],
                      "stdout": [],
                      "stderr": [],
                      "retry": 0,
                      "startTime": "2026-03-10T16:33:38.447Z",
                      "annotations": [],
                      "attachments": []
                    }
                  ],
                  "status": "skipped"
                }
              ],
              "id": "640a65ea92a70c674037-bbfdd03275e5c32d4734",
              "file": "finance-support-critical.spec.ts",
              "line": 216,
              "column": 5
            },
            {
              "title": "backup run is successful and restore guard requires typed confirmation",
              "ok": true,
              "tags": [],
              "tests": [
                {
                  "timeout": 60000,
                  "annotations": [],
                  "expectedStatus": "passed",
                  "projectId": "chromium-desktop",
                  "projectName": "chromium-desktop",
                  "results": [
                    {
                      "workerIndex": -1,
                      "parallelIndex": -1,
                      "status": "skipped",
                      "duration": 0,
                      "errors": [],
                      "stdout": [],
                      "stderr": [],
                      "retry": 0,
                      "startTime": "2026-03-10T16:33:38.447Z",
                      "annotations": [],
                      "attachments": []
                    }
                  ],
                  "status": "skipped"
                }
              ],
              "id": "640a65ea92a70c674037-c446dcd95770d1d7e483",
              "file": "finance-support-critical.spec.ts",
              "line": 255,
              "column": 5
            }
          ]
        }
      ]
    },
    {
      "title": "import-export-bulk.spec.ts",
      "file": "import-export-bulk.spec.ts",
      "column": 0,
      "line": 0,
      "specs": [],
      "suites": [
        {
          "title": "Import / Export / Bulk Verification",
          "file": "import-export-bulk.spec.ts",
          "line": 29,
          "column": 6,
          "specs": [
            {
              "title": "major import templates and export endpoints respond successfully",
              "ok": false,
              "tags": [],
              "tests": [
                {
                  "timeout": 60000,
                  "annotations": [],
                  "expectedStatus": "passed",
                  "projectId": "chromium-desktop",
                  "projectName": "chromium-desktop",
                  "results": [
                    {
                      "workerIndex": 7,
                      "parallelIndex": 0,
                      "status": "failed",
                      "duration": 0,
                      "error": {
                        "message": "TimeoutError: apiRequestContext.post: Timeout 15000ms exceeded.\nCall log:\n\u001b[2m  - → POST http://127.0.0.1:5283/api/auth/login\u001b[22m\n\u001b[2m    - user-agent: Mozilla/5.0 (Windows NT 10.0; Win64; x64) AppleWebKit/537.36 (KHTML, like Gecko) Chrome/145.0.7632.6 Safari/537.36\u001b[22m\n\u001b[2m    - accept: */*\u001b[22m\n\u001b[2m    - accept-encoding: gzip,deflate,br\u001b[22m\n\u001b[2m    - content-type: application/json\u001b[22m\n\u001b[2m    - content-length: 79\u001b[22m\n",
                        "stack": "TimeoutError: apiRequestContext.post: Timeout 15000ms exceeded.\nCall log:\n\u001b[2m  - → POST http://127.0.0.1:5283/api/auth/login\u001b[22m\n\u001b[2m    - user-agent: Mozilla/5.0 (Windows NT 10.0; Win64; x64) AppleWebKit/537.36 (KHTML, like Gecko) Chrome/145.0.7632.6 Safari/537.36\u001b[22m\n\u001b[2m    - accept: */*\u001b[22m\n\u001b[2m    - accept-encoding: gzip,deflate,br\u001b[22m\n\u001b[2m    - content-type: application/json\u001b[22m\n\u001b[2m    - content-length: 79\u001b[22m\n\n    at apiLogin (F:\\CampusWay\\frontend\\e2e\\import-export-bulk.spec.ts:16:36)\n    at F:\\CampusWay\\frontend\\e2e\\import-export-bulk.spec.ts:36:29",
                        "location": {
                          "file": "F:\\CampusWay\\frontend\\e2e\\import-export-bulk.spec.ts",
                          "column": 36,
                          "line": 16
                        },
                        "snippet": "\u001b[0m \u001b[90m 14 |\u001b[39m     password\u001b[33m:\u001b[39m string\u001b[33m,\u001b[39m\n \u001b[90m 15 |\u001b[39m )\u001b[33m:\u001b[39m \u001b[33mPromise\u001b[39m\u001b[33m<\u001b[39m\u001b[33mLoginResult\u001b[39m\u001b[33m>\u001b[39m {\n\u001b[31m\u001b[1m>\u001b[22m\u001b[39m\u001b[90m 16 |\u001b[39m     \u001b[36mconst\u001b[39m response \u001b[33m=\u001b[39m \u001b[36mawait\u001b[39m request\u001b[33m.\u001b[39mpost(\u001b[32m'/api/auth/login'\u001b[39m\u001b[33m,\u001b[39m {\n \u001b[90m    |\u001b[39m                                    \u001b[31m\u001b[1m^\u001b[22m\u001b[39m\n \u001b[90m 17 |\u001b[39m         data\u001b[33m:\u001b[39m { identifier\u001b[33m,\u001b[39m password }\u001b[33m,\u001b[39m\n \u001b[90m 18 |\u001b[39m     })\u001b[33m;\u001b[39m\n \u001b[90m 19 |\u001b[39m     expect(response\u001b[33m.\u001b[39mstatus()\u001b[33m,\u001b[39m \u001b[32m`Login failed for ${identifier}`\u001b[39m)\u001b[33m.\u001b[39mtoBe(\u001b[35m200\u001b[39m)\u001b[33m;\u001b[39m\u001b[0m"
                      },
                      "errors": [
                        {
                          "location": {
                            "file": "F:\\CampusWay\\frontend\\e2e\\import-export-bulk.spec.ts",
                            "column": 36,
                            "line": 16
                          },
                          "message": "TimeoutError: apiRequestContext.post: Timeout 15000ms exceeded.\nCall log:\n\u001b[2m  - → POST http://127.0.0.1:5283/api/auth/login\u001b[22m\n\u001b[2m    - user-agent: Mozilla/5.0 (Windows NT 10.0; Win64; x64) AppleWebKit/537.36 (KHTML, like Gecko) Chrome/145.0.7632.6 Safari/537.36\u001b[22m\n\u001b[2m    - accept: */*\u001b[22m\n\u001b[2m    - accept-encoding: gzip,deflate,br\u001b[22m\n\u001b[2m    - content-type: application/json\u001b[22m\n\u001b[2m    - content-length: 79\u001b[22m\n\n\n  14 |     password: string,\n  15 | ): Promise<LoginResult> {\n> 16 |     const response = await request.post('/api/auth/login', {\n     |                                    ^\n  17 |         data: { identifier, password },\n  18 |     });\n  19 |     expect(response.status(), `Login failed for ${identifier}`).toBe(200);\n    at apiLogin (F:\\CampusWay\\frontend\\e2e\\import-export-bulk.spec.ts:16:36)\n    at F:\\CampusWay\\frontend\\e2e\\import-export-bulk.spec.ts:36:29"
                        }
                      ],
                      "stdout": [],
                      "stderr": [],
                      "retry": 0,
                      "startTime": "2026-03-10T16:33:40.061Z",
                      "annotations": [],
                      "attachments": [],
                      "errorLocation": {
                        "file": "F:\\CampusWay\\frontend\\e2e\\import-export-bulk.spec.ts",
                        "column": 36,
                        "line": 16
                      }
                    }
                  ],
                  "status": "unexpected"
                }
              ],
              "id": "9769b0d2bce288b4ac11-5dad250e1f50c2183606",
              "file": "import-export-bulk.spec.ts",
              "line": 52,
              "column": 5
            },
            {
              "title": "bulk update changes university state and persists",
              "ok": true,
              "tags": [],
              "tests": [
                {
                  "timeout": 60000,
                  "annotations": [],
                  "expectedStatus": "passed",
                  "projectId": "chromium-desktop",
                  "projectName": "chromium-desktop",
                  "results": [
                    {
                      "workerIndex": -1,
                      "parallelIndex": -1,
                      "status": "skipped",
                      "duration": 0,
                      "errors": [],
                      "stdout": [],
                      "stderr": [],
                      "retry": 0,
                      "startTime": "2026-03-10T16:33:55.178Z",
                      "annotations": [],
                      "attachments": []
                    }
                  ],
                  "status": "skipped"
                }
              ],
              "id": "9769b0d2bce288b4ac11-bec7dae14c793188b58e",
              "file": "import-export-bulk.spec.ts",
              "line": 86,
              "column": 5
            },
            {
              "title": "question-bank import preview endpoint accepts file payload and returns non-crashing response",
              "ok": true,
              "tags": [],
              "tests": [
                {
                  "timeout": 60000,
                  "annotations": [],
                  "expectedStatus": "passed",
                  "projectId": "chromium-desktop",
                  "projectName": "chromium-desktop",
                  "results": [
                    {
                      "workerIndex": -1,
                      "parallelIndex": -1,
                      "status": "skipped",
                      "duration": 0,
                      "errors": [],
                      "stdout": [],
                      "stderr": [],
                      "retry": 0,
                      "startTime": "2026-03-10T16:33:55.178Z",
                      "annotations": [],
                      "attachments": []
                    }
                  ],
                  "status": "skipped"
                }
              ],
              "id": "9769b0d2bce288b4ac11-bdedc36be02eb59e491e",
              "file": "import-export-bulk.spec.ts",
              "line": 127,
              "column": 5
            },
            {
              "title": "question-bank bulk tag update works for an existing item",
              "ok": true,
              "tags": [],
              "tests": [
                {
                  "timeout": 60000,
                  "annotations": [],
                  "expectedStatus": "passed",
                  "projectId": "chromium-desktop",
                  "projectName": "chromium-desktop",
                  "results": [
                    {
                      "workerIndex": -1,
                      "parallelIndex": -1,
                      "status": "skipped",
                      "duration": 0,
                      "errors": [],
                      "stdout": [],
                      "stderr": [],
                      "retry": 0,
                      "startTime": "2026-03-10T16:33:55.178Z",
                      "annotations": [],
                      "attachments": []
                    }
                  ],
                  "status": "skipped"
                }
              ],
              "id": "9769b0d2bce288b4ac11-f4f908c456d4c753680c",
              "file": "import-export-bulk.spec.ts",
              "line": 149,
              "column": 5
            }
          ]
        }
      ]
    },
    {
      "title": "news-admin-routes.spec.ts",
      "file": "news-admin-routes.spec.ts",
      "column": 0,
      "line": 0,
      "specs": [],
      "suites": [
        {
          "title": "News admin routes",
          "file": "news-admin-routes.spec.ts",
          "line": 4,
          "column": 6,
          "specs": [
            {
              "title": "canonical /__cw_admin__/news routes resolve without runtime failures",
              "ok": false,
              "tags": [],
              "tests": [
                {
                  "timeout": 60000,
                  "annotations": [],
                  "expectedStatus": "passed",
                  "projectId": "chromium-desktop",
                  "projectName": "chromium-desktop",
                  "results": [
                    {
                      "workerIndex": 8,
                      "parallelIndex": 0,
                      "status": "failed",
                      "duration": 54768,
                      "error": {
                        "message": "Error: Admin login failed: unable to reach /__cw_admin__/dashboard",
                        "stack": "Error: Admin login failed: unable to reach /__cw_admin__/dashboard\n    at loginAsAdmin (F:\\CampusWay\\frontend\\e2e\\helpers.ts:123:23)\n    at F:\\CampusWay\\frontend\\e2e\\news-admin-routes.spec.ts:7:9",
                        "location": {
                          "file": "F:\\CampusWay\\frontend\\e2e\\helpers.ts",
                          "column": 23,
                          "line": 123
                        },
                        "snippet": "\u001b[90m   at \u001b[39mhelpers.ts:123\n\n\u001b[0m \u001b[90m 121 |\u001b[39m             }\n \u001b[90m 122 |\u001b[39m             \u001b[36mif\u001b[39m (i \u001b[33m===\u001b[39m attempts\u001b[33m.\u001b[39mlength \u001b[33m-\u001b[39m \u001b[35m1\u001b[39m) {\n\u001b[31m\u001b[1m>\u001b[22m\u001b[39m\u001b[90m 123 |\u001b[39m                 \u001b[36mthrow\u001b[39m \u001b[36mnew\u001b[39m \u001b[33mError\u001b[39m(\u001b[32m'Admin login failed: unable to reach /__cw_admin__/dashboard'\u001b[39m)\u001b[33m;\u001b[39m\n \u001b[90m     |\u001b[39m                       \u001b[31m\u001b[1m^\u001b[22m\u001b[39m\n \u001b[90m 124 |\u001b[39m             }\n \u001b[90m 125 |\u001b[39m         }\n \u001b[90m 126 |\u001b[39m     }\u001b[0m"
                      },
                      "errors": [
                        {
                          "location": {
                            "file": "F:\\CampusWay\\frontend\\e2e\\helpers.ts",
                            "column": 23,
                            "line": 123
                          },
                          "message": "Error: Admin login failed: unable to reach /__cw_admin__/dashboard\n\n   at helpers.ts:123\n\n  121 |             }\n  122 |             if (i === attempts.length - 1) {\n> 123 |                 throw new Error('Admin login failed: unable to reach /__cw_admin__/dashboard');\n      |                       ^\n  124 |             }\n  125 |         }\n  126 |     }\n    at loginAsAdmin (F:\\CampusWay\\frontend\\e2e\\helpers.ts:123:23)\n    at F:\\CampusWay\\frontend\\e2e\\news-admin-routes.spec.ts:7:9"
                        }
                      ],
                      "stdout": [],
                      "stderr": [],
                      "retry": 0,
                      "startTime": "2026-03-10T16:33:56.876Z",
                      "annotations": [],
                      "attachments": [
                        {
                          "name": "screenshot",
                          "contentType": "image/png",
                          "path": "F:\\CampusWay\\frontend\\test-results\\news-admin-routes-News-adm-7f176-ve-without-runtime-failures-chromium-desktop\\test-failed-1.png"
                        },
                        {
                          "name": "video",
                          "contentType": "video/webm",
                          "path": "F:\\CampusWay\\frontend\\test-results\\news-admin-routes-News-adm-7f176-ve-without-runtime-failures-chromium-desktop\\video.webm"
                        },
                        {
                          "name": "error-context",
                          "contentType": "text/markdown",
                          "path": "F:\\CampusWay\\frontend\\test-results\\news-admin-routes-News-adm-7f176-ve-without-runtime-failures-chromium-desktop\\error-context.md"
                        }
                      ],
                      "errorLocation": {
                        "file": "F:\\CampusWay\\frontend\\e2e\\helpers.ts",
                        "column": 23,
                        "line": 123
                      }
                    }
                  ],
                  "status": "unexpected"
                }
              ],
              "id": "7262bdb4fdf622903829-923f09165f8e6aa2c0a0",
              "file": "news-admin-routes.spec.ts",
              "line": 5,
              "column": 5
            },
            {
              "title": "legacy /admin/news redirects to secret admin base",
              "ok": false,
              "tags": [],
              "tests": [
                {
                  "timeout": 60000,
                  "annotations": [],
                  "expectedStatus": "passed",
                  "projectId": "chromium-desktop",
                  "projectName": "chromium-desktop",
                  "results": [
                    {
                      "workerIndex": 9,
                      "parallelIndex": 0,
                      "status": "failed",
                      "duration": 54782,
                      "error": {
                        "message": "Error: Admin login failed: unable to reach /__cw_admin__/dashboard",
                        "stack": "Error: Admin login failed: unable to reach /__cw_admin__/dashboard\n    at loginAsAdmin (F:\\CampusWay\\frontend\\e2e\\helpers.ts:123:23)\n    at F:\\CampusWay\\frontend\\e2e\\news-admin-routes.spec.ts:36:9",
                        "location": {
                          "file": "F:\\CampusWay\\frontend\\e2e\\helpers.ts",
                          "column": 23,
                          "line": 123
                        },
                        "snippet": "\u001b[90m   at \u001b[39mhelpers.ts:123\n\n\u001b[0m \u001b[90m 121 |\u001b[39m             }\n \u001b[90m 122 |\u001b[39m             \u001b[36mif\u001b[39m (i \u001b[33m===\u001b[39m attempts\u001b[33m.\u001b[39mlength \u001b[33m-\u001b[39m \u001b[35m1\u001b[39m) {\n\u001b[31m\u001b[1m>\u001b[22m\u001b[39m\u001b[90m 123 |\u001b[39m                 \u001b[36mthrow\u001b[39m \u001b[36mnew\u001b[39m \u001b[33mError\u001b[39m(\u001b[32m'Admin login failed: unable to reach /__cw_admin__/dashboard'\u001b[39m)\u001b[33m;\u001b[39m\n \u001b[90m     |\u001b[39m                       \u001b[31m\u001b[1m^\u001b[22m\u001b[39m\n \u001b[90m 124 |\u001b[39m             }\n \u001b[90m 125 |\u001b[39m         }\n \u001b[90m 126 |\u001b[39m     }\u001b[0m"
                      },
                      "errors": [
                        {
                          "location": {
                            "file": "F:\\CampusWay\\frontend\\e2e\\helpers.ts",
                            "column": 23,
                            "line": 123
                          },
                          "message": "Error: Admin login failed: unable to reach /__cw_admin__/dashboard\n\n   at helpers.ts:123\n\n  121 |             }\n  122 |             if (i === attempts.length - 1) {\n> 123 |                 throw new Error('Admin login failed: unable to reach /__cw_admin__/dashboard');\n      |                       ^\n  124 |             }\n  125 |         }\n  126 |     }\n    at loginAsAdmin (F:\\CampusWay\\frontend\\e2e\\helpers.ts:123:23)\n    at F:\\CampusWay\\frontend\\e2e\\news-admin-routes.spec.ts:36:9"
                        }
                      ],
                      "stdout": [],
                      "stderr": [],
                      "retry": 0,
                      "startTime": "2026-03-10T16:34:53.493Z",
                      "annotations": [],
                      "attachments": [
                        {
                          "name": "screenshot",
                          "contentType": "image/png",
                          "path": "F:\\CampusWay\\frontend\\test-results\\news-admin-routes-News-adm-e3765-irects-to-secret-admin-base-chromium-desktop\\test-failed-1.png"
                        },
                        {
                          "name": "video",
                          "contentType": "video/webm",
                          "path": "F:\\CampusWay\\frontend\\test-results\\news-admin-routes-News-adm-e3765-irects-to-secret-admin-base-chromium-desktop\\video.webm"
                        },
                        {
                          "name": "error-context",
                          "contentType": "text/markdown",
                          "path": "F:\\CampusWay\\frontend\\test-results\\news-admin-routes-News-adm-e3765-irects-to-secret-admin-base-chromium-desktop\\error-context.md"
                        }
                      ],
                      "errorLocation": {
                        "file": "F:\\CampusWay\\frontend\\e2e\\helpers.ts",
                        "column": 23,
                        "line": 123
                      }
                    }
                  ],
                  "status": "unexpected"
                }
              ],
              "id": "7262bdb4fdf622903829-efba0a036802f4a18177",
              "file": "news-admin-routes.spec.ts",
              "line": 35,
              "column": 5
            }
          ]
        }
      ]
    },
    {
      "title": "qbank-critical.spec.ts",
      "file": "qbank-critical.spec.ts",
      "column": 0,
      "line": 0,
      "specs": [],
      "suites": [
        {
          "title": "Question Bank Critical Flows",
          "file": "qbank-critical.spec.ts",
          "line": 4,
          "column": 6,
          "specs": [
            {
              "title": "qbank-add-question-upload-and-link",
              "ok": true,
              "tags": [],
              "tests": [
                {
                  "timeout": 60000,
                  "annotations": [
                    {
                      "type": "skip",
                      "description": "Skeleton: wire exact selectors for current admin DOM.",
                      "location": {
                        "file": "F:\\CampusWay\\frontend\\e2e\\qbank-critical.spec.ts",
                        "line": 6,
                        "column": 14
                      }
                    }
                  ],
                  "expectedStatus": "skipped",
                  "projectId": "chromium-desktop",
                  "projectName": "chromium-desktop",
                  "results": [
                    {
                      "workerIndex": 10,
                      "parallelIndex": 0,
                      "status": "skipped",
                      "duration": 300,
                      "errors": [],
                      "stdout": [],
                      "stderr": [],
                      "retry": 0,
                      "startTime": "2026-03-10T16:35:50.230Z",
                      "annotations": [
                        {
                          "type": "skip",
                          "description": "Skeleton: wire exact selectors for current admin DOM.",
                          "location": {
                            "file": "F:\\CampusWay\\frontend\\e2e\\qbank-critical.spec.ts",
                            "line": 6,
                            "column": 14
                          }
                        }
                      ],
                      "attachments": []
                    }
                  ],
                  "status": "skipped"
                }
              ],
              "id": "f9c5897b84c75a0952ea-de77d2af4e4a4f376092",
              "file": "qbank-critical.spec.ts",
              "line": 5,
              "column": 5
            },
            {
              "title": "qbank-bulk-import-mapping-and-report",
              "ok": true,
              "tags": [],
              "tests": [
                {
                  "timeout": 60000,
                  "annotations": [
                    {
                      "type": "skip",
                      "description": "Skeleton: upload fixture, map columns, assert import report.",
                      "location": {
                        "file": "F:\\CampusWay\\frontend\\e2e\\qbank-critical.spec.ts",
                        "line": 13,
                        "column": 14
                      }
                    }
                  ],
                  "expectedStatus": "skipped",
                  "projectId": "chromium-desktop",
                  "projectName": "chromium-desktop",
                  "results": [
                    {
                      "workerIndex": 10,
                      "parallelIndex": 0,
                      "status": "skipped",
                      "duration": 260,
                      "errors": [],
                      "stdout": [],
                      "stderr": [],
                      "retry": 0,
                      "startTime": "2026-03-10T16:35:50.666Z",
                      "annotations": [
                        {
                          "type": "skip",
                          "description": "Skeleton: upload fixture, map columns, assert import report.",
                          "location": {
                            "file": "F:\\CampusWay\\frontend\\e2e\\qbank-critical.spec.ts",
                            "line": 13,
                            "column": 14
                          }
                        }
                      ],
                      "attachments": []
                    }
                  ],
                  "status": "skipped"
                }
              ],
              "id": "f9c5897b84c75a0952ea-6799f5f45f6cb97859d0",
              "file": "qbank-critical.spec.ts",
              "line": 12,
              "column": 5
            },
            {
              "title": "qbank-picker-filter-smart-pick-and-preview",
              "ok": true,
              "tags": [],
              "tests": [
                {
                  "timeout": 60000,
                  "annotations": [
                    {
                      "type": "skip",
                      "description": "Skeleton: open exam builder, query picker, assert selected totals.",
                      "location": {
                        "file": "F:\\CampusWay\\frontend\\e2e\\qbank-critical.spec.ts",
                        "line": 20,
                        "column": 14
                      }
                    }
                  ],
                  "expectedStatus": "skipped",
                  "projectId": "chromium-desktop",
                  "projectName": "chromium-desktop",
                  "results": [
                    {
                      "workerIndex": 10,
                      "parallelIndex": 0,
                      "status": "skipped",
                      "duration": 230,
                      "errors": [],
                      "stdout": [],
                      "stderr": [],
                      "retry": 0,
                      "startTime": "2026-03-10T16:35:50.946Z",
                      "annotations": [
                        {
                          "type": "skip",
                          "description": "Skeleton: open exam builder, query picker, assert selected totals.",
                          "location": {
                            "file": "F:\\CampusWay\\frontend\\e2e\\qbank-critical.spec.ts",
                            "line": 20,
                            "column": 14
                          }
                        }
                      ],
                      "attachments": []
                    }
                  ],
                  "status": "skipped"
                }
              ],
              "id": "f9c5897b84c75a0952ea-8ce792c94c20df7aa6c0",
              "file": "qbank-critical.spec.ts",
              "line": 19,
              "column": 5
            },
            {
              "title": "qbank-moderator-approve-flow",
              "ok": true,
              "tags": [],
              "tests": [
                {
                  "timeout": 60000,
                  "annotations": [
                    {
                      "type": "skip",
                      "description": "Skeleton: approve pending question and assert status/webhook side effects.",
                      "location": {
                        "file": "F:\\CampusWay\\frontend\\e2e\\qbank-critical.spec.ts",
                        "line": 27,
                        "column": 14
                      }
                    }
                  ],
                  "expectedStatus": "skipped",
                  "projectId": "chromium-desktop",
                  "projectName": "chromium-desktop",
                  "results": [
                    {
                      "workerIndex": 10,
                      "parallelIndex": 0,
                      "status": "skipped",
                      "duration": 234,
                      "errors": [],
                      "stdout": [],
                      "stderr": [],
                      "retry": 0,
                      "startTime": "2026-03-10T16:35:51.201Z",
                      "annotations": [
                        {
                          "type": "skip",
                          "description": "Skeleton: approve pending question and assert status/webhook side effects.",
                          "location": {
                            "file": "F:\\CampusWay\\frontend\\e2e\\qbank-critical.spec.ts",
                            "line": 27,
                            "column": 14
                          }
                        }
                      ],
                      "attachments": []
                    }
                  ],
                  "status": "skipped"
                }
              ],
              "id": "f9c5897b84c75a0952ea-56a99188ad759eb22ca6",
              "file": "qbank-critical.spec.ts",
              "line": 26,
              "column": 5
            }
          ]
        }
      ]
    },
    {
      "title": "settings-propagation.spec.ts",
      "file": "settings-propagation.spec.ts",
      "column": 0,
      "line": 0,
      "specs": [],
      "suites": [
        {
          "title": "Settings Propagation",
          "file": "settings-propagation.spec.ts",
          "line": 34,
          "column": 6,
          "specs": [
            {
              "title": "site name update propagates to public API and public/student UI",
              "ok": false,
              "tags": [],
              "tests": [
                {
                  "timeout": 60000,
                  "annotations": [],
                  "expectedStatus": "passed",
                  "projectId": "chromium-desktop",
                  "projectName": "chromium-desktop",
                  "results": [
                    {
                      "workerIndex": 10,
                      "parallelIndex": 0,
                      "status": "failed",
                      "duration": 16736,
                      "error": {
                        "message": "TimeoutError: apiRequestContext.post: Timeout 15000ms exceeded.\nCall log:\n\u001b[2m  - → POST http://127.0.0.1:5283/api/auth/login\u001b[22m\n\u001b[2m    - user-agent: Mozilla/5.0 (Windows NT 10.0; Win64; x64) AppleWebKit/537.36 (KHTML, like Gecko) Chrome/145.0.7632.6 Safari/537.36\u001b[22m\n\u001b[2m    - accept: */*\u001b[22m\n\u001b[2m    - accept-encoding: gzip,deflate,br\u001b[22m\n\u001b[2m    - content-type: application/json\u001b[22m\n\u001b[2m    - content-length: 79\u001b[22m\n",
                        "stack": "TimeoutError: apiRequestContext.post: Timeout 15000ms exceeded.\nCall log:\n\u001b[2m  - → POST http://127.0.0.1:5283/api/auth/login\u001b[22m\n\u001b[2m    - user-agent: Mozilla/5.0 (Windows NT 10.0; Win64; x64) AppleWebKit/537.36 (KHTML, like Gecko) Chrome/145.0.7632.6 Safari/537.36\u001b[22m\n\u001b[2m    - accept: */*\u001b[22m\n\u001b[2m    - accept-encoding: gzip,deflate,br\u001b[22m\n\u001b[2m    - content-type: application/json\u001b[22m\n\u001b[2m    - content-length: 79\u001b[22m\n\n    at apiLogin (F:\\CampusWay\\frontend\\e2e\\settings-propagation.spec.ts:15:36)\n    at F:\\CampusWay\\frontend\\e2e\\settings-propagation.spec.ts:38:34",
                        "location": {
                          "file": "F:\\CampusWay\\frontend\\e2e\\settings-propagation.spec.ts",
                          "column": 36,
                          "line": 15
                        },
                        "snippet": "\u001b[0m \u001b[90m 13 |\u001b[39m     password\u001b[33m:\u001b[39m string\u001b[33m,\u001b[39m\n \u001b[90m 14 |\u001b[39m )\u001b[33m:\u001b[39m \u001b[33mPromise\u001b[39m\u001b[33m<\u001b[39m\u001b[33mLoginResult\u001b[39m\u001b[33m>\u001b[39m {\n\u001b[31m\u001b[1m>\u001b[22m\u001b[39m\u001b[90m 15 |\u001b[39m     \u001b[36mconst\u001b[39m response \u001b[33m=\u001b[39m \u001b[36mawait\u001b[39m request\u001b[33m.\u001b[39mpost(\u001b[32m'/api/auth/login'\u001b[39m\u001b[33m,\u001b[39m {\n \u001b[90m    |\u001b[39m                                    \u001b[31m\u001b[1m^\u001b[22m\u001b[39m\n \u001b[90m 16 |\u001b[39m         data\u001b[33m:\u001b[39m { identifier\u001b[33m,\u001b[39m password }\u001b[33m,\u001b[39m\n \u001b[90m 17 |\u001b[39m     })\u001b[33m;\u001b[39m\n \u001b[90m 18 |\u001b[39m     expect(response\u001b[33m.\u001b[39mstatus()\u001b[33m,\u001b[39m \u001b[32m`Login failed for ${identifier}`\u001b[39m)\u001b[33m.\u001b[39mtoBe(\u001b[35m200\u001b[39m)\u001b[33m;\u001b[39m\u001b[0m"
                      },
                      "errors": [
                        {
                          "location": {
                            "file": "F:\\CampusWay\\frontend\\e2e\\settings-propagation.spec.ts",
                            "column": 36,
                            "line": 15
                          },
                          "message": "TimeoutError: apiRequestContext.post: Timeout 15000ms exceeded.\nCall log:\n\u001b[2m  - → POST http://127.0.0.1:5283/api/auth/login\u001b[22m\n\u001b[2m    - user-agent: Mozilla/5.0 (Windows NT 10.0; Win64; x64) AppleWebKit/537.36 (KHTML, like Gecko) Chrome/145.0.7632.6 Safari/537.36\u001b[22m\n\u001b[2m    - accept: */*\u001b[22m\n\u001b[2m    - accept-encoding: gzip,deflate,br\u001b[22m\n\u001b[2m    - content-type: application/json\u001b[22m\n\u001b[2m    - content-length: 79\u001b[22m\n\n\n  13 |     password: string,\n  14 | ): Promise<LoginResult> {\n> 15 |     const response = await request.post('/api/auth/login', {\n     |                                    ^\n  16 |         data: { identifier, password },\n  17 |     });\n  18 |     expect(response.status(), `Login failed for ${identifier}`).toBe(200);\n    at apiLogin (F:\\CampusWay\\frontend\\e2e\\settings-propagation.spec.ts:15:36)\n    at F:\\CampusWay\\frontend\\e2e\\settings-propagation.spec.ts:38:34"
                        }
                      ],
                      "stdout": [],
                      "stderr": [],
                      "retry": 0,
                      "startTime": "2026-03-10T16:35:51.469Z",
                      "annotations": [],
                      "attachments": [
                        {
                          "name": "screenshot",
                          "contentType": "image/png",
                          "path": "F:\\CampusWay\\frontend\\test-results\\settings-propagation-Setti-2b7f3-c-API-and-public-student-UI-chromium-desktop\\test-failed-1.png"
                        },
                        {
                          "name": "video",
                          "contentType": "video/webm",
                          "path": "F:\\CampusWay\\frontend\\test-results\\settings-propagation-Setti-2b7f3-c-API-and-public-student-UI-chromium-desktop\\video.webm"
                        }
                      ],
                      "errorLocation": {
                        "file": "F:\\CampusWay\\frontend\\e2e\\settings-propagation.spec.ts",
                        "column": 36,
                        "line": 15
                      }
                    }
                  ],
                  "status": "unexpected"
                }
              ],
              "id": "e5cd76c57c045ee690c5-6e2ebbe2e3f4e5a8ad50",
              "file": "settings-propagation.spec.ts",
              "line": 35,
              "column": 5
            }
          ]
        }
      ]
    }
  ],
  "errors": [],
  "stats": {
    "startTime": "2026-03-10T16:29:30.774Z",
    "duration": 397663.279,
    "expected": 4,
    "skipped": 12,
    "unexpected": 11,
    "flaky": 0
  }
}