(node:14556) [MONGOOSE] Warning: Duplicate schema index on {"slug":1} found. This is often due to declaring an index using both "index: true" and "schema.index()". Please remove the duplicate index definition.
(Use `node --trace-warnings ...` to show where the warning was created)
(node:14556) [MONGOOSE] Warning: Duplicate schema index on {"slug":1} found. This is often due to declaring an index using both "index: true" and "schema.index()". Please remove the duplicate index definition.
(node:14556) [MONGOOSE] Warning: Duplicate schema index on {"slug":1} found. This is often due to declaring an index using both "index: true" and "schema.index()". Please remove the duplicate index definition.
(node:14556) [MONGOOSE] Warning: Duplicate schema index on {"contentHash":1} found. This is often due to declaring an index using both "index: true" and "schema.index()". Please remove the duplicate index definition.
(node:14556) [MONGOOSE] Warning: Duplicate schema index on {"jobId":1} found. This is often due to declaring an index using both "index: true" and "schema.index()". Please remove the duplicate index definition.
(node:14556) [MONGOOSE] Warning: Duplicate schema index on {"status":1} found. This is often due to declaring an index using both "index: true" and "schema.index()". Please remove the duplicate index definition.
(node:14556) [MONGOOSE] Warning: Duplicate schema index on {"slug":1} found. This is often due to declaring an index using both "index: true" and "schema.index()". Please remove the duplicate index definition.
[db] Failed to ensure critical indexes: MongoServerError: ns does not exist: campusway.student_results
    at Connection.sendCommand (F:\CampusWay\backend\node_modules\mongodb\src\cmap\connection.ts:559:17)
    at process.processTicksAndRejections (node:internal/process/task_queues:104:5)
    at async Connection.command (F:\CampusWay\backend\node_modules\mongodb\src\cmap\connection.ts:633:22)
    at async Server.command (F:\CampusWay\backend\node_modules\mongodb\src\sdam\server.ts:350:21)
    at async tryOperation (F:\CampusWay\backend\node_modules\mongodb\src\operations\execute_operation.ts:289:24)
    at async executeOperation (F:\CampusWay\backend\node_modules\mongodb\src\operations\execute_operation.ts:119:12)
    at async ListIndexesCursor._initialize (F:\CampusWay\backend\node_modules\mongodb\src\cursor\list_indexes_cursor.ts:33:22)
    at async ListIndexesCursor.cursorInit (F:\CampusWay\backend\node_modules\mongodb\src\cursor\abstract_cursor.ts:949:21)
    at async ListIndexesCursor.fetchBatch (F:\CampusWay\backend\node_modules\mongodb\src\cursor\abstract_cursor.ts:987:7)
    at async ListIndexesCursor.next (F:\CampusWay\backend\node_modules\mongodb\src\cursor\abstract_cursor.ts:608:9)
    at async ListIndexesCursor.[Symbol.asyncIterator] (F:\CampusWay\backend\node_modules\mongodb\src\cursor\abstract_cursor.ts:502:26)
    at async ListIndexesCursor.toArray (F:\CampusWay\backend\node_modules\mongodb\src\cursor\abstract_cursor.ts:696:22)
    at async Collection.indexes (F:\CampusWay\backend\node_modules\mongodb\src\collection.ts:914:45)
    at async ensureCriticalIndexes (F:\CampusWay\backend\src\config\db.ts:15:31)
    at async connectDB (F:\CampusWay\backend\src\config\db.ts:112:9)
    at async start (F:\CampusWay\backend\src\server.ts:279:5) {
  errorLabelSet: Set(0) {},
  errorResponse: {
    ok: 0,
    errmsg: 'ns does not exist: campusway.student_results',
    code: 26,
    codeName: 'NamespaceNotFound'
  },
  ok: 0,
  code: 26,
  codeName: 'NamespaceNotFound'
}
[db] MongoDB disconnected
