
> campusway-backend@1.0.0 dev
> tsx watch src/server.ts

[db] MongoDB connected successfully
[db] Failed to ensure critical indexes: MongoServerError: ns does not exist: campusway_public_student_audit_20260306191604.student_results
    at Connection.sendCommand (F:\CampusWay\backend\node_modules\mongodb\src\cmap\connection.ts:559:17)
    at process.processTicksAndRejections (node:internal/process/task_queues:104:5)
    at async Connection.command (F:\CampusWay\backend\node_modules\mongodb\src\cmap\connection.ts:633:22)
    at async Server.command (F:\CampusWay\backend\node_modules\mongodb\src\sdam\server.ts:350:21)
    at async tryOperation (F:\CampusWay\backend\node_modules\mongodb\src\operations\execute_operation.ts:289:24)
    at async executeOperation (F:\CampusWay\backend\node_modules\mongodb\src\operations\execute_operation.ts:119:12)
    at async ListIndexesCursor._initialize (F:\CampusWay\backend\node_modules\mongodb\src\cursor\list_indexes_cursor.ts:33:22)
    at async ListIndexesCursor.cursorInit (F:\CampusWay\backend\node_modules\mongodb\src\cursor\abstract_cursor.ts:949:21)
    at async ListIndexesCursor.fetchBatch (F:\CampusWay\backend\node_modules\mongodb\src\cursor\abstract_cursor.ts:987:7)
    at async ListIndexesCursor.next (F:\CampusWay\backend\node_modules\mongodb\src\cursor\abstract_cursor.ts:608:9)
    at async ListIndexesCursor.[Symbol.asyncIterator] (F:\CampusWay\backend\node_modules\mongodb\src\cursor\abstract_cursor.ts:502:26)
    at async ListIndexesCursor.toArray (F:\CampusWay\backend\node_modules\mongodb\src\cursor\abstract_cursor.ts:696:22)
    at async Collection.indexes (F:\CampusWay\backend\node_modules\mongodb\src\collection.ts:914:45)
    at async ensureCriticalIndexes (F:\CampusWay\backend\src\config\db.ts:15:31)
    at async connectDB (F:\CampusWay\backend\src\config\db.ts:112:9)
    at async start (F:\CampusWay\backend\src\server.ts:265:5) {
  errorLabelSet: Set(0) {},
  errorResponse: {
    ok: 0,
    errmsg: 'ns does not exist: campusway_public_student_audit_20260306191604.student_results',
    code: 26,
    codeName: 'NamespaceNotFound'
  },
  ok: 0,
  code: 26,
  codeName: 'NamespaceNotFound'
}
ℹ️  INITIAL_ACCESS_INFO.txt exists — default setup already completed.
[cron] Starting exam auto-submit worker (every minute).
🚀 CampusWay Backend running on port 5074
📡 Public API: http://localhost:5074/api
🔒 Admin API:  http://localhost:5074/api/campusway-secure-admin
[0mGET /api/health [32m200[0m 1263.512 ms - 87[0m
[0mGET /api/settings/public [32m200[0m 21.449 ms - -[0m
[0mPOST /api/auth/login [32m200[0m 462.937 ms - -[0m
[auth-stream] connected {
  userId: '69ab2800f1457f5c3f47e9c6',
  sessionId: '0557013a-1029-4363-a496-cb921cffcc9a',
  clientsForSession: 1
}
[0mGET /api/auth/me [32m200[0m 168.379 ms - 882[0m
[0mGET /api/alerts/active [32m200[0m 42.625 ms - 13[0m
[0mGET /api/student/dashboard-profile [32m200[0m 43.451 ms - 960[0m
[auth-stream] disconnected {
  userId: '69ab2800f1457f5c3f47e9c6',
  sessionId: '0557013a-1029-4363-a496-cb921cffcc9a'
}
[0mGET /api/auth/session-stream?token=eyJhbGciOiJIUzI1NiIsInR5cCI6IkpXVCJ9.eyJfaWQiOiI2OWFiMjgwMGYxNDU3ZjVjM2Y0N2U5YzYiLCJ1c2VybmFtZSI6ImUyZV9zdHVkZW50X2Rlc2t0b3AiLCJlbWFpbCI6ImUyZV9zdHVkZW50X2Rlc2t0b3BAY2FtcHVzd2F5LmxvY2FsIiwicm9sZSI6InN0dWRlbnQiLCJmdWxsTmFtZSI6IkUyRSBTdHVkZW50IERlc2t0b3AiLCJwZXJtaXNzaW9ucyI6eyJjYW5FZGl0RXhhbXMiOmZhbHNlLCJjYW5NYW5hZ2VTdHVkZW50cyI6ZmFsc2UsImNhblZpZXdSZXBvcnRzIjpmYWxzZSwiY2FuRGVsZXRlRGF0YSI6ZmFsc2UsImNhbk1hbmFnZUZpbmFuY2UiOmZhbHNlLCJjYW5NYW5hZ2VQbGFucyI6ZmFsc2UsImNhbk1hbmFnZVRpY2tldHMiOmZhbHNlLCJjYW5NYW5hZ2VCYWNrdXBzIjpmYWxzZSwiY2FuUmV2ZWFsUGFzc3dvcmRzIjpmYWxzZX0sInBlcm1pc3Npb25zVjIiOnt9LCJzZXNzaW9uSWQiOiIwNTU3MDEzYS0xMDI5LTQzNjMtYTQ5Ni1jYjkyMWNmZmNjOWEiLCJpYXQiOjE3NzI4MjQ1NzksImV4cCI6MTc3MjgyNTc3OX0.6vEEsOU1xCgWQoE6XQihritGiAAobOpo-gD7nyDdrvM [32m200[0m 9.044 ms - -[0m
[0mGET /api/subscriptions/me [32m200[0m 59.948 ms - -[0m
[0mGET /api/student/notifications [32m200[0m 45.197 ms - 865[0m
[0mGET /api/student/live-alerts [32m200[0m 56.274 ms - 579[0m
[0mGET /api/student/featured-universities [32m200[0m 46.827 ms - -[0m
[0mGET /api/student/upcoming-exams [32m200[0m 66.797 ms - -[0m
[auth-stream] connected {
  userId: '69ab2800f1457f5c3f47e9c6',
  sessionId: '0557013a-1029-4363-a496-cb921cffcc9a',
  clientsForSession: 1
}
[0mGET /api/student/exam-history [32m200[0m 49.855 ms - 789[0m
[0mGET /api/alerts/active [36m304[0m 44.114 ms - -[0m
[0mGET /api/settings/public [32m200[0m 57.328 ms - -[0m
[0mGET /api/home [32m200[0m 57.204 ms - -[0m
[0mGET /api/home/stream [32m200[0m 0.242 ms - -[0m
[0mGET /api/home-settings/public [32m200[0m 10.002 ms - -[0m
[0mGET /api/university-categories [32m200[0m 9.920 ms - -[0m
[0mGET /api/settings/public [36m304[0m 157.385 ms - -[0m
[0mGET /api/home [32m200[0m 171.950 ms - -[0m
[0mGET /api/universities?page=1&limit=300&sort=deadline&category=Individual+Admission [32m200[0m 68.517 ms - -[0m
[0mGET /api/universities?page=1&limit=300&sort=deadline&category=Science+%26+Technology [32m200[0m 63.698 ms - -[0m
[0mGET /api/universities?page=1&limit=300&sort=deadline&category=GST+(General%2FPublic) [32m200[0m 65.850 ms - -[0m
[0mGET /api/universities?page=1&limit=300&sort=deadline&category=GST+(Science+%26+Technology) [32m200[0m 88.650 ms - 75[0m
[0mGET /api/universities?page=1&limit=300&sort=deadline&category=Medical+College [32m200[0m 84.444 ms - -[0m
[0mGET /api/universities?page=1&limit=300&sort=deadline&category=DCU [32m200[0m 71.692 ms - 75[0m
[0mGET /api/universities?page=1&limit=300&sort=deadline&category=Under+Army [32m200[0m 75.974 ms - 75[0m
[0mGET /api/universities?page=1&limit=300&sort=deadline&category=AGRI+Cluster [32m200[0m 78.734 ms - -[0m
[0mGET /api/universities?page=1&limit=300&sort=deadline&category=Specialized+University [32m200[0m 29.352 ms - 75[0m
[0mGET /api/universities?page=1&limit=300&sort=deadline&category=Affiliate+College [32m200[0m 31.079 ms - 75[0m
[0mGET /api/universities?page=1&limit=300&sort=deadline&category=Dental+College [32m200[0m 19.358 ms - 75[0m
[0mGET /api/universities?page=1&limit=300&sort=deadline&category=Nursing+Colleges [32m200[0m 19.115 ms - 75[0m
[0mGET /api/student/dashboard-profile [32m200[0m 21.429 ms - 960[0m
[0mGET /api/student/featured-universities [32m200[0m 25.176 ms - -[0m
[0mGET /api/student/upcoming-exams [32m200[0m 41.517 ms - -[0m
[0mGET /api/student/notifications [32m200[0m 25.612 ms - 865[0m
[0mGET /api/student/live-alerts [32m200[0m 38.193 ms - 579[0m
[0mGET /api/student/exam-history [32m200[0m 28.477 ms - 789[0m
[0mGET /api/home/stream [32m200[0m 0.312 ms - -[0m
[0mGET /api/settings/public [36m304[0m 90.310 ms - -[0m
[0mGET /api/home [32m200[0m 91.263 ms - -[0m
[0mGET /api/exams/public-list?status=live&page=1&limit=24 [32m200[0m 4.724 ms - -[0m
[0mGET /api/home/stream [32m200[0m 0.207 ms - -[0m
[0mGET /api/news/sources [32m200[0m 18.420 ms - 560[0m
[0mGET /api/news/settings [32m200[0m 15.939 ms - -[0m
[0mGET /api/news-v2/widgets [32m200[0m 21.281 ms - -[0m
[0mGET /api/settings/public [36m304[0m 81.119 ms - -[0m
[0mGET /api/news?page=1&limit=15&source=&category=&tag=&q= [32m200[0m 90.870 ms - -[0m
[0mGET /api/home [32m200[0m 134.832 ms - -[0m
[0mGET /api/alerts/active [36m304[0m 23.990 ms - -[0m
[0mGET /api/student/dashboard-profile [32m200[0m 20.801 ms - 960[0m
[0mGET /api/student/upcoming-exams [32m200[0m 30.713 ms - -[0m
[0mGET /api/student/notifications [32m200[0m 10.274 ms - 865[0m
[0mGET /api/student/featured-universities [32m200[0m 13.597 ms - -[0m
[0mGET /api/student/live-alerts [32m200[0m 23.276 ms - 579[0m
[0mGET /api/student/exam-history [32m200[0m 24.296 ms - 789[0m
[0mGET /api/home/stream [32m200[0m 0.245 ms - -[0m
[0mGET /api/resources [32m200[0m 7.762 ms - -[0m
[0mGET /api/resources [36m304[0m 31.797 ms - -[0m
[0mGET /api/settings/public [36m304[0m 97.613 ms - -[0m
[0mGET /api/home [32m200[0m 103.825 ms - -[0m
[0mGET /api/home/stream [32m200[0m 0.228 ms - -[0m
[0mGET /api/settings/public [36m304[0m 63.842 ms - -[0m
[0mGET /api/home [32m200[0m 86.320 ms - -[0m
[0mGET /api/settings/public [36m304[0m 33.930 ms - -[0m
[0mGET /api/student/dashboard-profile [32m200[0m 20.228 ms - 960[0m
[0mGET /api/student/featured-universities [32m200[0m 24.602 ms - -[0m
[0mGET /api/student/upcoming-exams [32m200[0m 30.171 ms - -[0m
[0mGET /api/student/notifications [32m200[0m 11.704 ms - 865[0m
[0mGET /api/student/live-alerts [32m200[0m 23.099 ms - 579[0m
[0mGET /api/student/exam-history [32m200[0m 68.076 ms - 789[0m
[0mGET /api/home/stream [32m200[0m 0.304 ms - -[0m
[0mGET /api/subscription-plans [32m200[0m 7.414 ms - -[0m
[0mGET /api/settings/public [36m304[0m 119.956 ms - -[0m
[0mGET /api/home [32m200[0m 135.528 ms - -[0m
[0mPOST /api/events/track [32m201[0m 44.197 ms - 49[0m
[0mPOST /api/events/track [32m201[0m 50.860 ms - 49[0m
[0mPOST /api/events/track [32m201[0m 153.566 ms - 49[0m
[0mGET /api/home/stream [32m200[0m 0.268 ms - -[0m
[0mGET /api/settings/public [36m304[0m 29.903 ms - -[0m
[0mGET /api/home [32m200[0m 30.924 ms - -[0m
[0mGET /api/student/dashboard-profile [32m200[0m 25.862 ms - 960[0m
[0mGET /api/alerts/active [36m304[0m 33.642 ms - -[0m
[0mGET /api/student/upcoming-exams [32m200[0m 28.976 ms - -[0m
[0mGET /api/student/notifications [32m200[0m 9.492 ms - 865[0m
[0mGET /api/student/featured-universities [32m200[0m 11.071 ms - -[0m
[0mGET /api/student/live-alerts [32m200[0m 40.702 ms - 579[0m
[0mGET /api/student/exam-history [32m200[0m 38.753 ms - 789[0m
[0mGET /api/home/stream [32m200[0m 0.315 ms - -[0m
[0mGET /api/settings/public [36m304[0m 178.060 ms - -[0m
[0mGET /api/home [32m200[0m 182.411 ms - -[0m
[0mGET /api/home/stream [32m200[0m 0.256 ms - -[0m
[0mGET /api/settings/public [36m304[0m 75.776 ms - -[0m
[0mGET /api/home [32m200[0m 80.624 ms - -[0m
[0mGET /api/home/stream [32m200[0m 0.231 ms - -[0m
[0mGET /api/settings/public [36m304[0m 111.812 ms - -[0m
[0mGET /api/student/dashboard-profile [32m200[0m 35.133 ms - 960[0m
[0mGET /api/student/featured-universities [32m200[0m 30.459 ms - -[0m
[0mGET /api/student/live-alerts [32m200[0m 75.564 ms - 579[0m
[0mGET /api/student/upcoming-exams [32m200[0m 143.803 ms - -[0m
[0mGET /api/student/notifications [32m200[0m 122.282 ms - 865[0m
[0mGET /api/student/exam-history [32m200[0m 25.668 ms - 789[0m
[0mGET /api/home/stream [32m200[0m 0.733 ms - -[0m
[0mGET /api/student/dashboard/stream?token=eyJhbGciOiJIUzI1NiIsInR5cCI6IkpXVCJ9.eyJfaWQiOiI2OWFiMjgwMGYxNDU3ZjVjM2Y0N2U5YzYiLCJ1c2VybmFtZSI6ImUyZV9zdHVkZW50X2Rlc2t0b3AiLCJlbWFpbCI6ImUyZV9zdHVkZW50X2Rlc2t0b3BAY2FtcHVzd2F5LmxvY2FsIiwicm9sZSI6InN0dWRlbnQiLCJmdWxsTmFtZSI6IkUyRSBTdHVkZW50IERlc2t0b3AiLCJwZXJtaXNzaW9ucyI6eyJjYW5FZGl0RXhhbXMiOmZhbHNlLCJjYW5NYW5hZ2VTdHVkZW50cyI6ZmFsc2UsImNhblZpZXdSZXBvcnRzIjpmYWxzZSwiY2FuRGVsZXRlRGF0YSI6ZmFsc2UsImNhbk1hbmFnZUZpbmFuY2UiOmZhbHNlLCJjYW5NYW5hZ2VQbGFucyI6ZmFsc2UsImNhbk1hbmFnZVRpY2tldHMiOmZhbHNlLCJjYW5NYW5hZ2VCYWNrdXBzIjpmYWxzZSwiY2FuUmV2ZWFsUGFzc3dvcmRzIjpmYWxzZX0sInBlcm1pc3Npb25zVjIiOnt9LCJzZXNzaW9uSWQiOiIwNTU3MDEzYS0xMDI5LTQzNjMtYTQ5Ni1jYjkyMWNmZmNjOWEiLCJpYXQiOjE3NzI4MjQ1NzksImV4cCI6MTc3MjgyNTc3OX0.6vEEsOU1xCgWQoE6XQihritGiAAobOpo-gD7nyDdrvM [32m200[0m 10.741 ms - -[0m
[auth-stream] disconnected {
  userId: '69ab2800f1457f5c3f47e9c6',
  sessionId: '0557013a-1029-4363-a496-cb921cffcc9a'
}
[0mGET /api/auth/session-stream?token=eyJhbGciOiJIUzI1NiIsInR5cCI6IkpXVCJ9.eyJfaWQiOiI2OWFiMjgwMGYxNDU3ZjVjM2Y0N2U5YzYiLCJ1c2VybmFtZSI6ImUyZV9zdHVkZW50X2Rlc2t0b3AiLCJlbWFpbCI6ImUyZV9zdHVkZW50X2Rlc2t0b3BAY2FtcHVzd2F5LmxvY2FsIiwicm9sZSI6InN0dWRlbnQiLCJmdWxsTmFtZSI6IkUyRSBTdHVkZW50IERlc2t0b3AiLCJwZXJtaXNzaW9ucyI6eyJjYW5FZGl0RXhhbXMiOmZhbHNlLCJjYW5NYW5hZ2VTdHVkZW50cyI6ZmFsc2UsImNhblZpZXdSZXBvcnRzIjpmYWxzZSwiY2FuRGVsZXRlRGF0YSI6ZmFsc2UsImNhbk1hbmFnZUZpbmFuY2UiOmZhbHNlLCJjYW5NYW5hZ2VQbGFucyI6ZmFsc2UsImNhbk1hbmFnZVRpY2tldHMiOmZhbHNlLCJjYW5NYW5hZ2VCYWNrdXBzIjpmYWxzZSwiY2FuUmV2ZWFsUGFzc3dvcmRzIjpmYWxzZX0sInBlcm1pc3Npb25zVjIiOnt9LCJzZXNzaW9uSWQiOiIwNTU3MDEzYS0xMDI5LTQzNjMtYTQ5Ni1jYjkyMWNmZmNjOWEiLCJpYXQiOjE3NzI4MjQ1NzksImV4cCI6MTc3MjgyNTc3OX0.6vEEsOU1xCgWQoE6XQihritGiAAobOpo-gD7nyDdrvM [32m200[0m 14.936 ms - -[0m
[0mGET /api/settings/public [36m304[0m 33.604 ms - -[0m
[0mGET /api/auth/me [36m304[0m 31.977 ms - -[0m
[0mGET /api/auth/me [36m304[0m 39.266 ms - -[0m
[0mGET /api/student/dashboard-profile [32m200[0m 94.317 ms - 960[0m
[0mGET /api/subscriptions/me [36m304[0m 108.035 ms - -[0m
[0mGET /api/alerts/active [36m304[0m 117.283 ms - -[0m
[0mGET /api/student/featured-universities [32m200[0m 86.200 ms - -[0m
[0mGET /api/student/upcoming-exams [32m200[0m 114.467 ms - -[0m
[0mGET /api/student/notifications [32m200[0m 14.848 ms - 865[0m
[0mGET /api/student/live-alerts [32m200[0m 35.919 ms - 579[0m
[0mGET /api/student/exam-history [32m200[0m 34.176 ms - 789[0m
[auth-stream] connected {
  userId: '69ab2800f1457f5c3f47e9c6',
  sessionId: '0557013a-1029-4363-a496-cb921cffcc9a',
  clientsForSession: 1
}
[0mGET /api/alerts/active [36m304[0m 18.590 ms - -[0m
[auth-stream] disconnected {
  userId: '69ab2800f1457f5c3f47e9c6',
  sessionId: '0557013a-1029-4363-a496-cb921cffcc9a'
}
[0mGET /api/auth/session-stream?token=eyJhbGciOiJIUzI1NiIsInR5cCI6IkpXVCJ9.eyJfaWQiOiI2OWFiMjgwMGYxNDU3ZjVjM2Y0N2U5YzYiLCJ1c2VybmFtZSI6ImUyZV9zdHVkZW50X2Rlc2t0b3AiLCJlbWFpbCI6ImUyZV9zdHVkZW50X2Rlc2t0b3BAY2FtcHVzd2F5LmxvY2FsIiwicm9sZSI6InN0dWRlbnQiLCJmdWxsTmFtZSI6IkUyRSBTdHVkZW50IERlc2t0b3AiLCJwZXJtaXNzaW9ucyI6eyJjYW5FZGl0RXhhbXMiOmZhbHNlLCJjYW5NYW5hZ2VTdHVkZW50cyI6ZmFsc2UsImNhblZpZXdSZXBvcnRzIjpmYWxzZSwiY2FuRGVsZXRlRGF0YSI6ZmFsc2UsImNhbk1hbmFnZUZpbmFuY2UiOmZhbHNlLCJjYW5NYW5hZ2VQbGFucyI6ZmFsc2UsImNhbk1hbmFnZVRpY2tldHMiOmZhbHNlLCJjYW5NYW5hZ2VCYWNrdXBzIjpmYWxzZSwiY2FuUmV2ZWFsUGFzc3dvcmRzIjpmYWxzZX0sInBlcm1pc3Npb25zVjIiOnt9LCJzZXNzaW9uSWQiOiIwNTU3MDEzYS0xMDI5LTQzNjMtYTQ5Ni1jYjkyMWNmZmNjOWEiLCJpYXQiOjE3NzI4MjQ1NzksImV4cCI6MTc3MjgyNTc3OX0.6vEEsOU1xCgWQoE6XQihritGiAAobOpo-gD7nyDdrvM [32m200[0m 16.951 ms - -[0m
[0mGET /api/home/stream [32m200[0m 0.272 ms - -[0m
[0mGET /api/student/dashboard/stream?token=eyJhbGciOiJIUzI1NiIsInR5cCI6IkpXVCJ9.eyJfaWQiOiI2OWFiMjgwMGYxNDU3ZjVjM2Y0N2U5YzYiLCJ1c2VybmFtZSI6ImUyZV9zdHVkZW50X2Rlc2t0b3AiLCJlbWFpbCI6ImUyZV9zdHVkZW50X2Rlc2t0b3BAY2FtcHVzd2F5LmxvY2FsIiwicm9sZSI6InN0dWRlbnQiLCJmdWxsTmFtZSI6IkUyRSBTdHVkZW50IERlc2t0b3AiLCJwZXJtaXNzaW9ucyI6eyJjYW5FZGl0RXhhbXMiOmZhbHNlLCJjYW5NYW5hZ2VTdHVkZW50cyI6ZmFsc2UsImNhblZpZXdSZXBvcnRzIjpmYWxzZSwiY2FuRGVsZXRlRGF0YSI6ZmFsc2UsImNhbk1hbmFnZUZpbmFuY2UiOmZhbHNlLCJjYW5NYW5hZ2VQbGFucyI6ZmFsc2UsImNhbk1hbmFnZVRpY2tldHMiOmZhbHNlLCJjYW5NYW5hZ2VCYWNrdXBzIjpmYWxzZSwiY2FuUmV2ZWFsUGFzc3dvcmRzIjpmYWxzZX0sInBlcm1pc3Npb25zVjIiOnt9LCJzZXNzaW9uSWQiOiIwNTU3MDEzYS0xMDI5LTQzNjMtYTQ5Ni1jYjkyMWNmZmNjOWEiLCJpYXQiOjE3NzI4MjQ1NzksImV4cCI6MTc3MjgyNTc3OX0.6vEEsOU1xCgWQoE6XQihritGiAAobOpo-gD7nyDdrvM [32m200[0m 16.281 ms - -[0m
[0mGET /api/settings/public [36m304[0m 51.946 ms - -[0m
[0mGET /api/exams/public-list?status=live&page=1&limit=24 [32m200[0m 18.373 ms - -[0m
[0mGET /api/home [32m200[0m 119.983 ms - -[0m
[0mGET /api/auth/me [36m304[0m 187.382 ms - -[0m
[auth-stream] connected {
  userId: '69ab2800f1457f5c3f47e9c6',
  sessionId: '0557013a-1029-4363-a496-cb921cffcc9a',
  clientsForSession: 1
}
[0mGET /api/auth/me [36m304[0m 62.232 ms - -[0m
[auth-stream] disconnected {
  userId: '69ab2800f1457f5c3f47e9c6',
  sessionId: '0557013a-1029-4363-a496-cb921cffcc9a'
}
[0mGET /api/auth/session-stream?token=eyJhbGciOiJIUzI1NiIsInR5cCI6IkpXVCJ9.eyJfaWQiOiI2OWFiMjgwMGYxNDU3ZjVjM2Y0N2U5YzYiLCJ1c2VybmFtZSI6ImUyZV9zdHVkZW50X2Rlc2t0b3AiLCJlbWFpbCI6ImUyZV9zdHVkZW50X2Rlc2t0b3BAY2FtcHVzd2F5LmxvY2FsIiwicm9sZSI6InN0dWRlbnQiLCJmdWxsTmFtZSI6IkUyRSBTdHVkZW50IERlc2t0b3AiLCJwZXJtaXNzaW9ucyI6eyJjYW5FZGl0RXhhbXMiOmZhbHNlLCJjYW5NYW5hZ2VTdHVkZW50cyI6ZmFsc2UsImNhblZpZXdSZXBvcnRzIjpmYWxzZSwiY2FuRGVsZXRlRGF0YSI6ZmFsc2UsImNhbk1hbmFnZUZpbmFuY2UiOmZhbHNlLCJjYW5NYW5hZ2VQbGFucyI6ZmFsc2UsImNhbk1hbmFnZVRpY2tldHMiOmZhbHNlLCJjYW5NYW5hZ2VCYWNrdXBzIjpmYWxzZSwiY2FuUmV2ZWFsUGFzc3dvcmRzIjpmYWxzZX0sInBlcm1pc3Npb25zVjIiOnt9LCJzZXNzaW9uSWQiOiIwNTU3MDEzYS0xMDI5LTQzNjMtYTQ5Ni1jYjkyMWNmZmNjOWEiLCJpYXQiOjE3NzI4MjQ1NzksImV4cCI6MTc3MjgyNTc3OX0.6vEEsOU1xCgWQoE6XQihritGiAAobOpo-gD7nyDdrvM [32m200[0m 4.183 ms - -[0m
[auth-stream] connected {
  userId: '69ab2800f1457f5c3f47e9c6',
  sessionId: '0557013a-1029-4363-a496-cb921cffcc9a',
  clientsForSession: 1
}
[0mGET /api/home/stream [32m200[0m 0.277 ms - -[0m
[auth-stream] disconnected {
  userId: '69ab2800f1457f5c3f47e9c6',
  sessionId: '0557013a-1029-4363-a496-cb921cffcc9a'
}
[0mGET /api/auth/session-stream?token=eyJhbGciOiJIUzI1NiIsInR5cCI6IkpXVCJ9.eyJfaWQiOiI2OWFiMjgwMGYxNDU3ZjVjM2Y0N2U5YzYiLCJ1c2VybmFtZSI6ImUyZV9zdHVkZW50X2Rlc2t0b3AiLCJlbWFpbCI6ImUyZV9zdHVkZW50X2Rlc2t0b3BAY2FtcHVzd2F5LmxvY2FsIiwicm9sZSI6InN0dWRlbnQiLCJmdWxsTmFtZSI6IkUyRSBTdHVkZW50IERlc2t0b3AiLCJwZXJtaXNzaW9ucyI6eyJjYW5FZGl0RXhhbXMiOmZhbHNlLCJjYW5NYW5hZ2VTdHVkZW50cyI6ZmFsc2UsImNhblZpZXdSZXBvcnRzIjpmYWxzZSwiY2FuRGVsZXRlRGF0YSI6ZmFsc2UsImNhbk1hbmFnZUZpbmFuY2UiOmZhbHNlLCJjYW5NYW5hZ2VQbGFucyI6ZmFsc2UsImNhbk1hbmFnZVRpY2tldHMiOmZhbHNlLCJjYW5NYW5hZ2VCYWNrdXBzIjpmYWxzZSwiY2FuUmV2ZWFsUGFzc3dvcmRzIjpmYWxzZX0sInBlcm1pc3Npb25zVjIiOnt9LCJzZXNzaW9uSWQiOiIwNTU3MDEzYS0xMDI5LTQzNjMtYTQ5Ni1jYjkyMWNmZmNjOWEiLCJpYXQiOjE3NzI4MjQ1NzksImV4cCI6MTc3MjgyNTc3OX0.6vEEsOU1xCgWQoE6XQihritGiAAobOpo-gD7nyDdrvM [32m200[0m 3.177 ms - -[0m
[0mGET /api/settings/public [36m304[0m 96.204 ms - -[0m
[0mGET /api/auth/me [36m304[0m 93.820 ms - -[0m
[0mGET /api/auth/me [36m304[0m 20.284 ms - -[0m
[auth-stream] connected {
  userId: '69ab2800f1457f5c3f47e9c6',
  sessionId: '0557013a-1029-4363-a496-cb921cffcc9a',
  clientsForSession: 1
}
[0mGET /api/alerts/active [36m304[0m 27.854 ms - -[0m
[0mGET /api/students/me/results [32m200[0m 28.251 ms - 811[0m
[auth-stream] connected {
  userId: '69ab2800f1457f5c3f47e9c6',
  sessionId: '0557013a-1029-4363-a496-cb921cffcc9a',
  clientsForSession: 2
}
[0mGET /api/alerts/active [36m304[0m 64.731 ms - -[0m
[auth-stream] disconnected {
  userId: '69ab2800f1457f5c3f47e9c6',
  sessionId: '0557013a-1029-4363-a496-cb921cffcc9a'
}
[0mGET /api/auth/session-stream?token=eyJhbGciOiJIUzI1NiIsInR5cCI6IkpXVCJ9.eyJfaWQiOiI2OWFiMjgwMGYxNDU3ZjVjM2Y0N2U5YzYiLCJ1c2VybmFtZSI6ImUyZV9zdHVkZW50X2Rlc2t0b3AiLCJlbWFpbCI6ImUyZV9zdHVkZW50X2Rlc2t0b3BAY2FtcHVzd2F5LmxvY2FsIiwicm9sZSI6InN0dWRlbnQiLCJmdWxsTmFtZSI6IkUyRSBTdHVkZW50IERlc2t0b3AiLCJwZXJtaXNzaW9ucyI6eyJjYW5FZGl0RXhhbXMiOmZhbHNlLCJjYW5NYW5hZ2VTdHVkZW50cyI6ZmFsc2UsImNhblZpZXdSZXBvcnRzIjpmYWxzZSwiY2FuRGVsZXRlRGF0YSI6ZmFsc2UsImNhbk1hbmFnZUZpbmFuY2UiOmZhbHNlLCJjYW5NYW5hZ2VQbGFucyI6ZmFsc2UsImNhbk1hbmFnZVRpY2tldHMiOmZhbHNlLCJjYW5NYW5hZ2VCYWNrdXBzIjpmYWxzZSwiY2FuUmV2ZWFsUGFzc3dvcmRzIjpmYWxzZX0sInBlcm1pc3Npb25zVjIiOnt9LCJzZXNzaW9uSWQiOiIwNTU3MDEzYS0xMDI5LTQzNjMtYTQ5Ni1jYjkyMWNmZmNjOWEiLCJpYXQiOjE3NzI4MjQ1NzksImV4cCI6MTc3MjgyNTc3OX0.6vEEsOU1xCgWQoE6XQihritGiAAobOpo-gD7nyDdrvM [32m200[0m 11.856 ms - -[0m
[0mGET /api/home/stream [32m200[0m 0.193 ms - -[0m
[0mGET /api/settings/public [36m304[0m 27.345 ms - -[0m
[0mGET /api/auth/me [36m304[0m 27.470 ms - -[0m
[0mGET /api/auth/me [36m304[0m 31.496 ms - -[0m
[auth-stream] connected {
  userId: '69ab2800f1457f5c3f47e9c6',
  sessionId: '0557013a-1029-4363-a496-cb921cffcc9a',
  clientsForSession: 2
}
[auth-stream] disconnected {
  userId: '69ab2800f1457f5c3f47e9c6',
  sessionId: '0557013a-1029-4363-a496-cb921cffcc9a'
}
[0mGET /api/auth/session-stream?token=eyJhbGciOiJIUzI1NiIsInR5cCI6IkpXVCJ9.eyJfaWQiOiI2OWFiMjgwMGYxNDU3ZjVjM2Y0N2U5YzYiLCJ1c2VybmFtZSI6ImUyZV9zdHVkZW50X2Rlc2t0b3AiLCJlbWFpbCI6ImUyZV9zdHVkZW50X2Rlc2t0b3BAY2FtcHVzd2F5LmxvY2FsIiwicm9sZSI6InN0dWRlbnQiLCJmdWxsTmFtZSI6IkUyRSBTdHVkZW50IERlc2t0b3AiLCJwZXJtaXNzaW9ucyI6eyJjYW5FZGl0RXhhbXMiOmZhbHNlLCJjYW5NYW5hZ2VTdHVkZW50cyI6ZmFsc2UsImNhblZpZXdSZXBvcnRzIjpmYWxzZSwiY2FuRGVsZXRlRGF0YSI6ZmFsc2UsImNhbk1hbmFnZUZpbmFuY2UiOmZhbHNlLCJjYW5NYW5hZ2VQbGFucyI6ZmFsc2UsImNhbk1hbmFnZVRpY2tldHMiOmZhbHNlLCJjYW5NYW5hZ2VCYWNrdXBzIjpmYWxzZSwiY2FuUmV2ZWFsUGFzc3dvcmRzIjpmYWxzZX0sInBlcm1pc3Npb25zVjIiOnt9LCJzZXNzaW9uSWQiOiIwNTU3MDEzYS0xMDI5LTQzNjMtYTQ5Ni1jYjkyMWNmZmNjOWEiLCJpYXQiOjE3NzI4MjQ1NzksImV4cCI6MTc3MjgyNTc3OX0.6vEEsOU1xCgWQoE6XQihritGiAAobOpo-gD7nyDdrvM [32m200[0m 3.864 ms - -[0m
[0mGET /api/alerts/active [36m304[0m 125.400 ms - -[0m
[0mGET /api/students/me/payments [32m200[0m 125.153 ms - 535[0m
[auth-stream] connected {
  userId: '69ab2800f1457f5c3f47e9c6',
  sessionId: '0557013a-1029-4363-a496-cb921cffcc9a',
  clientsForSession: 2
}
[0mGET /api/alerts/active [36m304[0m 8.850 ms - -[0m
[auth-stream] disconnected {
  userId: '69ab2800f1457f5c3f47e9c6',
  sessionId: '0557013a-1029-4363-a496-cb921cffcc9a'
}
[0mGET /api/auth/session-stream?token=eyJhbGciOiJIUzI1NiIsInR5cCI6IkpXVCJ9.eyJfaWQiOiI2OWFiMjgwMGYxNDU3ZjVjM2Y0N2U5YzYiLCJ1c2VybmFtZSI6ImUyZV9zdHVkZW50X2Rlc2t0b3AiLCJlbWFpbCI6ImUyZV9zdHVkZW50X2Rlc2t0b3BAY2FtcHVzd2F5LmxvY2FsIiwicm9sZSI6InN0dWRlbnQiLCJmdWxsTmFtZSI6IkUyRSBTdHVkZW50IERlc2t0b3AiLCJwZXJtaXNzaW9ucyI6eyJjYW5FZGl0RXhhbXMiOmZhbHNlLCJjYW5NYW5hZ2VTdHVkZW50cyI6ZmFsc2UsImNhblZpZXdSZXBvcnRzIjpmYWxzZSwiY2FuRGVsZXRlRGF0YSI6ZmFsc2UsImNhbk1hbmFnZUZpbmFuY2UiOmZhbHNlLCJjYW5NYW5hZ2VQbGFucyI6ZmFsc2UsImNhbk1hbmFnZVRpY2tldHMiOmZhbHNlLCJjYW5NYW5hZ2VCYWNrdXBzIjpmYWxzZSwiY2FuUmV2ZWFsUGFzc3dvcmRzIjpmYWxzZX0sInBlcm1pc3Npb25zVjIiOnt9LCJzZXNzaW9uSWQiOiIwNTU3MDEzYS0xMDI5LTQzNjMtYTQ5Ni1jYjkyMWNmZmNjOWEiLCJpYXQiOjE3NzI4MjQ1NzksImV4cCI6MTc3MjgyNTc3OX0.6vEEsOU1xCgWQoE6XQihritGiAAobOpo-gD7nyDdrvM [32m200[0m 99.383 ms - -[0m
[0mGET /api/home/stream [32m200[0m 0.362 ms - -[0m
[0mGET /api/settings/public [36m304[0m 94.957 ms - -[0m
[0mGET /api/auth/me [36m304[0m 94.876 ms - -[0m
[0mGET /api/auth/me [36m304[0m 34.781 ms - -[0m
[auth-stream] connected {
  userId: '69ab2800f1457f5c3f47e9c6',
  sessionId: '0557013a-1029-4363-a496-cb921cffcc9a',
  clientsForSession: 2
}
[0mGET /api/alerts/active [36m304[0m 24.260 ms - -[0m
[0mGET /api/students/me/notifications?type=all [32m200[0m 25.117 ms - 909[0m
[0mGET /api/alerts/active [36m304[0m 12.610 ms - -[0m
[0mGET /api/home/stream [32m200[0m 0.538 ms - -[0m
[auth-stream] disconnected {
  userId: '69ab2800f1457f5c3f47e9c6',
  sessionId: '0557013a-1029-4363-a496-cb921cffcc9a'
}
[0mGET /api/auth/session-stream?token=eyJhbGciOiJIUzI1NiIsInR5cCI6IkpXVCJ9.eyJfaWQiOiI2OWFiMjgwMGYxNDU3ZjVjM2Y0N2U5YzYiLCJ1c2VybmFtZSI6ImUyZV9zdHVkZW50X2Rlc2t0b3AiLCJlbWFpbCI6ImUyZV9zdHVkZW50X2Rlc2t0b3BAY2FtcHVzd2F5LmxvY2FsIiwicm9sZSI6InN0dWRlbnQiLCJmdWxsTmFtZSI6IkUyRSBTdHVkZW50IERlc2t0b3AiLCJwZXJtaXNzaW9ucyI6eyJjYW5FZGl0RXhhbXMiOmZhbHNlLCJjYW5NYW5hZ2VTdHVkZW50cyI6ZmFsc2UsImNhblZpZXdSZXBvcnRzIjpmYWxzZSwiY2FuRGVsZXRlRGF0YSI6ZmFsc2UsImNhbk1hbmFnZUZpbmFuY2UiOmZhbHNlLCJjYW5NYW5hZ2VQbGFucyI6ZmFsc2UsImNhbk1hbmFnZVRpY2tldHMiOmZhbHNlLCJjYW5NYW5hZ2VCYWNrdXBzIjpmYWxzZSwiY2FuUmV2ZWFsUGFzc3dvcmRzIjpmYWxzZX0sInBlcm1pc3Npb25zVjIiOnt9LCJzZXNzaW9uSWQiOiIwNTU3MDEzYS0xMDI5LTQzNjMtYTQ5Ni1jYjkyMWNmZmNjOWEiLCJpYXQiOjE3NzI4MjQ1NzksImV4cCI6MTc3MjgyNTc3OX0.6vEEsOU1xCgWQoE6XQihritGiAAobOpo-gD7nyDdrvM [32m200[0m 6.625 ms - -[0m
[0mGET /api/settings/public [36m304[0m 16.530 ms - -[0m
[0mGET /api/auth/me [36m304[0m 28.532 ms - -[0m
[0mGET /api/auth/me [36m304[0m 21.830 ms - -[0m
[auth-stream] connected {
  userId: '69ab2800f1457f5c3f47e9c6',
  sessionId: '0557013a-1029-4363-a496-cb921cffcc9a',
  clientsForSession: 2
}
[0mGET /api/alerts/active [36m304[0m 43.018 ms - -[0m
[0mGET /api/subscriptions/me [36m304[0m 44.061 ms - -[0m
[0mGET /api/alerts/active [36m304[0m 73.070 ms - -[0m
[0mGET /api/student/profile [32m200[0m 115.779 ms - -[0m
[0mGET /api/student/profile [36m304[0m 14.963 ms - -[0m
[0mGET /api/home/stream [32m200[0m 0.168 ms - -[0m
[auth-stream] disconnected {
  userId: '69ab2800f1457f5c3f47e9c6',
  sessionId: '0557013a-1029-4363-a496-cb921cffcc9a'
}
[0mGET /api/auth/session-stream?token=eyJhbGciOiJIUzI1NiIsInR5cCI6IkpXVCJ9.eyJfaWQiOiI2OWFiMjgwMGYxNDU3ZjVjM2Y0N2U5YzYiLCJ1c2VybmFtZSI6ImUyZV9zdHVkZW50X2Rlc2t0b3AiLCJlbWFpbCI6ImUyZV9zdHVkZW50X2Rlc2t0b3BAY2FtcHVzd2F5LmxvY2FsIiwicm9sZSI6InN0dWRlbnQiLCJmdWxsTmFtZSI6IkUyRSBTdHVkZW50IERlc2t0b3AiLCJwZXJtaXNzaW9ucyI6eyJjYW5FZGl0RXhhbXMiOmZhbHNlLCJjYW5NYW5hZ2VTdHVkZW50cyI6ZmFsc2UsImNhblZpZXdSZXBvcnRzIjpmYWxzZSwiY2FuRGVsZXRlRGF0YSI6ZmFsc2UsImNhbk1hbmFnZUZpbmFuY2UiOmZhbHNlLCJjYW5NYW5hZ2VQbGFucyI6ZmFsc2UsImNhbk1hbmFnZVRpY2tldHMiOmZhbHNlLCJjYW5NYW5hZ2VCYWNrdXBzIjpmYWxzZSwiY2FuUmV2ZWFsUGFzc3dvcmRzIjpmYWxzZX0sInBlcm1pc3Npb25zVjIiOnt9LCJzZXNzaW9uSWQiOiIwNTU3MDEzYS0xMDI5LTQzNjMtYTQ5Ni1jYjkyMWNmZmNjOWEiLCJpYXQiOjE3NzI4MjQ1NzksImV4cCI6MTc3MjgyNTc3OX0.6vEEsOU1xCgWQoE6XQihritGiAAobOpo-gD7nyDdrvM [32m200[0m 12.720 ms - -[0m
[0mGET /api/settings/public [36m304[0m 56.853 ms - -[0m
[0mGET /api/home [32m200[0m 73.002 ms - -[0m
[0mGET /api/auth/me [36m304[0m 78.028 ms - -[0m
[0mGET /api/auth/me [36m304[0m 80.221 ms - -[0m
[0mGET /api/alerts/active [36m304[0m 11.586 ms - -[0m
[0mGET /api/students/me/resources [32m200[0m 8.447 ms - -[0m
[auth-stream] connected {
  userId: '69ab2800f1457f5c3f47e9c6',
  sessionId: '0557013a-1029-4363-a496-cb921cffcc9a',
  clientsForSession: 2
}
[0mGET /api/alerts/active [36m304[0m 21.658 ms - -[0m
[auth-stream] disconnected {
  userId: '69ab2800f1457f5c3f47e9c6',
  sessionId: '0557013a-1029-4363-a496-cb921cffcc9a'
}
[0mGET /api/auth/session-stream?token=eyJhbGciOiJIUzI1NiIsInR5cCI6IkpXVCJ9.eyJfaWQiOiI2OWFiMjgwMGYxNDU3ZjVjM2Y0N2U5YzYiLCJ1c2VybmFtZSI6ImUyZV9zdHVkZW50X2Rlc2t0b3AiLCJlbWFpbCI6ImUyZV9zdHVkZW50X2Rlc2t0b3BAY2FtcHVzd2F5LmxvY2FsIiwicm9sZSI6InN0dWRlbnQiLCJmdWxsTmFtZSI6IkUyRSBTdHVkZW50IERlc2t0b3AiLCJwZXJtaXNzaW9ucyI6eyJjYW5FZGl0RXhhbXMiOmZhbHNlLCJjYW5NYW5hZ2VTdHVkZW50cyI6ZmFsc2UsImNhblZpZXdSZXBvcnRzIjpmYWxzZSwiY2FuRGVsZXRlRGF0YSI6ZmFsc2UsImNhbk1hbmFnZUZpbmFuY2UiOmZhbHNlLCJjYW5NYW5hZ2VQbGFucyI6ZmFsc2UsImNhbk1hbmFnZVRpY2tldHMiOmZhbHNlLCJjYW5NYW5hZ2VCYWNrdXBzIjpmYWxzZSwiY2FuUmV2ZWFsUGFzc3dvcmRzIjpmYWxzZX0sInBlcm1pc3Npb25zVjIiOnt9LCJzZXNzaW9uSWQiOiIwNTU3MDEzYS0xMDI5LTQzNjMtYTQ5Ni1jYjkyMWNmZmNjOWEiLCJpYXQiOjE3NzI4MjQ1NzksImV4cCI6MTc3MjgyNTc3OX0.6vEEsOU1xCgWQoE6XQihritGiAAobOpo-gD7nyDdrvM [32m200[0m 18.374 ms - -[0m
[auth-stream] connected {
  userId: '69ab2800f1457f5c3f47e9c6',
  sessionId: '0557013a-1029-4363-a496-cb921cffcc9a',
  clientsForSession: 2
}
[0mGET /api/home/stream [32m200[0m 0.308 ms - -[0m
[auth-stream] disconnected {
  userId: '69ab2800f1457f5c3f47e9c6',
  sessionId: '0557013a-1029-4363-a496-cb921cffcc9a'
}
[0mGET /api/auth/session-stream?token=eyJhbGciOiJIUzI1NiIsInR5cCI6IkpXVCJ9.eyJfaWQiOiI2OWFiMjgwMGYxNDU3ZjVjM2Y0N2U5YzYiLCJ1c2VybmFtZSI6ImUyZV9zdHVkZW50X2Rlc2t0b3AiLCJlbWFpbCI6ImUyZV9zdHVkZW50X2Rlc2t0b3BAY2FtcHVzd2F5LmxvY2FsIiwicm9sZSI6InN0dWRlbnQiLCJmdWxsTmFtZSI6IkUyRSBTdHVkZW50IERlc2t0b3AiLCJwZXJtaXNzaW9ucyI6eyJjYW5FZGl0RXhhbXMiOmZhbHNlLCJjYW5NYW5hZ2VTdHVkZW50cyI6ZmFsc2UsImNhblZpZXdSZXBvcnRzIjpmYWxzZSwiY2FuRGVsZXRlRGF0YSI6ZmFsc2UsImNhbk1hbmFnZUZpbmFuY2UiOmZhbHNlLCJjYW5NYW5hZ2VQbGFucyI6ZmFsc2UsImNhbk1hbmFnZVRpY2tldHMiOmZhbHNlLCJjYW5NYW5hZ2VCYWNrdXBzIjpmYWxzZSwiY2FuUmV2ZWFsUGFzc3dvcmRzIjpmYWxzZX0sInBlcm1pc3Npb25zVjIiOnt9LCJzZXNzaW9uSWQiOiIwNTU3MDEzYS0xMDI5LTQzNjMtYTQ5Ni1jYjkyMWNmZmNjOWEiLCJpYXQiOjE3NzI4MjQ1NzksImV4cCI6MTc3MjgyNTc3OX0.6vEEsOU1xCgWQoE6XQihritGiAAobOpo-gD7nyDdrvM [32m200[0m 3.866 ms - -[0m
[0mGET /api/settings/public [36m304[0m 92.104 ms - -[0m
[0mGET /api/auth/me [36m304[0m 110.231 ms - -[0m
[0mGET /api/auth/me [36m304[0m 24.887 ms - -[0m
[0mGET /api/student/support-tickets [32m200[0m 19.453 ms - 712[0m
[auth-stream] connected {
  userId: '69ab2800f1457f5c3f47e9c6',
  sessionId: '0557013a-1029-4363-a496-cb921cffcc9a',
  clientsForSession: 2
}
[0mGET /api/alerts/active [36m304[0m 26.294 ms - -[0m
[0mGET /api/student/notices [32m200[0m 25.018 ms - 395[0m
[0mGET /api/alerts/active [36m304[0m 61.694 ms - -[0m
[0mGET /api/home/stream [32m200[0m 0.241 ms - -[0m
[auth-stream] disconnected {
  userId: '69ab2800f1457f5c3f47e9c6',
  sessionId: '0557013a-1029-4363-a496-cb921cffcc9a'
}
[0mGET /api/auth/session-stream?token=eyJhbGciOiJIUzI1NiIsInR5cCI6IkpXVCJ9.eyJfaWQiOiI2OWFiMjgwMGYxNDU3ZjVjM2Y0N2U5YzYiLCJ1c2VybmFtZSI6ImUyZV9zdHVkZW50X2Rlc2t0b3AiLCJlbWFpbCI6ImUyZV9zdHVkZW50X2Rlc2t0b3BAY2FtcHVzd2F5LmxvY2FsIiwicm9sZSI6InN0dWRlbnQiLCJmdWxsTmFtZSI6IkUyRSBTdHVkZW50IERlc2t0b3AiLCJwZXJtaXNzaW9ucyI6eyJjYW5FZGl0RXhhbXMiOmZhbHNlLCJjYW5NYW5hZ2VTdHVkZW50cyI6ZmFsc2UsImNhblZpZXdSZXBvcnRzIjpmYWxzZSwiY2FuRGVsZXRlRGF0YSI6ZmFsc2UsImNhbk1hbmFnZUZpbmFuY2UiOmZhbHNlLCJjYW5NYW5hZ2VQbGFucyI6ZmFsc2UsImNhbk1hbmFnZVRpY2tldHMiOmZhbHNlLCJjYW5NYW5hZ2VCYWNrdXBzIjpmYWxzZSwiY2FuUmV2ZWFsUGFzc3dvcmRzIjpmYWxzZX0sInBlcm1pc3Npb25zVjIiOnt9LCJzZXNzaW9uSWQiOiIwNTU3MDEzYS0xMDI5LTQzNjMtYTQ5Ni1jYjkyMWNmZmNjOWEiLCJpYXQiOjE3NzI4MjQ1NzksImV4cCI6MTc3MjgyNTc3OX0.6vEEsOU1xCgWQoE6XQihritGiAAobOpo-gD7nyDdrvM [32m200[0m 8.181 ms - -[0m
[0mGET /api/home/stream [32m200[0m 0.246 ms - -[0m
[0mGET /api/auth/session-stream?token=eyJhbGciOiJIUzI1NiIsInR5cCI6IkpXVCJ9.eyJfaWQiOiI2OWFiMjgwMGYxNDU3ZjVjM2Y0N2U5YzYiLCJ1c2VybmFtZSI6ImUyZV9zdHVkZW50X2Rlc2t0b3AiLCJlbWFpbCI6ImUyZV9zdHVkZW50X2Rlc2t0b3BAY2FtcHVzd2F5LmxvY2FsIiwicm9sZSI6InN0dWRlbnQiLCJmdWxsTmFtZSI6IkUyRSBTdHVkZW50IERlc2t0b3AiLCJwZXJtaXNzaW9ucyI6eyJjYW5FZGl0RXhhbXMiOmZhbHNlLCJjYW5NYW5hZ2VTdHVkZW50cyI6ZmFsc2UsImNhblZpZXdSZXBvcnRzIjpmYWxzZSwiY2FuRGVsZXRlRGF0YSI6ZmFsc2UsImNhbk1hbmFnZUZpbmFuY2UiOmZhbHNlLCJjYW5NYW5hZ2VQbGFucyI6ZmFsc2UsImNhbk1hbmFnZVRpY2tldHMiOmZhbHNlLCJjYW5NYW5hZ2VCYWNrdXBzIjpmYWxzZSwiY2FuUmV2ZWFsUGFzc3dvcmRzIjpmYWxzZX0sInBlcm1pc3Npb25zVjIiOnt9LCJzZXNzaW9uSWQiOiIwNTU3MDEzYS0xMDI5LTQzNjMtYTQ5Ni1jYjkyMWNmZmNjOWEiLCJpYXQiOjE3NzI4MjQ1NzksImV4cCI6MTc3MjgyNTc3OX0.6vEEsOU1xCgWQoE6XQihritGiAAobOpo-gD7nyDdrvM [32m200[0m 13.881 ms - -[0m
[auth-stream] disconnected {
  userId: '69ab2800f1457f5c3f47e9c6',
  sessionId: '0557013a-1029-4363-a496-cb921cffcc9a'
}
